[2024-08-31T18:34:46.689+0000] {processor.py:186} INFO - Started process (PID=86) to work on /home/airflow/.local/lib/python3.12/site-packages/airflow/example_dags/example_time_delta_sensor_async.py
[2024-08-31T18:34:46.690+0000] {processor.py:914} INFO - Processing file /home/airflow/.local/lib/python3.12/site-packages/airflow/example_dags/example_time_delta_sensor_async.py for tasks to queue
[2024-08-31T18:34:46.693+0000] {logging_mixin.py:190} INFO - [2024-08-31T18:34:46.692+0000] {dagbag.py:587} INFO - Filling up the DagBag from /home/airflow/.local/lib/python3.12/site-packages/airflow/example_dags/example_time_delta_sensor_async.py
[2024-08-31T18:34:46.701+0000] {processor.py:925} INFO - DAG(s) 'example_time_delta_sensor_async' retrieved from /home/airflow/.local/lib/python3.12/site-packages/airflow/example_dags/example_time_delta_sensor_async.py
[2024-08-31T18:34:46.809+0000] {logging_mixin.py:190} INFO - [2024-08-31T18:34:46.809+0000] {override.py:1858} INFO - Created Permission View: can read on DAG:example_time_delta_sensor_async
[2024-08-31T18:34:46.821+0000] {logging_mixin.py:190} INFO - [2024-08-31T18:34:46.820+0000] {override.py:1858} INFO - Created Permission View: can delete on DAG:example_time_delta_sensor_async
[2024-08-31T18:34:46.831+0000] {logging_mixin.py:190} INFO - [2024-08-31T18:34:46.831+0000] {override.py:1858} INFO - Created Permission View: can edit on DAG:example_time_delta_sensor_async
[2024-08-31T18:34:46.832+0000] {logging_mixin.py:190} INFO - [2024-08-31T18:34:46.831+0000] {dag.py:3211} INFO - Sync 1 DAGs
[2024-08-31T18:34:46.843+0000] {logging_mixin.py:190} INFO - [2024-08-31T18:34:46.843+0000] {dag.py:3234} INFO - Creating ORM DAG for example_time_delta_sensor_async
[2024-08-31T18:34:46.844+0000] {logging_mixin.py:190} INFO - [2024-08-31T18:34:46.844+0000] {dag.py:4138} INFO - Setting next_dagrun for example_time_delta_sensor_async to None, run_after=None
[2024-08-31T18:34:46.863+0000] {processor.py:208} INFO - Processing /home/airflow/.local/lib/python3.12/site-packages/airflow/example_dags/example_time_delta_sensor_async.py took 0.180 seconds
[2024-08-31T18:35:17.350+0000] {processor.py:186} INFO - Started process (PID=149) to work on /home/airflow/.local/lib/python3.12/site-packages/airflow/example_dags/example_time_delta_sensor_async.py
[2024-08-31T18:35:17.351+0000] {processor.py:914} INFO - Processing file /home/airflow/.local/lib/python3.12/site-packages/airflow/example_dags/example_time_delta_sensor_async.py for tasks to queue
[2024-08-31T18:35:17.353+0000] {logging_mixin.py:190} INFO - [2024-08-31T18:35:17.353+0000] {dagbag.py:587} INFO - Filling up the DagBag from /home/airflow/.local/lib/python3.12/site-packages/airflow/example_dags/example_time_delta_sensor_async.py
[2024-08-31T18:35:17.359+0000] {processor.py:925} INFO - DAG(s) 'example_time_delta_sensor_async' retrieved from /home/airflow/.local/lib/python3.12/site-packages/airflow/example_dags/example_time_delta_sensor_async.py
[2024-08-31T18:35:17.383+0000] {logging_mixin.py:190} INFO - [2024-08-31T18:35:17.383+0000] {dag.py:3211} INFO - Sync 1 DAGs
[2024-08-31T18:35:17.396+0000] {logging_mixin.py:190} INFO - [2024-08-31T18:35:17.396+0000] {dag.py:4138} INFO - Setting next_dagrun for example_time_delta_sensor_async to None, run_after=None
[2024-08-31T18:35:17.421+0000] {processor.py:208} INFO - Processing /home/airflow/.local/lib/python3.12/site-packages/airflow/example_dags/example_time_delta_sensor_async.py took 0.076 seconds
[2024-08-31T18:35:48.548+0000] {processor.py:186} INFO - Started process (PID=211) to work on /home/airflow/.local/lib/python3.12/site-packages/airflow/example_dags/example_time_delta_sensor_async.py
[2024-08-31T18:35:48.550+0000] {processor.py:914} INFO - Processing file /home/airflow/.local/lib/python3.12/site-packages/airflow/example_dags/example_time_delta_sensor_async.py for tasks to queue
[2024-08-31T18:35:48.554+0000] {logging_mixin.py:190} INFO - [2024-08-31T18:35:48.553+0000] {dagbag.py:587} INFO - Filling up the DagBag from /home/airflow/.local/lib/python3.12/site-packages/airflow/example_dags/example_time_delta_sensor_async.py
[2024-08-31T18:35:48.559+0000] {processor.py:925} INFO - DAG(s) 'example_time_delta_sensor_async' retrieved from /home/airflow/.local/lib/python3.12/site-packages/airflow/example_dags/example_time_delta_sensor_async.py
[2024-08-31T18:35:48.593+0000] {logging_mixin.py:190} INFO - [2024-08-31T18:35:48.592+0000] {dag.py:3211} INFO - Sync 1 DAGs
[2024-08-31T18:35:48.606+0000] {logging_mixin.py:190} INFO - [2024-08-31T18:35:48.606+0000] {dag.py:4138} INFO - Setting next_dagrun for example_time_delta_sensor_async to None, run_after=None
[2024-08-31T18:35:48.627+0000] {processor.py:208} INFO - Processing /home/airflow/.local/lib/python3.12/site-packages/airflow/example_dags/example_time_delta_sensor_async.py took 0.088 seconds
[2024-08-31T18:36:18.965+0000] {processor.py:186} INFO - Started process (PID=273) to work on /home/airflow/.local/lib/python3.12/site-packages/airflow/example_dags/example_time_delta_sensor_async.py
[2024-08-31T18:36:18.967+0000] {processor.py:914} INFO - Processing file /home/airflow/.local/lib/python3.12/site-packages/airflow/example_dags/example_time_delta_sensor_async.py for tasks to queue
[2024-08-31T18:36:18.970+0000] {logging_mixin.py:190} INFO - [2024-08-31T18:36:18.969+0000] {dagbag.py:587} INFO - Filling up the DagBag from /home/airflow/.local/lib/python3.12/site-packages/airflow/example_dags/example_time_delta_sensor_async.py
[2024-08-31T18:36:18.977+0000] {processor.py:925} INFO - DAG(s) 'example_time_delta_sensor_async' retrieved from /home/airflow/.local/lib/python3.12/site-packages/airflow/example_dags/example_time_delta_sensor_async.py
[2024-08-31T18:36:18.996+0000] {logging_mixin.py:190} INFO - [2024-08-31T18:36:18.996+0000] {dag.py:3211} INFO - Sync 1 DAGs
[2024-08-31T18:36:19.013+0000] {logging_mixin.py:190} INFO - [2024-08-31T18:36:19.013+0000] {dag.py:4138} INFO - Setting next_dagrun for example_time_delta_sensor_async to None, run_after=None
[2024-08-31T18:36:19.039+0000] {processor.py:208} INFO - Processing /home/airflow/.local/lib/python3.12/site-packages/airflow/example_dags/example_time_delta_sensor_async.py took 0.079 seconds
[2024-08-31T18:36:49.792+0000] {processor.py:186} INFO - Started process (PID=335) to work on /home/airflow/.local/lib/python3.12/site-packages/airflow/example_dags/example_time_delta_sensor_async.py
[2024-08-31T18:36:49.793+0000] {processor.py:914} INFO - Processing file /home/airflow/.local/lib/python3.12/site-packages/airflow/example_dags/example_time_delta_sensor_async.py for tasks to queue
[2024-08-31T18:36:49.795+0000] {logging_mixin.py:190} INFO - [2024-08-31T18:36:49.795+0000] {dagbag.py:587} INFO - Filling up the DagBag from /home/airflow/.local/lib/python3.12/site-packages/airflow/example_dags/example_time_delta_sensor_async.py
[2024-08-31T18:36:49.801+0000] {processor.py:925} INFO - DAG(s) 'example_time_delta_sensor_async' retrieved from /home/airflow/.local/lib/python3.12/site-packages/airflow/example_dags/example_time_delta_sensor_async.py
[2024-08-31T18:36:49.819+0000] {logging_mixin.py:190} INFO - [2024-08-31T18:36:49.818+0000] {dag.py:3211} INFO - Sync 1 DAGs
[2024-08-31T18:36:52.435+0000] {logging_mixin.py:190} INFO - [2024-08-31T18:36:52.435+0000] {dag.py:4138} INFO - Setting next_dagrun for example_time_delta_sensor_async to None, run_after=None
[2024-08-31T18:36:52.451+0000] {processor.py:208} INFO - Processing /home/airflow/.local/lib/python3.12/site-packages/airflow/example_dags/example_time_delta_sensor_async.py took 0.062 seconds
[2024-08-31T18:37:23.126+0000] {processor.py:186} INFO - Started process (PID=397) to work on /home/airflow/.local/lib/python3.12/site-packages/airflow/example_dags/example_time_delta_sensor_async.py
[2024-08-31T18:37:23.134+0000] {processor.py:914} INFO - Processing file /home/airflow/.local/lib/python3.12/site-packages/airflow/example_dags/example_time_delta_sensor_async.py for tasks to queue
[2024-08-31T18:37:23.137+0000] {logging_mixin.py:190} INFO - [2024-08-31T18:37:23.137+0000] {dagbag.py:587} INFO - Filling up the DagBag from /home/airflow/.local/lib/python3.12/site-packages/airflow/example_dags/example_time_delta_sensor_async.py
[2024-08-31T18:37:23.145+0000] {processor.py:925} INFO - DAG(s) 'example_time_delta_sensor_async' retrieved from /home/airflow/.local/lib/python3.12/site-packages/airflow/example_dags/example_time_delta_sensor_async.py
[2024-08-31T18:37:23.163+0000] {logging_mixin.py:190} INFO - [2024-08-31T18:37:23.163+0000] {dag.py:3211} INFO - Sync 1 DAGs
[2024-08-31T18:37:23.176+0000] {logging_mixin.py:190} INFO - [2024-08-31T18:37:23.176+0000] {dag.py:4138} INFO - Setting next_dagrun for example_time_delta_sensor_async to None, run_after=None
[2024-08-31T18:37:23.195+0000] {processor.py:208} INFO - Processing /home/airflow/.local/lib/python3.12/site-packages/airflow/example_dags/example_time_delta_sensor_async.py took 0.093 seconds
