[2024-08-31T18:34:51.593+0000] {processor.py:186} INFO - Started process (PID=118) to work on /home/airflow/.local/lib/python3.12/site-packages/airflow/example_dags/example_branch_day_of_week_operator.py
[2024-08-31T18:34:51.593+0000] {processor.py:914} INFO - Processing file /home/airflow/.local/lib/python3.12/site-packages/airflow/example_dags/example_branch_day_of_week_operator.py for tasks to queue
[2024-08-31T18:34:51.596+0000] {logging_mixin.py:190} INFO - [2024-08-31T18:34:51.595+0000] {dagbag.py:587} INFO - Filling up the DagBag from /home/airflow/.local/lib/python3.12/site-packages/airflow/example_dags/example_branch_day_of_week_operator.py
[2024-08-31T18:34:51.605+0000] {processor.py:925} INFO - DAG(s) 'example_weekday_branch_operator' retrieved from /home/airflow/.local/lib/python3.12/site-packages/airflow/example_dags/example_branch_day_of_week_operator.py
[2024-08-31T18:34:51.712+0000] {logging_mixin.py:190} INFO - [2024-08-31T18:34:51.711+0000] {override.py:1858} INFO - Created Permission View: can read on DAG:example_weekday_branch_operator
[2024-08-31T18:34:51.725+0000] {logging_mixin.py:190} INFO - [2024-08-31T18:34:51.725+0000] {override.py:1858} INFO - Created Permission View: can delete on DAG:example_weekday_branch_operator
[2024-08-31T18:34:51.731+0000] {logging_mixin.py:190} INFO - [2024-08-31T18:34:51.731+0000] {override.py:1858} INFO - Created Permission View: can edit on DAG:example_weekday_branch_operator
[2024-08-31T18:34:51.732+0000] {logging_mixin.py:190} INFO - [2024-08-31T18:34:51.731+0000] {dag.py:3211} INFO - Sync 1 DAGs
[2024-08-31T18:34:51.742+0000] {logging_mixin.py:190} INFO - [2024-08-31T18:34:51.742+0000] {dag.py:3234} INFO - Creating ORM DAG for example_weekday_branch_operator
[2024-08-31T18:34:51.751+0000] {logging_mixin.py:190} INFO - [2024-08-31T18:34:51.751+0000] {dag.py:4138} INFO - Setting next_dagrun for example_weekday_branch_operator to 2024-08-30 00:00:00+00:00, run_after=2024-08-31 00:00:00+00:00
[2024-08-31T18:34:51.769+0000] {processor.py:208} INFO - Processing /home/airflow/.local/lib/python3.12/site-packages/airflow/example_dags/example_branch_day_of_week_operator.py took 0.181 seconds
[2024-08-31T18:35:21.928+0000] {processor.py:186} INFO - Started process (PID=181) to work on /home/airflow/.local/lib/python3.12/site-packages/airflow/example_dags/example_branch_day_of_week_operator.py
[2024-08-31T18:35:21.931+0000] {processor.py:914} INFO - Processing file /home/airflow/.local/lib/python3.12/site-packages/airflow/example_dags/example_branch_day_of_week_operator.py for tasks to queue
[2024-08-31T18:35:21.934+0000] {logging_mixin.py:190} INFO - [2024-08-31T18:35:21.933+0000] {dagbag.py:587} INFO - Filling up the DagBag from /home/airflow/.local/lib/python3.12/site-packages/airflow/example_dags/example_branch_day_of_week_operator.py
[2024-08-31T18:35:21.944+0000] {processor.py:925} INFO - DAG(s) 'example_weekday_branch_operator' retrieved from /home/airflow/.local/lib/python3.12/site-packages/airflow/example_dags/example_branch_day_of_week_operator.py
[2024-08-31T18:35:21.972+0000] {logging_mixin.py:190} INFO - [2024-08-31T18:35:21.971+0000] {dag.py:3211} INFO - Sync 1 DAGs
[2024-08-31T18:35:21.996+0000] {logging_mixin.py:190} INFO - [2024-08-31T18:35:21.996+0000] {dag.py:4138} INFO - Setting next_dagrun for example_weekday_branch_operator to 2024-08-30 00:00:00+00:00, run_after=2024-08-31 00:00:00+00:00
[2024-08-31T18:35:22.043+0000] {processor.py:208} INFO - Processing /home/airflow/.local/lib/python3.12/site-packages/airflow/example_dags/example_branch_day_of_week_operator.py took 0.121 seconds
[2024-08-31T18:35:52.708+0000] {processor.py:186} INFO - Started process (PID=243) to work on /home/airflow/.local/lib/python3.12/site-packages/airflow/example_dags/example_branch_day_of_week_operator.py
[2024-08-31T18:35:52.710+0000] {processor.py:914} INFO - Processing file /home/airflow/.local/lib/python3.12/site-packages/airflow/example_dags/example_branch_day_of_week_operator.py for tasks to queue
[2024-08-31T18:35:52.713+0000] {logging_mixin.py:190} INFO - [2024-08-31T18:35:52.713+0000] {dagbag.py:587} INFO - Filling up the DagBag from /home/airflow/.local/lib/python3.12/site-packages/airflow/example_dags/example_branch_day_of_week_operator.py
[2024-08-31T18:35:52.724+0000] {processor.py:925} INFO - DAG(s) 'example_weekday_branch_operator' retrieved from /home/airflow/.local/lib/python3.12/site-packages/airflow/example_dags/example_branch_day_of_week_operator.py
[2024-08-31T18:35:52.750+0000] {logging_mixin.py:190} INFO - [2024-08-31T18:35:52.749+0000] {dag.py:3211} INFO - Sync 1 DAGs
[2024-08-31T18:35:52.777+0000] {logging_mixin.py:190} INFO - [2024-08-31T18:35:52.777+0000] {dag.py:4138} INFO - Setting next_dagrun for example_weekday_branch_operator to 2024-08-30 00:00:00+00:00, run_after=2024-08-31 00:00:00+00:00
[2024-08-31T18:35:52.794+0000] {processor.py:208} INFO - Processing /home/airflow/.local/lib/python3.12/site-packages/airflow/example_dags/example_branch_day_of_week_operator.py took 0.093 seconds
[2024-08-31T18:36:23.175+0000] {processor.py:186} INFO - Started process (PID=305) to work on /home/airflow/.local/lib/python3.12/site-packages/airflow/example_dags/example_branch_day_of_week_operator.py
[2024-08-31T18:36:23.176+0000] {processor.py:914} INFO - Processing file /home/airflow/.local/lib/python3.12/site-packages/airflow/example_dags/example_branch_day_of_week_operator.py for tasks to queue
[2024-08-31T18:36:23.178+0000] {logging_mixin.py:190} INFO - [2024-08-31T18:36:23.178+0000] {dagbag.py:587} INFO - Filling up the DagBag from /home/airflow/.local/lib/python3.12/site-packages/airflow/example_dags/example_branch_day_of_week_operator.py
[2024-08-31T18:36:23.187+0000] {processor.py:925} INFO - DAG(s) 'example_weekday_branch_operator' retrieved from /home/airflow/.local/lib/python3.12/site-packages/airflow/example_dags/example_branch_day_of_week_operator.py
[2024-08-31T18:36:23.205+0000] {logging_mixin.py:190} INFO - [2024-08-31T18:36:23.205+0000] {dag.py:3211} INFO - Sync 1 DAGs
[2024-08-31T18:36:23.226+0000] {logging_mixin.py:190} INFO - [2024-08-31T18:36:23.226+0000] {dag.py:4138} INFO - Setting next_dagrun for example_weekday_branch_operator to 2024-08-30 00:00:00+00:00, run_after=2024-08-31 00:00:00+00:00
[2024-08-31T18:36:23.241+0000] {processor.py:208} INFO - Processing /home/airflow/.local/lib/python3.12/site-packages/airflow/example_dags/example_branch_day_of_week_operator.py took 0.071 seconds
[2024-08-31T18:36:54.342+0000] {processor.py:186} INFO - Started process (PID=367) to work on /home/airflow/.local/lib/python3.12/site-packages/airflow/example_dags/example_branch_day_of_week_operator.py
[2024-08-31T18:36:54.343+0000] {processor.py:914} INFO - Processing file /home/airflow/.local/lib/python3.12/site-packages/airflow/example_dags/example_branch_day_of_week_operator.py for tasks to queue
[2024-08-31T18:36:54.346+0000] {logging_mixin.py:190} INFO - [2024-08-31T18:36:54.345+0000] {dagbag.py:587} INFO - Filling up the DagBag from /home/airflow/.local/lib/python3.12/site-packages/airflow/example_dags/example_branch_day_of_week_operator.py
[2024-08-31T18:36:54.354+0000] {processor.py:925} INFO - DAG(s) 'example_weekday_branch_operator' retrieved from /home/airflow/.local/lib/python3.12/site-packages/airflow/example_dags/example_branch_day_of_week_operator.py
[2024-08-31T18:36:54.373+0000] {logging_mixin.py:190} INFO - [2024-08-31T18:36:54.373+0000] {dag.py:3211} INFO - Sync 1 DAGs
[2024-08-31T18:36:54.398+0000] {logging_mixin.py:190} INFO - [2024-08-31T18:36:54.397+0000] {dag.py:4138} INFO - Setting next_dagrun for example_weekday_branch_operator to 2024-08-30 00:00:00+00:00, run_after=2024-08-31 00:00:00+00:00
[2024-08-31T18:36:54.422+0000] {processor.py:208} INFO - Processing /home/airflow/.local/lib/python3.12/site-packages/airflow/example_dags/example_branch_day_of_week_operator.py took 0.085 seconds
[2024-08-31T18:37:28.047+0000] {processor.py:186} INFO - Started process (PID=429) to work on /home/airflow/.local/lib/python3.12/site-packages/airflow/example_dags/example_branch_day_of_week_operator.py
[2024-08-31T18:37:28.048+0000] {processor.py:914} INFO - Processing file /home/airflow/.local/lib/python3.12/site-packages/airflow/example_dags/example_branch_day_of_week_operator.py for tasks to queue
[2024-08-31T18:37:28.050+0000] {logging_mixin.py:190} INFO - [2024-08-31T18:37:28.050+0000] {dagbag.py:587} INFO - Filling up the DagBag from /home/airflow/.local/lib/python3.12/site-packages/airflow/example_dags/example_branch_day_of_week_operator.py
[2024-08-31T18:37:28.059+0000] {processor.py:925} INFO - DAG(s) 'example_weekday_branch_operator' retrieved from /home/airflow/.local/lib/python3.12/site-packages/airflow/example_dags/example_branch_day_of_week_operator.py
[2024-08-31T18:37:28.080+0000] {logging_mixin.py:190} INFO - [2024-08-31T18:37:28.080+0000] {dag.py:3211} INFO - Sync 1 DAGs
[2024-08-31T18:37:28.109+0000] {logging_mixin.py:190} INFO - [2024-08-31T18:37:28.108+0000] {dag.py:4138} INFO - Setting next_dagrun for example_weekday_branch_operator to 2024-08-30 00:00:00+00:00, run_after=2024-08-31 00:00:00+00:00
[2024-08-31T18:37:28.129+0000] {processor.py:208} INFO - Processing /home/airflow/.local/lib/python3.12/site-packages/airflow/example_dags/example_branch_day_of_week_operator.py took 0.087 seconds
