[2024-08-31T18:34:45.606+0000] {processor.py:186} INFO - Started process (PID=80) to work on /home/airflow/.local/lib/python3.12/site-packages/airflow/example_dags/example_short_circuit_operator.py
[2024-08-31T18:34:45.607+0000] {processor.py:914} INFO - Processing file /home/airflow/.local/lib/python3.12/site-packages/airflow/example_dags/example_short_circuit_operator.py for tasks to queue
[2024-08-31T18:34:45.609+0000] {logging_mixin.py:190} INFO - [2024-08-31T18:34:45.608+0000] {dagbag.py:587} INFO - Filling up the DagBag from /home/airflow/.local/lib/python3.12/site-packages/airflow/example_dags/example_short_circuit_operator.py
[2024-08-31T18:34:45.618+0000] {processor.py:925} INFO - DAG(s) 'example_short_circuit_operator' retrieved from /home/airflow/.local/lib/python3.12/site-packages/airflow/example_dags/example_short_circuit_operator.py
[2024-08-31T18:34:45.764+0000] {logging_mixin.py:190} INFO - [2024-08-31T18:34:45.763+0000] {override.py:1858} INFO - Created Permission View: can read on DAG:example_short_circuit_operator
[2024-08-31T18:34:45.774+0000] {logging_mixin.py:190} INFO - [2024-08-31T18:34:45.774+0000] {override.py:1858} INFO - Created Permission View: can delete on DAG:example_short_circuit_operator
[2024-08-31T18:34:45.782+0000] {logging_mixin.py:190} INFO - [2024-08-31T18:34:45.781+0000] {override.py:1858} INFO - Created Permission View: can edit on DAG:example_short_circuit_operator
[2024-08-31T18:34:45.782+0000] {logging_mixin.py:190} INFO - [2024-08-31T18:34:45.782+0000] {dag.py:3211} INFO - Sync 1 DAGs
[2024-08-31T18:34:45.794+0000] {logging_mixin.py:190} INFO - [2024-08-31T18:34:45.793+0000] {dag.py:3234} INFO - Creating ORM DAG for example_short_circuit_operator
[2024-08-31T18:34:45.802+0000] {logging_mixin.py:190} INFO - [2024-08-31T18:34:45.802+0000] {dag.py:4138} INFO - Setting next_dagrun for example_short_circuit_operator to 2024-08-30 00:00:00+00:00, run_after=2024-08-31 00:00:00+00:00
[2024-08-31T18:34:45.824+0000] {processor.py:208} INFO - Processing /home/airflow/.local/lib/python3.12/site-packages/airflow/example_dags/example_short_circuit_operator.py took 0.225 seconds
[2024-08-31T18:35:16.694+0000] {processor.py:186} INFO - Started process (PID=143) to work on /home/airflow/.local/lib/python3.12/site-packages/airflow/example_dags/example_short_circuit_operator.py
[2024-08-31T18:35:16.695+0000] {processor.py:914} INFO - Processing file /home/airflow/.local/lib/python3.12/site-packages/airflow/example_dags/example_short_circuit_operator.py for tasks to queue
[2024-08-31T18:35:16.697+0000] {logging_mixin.py:190} INFO - [2024-08-31T18:35:16.697+0000] {dagbag.py:587} INFO - Filling up the DagBag from /home/airflow/.local/lib/python3.12/site-packages/airflow/example_dags/example_short_circuit_operator.py
[2024-08-31T18:35:16.706+0000] {processor.py:925} INFO - DAG(s) 'example_short_circuit_operator' retrieved from /home/airflow/.local/lib/python3.12/site-packages/airflow/example_dags/example_short_circuit_operator.py
[2024-08-31T18:35:16.737+0000] {logging_mixin.py:190} INFO - [2024-08-31T18:35:16.737+0000] {dag.py:3211} INFO - Sync 1 DAGs
[2024-08-31T18:35:16.766+0000] {logging_mixin.py:190} INFO - [2024-08-31T18:35:16.766+0000] {dag.py:4138} INFO - Setting next_dagrun for example_short_circuit_operator to 2024-08-30 00:00:00+00:00, run_after=2024-08-31 00:00:00+00:00
[2024-08-31T18:35:16.806+0000] {processor.py:208} INFO - Processing /home/airflow/.local/lib/python3.12/site-packages/airflow/example_dags/example_short_circuit_operator.py took 0.118 seconds
[2024-08-31T18:35:46.944+0000] {processor.py:186} INFO - Started process (PID=205) to work on /home/airflow/.local/lib/python3.12/site-packages/airflow/example_dags/example_short_circuit_operator.py
[2024-08-31T18:35:46.948+0000] {processor.py:914} INFO - Processing file /home/airflow/.local/lib/python3.12/site-packages/airflow/example_dags/example_short_circuit_operator.py for tasks to queue
[2024-08-31T18:35:46.950+0000] {logging_mixin.py:190} INFO - [2024-08-31T18:35:46.950+0000] {dagbag.py:587} INFO - Filling up the DagBag from /home/airflow/.local/lib/python3.12/site-packages/airflow/example_dags/example_short_circuit_operator.py
[2024-08-31T18:35:46.973+0000] {processor.py:925} INFO - DAG(s) 'example_short_circuit_operator' retrieved from /home/airflow/.local/lib/python3.12/site-packages/airflow/example_dags/example_short_circuit_operator.py
[2024-08-31T18:35:47.015+0000] {logging_mixin.py:190} INFO - [2024-08-31T18:35:47.015+0000] {dag.py:3211} INFO - Sync 1 DAGs
[2024-08-31T18:35:47.043+0000] {logging_mixin.py:190} INFO - [2024-08-31T18:35:47.042+0000] {dag.py:4138} INFO - Setting next_dagrun for example_short_circuit_operator to 2024-08-30 00:00:00+00:00, run_after=2024-08-31 00:00:00+00:00
[2024-08-31T18:35:47.068+0000] {processor.py:208} INFO - Processing /home/airflow/.local/lib/python3.12/site-packages/airflow/example_dags/example_short_circuit_operator.py took 0.139 seconds
[2024-08-31T18:36:18.554+0000] {processor.py:186} INFO - Started process (PID=267) to work on /home/airflow/.local/lib/python3.12/site-packages/airflow/example_dags/example_short_circuit_operator.py
[2024-08-31T18:36:18.557+0000] {processor.py:914} INFO - Processing file /home/airflow/.local/lib/python3.12/site-packages/airflow/example_dags/example_short_circuit_operator.py for tasks to queue
[2024-08-31T18:36:18.560+0000] {logging_mixin.py:190} INFO - [2024-08-31T18:36:18.560+0000] {dagbag.py:587} INFO - Filling up the DagBag from /home/airflow/.local/lib/python3.12/site-packages/airflow/example_dags/example_short_circuit_operator.py
[2024-08-31T18:36:18.573+0000] {processor.py:925} INFO - DAG(s) 'example_short_circuit_operator' retrieved from /home/airflow/.local/lib/python3.12/site-packages/airflow/example_dags/example_short_circuit_operator.py
[2024-08-31T18:36:18.603+0000] {logging_mixin.py:190} INFO - [2024-08-31T18:36:18.603+0000] {dag.py:3211} INFO - Sync 1 DAGs
[2024-08-31T18:36:18.624+0000] {logging_mixin.py:190} INFO - [2024-08-31T18:36:18.624+0000] {dag.py:4138} INFO - Setting next_dagrun for example_short_circuit_operator to 2024-08-30 00:00:00+00:00, run_after=2024-08-31 00:00:00+00:00
[2024-08-31T18:36:18.641+0000] {processor.py:208} INFO - Processing /home/airflow/.local/lib/python3.12/site-packages/airflow/example_dags/example_short_circuit_operator.py took 0.093 seconds
[2024-08-31T18:36:49.406+0000] {processor.py:186} INFO - Started process (PID=329) to work on /home/airflow/.local/lib/python3.12/site-packages/airflow/example_dags/example_short_circuit_operator.py
[2024-08-31T18:36:49.407+0000] {processor.py:914} INFO - Processing file /home/airflow/.local/lib/python3.12/site-packages/airflow/example_dags/example_short_circuit_operator.py for tasks to queue
[2024-08-31T18:36:49.409+0000] {logging_mixin.py:190} INFO - [2024-08-31T18:36:49.409+0000] {dagbag.py:587} INFO - Filling up the DagBag from /home/airflow/.local/lib/python3.12/site-packages/airflow/example_dags/example_short_circuit_operator.py
[2024-08-31T18:36:49.418+0000] {processor.py:925} INFO - DAG(s) 'example_short_circuit_operator' retrieved from /home/airflow/.local/lib/python3.12/site-packages/airflow/example_dags/example_short_circuit_operator.py
[2024-08-31T18:36:49.447+0000] {logging_mixin.py:190} INFO - [2024-08-31T18:36:49.447+0000] {dag.py:3211} INFO - Sync 1 DAGs
[2024-08-31T18:36:49.470+0000] {logging_mixin.py:190} INFO - [2024-08-31T18:36:49.470+0000] {dag.py:4138} INFO - Setting next_dagrun for example_short_circuit_operator to 2024-08-30 00:00:00+00:00, run_after=2024-08-31 00:00:00+00:00
[2024-08-31T18:36:49.494+0000] {processor.py:208} INFO - Processing /home/airflow/.local/lib/python3.12/site-packages/airflow/example_dags/example_short_circuit_operator.py took 0.093 seconds
[2024-08-31T18:37:19.732+0000] {processor.py:186} INFO - Started process (PID=391) to work on /home/airflow/.local/lib/python3.12/site-packages/airflow/example_dags/example_short_circuit_operator.py
[2024-08-31T18:37:19.733+0000] {processor.py:914} INFO - Processing file /home/airflow/.local/lib/python3.12/site-packages/airflow/example_dags/example_short_circuit_operator.py for tasks to queue
[2024-08-31T18:37:19.736+0000] {logging_mixin.py:190} INFO - [2024-08-31T18:37:19.735+0000] {dagbag.py:587} INFO - Filling up the DagBag from /home/airflow/.local/lib/python3.12/site-packages/airflow/example_dags/example_short_circuit_operator.py
[2024-08-31T18:37:19.747+0000] {processor.py:925} INFO - DAG(s) 'example_short_circuit_operator' retrieved from /home/airflow/.local/lib/python3.12/site-packages/airflow/example_dags/example_short_circuit_operator.py
[2024-08-31T18:37:19.770+0000] {logging_mixin.py:190} INFO - [2024-08-31T18:37:19.770+0000] {dag.py:3211} INFO - Sync 1 DAGs
[2024-08-31T18:37:19.790+0000] {logging_mixin.py:190} INFO - [2024-08-31T18:37:19.790+0000] {dag.py:4138} INFO - Setting next_dagrun for example_short_circuit_operator to 2024-08-30 00:00:00+00:00, run_after=2024-08-31 00:00:00+00:00
[2024-08-31T18:37:19.808+0000] {processor.py:208} INFO - Processing /home/airflow/.local/lib/python3.12/site-packages/airflow/example_dags/example_short_circuit_operator.py took 0.082 seconds
