[2024-08-31T18:34:45.094+0000] {processor.py:186} INFO - Started process (PID=76) to work on /home/airflow/.local/lib/python3.12/site-packages/airflow/example_dags/example_params_ui_tutorial.py
[2024-08-31T18:34:45.094+0000] {processor.py:914} INFO - Processing file /home/airflow/.local/lib/python3.12/site-packages/airflow/example_dags/example_params_ui_tutorial.py for tasks to queue
[2024-08-31T18:34:45.096+0000] {logging_mixin.py:190} INFO - [2024-08-31T18:34:45.096+0000] {dagbag.py:587} INFO - Filling up the DagBag from /home/airflow/.local/lib/python3.12/site-packages/airflow/example_dags/example_params_ui_tutorial.py
[2024-08-31T18:34:45.107+0000] {processor.py:925} INFO - DAG(s) 'example_params_ui_tutorial' retrieved from /home/airflow/.local/lib/python3.12/site-packages/airflow/example_dags/example_params_ui_tutorial.py
[2024-08-31T18:34:45.249+0000] {logging_mixin.py:190} INFO - [2024-08-31T18:34:45.247+0000] {override.py:1858} INFO - Created Permission View: can read on DAG:example_params_ui_tutorial
[2024-08-31T18:34:45.269+0000] {logging_mixin.py:190} INFO - [2024-08-31T18:34:45.268+0000] {override.py:1858} INFO - Created Permission View: can delete on DAG:example_params_ui_tutorial
[2024-08-31T18:34:45.276+0000] {logging_mixin.py:190} INFO - [2024-08-31T18:34:45.276+0000] {override.py:1858} INFO - Created Permission View: can edit on DAG:example_params_ui_tutorial
[2024-08-31T18:34:45.277+0000] {logging_mixin.py:190} INFO - [2024-08-31T18:34:45.277+0000] {dag.py:3211} INFO - Sync 1 DAGs
[2024-08-31T18:34:45.288+0000] {logging_mixin.py:190} INFO - [2024-08-31T18:34:45.288+0000] {dag.py:3234} INFO - Creating ORM DAG for example_params_ui_tutorial
[2024-08-31T18:34:45.288+0000] {logging_mixin.py:190} INFO - [2024-08-31T18:34:45.288+0000] {dag.py:4138} INFO - Setting next_dagrun for example_params_ui_tutorial to None, run_after=None
[2024-08-31T18:34:45.306+0000] {processor.py:208} INFO - Processing /home/airflow/.local/lib/python3.12/site-packages/airflow/example_dags/example_params_ui_tutorial.py took 0.217 seconds
[2024-08-31T18:35:15.460+0000] {processor.py:186} INFO - Started process (PID=139) to work on /home/airflow/.local/lib/python3.12/site-packages/airflow/example_dags/example_params_ui_tutorial.py
[2024-08-31T18:35:15.461+0000] {processor.py:914} INFO - Processing file /home/airflow/.local/lib/python3.12/site-packages/airflow/example_dags/example_params_ui_tutorial.py for tasks to queue
[2024-08-31T18:35:15.463+0000] {logging_mixin.py:190} INFO - [2024-08-31T18:35:15.463+0000] {dagbag.py:587} INFO - Filling up the DagBag from /home/airflow/.local/lib/python3.12/site-packages/airflow/example_dags/example_params_ui_tutorial.py
[2024-08-31T18:35:15.472+0000] {processor.py:925} INFO - DAG(s) 'example_params_ui_tutorial' retrieved from /home/airflow/.local/lib/python3.12/site-packages/airflow/example_dags/example_params_ui_tutorial.py
[2024-08-31T18:35:15.510+0000] {logging_mixin.py:190} INFO - [2024-08-31T18:35:15.510+0000] {dag.py:3211} INFO - Sync 1 DAGs
[2024-08-31T18:35:15.524+0000] {logging_mixin.py:190} INFO - [2024-08-31T18:35:15.523+0000] {dag.py:4138} INFO - Setting next_dagrun for example_params_ui_tutorial to None, run_after=None
[2024-08-31T18:35:15.544+0000] {processor.py:208} INFO - Processing /home/airflow/.local/lib/python3.12/site-packages/airflow/example_dags/example_params_ui_tutorial.py took 0.088 seconds
[2024-08-31T18:35:45.762+0000] {processor.py:186} INFO - Started process (PID=201) to work on /home/airflow/.local/lib/python3.12/site-packages/airflow/example_dags/example_params_ui_tutorial.py
[2024-08-31T18:35:45.765+0000] {processor.py:914} INFO - Processing file /home/airflow/.local/lib/python3.12/site-packages/airflow/example_dags/example_params_ui_tutorial.py for tasks to queue
[2024-08-31T18:35:45.767+0000] {logging_mixin.py:190} INFO - [2024-08-31T18:35:45.767+0000] {dagbag.py:587} INFO - Filling up the DagBag from /home/airflow/.local/lib/python3.12/site-packages/airflow/example_dags/example_params_ui_tutorial.py
[2024-08-31T18:35:45.779+0000] {processor.py:925} INFO - DAG(s) 'example_params_ui_tutorial' retrieved from /home/airflow/.local/lib/python3.12/site-packages/airflow/example_dags/example_params_ui_tutorial.py
[2024-08-31T18:35:45.846+0000] {logging_mixin.py:190} INFO - [2024-08-31T18:35:45.845+0000] {dag.py:3211} INFO - Sync 1 DAGs
[2024-08-31T18:35:45.861+0000] {logging_mixin.py:190} INFO - [2024-08-31T18:35:45.861+0000] {dag.py:4138} INFO - Setting next_dagrun for example_params_ui_tutorial to None, run_after=None
[2024-08-31T18:35:45.885+0000] {processor.py:208} INFO - Processing /home/airflow/.local/lib/python3.12/site-packages/airflow/example_dags/example_params_ui_tutorial.py took 0.136 seconds
[2024-08-31T18:36:18.366+0000] {processor.py:186} INFO - Started process (PID=263) to work on /home/airflow/.local/lib/python3.12/site-packages/airflow/example_dags/example_params_ui_tutorial.py
[2024-08-31T18:36:18.367+0000] {processor.py:914} INFO - Processing file /home/airflow/.local/lib/python3.12/site-packages/airflow/example_dags/example_params_ui_tutorial.py for tasks to queue
[2024-08-31T18:36:18.369+0000] {logging_mixin.py:190} INFO - [2024-08-31T18:36:18.368+0000] {dagbag.py:587} INFO - Filling up the DagBag from /home/airflow/.local/lib/python3.12/site-packages/airflow/example_dags/example_params_ui_tutorial.py
[2024-08-31T18:36:18.377+0000] {processor.py:925} INFO - DAG(s) 'example_params_ui_tutorial' retrieved from /home/airflow/.local/lib/python3.12/site-packages/airflow/example_dags/example_params_ui_tutorial.py
[2024-08-31T18:36:18.415+0000] {logging_mixin.py:190} INFO - [2024-08-31T18:36:18.415+0000] {dag.py:3211} INFO - Sync 1 DAGs
[2024-08-31T18:36:18.429+0000] {logging_mixin.py:190} INFO - [2024-08-31T18:36:18.429+0000] {dag.py:4138} INFO - Setting next_dagrun for example_params_ui_tutorial to None, run_after=None
[2024-08-31T18:36:18.447+0000] {processor.py:208} INFO - Processing /home/airflow/.local/lib/python3.12/site-packages/airflow/example_dags/example_params_ui_tutorial.py took 0.086 seconds
[2024-08-31T18:36:49.198+0000] {processor.py:186} INFO - Started process (PID=325) to work on /home/airflow/.local/lib/python3.12/site-packages/airflow/example_dags/example_params_ui_tutorial.py
[2024-08-31T18:36:49.198+0000] {processor.py:914} INFO - Processing file /home/airflow/.local/lib/python3.12/site-packages/airflow/example_dags/example_params_ui_tutorial.py for tasks to queue
[2024-08-31T18:36:49.200+0000] {logging_mixin.py:190} INFO - [2024-08-31T18:36:49.200+0000] {dagbag.py:587} INFO - Filling up the DagBag from /home/airflow/.local/lib/python3.12/site-packages/airflow/example_dags/example_params_ui_tutorial.py
[2024-08-31T18:36:49.208+0000] {processor.py:925} INFO - DAG(s) 'example_params_ui_tutorial' retrieved from /home/airflow/.local/lib/python3.12/site-packages/airflow/example_dags/example_params_ui_tutorial.py
[2024-08-31T18:36:49.245+0000] {logging_mixin.py:190} INFO - [2024-08-31T18:36:49.245+0000] {dag.py:3211} INFO - Sync 1 DAGs
[2024-08-31T18:36:49.259+0000] {logging_mixin.py:190} INFO - [2024-08-31T18:36:49.258+0000] {dag.py:4138} INFO - Setting next_dagrun for example_params_ui_tutorial to None, run_after=None
[2024-08-31T18:36:49.281+0000] {processor.py:208} INFO - Processing /home/airflow/.local/lib/python3.12/site-packages/airflow/example_dags/example_params_ui_tutorial.py took 0.088 seconds
[2024-08-31T18:37:19.393+0000] {processor.py:186} INFO - Started process (PID=387) to work on /home/airflow/.local/lib/python3.12/site-packages/airflow/example_dags/example_params_ui_tutorial.py
[2024-08-31T18:37:19.394+0000] {processor.py:914} INFO - Processing file /home/airflow/.local/lib/python3.12/site-packages/airflow/example_dags/example_params_ui_tutorial.py for tasks to queue
[2024-08-31T18:37:19.397+0000] {logging_mixin.py:190} INFO - [2024-08-31T18:37:19.396+0000] {dagbag.py:587} INFO - Filling up the DagBag from /home/airflow/.local/lib/python3.12/site-packages/airflow/example_dags/example_params_ui_tutorial.py
[2024-08-31T18:37:19.404+0000] {processor.py:925} INFO - DAG(s) 'example_params_ui_tutorial' retrieved from /home/airflow/.local/lib/python3.12/site-packages/airflow/example_dags/example_params_ui_tutorial.py
[2024-08-31T18:37:19.447+0000] {logging_mixin.py:190} INFO - [2024-08-31T18:37:19.447+0000] {dag.py:3211} INFO - Sync 1 DAGs
[2024-08-31T18:37:19.461+0000] {logging_mixin.py:190} INFO - [2024-08-31T18:37:19.461+0000] {dag.py:4138} INFO - Setting next_dagrun for example_params_ui_tutorial to None, run_after=None
[2024-08-31T18:37:19.481+0000] {processor.py:208} INFO - Processing /home/airflow/.local/lib/python3.12/site-packages/airflow/example_dags/example_params_ui_tutorial.py took 0.093 seconds
