[2024-08-31T18:34:49.075+0000] {processor.py:186} INFO - Started process (PID=103) to work on /home/airflow/.local/lib/python3.12/site-packages/airflow/example_dags/example_workday_timetable.py
[2024-08-31T18:34:49.076+0000] {processor.py:914} INFO - Processing file /home/airflow/.local/lib/python3.12/site-packages/airflow/example_dags/example_workday_timetable.py for tasks to queue
[2024-08-31T18:34:49.078+0000] {logging_mixin.py:190} INFO - [2024-08-31T18:34:49.077+0000] {dagbag.py:587} INFO - Filling up the DagBag from /home/airflow/.local/lib/python3.12/site-packages/airflow/example_dags/example_workday_timetable.py
[2024-08-31T18:34:49.083+0000] {processor.py:925} INFO - DAG(s) 'example_workday_timetable' retrieved from /home/airflow/.local/lib/python3.12/site-packages/airflow/example_dags/example_workday_timetable.py
[2024-08-31T18:34:49.209+0000] {logging_mixin.py:190} INFO - [2024-08-31T18:34:49.208+0000] {override.py:1858} INFO - Created Permission View: can read on DAG:example_workday_timetable
[2024-08-31T18:34:49.221+0000] {logging_mixin.py:190} INFO - [2024-08-31T18:34:49.221+0000] {override.py:1858} INFO - Created Permission View: can delete on DAG:example_workday_timetable
[2024-08-31T18:34:49.229+0000] {logging_mixin.py:190} INFO - [2024-08-31T18:34:49.229+0000] {override.py:1858} INFO - Created Permission View: can edit on DAG:example_workday_timetable
[2024-08-31T18:34:49.230+0000] {logging_mixin.py:190} INFO - [2024-08-31T18:34:49.230+0000] {dag.py:3211} INFO - Sync 1 DAGs
[2024-08-31T18:34:49.243+0000] {logging_mixin.py:190} INFO - [2024-08-31T18:34:49.243+0000] {dag.py:3234} INFO - Creating ORM DAG for example_workday_timetable
[2024-08-31T18:34:49.294+0000] {logging_mixin.py:190} INFO - [2024-08-31T18:34:49.294+0000] {dag.py:4138} INFO - Setting next_dagrun for example_workday_timetable to 2021-01-04 00:00:00+00:00, run_after=2021-01-05 00:00:00+00:00
[2024-08-31T18:34:49.316+0000] {processor.py:208} INFO - Processing /home/airflow/.local/lib/python3.12/site-packages/airflow/example_dags/example_workday_timetable.py took 0.246 seconds
[2024-08-31T18:35:19.504+0000] {processor.py:186} INFO - Started process (PID=166) to work on /home/airflow/.local/lib/python3.12/site-packages/airflow/example_dags/example_workday_timetable.py
[2024-08-31T18:35:19.506+0000] {processor.py:914} INFO - Processing file /home/airflow/.local/lib/python3.12/site-packages/airflow/example_dags/example_workday_timetable.py for tasks to queue
[2024-08-31T18:35:19.509+0000] {logging_mixin.py:190} INFO - [2024-08-31T18:35:19.509+0000] {dagbag.py:587} INFO - Filling up the DagBag from /home/airflow/.local/lib/python3.12/site-packages/airflow/example_dags/example_workday_timetable.py
[2024-08-31T18:35:19.514+0000] {processor.py:925} INFO - DAG(s) 'example_workday_timetable' retrieved from /home/airflow/.local/lib/python3.12/site-packages/airflow/example_dags/example_workday_timetable.py
[2024-08-31T18:35:19.531+0000] {logging_mixin.py:190} INFO - [2024-08-31T18:35:19.531+0000] {dag.py:3211} INFO - Sync 1 DAGs
[2024-08-31T18:35:19.593+0000] {logging_mixin.py:190} INFO - [2024-08-31T18:35:19.593+0000] {dag.py:4138} INFO - Setting next_dagrun for example_workday_timetable to 2021-01-04 00:00:00+00:00, run_after=2021-01-05 00:00:00+00:00
[2024-08-31T18:35:19.612+0000] {processor.py:208} INFO - Processing /home/airflow/.local/lib/python3.12/site-packages/airflow/example_dags/example_workday_timetable.py took 0.124 seconds
[2024-08-31T18:35:49.657+0000] {processor.py:186} INFO - Started process (PID=228) to work on /home/airflow/.local/lib/python3.12/site-packages/airflow/example_dags/example_workday_timetable.py
[2024-08-31T18:35:49.658+0000] {processor.py:914} INFO - Processing file /home/airflow/.local/lib/python3.12/site-packages/airflow/example_dags/example_workday_timetable.py for tasks to queue
[2024-08-31T18:35:49.660+0000] {logging_mixin.py:190} INFO - [2024-08-31T18:35:49.659+0000] {dagbag.py:587} INFO - Filling up the DagBag from /home/airflow/.local/lib/python3.12/site-packages/airflow/example_dags/example_workday_timetable.py
[2024-08-31T18:35:49.665+0000] {processor.py:925} INFO - DAG(s) 'example_workday_timetable' retrieved from /home/airflow/.local/lib/python3.12/site-packages/airflow/example_dags/example_workday_timetable.py
[2024-08-31T18:35:49.682+0000] {logging_mixin.py:190} INFO - [2024-08-31T18:35:49.682+0000] {dag.py:3211} INFO - Sync 1 DAGs
[2024-08-31T18:35:49.749+0000] {logging_mixin.py:190} INFO - [2024-08-31T18:35:49.748+0000] {dag.py:4138} INFO - Setting next_dagrun for example_workday_timetable to 2021-01-04 00:00:00+00:00, run_after=2021-01-05 00:00:00+00:00
[2024-08-31T18:35:49.768+0000] {processor.py:208} INFO - Processing /home/airflow/.local/lib/python3.12/site-packages/airflow/example_dags/example_workday_timetable.py took 0.117 seconds
[2024-08-31T18:36:20.162+0000] {processor.py:186} INFO - Started process (PID=290) to work on /home/airflow/.local/lib/python3.12/site-packages/airflow/example_dags/example_workday_timetable.py
[2024-08-31T18:36:20.163+0000] {processor.py:914} INFO - Processing file /home/airflow/.local/lib/python3.12/site-packages/airflow/example_dags/example_workday_timetable.py for tasks to queue
[2024-08-31T18:36:20.165+0000] {logging_mixin.py:190} INFO - [2024-08-31T18:36:20.164+0000] {dagbag.py:587} INFO - Filling up the DagBag from /home/airflow/.local/lib/python3.12/site-packages/airflow/example_dags/example_workday_timetable.py
[2024-08-31T18:36:20.172+0000] {processor.py:925} INFO - DAG(s) 'example_workday_timetable' retrieved from /home/airflow/.local/lib/python3.12/site-packages/airflow/example_dags/example_workday_timetable.py
[2024-08-31T18:36:20.190+0000] {logging_mixin.py:190} INFO - [2024-08-31T18:36:20.189+0000] {dag.py:3211} INFO - Sync 1 DAGs
[2024-08-31T18:36:20.247+0000] {logging_mixin.py:190} INFO - [2024-08-31T18:36:20.246+0000] {dag.py:4138} INFO - Setting next_dagrun for example_workday_timetable to 2021-01-04 00:00:00+00:00, run_after=2021-01-05 00:00:00+00:00
[2024-08-31T18:36:20.268+0000] {processor.py:208} INFO - Processing /home/airflow/.local/lib/python3.12/site-packages/airflow/example_dags/example_workday_timetable.py took 0.112 seconds
[2024-08-31T18:36:53.338+0000] {processor.py:186} INFO - Started process (PID=352) to work on /home/airflow/.local/lib/python3.12/site-packages/airflow/example_dags/example_workday_timetable.py
[2024-08-31T18:36:53.339+0000] {processor.py:914} INFO - Processing file /home/airflow/.local/lib/python3.12/site-packages/airflow/example_dags/example_workday_timetable.py for tasks to queue
[2024-08-31T18:36:53.341+0000] {logging_mixin.py:190} INFO - [2024-08-31T18:36:53.341+0000] {dagbag.py:587} INFO - Filling up the DagBag from /home/airflow/.local/lib/python3.12/site-packages/airflow/example_dags/example_workday_timetable.py
[2024-08-31T18:36:53.346+0000] {processor.py:925} INFO - DAG(s) 'example_workday_timetable' retrieved from /home/airflow/.local/lib/python3.12/site-packages/airflow/example_dags/example_workday_timetable.py
[2024-08-31T18:36:53.362+0000] {logging_mixin.py:190} INFO - [2024-08-31T18:36:53.362+0000] {dag.py:3211} INFO - Sync 1 DAGs
[2024-08-31T18:36:53.413+0000] {logging_mixin.py:190} INFO - [2024-08-31T18:36:53.413+0000] {dag.py:4138} INFO - Setting next_dagrun for example_workday_timetable to 2021-01-04 00:00:00+00:00, run_after=2021-01-05 00:00:00+00:00
[2024-08-31T18:36:53.430+0000] {processor.py:208} INFO - Processing /home/airflow/.local/lib/python3.12/site-packages/airflow/example_dags/example_workday_timetable.py took 0.097 seconds
[2024-08-31T18:37:24.182+0000] {processor.py:186} INFO - Started process (PID=414) to work on /home/airflow/.local/lib/python3.12/site-packages/airflow/example_dags/example_workday_timetable.py
[2024-08-31T18:37:24.183+0000] {processor.py:914} INFO - Processing file /home/airflow/.local/lib/python3.12/site-packages/airflow/example_dags/example_workday_timetable.py for tasks to queue
[2024-08-31T18:37:24.186+0000] {logging_mixin.py:190} INFO - [2024-08-31T18:37:24.186+0000] {dagbag.py:587} INFO - Filling up the DagBag from /home/airflow/.local/lib/python3.12/site-packages/airflow/example_dags/example_workday_timetable.py
[2024-08-31T18:37:24.192+0000] {processor.py:925} INFO - DAG(s) 'example_workday_timetable' retrieved from /home/airflow/.local/lib/python3.12/site-packages/airflow/example_dags/example_workday_timetable.py
[2024-08-31T18:37:24.211+0000] {logging_mixin.py:190} INFO - [2024-08-31T18:37:24.210+0000] {dag.py:3211} INFO - Sync 1 DAGs
[2024-08-31T18:37:24.272+0000] {logging_mixin.py:190} INFO - [2024-08-31T18:37:24.272+0000] {dag.py:4138} INFO - Setting next_dagrun for example_workday_timetable to 2021-01-04 00:00:00+00:00, run_after=2021-01-05 00:00:00+00:00
[2024-08-31T18:37:24.293+0000] {processor.py:208} INFO - Processing /home/airflow/.local/lib/python3.12/site-packages/airflow/example_dags/example_workday_timetable.py took 0.116 seconds
