[2024-08-31T18:34:50.684+0000] {processor.py:186} INFO - Started process (PID=112) to work on /home/airflow/.local/lib/python3.12/site-packages/airflow/example_dags/example_task_group.py
[2024-08-31T18:34:50.685+0000] {processor.py:914} INFO - Processing file /home/airflow/.local/lib/python3.12/site-packages/airflow/example_dags/example_task_group.py for tasks to queue
[2024-08-31T18:34:50.687+0000] {logging_mixin.py:190} INFO - [2024-08-31T18:34:50.686+0000] {dagbag.py:587} INFO - Filling up the DagBag from /home/airflow/.local/lib/python3.12/site-packages/airflow/example_dags/example_task_group.py
[2024-08-31T18:34:50.696+0000] {processor.py:925} INFO - DAG(s) 'example_task_group' retrieved from /home/airflow/.local/lib/python3.12/site-packages/airflow/example_dags/example_task_group.py
[2024-08-31T18:34:50.806+0000] {logging_mixin.py:190} INFO - [2024-08-31T18:34:50.806+0000] {override.py:1858} INFO - Created Permission View: can read on DAG:example_task_group
[2024-08-31T18:34:50.820+0000] {logging_mixin.py:190} INFO - [2024-08-31T18:34:50.820+0000] {override.py:1858} INFO - Created Permission View: can delete on DAG:example_task_group
[2024-08-31T18:34:50.828+0000] {logging_mixin.py:190} INFO - [2024-08-31T18:34:50.828+0000] {override.py:1858} INFO - Created Permission View: can edit on DAG:example_task_group
[2024-08-31T18:34:50.829+0000] {logging_mixin.py:190} INFO - [2024-08-31T18:34:50.829+0000] {dag.py:3211} INFO - Sync 1 DAGs
[2024-08-31T18:34:50.843+0000] {logging_mixin.py:190} INFO - [2024-08-31T18:34:50.843+0000] {dag.py:3234} INFO - Creating ORM DAG for example_task_group
[2024-08-31T18:34:50.853+0000] {logging_mixin.py:190} INFO - [2024-08-31T18:34:50.853+0000] {dag.py:4138} INFO - Setting next_dagrun for example_task_group to 2024-08-30 00:00:00+00:00, run_after=2024-08-31 00:00:00+00:00
[2024-08-31T18:34:50.872+0000] {processor.py:208} INFO - Processing /home/airflow/.local/lib/python3.12/site-packages/airflow/example_dags/example_task_group.py took 0.193 seconds
[2024-08-31T18:35:21.412+0000] {processor.py:186} INFO - Started process (PID=175) to work on /home/airflow/.local/lib/python3.12/site-packages/airflow/example_dags/example_task_group.py
[2024-08-31T18:35:21.413+0000] {processor.py:914} INFO - Processing file /home/airflow/.local/lib/python3.12/site-packages/airflow/example_dags/example_task_group.py for tasks to queue
[2024-08-31T18:35:21.415+0000] {logging_mixin.py:190} INFO - [2024-08-31T18:35:21.414+0000] {dagbag.py:587} INFO - Filling up the DagBag from /home/airflow/.local/lib/python3.12/site-packages/airflow/example_dags/example_task_group.py
[2024-08-31T18:35:21.422+0000] {processor.py:925} INFO - DAG(s) 'example_task_group' retrieved from /home/airflow/.local/lib/python3.12/site-packages/airflow/example_dags/example_task_group.py
[2024-08-31T18:35:21.442+0000] {logging_mixin.py:190} INFO - [2024-08-31T18:35:21.442+0000] {dag.py:3211} INFO - Sync 1 DAGs
[2024-08-31T18:35:21.462+0000] {logging_mixin.py:190} INFO - [2024-08-31T18:35:21.462+0000] {dag.py:4138} INFO - Setting next_dagrun for example_task_group to 2024-08-30 00:00:00+00:00, run_after=2024-08-31 00:00:00+00:00
[2024-08-31T18:35:21.486+0000] {processor.py:208} INFO - Processing /home/airflow/.local/lib/python3.12/site-packages/airflow/example_dags/example_task_group.py took 0.080 seconds
[2024-08-31T18:35:52.316+0000] {processor.py:186} INFO - Started process (PID=237) to work on /home/airflow/.local/lib/python3.12/site-packages/airflow/example_dags/example_task_group.py
[2024-08-31T18:35:52.317+0000] {processor.py:914} INFO - Processing file /home/airflow/.local/lib/python3.12/site-packages/airflow/example_dags/example_task_group.py for tasks to queue
[2024-08-31T18:35:52.319+0000] {logging_mixin.py:190} INFO - [2024-08-31T18:35:52.318+0000] {dagbag.py:587} INFO - Filling up the DagBag from /home/airflow/.local/lib/python3.12/site-packages/airflow/example_dags/example_task_group.py
[2024-08-31T18:35:52.327+0000] {processor.py:925} INFO - DAG(s) 'example_task_group' retrieved from /home/airflow/.local/lib/python3.12/site-packages/airflow/example_dags/example_task_group.py
[2024-08-31T18:35:52.354+0000] {logging_mixin.py:190} INFO - [2024-08-31T18:35:52.354+0000] {dag.py:3211} INFO - Sync 1 DAGs
[2024-08-31T18:35:52.375+0000] {logging_mixin.py:190} INFO - [2024-08-31T18:35:52.374+0000] {dag.py:4138} INFO - Setting next_dagrun for example_task_group to 2024-08-30 00:00:00+00:00, run_after=2024-08-31 00:00:00+00:00
[2024-08-31T18:35:52.390+0000] {processor.py:208} INFO - Processing /home/airflow/.local/lib/python3.12/site-packages/airflow/example_dags/example_task_group.py took 0.082 seconds
[2024-08-31T18:36:22.805+0000] {processor.py:186} INFO - Started process (PID=299) to work on /home/airflow/.local/lib/python3.12/site-packages/airflow/example_dags/example_task_group.py
[2024-08-31T18:36:22.806+0000] {processor.py:914} INFO - Processing file /home/airflow/.local/lib/python3.12/site-packages/airflow/example_dags/example_task_group.py for tasks to queue
[2024-08-31T18:36:22.808+0000] {logging_mixin.py:190} INFO - [2024-08-31T18:36:22.808+0000] {dagbag.py:587} INFO - Filling up the DagBag from /home/airflow/.local/lib/python3.12/site-packages/airflow/example_dags/example_task_group.py
[2024-08-31T18:36:22.817+0000] {processor.py:925} INFO - DAG(s) 'example_task_group' retrieved from /home/airflow/.local/lib/python3.12/site-packages/airflow/example_dags/example_task_group.py
[2024-08-31T18:36:22.841+0000] {logging_mixin.py:190} INFO - [2024-08-31T18:36:22.840+0000] {dag.py:3211} INFO - Sync 1 DAGs
[2024-08-31T18:36:22.861+0000] {logging_mixin.py:190} INFO - [2024-08-31T18:36:22.861+0000] {dag.py:4138} INFO - Setting next_dagrun for example_task_group to 2024-08-30 00:00:00+00:00, run_after=2024-08-31 00:00:00+00:00
[2024-08-31T18:36:22.878+0000] {processor.py:208} INFO - Processing /home/airflow/.local/lib/python3.12/site-packages/airflow/example_dags/example_task_group.py took 0.079 seconds
[2024-08-31T18:36:53.963+0000] {processor.py:186} INFO - Started process (PID=361) to work on /home/airflow/.local/lib/python3.12/site-packages/airflow/example_dags/example_task_group.py
[2024-08-31T18:36:53.964+0000] {processor.py:914} INFO - Processing file /home/airflow/.local/lib/python3.12/site-packages/airflow/example_dags/example_task_group.py for tasks to queue
[2024-08-31T18:36:53.966+0000] {logging_mixin.py:190} INFO - [2024-08-31T18:36:53.966+0000] {dagbag.py:587} INFO - Filling up the DagBag from /home/airflow/.local/lib/python3.12/site-packages/airflow/example_dags/example_task_group.py
[2024-08-31T18:36:53.974+0000] {processor.py:925} INFO - DAG(s) 'example_task_group' retrieved from /home/airflow/.local/lib/python3.12/site-packages/airflow/example_dags/example_task_group.py
[2024-08-31T18:36:53.994+0000] {logging_mixin.py:190} INFO - [2024-08-31T18:36:53.994+0000] {dag.py:3211} INFO - Sync 1 DAGs
[2024-08-31T18:36:54.016+0000] {logging_mixin.py:190} INFO - [2024-08-31T18:36:54.016+0000] {dag.py:4138} INFO - Setting next_dagrun for example_task_group to 2024-08-30 00:00:00+00:00, run_after=2024-08-31 00:00:00+00:00
[2024-08-31T18:36:54.034+0000] {processor.py:208} INFO - Processing /home/airflow/.local/lib/python3.12/site-packages/airflow/example_dags/example_task_group.py took 0.076 seconds
[2024-08-31T18:37:27.684+0000] {processor.py:186} INFO - Started process (PID=423) to work on /home/airflow/.local/lib/python3.12/site-packages/airflow/example_dags/example_task_group.py
[2024-08-31T18:37:27.685+0000] {processor.py:914} INFO - Processing file /home/airflow/.local/lib/python3.12/site-packages/airflow/example_dags/example_task_group.py for tasks to queue
[2024-08-31T18:37:27.687+0000] {logging_mixin.py:190} INFO - [2024-08-31T18:37:27.686+0000] {dagbag.py:587} INFO - Filling up the DagBag from /home/airflow/.local/lib/python3.12/site-packages/airflow/example_dags/example_task_group.py
[2024-08-31T18:37:27.695+0000] {processor.py:925} INFO - DAG(s) 'example_task_group' retrieved from /home/airflow/.local/lib/python3.12/site-packages/airflow/example_dags/example_task_group.py
[2024-08-31T18:37:27.733+0000] {logging_mixin.py:190} INFO - [2024-08-31T18:37:27.732+0000] {dag.py:3211} INFO - Sync 1 DAGs
[2024-08-31T18:37:27.759+0000] {logging_mixin.py:190} INFO - [2024-08-31T18:37:27.759+0000] {dag.py:4138} INFO - Setting next_dagrun for example_task_group to 2024-08-30 00:00:00+00:00, run_after=2024-08-31 00:00:00+00:00
[2024-08-31T18:37:27.780+0000] {processor.py:208} INFO - Processing /home/airflow/.local/lib/python3.12/site-packages/airflow/example_dags/example_task_group.py took 0.102 seconds
