[2024-08-31T18:34:44.912+0000] {processor.py:186} INFO - Started process (PID=75) to work on /home/airflow/.local/lib/python3.12/site-packages/airflow/example_dags/example_trigger_controller_dag.py
[2024-08-31T18:34:44.913+0000] {processor.py:914} INFO - Processing file /home/airflow/.local/lib/python3.12/site-packages/airflow/example_dags/example_trigger_controller_dag.py for tasks to queue
[2024-08-31T18:34:44.916+0000] {logging_mixin.py:190} INFO - [2024-08-31T18:34:44.916+0000] {dagbag.py:587} INFO - Filling up the DagBag from /home/airflow/.local/lib/python3.12/site-packages/airflow/example_dags/example_trigger_controller_dag.py
[2024-08-31T18:34:44.924+0000] {processor.py:925} INFO - DAG(s) 'example_trigger_controller_dag' retrieved from /home/airflow/.local/lib/python3.12/site-packages/airflow/example_dags/example_trigger_controller_dag.py
[2024-08-31T18:34:45.017+0000] {logging_mixin.py:190} INFO - [2024-08-31T18:34:45.016+0000] {override.py:1858} INFO - Created Permission View: can read on DAG:example_trigger_controller_dag
[2024-08-31T18:34:45.027+0000] {logging_mixin.py:190} INFO - [2024-08-31T18:34:45.027+0000] {override.py:1858} INFO - Created Permission View: can delete on DAG:example_trigger_controller_dag
[2024-08-31T18:34:45.034+0000] {logging_mixin.py:190} INFO - [2024-08-31T18:34:45.034+0000] {override.py:1858} INFO - Created Permission View: can edit on DAG:example_trigger_controller_dag
[2024-08-31T18:34:45.035+0000] {logging_mixin.py:190} INFO - [2024-08-31T18:34:45.035+0000] {dag.py:3211} INFO - Sync 1 DAGs
[2024-08-31T18:34:45.050+0000] {logging_mixin.py:190} INFO - [2024-08-31T18:34:45.050+0000] {dag.py:3234} INFO - Creating ORM DAG for example_trigger_controller_dag
[2024-08-31T18:34:45.059+0000] {logging_mixin.py:190} INFO - [2024-08-31T18:34:45.059+0000] {dag.py:4138} INFO - Setting next_dagrun for example_trigger_controller_dag to 2021-01-01 00:00:00+00:00, run_after=2021-01-01 00:00:00+00:00
[2024-08-31T18:34:45.077+0000] {processor.py:208} INFO - Processing /home/airflow/.local/lib/python3.12/site-packages/airflow/example_dags/example_trigger_controller_dag.py took 0.170 seconds
[2024-08-31T18:35:15.367+0000] {processor.py:186} INFO - Started process (PID=138) to work on /home/airflow/.local/lib/python3.12/site-packages/airflow/example_dags/example_trigger_controller_dag.py
[2024-08-31T18:35:15.368+0000] {processor.py:914} INFO - Processing file /home/airflow/.local/lib/python3.12/site-packages/airflow/example_dags/example_trigger_controller_dag.py for tasks to queue
[2024-08-31T18:35:15.370+0000] {logging_mixin.py:190} INFO - [2024-08-31T18:35:15.370+0000] {dagbag.py:587} INFO - Filling up the DagBag from /home/airflow/.local/lib/python3.12/site-packages/airflow/example_dags/example_trigger_controller_dag.py
[2024-08-31T18:35:15.375+0000] {processor.py:925} INFO - DAG(s) 'example_trigger_controller_dag' retrieved from /home/airflow/.local/lib/python3.12/site-packages/airflow/example_dags/example_trigger_controller_dag.py
[2024-08-31T18:35:15.393+0000] {logging_mixin.py:190} INFO - [2024-08-31T18:35:15.393+0000] {dag.py:3211} INFO - Sync 1 DAGs
[2024-08-31T18:35:15.415+0000] {logging_mixin.py:190} INFO - [2024-08-31T18:35:15.413+0000] {dag.py:4138} INFO - Setting next_dagrun for example_trigger_controller_dag to 2021-01-01 00:00:00+00:00, run_after=2021-01-01 00:00:00+00:00
[2024-08-31T18:35:15.434+0000] {processor.py:208} INFO - Processing /home/airflow/.local/lib/python3.12/site-packages/airflow/example_dags/example_trigger_controller_dag.py took 0.072 seconds
[2024-08-31T18:35:45.652+0000] {processor.py:186} INFO - Started process (PID=200) to work on /home/airflow/.local/lib/python3.12/site-packages/airflow/example_dags/example_trigger_controller_dag.py
[2024-08-31T18:35:45.653+0000] {processor.py:914} INFO - Processing file /home/airflow/.local/lib/python3.12/site-packages/airflow/example_dags/example_trigger_controller_dag.py for tasks to queue
[2024-08-31T18:35:45.656+0000] {logging_mixin.py:190} INFO - [2024-08-31T18:35:45.655+0000] {dagbag.py:587} INFO - Filling up the DagBag from /home/airflow/.local/lib/python3.12/site-packages/airflow/example_dags/example_trigger_controller_dag.py
[2024-08-31T18:35:45.661+0000] {processor.py:925} INFO - DAG(s) 'example_trigger_controller_dag' retrieved from /home/airflow/.local/lib/python3.12/site-packages/airflow/example_dags/example_trigger_controller_dag.py
[2024-08-31T18:35:45.682+0000] {logging_mixin.py:190} INFO - [2024-08-31T18:35:45.682+0000] {dag.py:3211} INFO - Sync 1 DAGs
[2024-08-31T18:35:45.703+0000] {logging_mixin.py:190} INFO - [2024-08-31T18:35:45.703+0000] {dag.py:4138} INFO - Setting next_dagrun for example_trigger_controller_dag to 2021-01-01 00:00:00+00:00, run_after=2021-01-01 00:00:00+00:00
[2024-08-31T18:35:45.721+0000] {processor.py:208} INFO - Processing /home/airflow/.local/lib/python3.12/site-packages/airflow/example_dags/example_trigger_controller_dag.py took 0.074 seconds
[2024-08-31T18:36:18.306+0000] {processor.py:186} INFO - Started process (PID=262) to work on /home/airflow/.local/lib/python3.12/site-packages/airflow/example_dags/example_trigger_controller_dag.py
[2024-08-31T18:36:18.307+0000] {processor.py:914} INFO - Processing file /home/airflow/.local/lib/python3.12/site-packages/airflow/example_dags/example_trigger_controller_dag.py for tasks to queue
[2024-08-31T18:36:18.309+0000] {logging_mixin.py:190} INFO - [2024-08-31T18:36:18.308+0000] {dagbag.py:587} INFO - Filling up the DagBag from /home/airflow/.local/lib/python3.12/site-packages/airflow/example_dags/example_trigger_controller_dag.py
[2024-08-31T18:36:18.315+0000] {processor.py:925} INFO - DAG(s) 'example_trigger_controller_dag' retrieved from /home/airflow/.local/lib/python3.12/site-packages/airflow/example_dags/example_trigger_controller_dag.py
[2024-08-31T18:36:18.333+0000] {logging_mixin.py:190} INFO - [2024-08-31T18:36:18.333+0000] {dag.py:3211} INFO - Sync 1 DAGs
[2024-08-31T18:36:18.352+0000] {logging_mixin.py:190} INFO - [2024-08-31T18:36:18.352+0000] {dag.py:4138} INFO - Setting next_dagrun for example_trigger_controller_dag to 2021-01-01 00:00:00+00:00, run_after=2021-01-01 00:00:00+00:00
[2024-08-31T18:36:18.368+0000] {processor.py:208} INFO - Processing /home/airflow/.local/lib/python3.12/site-packages/airflow/example_dags/example_trigger_controller_dag.py took 0.067 seconds
[2024-08-31T18:36:49.111+0000] {processor.py:186} INFO - Started process (PID=324) to work on /home/airflow/.local/lib/python3.12/site-packages/airflow/example_dags/example_trigger_controller_dag.py
[2024-08-31T18:36:49.112+0000] {processor.py:914} INFO - Processing file /home/airflow/.local/lib/python3.12/site-packages/airflow/example_dags/example_trigger_controller_dag.py for tasks to queue
[2024-08-31T18:36:49.114+0000] {logging_mixin.py:190} INFO - [2024-08-31T18:36:49.114+0000] {dagbag.py:587} INFO - Filling up the DagBag from /home/airflow/.local/lib/python3.12/site-packages/airflow/example_dags/example_trigger_controller_dag.py
[2024-08-31T18:36:49.121+0000] {processor.py:925} INFO - DAG(s) 'example_trigger_controller_dag' retrieved from /home/airflow/.local/lib/python3.12/site-packages/airflow/example_dags/example_trigger_controller_dag.py
[2024-08-31T18:36:49.144+0000] {logging_mixin.py:190} INFO - [2024-08-31T18:36:49.143+0000] {dag.py:3211} INFO - Sync 1 DAGs
[2024-08-31T18:36:49.168+0000] {logging_mixin.py:190} INFO - [2024-08-31T18:36:49.167+0000] {dag.py:4138} INFO - Setting next_dagrun for example_trigger_controller_dag to 2021-01-01 00:00:00+00:00, run_after=2021-01-01 00:00:00+00:00
[2024-08-31T18:36:49.185+0000] {processor.py:208} INFO - Processing /home/airflow/.local/lib/python3.12/site-packages/airflow/example_dags/example_trigger_controller_dag.py took 0.079 seconds
[2024-08-31T18:37:19.317+0000] {processor.py:186} INFO - Started process (PID=386) to work on /home/airflow/.local/lib/python3.12/site-packages/airflow/example_dags/example_trigger_controller_dag.py
[2024-08-31T18:37:19.318+0000] {processor.py:914} INFO - Processing file /home/airflow/.local/lib/python3.12/site-packages/airflow/example_dags/example_trigger_controller_dag.py for tasks to queue
[2024-08-31T18:37:19.321+0000] {logging_mixin.py:190} INFO - [2024-08-31T18:37:19.320+0000] {dagbag.py:587} INFO - Filling up the DagBag from /home/airflow/.local/lib/python3.12/site-packages/airflow/example_dags/example_trigger_controller_dag.py
[2024-08-31T18:37:19.326+0000] {processor.py:925} INFO - DAG(s) 'example_trigger_controller_dag' retrieved from /home/airflow/.local/lib/python3.12/site-packages/airflow/example_dags/example_trigger_controller_dag.py
[2024-08-31T18:37:19.341+0000] {logging_mixin.py:190} INFO - [2024-08-31T18:37:19.341+0000] {dag.py:3211} INFO - Sync 1 DAGs
[2024-08-31T18:37:19.361+0000] {logging_mixin.py:190} INFO - [2024-08-31T18:37:19.361+0000] {dag.py:4138} INFO - Setting next_dagrun for example_trigger_controller_dag to 2021-01-01 00:00:00+00:00, run_after=2021-01-01 00:00:00+00:00
[2024-08-31T18:37:19.376+0000] {processor.py:208} INFO - Processing /home/airflow/.local/lib/python3.12/site-packages/airflow/example_dags/example_trigger_controller_dag.py took 0.063 seconds
