[2024-08-31T18:34:45.506+0000] {processor.py:186} INFO - Started process (PID=79) to work on /home/airflow/.local/lib/python3.12/site-packages/airflow/example_dags/example_subdag_operator.py
[2024-08-31T18:34:45.507+0000] {processor.py:914} INFO - Processing file /home/airflow/.local/lib/python3.12/site-packages/airflow/example_dags/example_subdag_operator.py for tasks to queue
[2024-08-31T18:34:45.509+0000] {logging_mixin.py:190} INFO - [2024-08-31T18:34:45.509+0000] {dagbag.py:587} INFO - Filling up the DagBag from /home/airflow/.local/lib/python3.12/site-packages/airflow/example_dags/example_subdag_operator.py
[2024-08-31T18:34:45.538+0000] {processor.py:925} INFO - DAG(s) 'example_subdag_operator.section-1', 'example_subdag_operator.section-2', 'example_subdag_operator' retrieved from /home/airflow/.local/lib/python3.12/site-packages/airflow/example_dags/example_subdag_operator.py
[2024-08-31T18:34:45.648+0000] {logging_mixin.py:190} INFO - [2024-08-31T18:34:45.647+0000] {override.py:1858} INFO - Created Permission View: can read on DAG:example_subdag_operator
[2024-08-31T18:34:45.659+0000] {logging_mixin.py:190} INFO - [2024-08-31T18:34:45.659+0000] {override.py:1858} INFO - Created Permission View: can delete on DAG:example_subdag_operator
[2024-08-31T18:34:45.693+0000] {logging_mixin.py:190} INFO - [2024-08-31T18:34:45.692+0000] {override.py:1858} INFO - Created Permission View: can edit on DAG:example_subdag_operator
[2024-08-31T18:34:45.694+0000] {logging_mixin.py:190} INFO - [2024-08-31T18:34:45.693+0000] {dag.py:3211} INFO - Sync 3 DAGs
[2024-08-31T18:34:45.715+0000] {logging_mixin.py:190} INFO - [2024-08-31T18:34:45.715+0000] {dag.py:3234} INFO - Creating ORM DAG for example_subdag_operator.section-2
[2024-08-31T18:34:45.715+0000] {logging_mixin.py:190} INFO - [2024-08-31T18:34:45.715+0000] {dag.py:3234} INFO - Creating ORM DAG for example_subdag_operator
[2024-08-31T18:34:45.716+0000] {logging_mixin.py:190} INFO - [2024-08-31T18:34:45.716+0000] {dag.py:3234} INFO - Creating ORM DAG for example_subdag_operator.section-1
[2024-08-31T18:34:45.727+0000] {logging_mixin.py:190} INFO - [2024-08-31T18:34:45.726+0000] {dag.py:4138} INFO - Setting next_dagrun for example_subdag_operator to 2022-01-01 00:00:00+00:00, run_after=2022-01-01 00:00:00+00:00
[2024-08-31T18:34:45.728+0000] {logging_mixin.py:190} INFO - [2024-08-31T18:34:45.727+0000] {dag.py:4138} INFO - Setting next_dagrun for example_subdag_operator.section-1 to None, run_after=None
[2024-08-31T18:34:45.728+0000] {logging_mixin.py:190} INFO - [2024-08-31T18:34:45.728+0000] {dag.py:4138} INFO - Setting next_dagrun for example_subdag_operator.section-2 to None, run_after=None
[2024-08-31T18:34:45.738+0000] {logging_mixin.py:190} INFO - [2024-08-31T18:34:45.738+0000] {dag.py:3211} INFO - Sync 2 DAGs
[2024-08-31T18:34:45.745+0000] {logging_mixin.py:190} INFO - [2024-08-31T18:34:45.745+0000] {dag.py:4138} INFO - Setting next_dagrun for example_subdag_operator.section-1 to None, run_after=None
[2024-08-31T18:34:45.748+0000] {logging_mixin.py:190} INFO - [2024-08-31T18:34:45.748+0000] {dag.py:4138} INFO - Setting next_dagrun for example_subdag_operator.section-2 to None, run_after=None
[2024-08-31T18:34:45.766+0000] {processor.py:208} INFO - Processing /home/airflow/.local/lib/python3.12/site-packages/airflow/example_dags/example_subdag_operator.py took 0.266 seconds
[2024-08-31T18:35:16.682+0000] {processor.py:186} INFO - Started process (PID=142) to work on /home/airflow/.local/lib/python3.12/site-packages/airflow/example_dags/example_subdag_operator.py
[2024-08-31T18:35:16.684+0000] {processor.py:914} INFO - Processing file /home/airflow/.local/lib/python3.12/site-packages/airflow/example_dags/example_subdag_operator.py for tasks to queue
[2024-08-31T18:35:16.689+0000] {logging_mixin.py:190} INFO - [2024-08-31T18:35:16.688+0000] {dagbag.py:587} INFO - Filling up the DagBag from /home/airflow/.local/lib/python3.12/site-packages/airflow/example_dags/example_subdag_operator.py
[2024-08-31T18:35:16.729+0000] {processor.py:925} INFO - DAG(s) 'example_subdag_operator.section-1', 'example_subdag_operator.section-2', 'example_subdag_operator' retrieved from /home/airflow/.local/lib/python3.12/site-packages/airflow/example_dags/example_subdag_operator.py
[2024-08-31T18:35:16.743+0000] {logging_mixin.py:190} INFO - [2024-08-31T18:35:16.742+0000] {dag.py:3211} INFO - Sync 3 DAGs
[2024-08-31T18:35:16.769+0000] {logging_mixin.py:190} INFO - [2024-08-31T18:35:16.769+0000] {dag.py:4138} INFO - Setting next_dagrun for example_subdag_operator to 2022-01-01 00:00:00+00:00, run_after=2022-01-01 00:00:00+00:00
[2024-08-31T18:35:16.772+0000] {logging_mixin.py:190} INFO - [2024-08-31T18:35:16.772+0000] {dag.py:4138} INFO - Setting next_dagrun for example_subdag_operator.section-1 to None, run_after=None
[2024-08-31T18:35:16.773+0000] {logging_mixin.py:190} INFO - [2024-08-31T18:35:16.773+0000] {dag.py:4138} INFO - Setting next_dagrun for example_subdag_operator.section-2 to None, run_after=None
[2024-08-31T18:35:16.780+0000] {logging_mixin.py:190} INFO - [2024-08-31T18:35:16.779+0000] {dag.py:3211} INFO - Sync 2 DAGs
[2024-08-31T18:35:16.784+0000] {logging_mixin.py:190} INFO - [2024-08-31T18:35:16.784+0000] {dag.py:4138} INFO - Setting next_dagrun for example_subdag_operator.section-1 to None, run_after=None
[2024-08-31T18:35:16.784+0000] {logging_mixin.py:190} INFO - [2024-08-31T18:35:16.784+0000] {dag.py:4138} INFO - Setting next_dagrun for example_subdag_operator.section-2 to None, run_after=None
[2024-08-31T18:35:16.806+0000] {processor.py:208} INFO - Processing /home/airflow/.local/lib/python3.12/site-packages/airflow/example_dags/example_subdag_operator.py took 0.142 seconds
[2024-08-31T18:35:46.960+0000] {processor.py:186} INFO - Started process (PID=204) to work on /home/airflow/.local/lib/python3.12/site-packages/airflow/example_dags/example_subdag_operator.py
[2024-08-31T18:35:46.964+0000] {processor.py:914} INFO - Processing file /home/airflow/.local/lib/python3.12/site-packages/airflow/example_dags/example_subdag_operator.py for tasks to queue
[2024-08-31T18:35:46.981+0000] {logging_mixin.py:190} INFO - [2024-08-31T18:35:46.980+0000] {dagbag.py:587} INFO - Filling up the DagBag from /home/airflow/.local/lib/python3.12/site-packages/airflow/example_dags/example_subdag_operator.py
[2024-08-31T18:35:47.040+0000] {processor.py:925} INFO - DAG(s) 'example_subdag_operator.section-1', 'example_subdag_operator.section-2', 'example_subdag_operator' retrieved from /home/airflow/.local/lib/python3.12/site-packages/airflow/example_dags/example_subdag_operator.py
[2024-08-31T18:35:47.063+0000] {logging_mixin.py:190} INFO - [2024-08-31T18:35:47.063+0000] {dag.py:3211} INFO - Sync 3 DAGs
[2024-08-31T18:35:47.098+0000] {logging_mixin.py:190} INFO - [2024-08-31T18:35:47.098+0000] {dag.py:4138} INFO - Setting next_dagrun for example_subdag_operator to 2022-01-01 00:00:00+00:00, run_after=2022-01-01 00:00:00+00:00
[2024-08-31T18:35:47.106+0000] {logging_mixin.py:190} INFO - [2024-08-31T18:35:47.105+0000] {dag.py:4138} INFO - Setting next_dagrun for example_subdag_operator.section-1 to None, run_after=None
[2024-08-31T18:35:47.107+0000] {logging_mixin.py:190} INFO - [2024-08-31T18:35:47.107+0000] {dag.py:4138} INFO - Setting next_dagrun for example_subdag_operator.section-2 to None, run_after=None
[2024-08-31T18:35:47.113+0000] {logging_mixin.py:190} INFO - [2024-08-31T18:35:47.113+0000] {dag.py:3211} INFO - Sync 2 DAGs
[2024-08-31T18:35:47.126+0000] {logging_mixin.py:190} INFO - [2024-08-31T18:35:47.125+0000] {dag.py:4138} INFO - Setting next_dagrun for example_subdag_operator.section-1 to None, run_after=None
[2024-08-31T18:35:47.126+0000] {logging_mixin.py:190} INFO - [2024-08-31T18:35:47.126+0000] {dag.py:4138} INFO - Setting next_dagrun for example_subdag_operator.section-2 to None, run_after=None
[2024-08-31T18:35:47.146+0000] {processor.py:208} INFO - Processing /home/airflow/.local/lib/python3.12/site-packages/airflow/example_dags/example_subdag_operator.py took 0.219 seconds
[2024-08-31T18:36:18.497+0000] {processor.py:186} INFO - Started process (PID=266) to work on /home/airflow/.local/lib/python3.12/site-packages/airflow/example_dags/example_subdag_operator.py
[2024-08-31T18:36:18.498+0000] {processor.py:914} INFO - Processing file /home/airflow/.local/lib/python3.12/site-packages/airflow/example_dags/example_subdag_operator.py for tasks to queue
[2024-08-31T18:36:18.500+0000] {logging_mixin.py:190} INFO - [2024-08-31T18:36:18.500+0000] {dagbag.py:587} INFO - Filling up the DagBag from /home/airflow/.local/lib/python3.12/site-packages/airflow/example_dags/example_subdag_operator.py
[2024-08-31T18:36:18.524+0000] {processor.py:925} INFO - DAG(s) 'example_subdag_operator.section-1', 'example_subdag_operator.section-2', 'example_subdag_operator' retrieved from /home/airflow/.local/lib/python3.12/site-packages/airflow/example_dags/example_subdag_operator.py
[2024-08-31T18:36:18.539+0000] {logging_mixin.py:190} INFO - [2024-08-31T18:36:18.538+0000] {dag.py:3211} INFO - Sync 3 DAGs
[2024-08-31T18:36:18.561+0000] {logging_mixin.py:190} INFO - [2024-08-31T18:36:18.561+0000] {dag.py:4138} INFO - Setting next_dagrun for example_subdag_operator to 2022-01-01 00:00:00+00:00, run_after=2022-01-01 00:00:00+00:00
[2024-08-31T18:36:18.564+0000] {logging_mixin.py:190} INFO - [2024-08-31T18:36:18.564+0000] {dag.py:4138} INFO - Setting next_dagrun for example_subdag_operator.section-1 to None, run_after=None
[2024-08-31T18:36:18.565+0000] {logging_mixin.py:190} INFO - [2024-08-31T18:36:18.565+0000] {dag.py:4138} INFO - Setting next_dagrun for example_subdag_operator.section-2 to None, run_after=None
[2024-08-31T18:36:18.577+0000] {logging_mixin.py:190} INFO - [2024-08-31T18:36:18.577+0000] {dag.py:3211} INFO - Sync 2 DAGs
[2024-08-31T18:36:18.582+0000] {logging_mixin.py:190} INFO - [2024-08-31T18:36:18.582+0000] {dag.py:4138} INFO - Setting next_dagrun for example_subdag_operator.section-1 to None, run_after=None
[2024-08-31T18:36:18.582+0000] {logging_mixin.py:190} INFO - [2024-08-31T18:36:18.582+0000] {dag.py:4138} INFO - Setting next_dagrun for example_subdag_operator.section-2 to None, run_after=None
[2024-08-31T18:36:18.596+0000] {processor.py:208} INFO - Processing /home/airflow/.local/lib/python3.12/site-packages/airflow/example_dags/example_subdag_operator.py took 0.104 seconds
[2024-08-31T18:36:49.321+0000] {processor.py:186} INFO - Started process (PID=328) to work on /home/airflow/.local/lib/python3.12/site-packages/airflow/example_dags/example_subdag_operator.py
[2024-08-31T18:36:49.322+0000] {processor.py:914} INFO - Processing file /home/airflow/.local/lib/python3.12/site-packages/airflow/example_dags/example_subdag_operator.py for tasks to queue
[2024-08-31T18:36:49.324+0000] {logging_mixin.py:190} INFO - [2024-08-31T18:36:49.324+0000] {dagbag.py:587} INFO - Filling up the DagBag from /home/airflow/.local/lib/python3.12/site-packages/airflow/example_dags/example_subdag_operator.py
[2024-08-31T18:36:49.350+0000] {processor.py:925} INFO - DAG(s) 'example_subdag_operator.section-1', 'example_subdag_operator.section-2', 'example_subdag_operator' retrieved from /home/airflow/.local/lib/python3.12/site-packages/airflow/example_dags/example_subdag_operator.py
[2024-08-31T18:36:49.367+0000] {logging_mixin.py:190} INFO - [2024-08-31T18:36:49.367+0000] {dag.py:3211} INFO - Sync 3 DAGs
[2024-08-31T18:36:49.388+0000] {logging_mixin.py:190} INFO - [2024-08-31T18:36:49.388+0000] {dag.py:4138} INFO - Setting next_dagrun for example_subdag_operator to 2022-01-01 00:00:00+00:00, run_after=2022-01-01 00:00:00+00:00
[2024-08-31T18:36:49.392+0000] {logging_mixin.py:190} INFO - [2024-08-31T18:36:49.392+0000] {dag.py:4138} INFO - Setting next_dagrun for example_subdag_operator.section-1 to None, run_after=None
[2024-08-31T18:36:49.394+0000] {logging_mixin.py:190} INFO - [2024-08-31T18:36:49.394+0000] {dag.py:4138} INFO - Setting next_dagrun for example_subdag_operator.section-2 to None, run_after=None
[2024-08-31T18:36:49.403+0000] {logging_mixin.py:190} INFO - [2024-08-31T18:36:49.403+0000] {dag.py:3211} INFO - Sync 2 DAGs
[2024-08-31T18:36:49.409+0000] {logging_mixin.py:190} INFO - [2024-08-31T18:36:49.408+0000] {dag.py:4138} INFO - Setting next_dagrun for example_subdag_operator.section-1 to None, run_after=None
[2024-08-31T18:36:49.410+0000] {logging_mixin.py:190} INFO - [2024-08-31T18:36:49.409+0000] {dag.py:4138} INFO - Setting next_dagrun for example_subdag_operator.section-2 to None, run_after=None
[2024-08-31T18:36:49.425+0000] {processor.py:208} INFO - Processing /home/airflow/.local/lib/python3.12/site-packages/airflow/example_dags/example_subdag_operator.py took 0.109 seconds
[2024-08-31T18:37:19.627+0000] {processor.py:186} INFO - Started process (PID=390) to work on /home/airflow/.local/lib/python3.12/site-packages/airflow/example_dags/example_subdag_operator.py
[2024-08-31T18:37:19.628+0000] {processor.py:914} INFO - Processing file /home/airflow/.local/lib/python3.12/site-packages/airflow/example_dags/example_subdag_operator.py for tasks to queue
[2024-08-31T18:37:19.631+0000] {logging_mixin.py:190} INFO - [2024-08-31T18:37:19.630+0000] {dagbag.py:587} INFO - Filling up the DagBag from /home/airflow/.local/lib/python3.12/site-packages/airflow/example_dags/example_subdag_operator.py
[2024-08-31T18:37:19.659+0000] {processor.py:925} INFO - DAG(s) 'example_subdag_operator.section-1', 'example_subdag_operator.section-2', 'example_subdag_operator' retrieved from /home/airflow/.local/lib/python3.12/site-packages/airflow/example_dags/example_subdag_operator.py
[2024-08-31T18:37:19.678+0000] {logging_mixin.py:190} INFO - [2024-08-31T18:37:19.678+0000] {dag.py:3211} INFO - Sync 3 DAGs
[2024-08-31T18:37:19.702+0000] {logging_mixin.py:190} INFO - [2024-08-31T18:37:19.702+0000] {dag.py:4138} INFO - Setting next_dagrun for example_subdag_operator to 2022-01-01 00:00:00+00:00, run_after=2022-01-01 00:00:00+00:00
[2024-08-31T18:37:19.709+0000] {logging_mixin.py:190} INFO - [2024-08-31T18:37:19.707+0000] {dag.py:4138} INFO - Setting next_dagrun for example_subdag_operator.section-1 to None, run_after=None
[2024-08-31T18:37:19.710+0000] {logging_mixin.py:190} INFO - [2024-08-31T18:37:19.710+0000] {dag.py:4138} INFO - Setting next_dagrun for example_subdag_operator.section-2 to None, run_after=None
[2024-08-31T18:37:19.716+0000] {logging_mixin.py:190} INFO - [2024-08-31T18:37:19.716+0000] {dag.py:3211} INFO - Sync 2 DAGs
[2024-08-31T18:37:19.722+0000] {logging_mixin.py:190} INFO - [2024-08-31T18:37:19.722+0000] {dag.py:4138} INFO - Setting next_dagrun for example_subdag_operator.section-1 to None, run_after=None
[2024-08-31T18:37:19.723+0000] {logging_mixin.py:190} INFO - [2024-08-31T18:37:19.722+0000] {dag.py:4138} INFO - Setting next_dagrun for example_subdag_operator.section-2 to None, run_after=None
[2024-08-31T18:37:19.735+0000] {processor.py:208} INFO - Processing /home/airflow/.local/lib/python3.12/site-packages/airflow/example_dags/example_subdag_operator.py took 0.113 seconds
