[2024-08-31T18:34:48.584+0000] {processor.py:186} INFO - Started process (PID=100) to work on /home/airflow/.local/lib/python3.12/site-packages/airflow/example_dags/example_xcom.py
[2024-08-31T18:34:48.585+0000] {processor.py:914} INFO - Processing file /home/airflow/.local/lib/python3.12/site-packages/airflow/example_dags/example_xcom.py for tasks to queue
[2024-08-31T18:34:48.587+0000] {logging_mixin.py:190} INFO - [2024-08-31T18:34:48.587+0000] {dagbag.py:587} INFO - Filling up the DagBag from /home/airflow/.local/lib/python3.12/site-packages/airflow/example_dags/example_xcom.py
[2024-08-31T18:34:48.597+0000] {processor.py:925} INFO - DAG(s) 'example_xcom' retrieved from /home/airflow/.local/lib/python3.12/site-packages/airflow/example_dags/example_xcom.py
[2024-08-31T18:34:48.730+0000] {logging_mixin.py:190} INFO - [2024-08-31T18:34:48.729+0000] {override.py:1858} INFO - Created Permission View: can read on DAG:example_xcom
[2024-08-31T18:34:48.744+0000] {logging_mixin.py:190} INFO - [2024-08-31T18:34:48.744+0000] {override.py:1858} INFO - Created Permission View: can delete on DAG:example_xcom
[2024-08-31T18:34:48.751+0000] {logging_mixin.py:190} INFO - [2024-08-31T18:34:48.750+0000] {override.py:1858} INFO - Created Permission View: can edit on DAG:example_xcom
[2024-08-31T18:34:48.751+0000] {logging_mixin.py:190} INFO - [2024-08-31T18:34:48.751+0000] {dag.py:3211} INFO - Sync 1 DAGs
[2024-08-31T18:34:48.765+0000] {logging_mixin.py:190} INFO - [2024-08-31T18:34:48.765+0000] {dag.py:3234} INFO - Creating ORM DAG for example_xcom
[2024-08-31T18:34:48.776+0000] {logging_mixin.py:190} INFO - [2024-08-31T18:34:48.775+0000] {dag.py:4138} INFO - Setting next_dagrun for example_xcom to 2021-01-01 00:00:00+00:00, run_after=2021-01-01 00:00:00+00:00
[2024-08-31T18:34:48.791+0000] {processor.py:208} INFO - Processing /home/airflow/.local/lib/python3.12/site-packages/airflow/example_dags/example_xcom.py took 0.213 seconds
[2024-08-31T18:35:19.319+0000] {processor.py:186} INFO - Started process (PID=163) to work on /home/airflow/.local/lib/python3.12/site-packages/airflow/example_dags/example_xcom.py
[2024-08-31T18:35:19.320+0000] {processor.py:914} INFO - Processing file /home/airflow/.local/lib/python3.12/site-packages/airflow/example_dags/example_xcom.py for tasks to queue
[2024-08-31T18:35:19.322+0000] {logging_mixin.py:190} INFO - [2024-08-31T18:35:19.322+0000] {dagbag.py:587} INFO - Filling up the DagBag from /home/airflow/.local/lib/python3.12/site-packages/airflow/example_dags/example_xcom.py
[2024-08-31T18:35:19.330+0000] {processor.py:925} INFO - DAG(s) 'example_xcom' retrieved from /home/airflow/.local/lib/python3.12/site-packages/airflow/example_dags/example_xcom.py
[2024-08-31T18:35:19.352+0000] {logging_mixin.py:190} INFO - [2024-08-31T18:35:19.352+0000] {dag.py:3211} INFO - Sync 1 DAGs
[2024-08-31T18:35:19.374+0000] {logging_mixin.py:190} INFO - [2024-08-31T18:35:19.374+0000] {dag.py:4138} INFO - Setting next_dagrun for example_xcom to 2021-01-01 00:00:00+00:00, run_after=2021-01-01 00:00:00+00:00
[2024-08-31T18:35:19.396+0000] {processor.py:208} INFO - Processing /home/airflow/.local/lib/python3.12/site-packages/airflow/example_dags/example_xcom.py took 0.085 seconds
[2024-08-31T18:35:49.467+0000] {processor.py:186} INFO - Started process (PID=225) to work on /home/airflow/.local/lib/python3.12/site-packages/airflow/example_dags/example_xcom.py
[2024-08-31T18:35:49.472+0000] {processor.py:914} INFO - Processing file /home/airflow/.local/lib/python3.12/site-packages/airflow/example_dags/example_xcom.py for tasks to queue
[2024-08-31T18:35:49.475+0000] {logging_mixin.py:190} INFO - [2024-08-31T18:35:49.475+0000] {dagbag.py:587} INFO - Filling up the DagBag from /home/airflow/.local/lib/python3.12/site-packages/airflow/example_dags/example_xcom.py
[2024-08-31T18:35:49.500+0000] {processor.py:925} INFO - DAG(s) 'example_xcom' retrieved from /home/airflow/.local/lib/python3.12/site-packages/airflow/example_dags/example_xcom.py
[2024-08-31T18:35:49.527+0000] {logging_mixin.py:190} INFO - [2024-08-31T18:35:49.527+0000] {dag.py:3211} INFO - Sync 1 DAGs
[2024-08-31T18:35:49.550+0000] {logging_mixin.py:190} INFO - [2024-08-31T18:35:49.550+0000] {dag.py:4138} INFO - Setting next_dagrun for example_xcom to 2021-01-01 00:00:00+00:00, run_after=2021-01-01 00:00:00+00:00
[2024-08-31T18:35:49.573+0000] {processor.py:208} INFO - Processing /home/airflow/.local/lib/python3.12/site-packages/airflow/example_dags/example_xcom.py took 0.113 seconds
[2024-08-31T18:36:20.006+0000] {processor.py:186} INFO - Started process (PID=287) to work on /home/airflow/.local/lib/python3.12/site-packages/airflow/example_dags/example_xcom.py
[2024-08-31T18:36:20.007+0000] {processor.py:914} INFO - Processing file /home/airflow/.local/lib/python3.12/site-packages/airflow/example_dags/example_xcom.py for tasks to queue
[2024-08-31T18:36:20.010+0000] {logging_mixin.py:190} INFO - [2024-08-31T18:36:20.009+0000] {dagbag.py:587} INFO - Filling up the DagBag from /home/airflow/.local/lib/python3.12/site-packages/airflow/example_dags/example_xcom.py
[2024-08-31T18:36:20.018+0000] {processor.py:925} INFO - DAG(s) 'example_xcom' retrieved from /home/airflow/.local/lib/python3.12/site-packages/airflow/example_dags/example_xcom.py
[2024-08-31T18:36:20.040+0000] {logging_mixin.py:190} INFO - [2024-08-31T18:36:20.040+0000] {dag.py:3211} INFO - Sync 1 DAGs
[2024-08-31T18:36:20.062+0000] {logging_mixin.py:190} INFO - [2024-08-31T18:36:20.062+0000] {dag.py:4138} INFO - Setting next_dagrun for example_xcom to 2021-01-01 00:00:00+00:00, run_after=2021-01-01 00:00:00+00:00
[2024-08-31T18:36:20.080+0000] {processor.py:208} INFO - Processing /home/airflow/.local/lib/python3.12/site-packages/airflow/example_dags/example_xcom.py took 0.080 seconds
[2024-08-31T18:36:53.222+0000] {processor.py:186} INFO - Started process (PID=349) to work on /home/airflow/.local/lib/python3.12/site-packages/airflow/example_dags/example_xcom.py
[2024-08-31T18:36:53.223+0000] {processor.py:914} INFO - Processing file /home/airflow/.local/lib/python3.12/site-packages/airflow/example_dags/example_xcom.py for tasks to queue
[2024-08-31T18:36:53.225+0000] {logging_mixin.py:190} INFO - [2024-08-31T18:36:53.224+0000] {dagbag.py:587} INFO - Filling up the DagBag from /home/airflow/.local/lib/python3.12/site-packages/airflow/example_dags/example_xcom.py
[2024-08-31T18:36:53.232+0000] {processor.py:925} INFO - DAG(s) 'example_xcom' retrieved from /home/airflow/.local/lib/python3.12/site-packages/airflow/example_dags/example_xcom.py
[2024-08-31T18:36:53.250+0000] {logging_mixin.py:190} INFO - [2024-08-31T18:36:53.250+0000] {dag.py:3211} INFO - Sync 1 DAGs
[2024-08-31T18:36:53.271+0000] {logging_mixin.py:190} INFO - [2024-08-31T18:36:53.271+0000] {dag.py:4138} INFO - Setting next_dagrun for example_xcom to 2021-01-01 00:00:00+00:00, run_after=2021-01-01 00:00:00+00:00
[2024-08-31T18:36:53.287+0000] {processor.py:208} INFO - Processing /home/airflow/.local/lib/python3.12/site-packages/airflow/example_dags/example_xcom.py took 0.070 seconds
[2024-08-31T18:37:24.055+0000] {processor.py:186} INFO - Started process (PID=411) to work on /home/airflow/.local/lib/python3.12/site-packages/airflow/example_dags/example_xcom.py
[2024-08-31T18:37:24.057+0000] {processor.py:914} INFO - Processing file /home/airflow/.local/lib/python3.12/site-packages/airflow/example_dags/example_xcom.py for tasks to queue
[2024-08-31T18:37:24.059+0000] {logging_mixin.py:190} INFO - [2024-08-31T18:37:24.059+0000] {dagbag.py:587} INFO - Filling up the DagBag from /home/airflow/.local/lib/python3.12/site-packages/airflow/example_dags/example_xcom.py
[2024-08-31T18:37:24.067+0000] {processor.py:925} INFO - DAG(s) 'example_xcom' retrieved from /home/airflow/.local/lib/python3.12/site-packages/airflow/example_dags/example_xcom.py
[2024-08-31T18:37:24.086+0000] {logging_mixin.py:190} INFO - [2024-08-31T18:37:24.085+0000] {dag.py:3211} INFO - Sync 1 DAGs
[2024-08-31T18:37:24.108+0000] {logging_mixin.py:190} INFO - [2024-08-31T18:37:24.107+0000] {dag.py:4138} INFO - Setting next_dagrun for example_xcom to 2021-01-01 00:00:00+00:00, run_after=2021-01-01 00:00:00+00:00
[2024-08-31T18:37:24.128+0000] {processor.py:208} INFO - Processing /home/airflow/.local/lib/python3.12/site-packages/airflow/example_dags/example_xcom.py took 0.079 seconds
