[2024-08-31T18:34:51.562+0000] {processor.py:186} INFO - Started process (PID=117) to work on /home/airflow/.local/lib/python3.12/site-packages/airflow/example_dags/example_dag_decorator.py
[2024-08-31T18:34:51.563+0000] {processor.py:914} INFO - Processing file /home/airflow/.local/lib/python3.12/site-packages/airflow/example_dags/example_dag_decorator.py for tasks to queue
[2024-08-31T18:34:51.565+0000] {logging_mixin.py:190} INFO - [2024-08-31T18:34:51.565+0000] {dagbag.py:587} INFO - Filling up the DagBag from /home/airflow/.local/lib/python3.12/site-packages/airflow/example_dags/example_dag_decorator.py
[2024-08-31T18:34:51.577+0000] {processor.py:925} INFO - DAG(s) 'example_dag_decorator' retrieved from /home/airflow/.local/lib/python3.12/site-packages/airflow/example_dags/example_dag_decorator.py
[2024-08-31T18:34:51.715+0000] {logging_mixin.py:190} INFO - [2024-08-31T18:34:51.715+0000] {override.py:1858} INFO - Created Permission View: can read on DAG:example_dag_decorator
[2024-08-31T18:34:51.727+0000] {logging_mixin.py:190} INFO - [2024-08-31T18:34:51.727+0000] {override.py:1858} INFO - Created Permission View: can delete on DAG:example_dag_decorator
[2024-08-31T18:34:51.734+0000] {logging_mixin.py:190} INFO - [2024-08-31T18:34:51.734+0000] {override.py:1858} INFO - Created Permission View: can edit on DAG:example_dag_decorator
[2024-08-31T18:34:51.734+0000] {logging_mixin.py:190} INFO - [2024-08-31T18:34:51.734+0000] {dag.py:3211} INFO - Sync 1 DAGs
[2024-08-31T18:34:51.746+0000] {logging_mixin.py:190} INFO - [2024-08-31T18:34:51.745+0000] {dag.py:3234} INFO - Creating ORM DAG for example_dag_decorator
[2024-08-31T18:34:51.746+0000] {logging_mixin.py:190} INFO - [2024-08-31T18:34:51.746+0000] {dag.py:4138} INFO - Setting next_dagrun for example_dag_decorator to None, run_after=None
[2024-08-31T18:34:51.764+0000] {processor.py:208} INFO - Processing /home/airflow/.local/lib/python3.12/site-packages/airflow/example_dags/example_dag_decorator.py took 0.208 seconds
[2024-08-31T18:35:21.923+0000] {processor.py:186} INFO - Started process (PID=180) to work on /home/airflow/.local/lib/python3.12/site-packages/airflow/example_dags/example_dag_decorator.py
[2024-08-31T18:35:21.926+0000] {processor.py:914} INFO - Processing file /home/airflow/.local/lib/python3.12/site-packages/airflow/example_dags/example_dag_decorator.py for tasks to queue
[2024-08-31T18:35:21.929+0000] {logging_mixin.py:190} INFO - [2024-08-31T18:35:21.929+0000] {dagbag.py:587} INFO - Filling up the DagBag from /home/airflow/.local/lib/python3.12/site-packages/airflow/example_dags/example_dag_decorator.py
[2024-08-31T18:35:21.948+0000] {processor.py:925} INFO - DAG(s) 'example_dag_decorator' retrieved from /home/airflow/.local/lib/python3.12/site-packages/airflow/example_dags/example_dag_decorator.py
[2024-08-31T18:35:22.050+0000] {logging_mixin.py:190} INFO - [2024-08-31T18:35:22.050+0000] {dag.py:3211} INFO - Sync 1 DAGs
[2024-08-31T18:35:22.061+0000] {logging_mixin.py:190} INFO - [2024-08-31T18:35:22.061+0000] {dag.py:4138} INFO - Setting next_dagrun for example_dag_decorator to None, run_after=None
[2024-08-31T18:35:22.079+0000] {processor.py:208} INFO - Processing /home/airflow/.local/lib/python3.12/site-packages/airflow/example_dags/example_dag_decorator.py took 0.165 seconds
[2024-08-31T18:35:52.659+0000] {processor.py:186} INFO - Started process (PID=242) to work on /home/airflow/.local/lib/python3.12/site-packages/airflow/example_dags/example_dag_decorator.py
[2024-08-31T18:35:52.660+0000] {processor.py:914} INFO - Processing file /home/airflow/.local/lib/python3.12/site-packages/airflow/example_dags/example_dag_decorator.py for tasks to queue
[2024-08-31T18:35:52.663+0000] {logging_mixin.py:190} INFO - [2024-08-31T18:35:52.662+0000] {dagbag.py:587} INFO - Filling up the DagBag from /home/airflow/.local/lib/python3.12/site-packages/airflow/example_dags/example_dag_decorator.py
[2024-08-31T18:35:52.673+0000] {processor.py:925} INFO - DAG(s) 'example_dag_decorator' retrieved from /home/airflow/.local/lib/python3.12/site-packages/airflow/example_dags/example_dag_decorator.py
[2024-08-31T18:35:52.785+0000] {logging_mixin.py:190} INFO - [2024-08-31T18:35:52.784+0000] {dag.py:3211} INFO - Sync 1 DAGs
[2024-08-31T18:35:52.802+0000] {logging_mixin.py:190} INFO - [2024-08-31T18:35:52.801+0000] {dag.py:4138} INFO - Setting next_dagrun for example_dag_decorator to None, run_after=None
[2024-08-31T18:35:52.819+0000] {processor.py:208} INFO - Processing /home/airflow/.local/lib/python3.12/site-packages/airflow/example_dags/example_dag_decorator.py took 0.167 seconds
[2024-08-31T18:36:23.148+0000] {processor.py:186} INFO - Started process (PID=304) to work on /home/airflow/.local/lib/python3.12/site-packages/airflow/example_dags/example_dag_decorator.py
[2024-08-31T18:36:23.149+0000] {processor.py:914} INFO - Processing file /home/airflow/.local/lib/python3.12/site-packages/airflow/example_dags/example_dag_decorator.py for tasks to queue
[2024-08-31T18:36:23.151+0000] {logging_mixin.py:190} INFO - [2024-08-31T18:36:23.151+0000] {dagbag.py:587} INFO - Filling up the DagBag from /home/airflow/.local/lib/python3.12/site-packages/airflow/example_dags/example_dag_decorator.py
[2024-08-31T18:36:23.162+0000] {processor.py:925} INFO - DAG(s) 'example_dag_decorator' retrieved from /home/airflow/.local/lib/python3.12/site-packages/airflow/example_dags/example_dag_decorator.py
[2024-08-31T18:36:23.251+0000] {logging_mixin.py:190} INFO - [2024-08-31T18:36:23.251+0000] {dag.py:3211} INFO - Sync 1 DAGs
[2024-08-31T18:36:23.262+0000] {logging_mixin.py:190} INFO - [2024-08-31T18:36:23.262+0000] {dag.py:4138} INFO - Setting next_dagrun for example_dag_decorator to None, run_after=None
[2024-08-31T18:36:23.278+0000] {processor.py:208} INFO - Processing /home/airflow/.local/lib/python3.12/site-packages/airflow/example_dags/example_dag_decorator.py took 0.136 seconds
[2024-08-31T18:36:54.326+0000] {processor.py:186} INFO - Started process (PID=366) to work on /home/airflow/.local/lib/python3.12/site-packages/airflow/example_dags/example_dag_decorator.py
[2024-08-31T18:36:54.327+0000] {processor.py:914} INFO - Processing file /home/airflow/.local/lib/python3.12/site-packages/airflow/example_dags/example_dag_decorator.py for tasks to queue
[2024-08-31T18:36:54.329+0000] {logging_mixin.py:190} INFO - [2024-08-31T18:36:54.329+0000] {dagbag.py:587} INFO - Filling up the DagBag from /home/airflow/.local/lib/python3.12/site-packages/airflow/example_dags/example_dag_decorator.py
[2024-08-31T18:36:54.340+0000] {processor.py:925} INFO - DAG(s) 'example_dag_decorator' retrieved from /home/airflow/.local/lib/python3.12/site-packages/airflow/example_dags/example_dag_decorator.py
[2024-08-31T18:36:54.432+0000] {logging_mixin.py:190} INFO - [2024-08-31T18:36:54.432+0000] {dag.py:3211} INFO - Sync 1 DAGs
[2024-08-31T18:36:54.443+0000] {logging_mixin.py:190} INFO - [2024-08-31T18:36:54.443+0000] {dag.py:4138} INFO - Setting next_dagrun for example_dag_decorator to None, run_after=None
[2024-08-31T18:36:54.463+0000] {processor.py:208} INFO - Processing /home/airflow/.local/lib/python3.12/site-packages/airflow/example_dags/example_dag_decorator.py took 0.143 seconds
[2024-08-31T18:37:28.015+0000] {processor.py:186} INFO - Started process (PID=428) to work on /home/airflow/.local/lib/python3.12/site-packages/airflow/example_dags/example_dag_decorator.py
[2024-08-31T18:37:28.016+0000] {processor.py:914} INFO - Processing file /home/airflow/.local/lib/python3.12/site-packages/airflow/example_dags/example_dag_decorator.py for tasks to queue
[2024-08-31T18:37:28.018+0000] {logging_mixin.py:190} INFO - [2024-08-31T18:37:28.018+0000] {dagbag.py:587} INFO - Filling up the DagBag from /home/airflow/.local/lib/python3.12/site-packages/airflow/example_dags/example_dag_decorator.py
[2024-08-31T18:37:28.029+0000] {processor.py:925} INFO - DAG(s) 'example_dag_decorator' retrieved from /home/airflow/.local/lib/python3.12/site-packages/airflow/example_dags/example_dag_decorator.py
[2024-08-31T18:37:28.128+0000] {logging_mixin.py:190} INFO - [2024-08-31T18:37:28.128+0000] {dag.py:3211} INFO - Sync 1 DAGs
[2024-08-31T18:37:28.139+0000] {logging_mixin.py:190} INFO - [2024-08-31T18:37:28.139+0000] {dag.py:4138} INFO - Setting next_dagrun for example_dag_decorator to None, run_after=None
[2024-08-31T18:37:28.157+0000] {processor.py:208} INFO - Processing /home/airflow/.local/lib/python3.12/site-packages/airflow/example_dags/example_dag_decorator.py took 0.147 seconds
