[2024-08-31T18:34:46.013+0000] {processor.py:186} INFO - Started process (PID=83) to work on /home/airflow/.local/lib/python3.12/site-packages/airflow/example_dags/example_task_group_decorator.py
[2024-08-31T18:34:46.014+0000] {processor.py:914} INFO - Processing file /home/airflow/.local/lib/python3.12/site-packages/airflow/example_dags/example_task_group_decorator.py for tasks to queue
[2024-08-31T18:34:46.017+0000] {logging_mixin.py:190} INFO - [2024-08-31T18:34:46.016+0000] {dagbag.py:587} INFO - Filling up the DagBag from /home/airflow/.local/lib/python3.12/site-packages/airflow/example_dags/example_task_group_decorator.py
[2024-08-31T18:34:46.035+0000] {processor.py:925} INFO - DAG(s) 'example_task_group_decorator' retrieved from /home/airflow/.local/lib/python3.12/site-packages/airflow/example_dags/example_task_group_decorator.py
[2024-08-31T18:34:46.148+0000] {logging_mixin.py:190} INFO - [2024-08-31T18:34:46.147+0000] {override.py:1858} INFO - Created Permission View: can read on DAG:example_task_group_decorator
[2024-08-31T18:34:46.163+0000] {logging_mixin.py:190} INFO - [2024-08-31T18:34:46.162+0000] {override.py:1858} INFO - Created Permission View: can delete on DAG:example_task_group_decorator
[2024-08-31T18:34:46.174+0000] {logging_mixin.py:190} INFO - [2024-08-31T18:34:46.174+0000] {override.py:1858} INFO - Created Permission View: can edit on DAG:example_task_group_decorator
[2024-08-31T18:34:46.175+0000] {logging_mixin.py:190} INFO - [2024-08-31T18:34:46.174+0000] {dag.py:3211} INFO - Sync 1 DAGs
[2024-08-31T18:34:46.186+0000] {logging_mixin.py:190} INFO - [2024-08-31T18:34:46.186+0000] {dag.py:3234} INFO - Creating ORM DAG for example_task_group_decorator
[2024-08-31T18:34:46.196+0000] {logging_mixin.py:190} INFO - [2024-08-31T18:34:46.196+0000] {dag.py:4138} INFO - Setting next_dagrun for example_task_group_decorator to 2024-08-30 00:00:00+00:00, run_after=2024-08-31 00:00:00+00:00
[2024-08-31T18:34:46.219+0000] {processor.py:208} INFO - Processing /home/airflow/.local/lib/python3.12/site-packages/airflow/example_dags/example_task_group_decorator.py took 0.211 seconds
[2024-08-31T18:35:16.914+0000] {processor.py:186} INFO - Started process (PID=145) to work on /home/airflow/.local/lib/python3.12/site-packages/airflow/example_dags/example_task_group_decorator.py
[2024-08-31T18:35:16.915+0000] {processor.py:914} INFO - Processing file /home/airflow/.local/lib/python3.12/site-packages/airflow/example_dags/example_task_group_decorator.py for tasks to queue
[2024-08-31T18:35:16.917+0000] {logging_mixin.py:190} INFO - [2024-08-31T18:35:16.916+0000] {dagbag.py:587} INFO - Filling up the DagBag from /home/airflow/.local/lib/python3.12/site-packages/airflow/example_dags/example_task_group_decorator.py
[2024-08-31T18:35:16.931+0000] {processor.py:925} INFO - DAG(s) 'example_task_group_decorator' retrieved from /home/airflow/.local/lib/python3.12/site-packages/airflow/example_dags/example_task_group_decorator.py
[2024-08-31T18:35:16.959+0000] {logging_mixin.py:190} INFO - [2024-08-31T18:35:16.959+0000] {dag.py:3211} INFO - Sync 1 DAGs
[2024-08-31T18:35:16.979+0000] {logging_mixin.py:190} INFO - [2024-08-31T18:35:16.979+0000] {dag.py:4138} INFO - Setting next_dagrun for example_task_group_decorator to 2024-08-30 00:00:00+00:00, run_after=2024-08-31 00:00:00+00:00
[2024-08-31T18:35:17.001+0000] {processor.py:208} INFO - Processing /home/airflow/.local/lib/python3.12/site-packages/airflow/example_dags/example_task_group_decorator.py took 0.095 seconds
[2024-08-31T18:35:47.176+0000] {processor.py:186} INFO - Started process (PID=207) to work on /home/airflow/.local/lib/python3.12/site-packages/airflow/example_dags/example_task_group_decorator.py
[2024-08-31T18:35:47.179+0000] {processor.py:914} INFO - Processing file /home/airflow/.local/lib/python3.12/site-packages/airflow/example_dags/example_task_group_decorator.py for tasks to queue
[2024-08-31T18:35:47.181+0000] {logging_mixin.py:190} INFO - [2024-08-31T18:35:47.181+0000] {dagbag.py:587} INFO - Filling up the DagBag from /home/airflow/.local/lib/python3.12/site-packages/airflow/example_dags/example_task_group_decorator.py
[2024-08-31T18:35:47.197+0000] {processor.py:925} INFO - DAG(s) 'example_task_group_decorator' retrieved from /home/airflow/.local/lib/python3.12/site-packages/airflow/example_dags/example_task_group_decorator.py
[2024-08-31T18:35:47.222+0000] {logging_mixin.py:190} INFO - [2024-08-31T18:35:47.222+0000] {dag.py:3211} INFO - Sync 1 DAGs
[2024-08-31T18:35:47.245+0000] {logging_mixin.py:190} INFO - [2024-08-31T18:35:47.244+0000] {dag.py:4138} INFO - Setting next_dagrun for example_task_group_decorator to 2024-08-30 00:00:00+00:00, run_after=2024-08-31 00:00:00+00:00
[2024-08-31T18:35:47.265+0000] {processor.py:208} INFO - Processing /home/airflow/.local/lib/python3.12/site-packages/airflow/example_dags/example_task_group_decorator.py took 0.097 seconds
[2024-08-31T18:36:18.663+0000] {processor.py:186} INFO - Started process (PID=269) to work on /home/airflow/.local/lib/python3.12/site-packages/airflow/example_dags/example_task_group_decorator.py
[2024-08-31T18:36:18.664+0000] {processor.py:914} INFO - Processing file /home/airflow/.local/lib/python3.12/site-packages/airflow/example_dags/example_task_group_decorator.py for tasks to queue
[2024-08-31T18:36:18.666+0000] {logging_mixin.py:190} INFO - [2024-08-31T18:36:18.666+0000] {dagbag.py:587} INFO - Filling up the DagBag from /home/airflow/.local/lib/python3.12/site-packages/airflow/example_dags/example_task_group_decorator.py
[2024-08-31T18:36:18.680+0000] {processor.py:925} INFO - DAG(s) 'example_task_group_decorator' retrieved from /home/airflow/.local/lib/python3.12/site-packages/airflow/example_dags/example_task_group_decorator.py
[2024-08-31T18:36:18.703+0000] {logging_mixin.py:190} INFO - [2024-08-31T18:36:18.703+0000] {dag.py:3211} INFO - Sync 1 DAGs
[2024-08-31T18:36:18.725+0000] {logging_mixin.py:190} INFO - [2024-08-31T18:36:18.725+0000] {dag.py:4138} INFO - Setting next_dagrun for example_task_group_decorator to 2024-08-30 00:00:00+00:00, run_after=2024-08-31 00:00:00+00:00
[2024-08-31T18:36:18.742+0000] {processor.py:208} INFO - Processing /home/airflow/.local/lib/python3.12/site-packages/airflow/example_dags/example_task_group_decorator.py took 0.083 seconds
[2024-08-31T18:36:49.553+0000] {processor.py:186} INFO - Started process (PID=332) to work on /home/airflow/.local/lib/python3.12/site-packages/airflow/example_dags/example_task_group_decorator.py
[2024-08-31T18:36:49.555+0000] {processor.py:914} INFO - Processing file /home/airflow/.local/lib/python3.12/site-packages/airflow/example_dags/example_task_group_decorator.py for tasks to queue
[2024-08-31T18:36:49.557+0000] {logging_mixin.py:190} INFO - [2024-08-31T18:36:49.556+0000] {dagbag.py:587} INFO - Filling up the DagBag from /home/airflow/.local/lib/python3.12/site-packages/airflow/example_dags/example_task_group_decorator.py
[2024-08-31T18:36:49.571+0000] {processor.py:925} INFO - DAG(s) 'example_task_group_decorator' retrieved from /home/airflow/.local/lib/python3.12/site-packages/airflow/example_dags/example_task_group_decorator.py
[2024-08-31T18:36:49.602+0000] {logging_mixin.py:190} INFO - [2024-08-31T18:36:49.601+0000] {dag.py:3211} INFO - Sync 1 DAGs
[2024-08-31T18:36:49.633+0000] {logging_mixin.py:190} INFO - [2024-08-31T18:36:49.633+0000] {dag.py:4138} INFO - Setting next_dagrun for example_task_group_decorator to 2024-08-30 00:00:00+00:00, run_after=2024-08-31 00:00:00+00:00
[2024-08-31T18:36:49.651+0000] {processor.py:208} INFO - Processing /home/airflow/.local/lib/python3.12/site-packages/airflow/example_dags/example_task_group_decorator.py took 0.103 seconds
[2024-08-31T18:37:19.847+0000] {processor.py:186} INFO - Started process (PID=394) to work on /home/airflow/.local/lib/python3.12/site-packages/airflow/example_dags/example_task_group_decorator.py
[2024-08-31T18:37:19.848+0000] {processor.py:914} INFO - Processing file /home/airflow/.local/lib/python3.12/site-packages/airflow/example_dags/example_task_group_decorator.py for tasks to queue
[2024-08-31T18:37:19.850+0000] {logging_mixin.py:190} INFO - [2024-08-31T18:37:19.849+0000] {dagbag.py:587} INFO - Filling up the DagBag from /home/airflow/.local/lib/python3.12/site-packages/airflow/example_dags/example_task_group_decorator.py
[2024-08-31T18:37:19.863+0000] {processor.py:925} INFO - DAG(s) 'example_task_group_decorator' retrieved from /home/airflow/.local/lib/python3.12/site-packages/airflow/example_dags/example_task_group_decorator.py
[2024-08-31T18:37:19.891+0000] {logging_mixin.py:190} INFO - [2024-08-31T18:37:19.890+0000] {dag.py:3211} INFO - Sync 1 DAGs
[2024-08-31T18:37:19.915+0000] {logging_mixin.py:190} INFO - [2024-08-31T18:37:19.915+0000] {dag.py:4138} INFO - Setting next_dagrun for example_task_group_decorator to 2024-08-30 00:00:00+00:00, run_after=2024-08-31 00:00:00+00:00
[2024-08-31T18:37:19.935+0000] {processor.py:208} INFO - Processing /home/airflow/.local/lib/python3.12/site-packages/airflow/example_dags/example_task_group_decorator.py took 0.094 seconds
