[2024-08-31T18:34:46.246+0000] {processor.py:186} INFO - Started process (PID=84) to work on /home/airflow/.local/lib/python3.12/site-packages/airflow/example_dags/example_params_trigger_ui.py
[2024-08-31T18:34:46.247+0000] {processor.py:914} INFO - Processing file /home/airflow/.local/lib/python3.12/site-packages/airflow/example_dags/example_params_trigger_ui.py for tasks to queue
[2024-08-31T18:34:46.249+0000] {logging_mixin.py:190} INFO - [2024-08-31T18:34:46.248+0000] {dagbag.py:587} INFO - Filling up the DagBag from /home/airflow/.local/lib/python3.12/site-packages/airflow/example_dags/example_params_trigger_ui.py
[2024-08-31T18:34:46.260+0000] {processor.py:925} INFO - DAG(s) 'example_params_trigger_ui' retrieved from /home/airflow/.local/lib/python3.12/site-packages/airflow/example_dags/example_params_trigger_ui.py
[2024-08-31T18:34:46.404+0000] {logging_mixin.py:190} INFO - [2024-08-31T18:34:46.403+0000] {override.py:1858} INFO - Created Permission View: can read on DAG:example_params_trigger_ui
[2024-08-31T18:34:46.416+0000] {logging_mixin.py:190} INFO - [2024-08-31T18:34:46.415+0000] {override.py:1858} INFO - Created Permission View: can delete on DAG:example_params_trigger_ui
[2024-08-31T18:34:46.428+0000] {logging_mixin.py:190} INFO - [2024-08-31T18:34:46.428+0000] {override.py:1858} INFO - Created Permission View: can edit on DAG:example_params_trigger_ui
[2024-08-31T18:34:46.429+0000] {logging_mixin.py:190} INFO - [2024-08-31T18:34:46.429+0000] {dag.py:3211} INFO - Sync 1 DAGs
[2024-08-31T18:34:46.443+0000] {logging_mixin.py:190} INFO - [2024-08-31T18:34:46.443+0000] {dag.py:3234} INFO - Creating ORM DAG for example_params_trigger_ui
[2024-08-31T18:34:46.444+0000] {logging_mixin.py:190} INFO - [2024-08-31T18:34:46.444+0000] {dag.py:4138} INFO - Setting next_dagrun for example_params_trigger_ui to None, run_after=None
[2024-08-31T18:34:46.465+0000] {processor.py:208} INFO - Processing /home/airflow/.local/lib/python3.12/site-packages/airflow/example_dags/example_params_trigger_ui.py took 0.224 seconds
[2024-08-31T18:35:16.918+0000] {processor.py:186} INFO - Started process (PID=146) to work on /home/airflow/.local/lib/python3.12/site-packages/airflow/example_dags/example_params_trigger_ui.py
[2024-08-31T18:35:16.919+0000] {processor.py:914} INFO - Processing file /home/airflow/.local/lib/python3.12/site-packages/airflow/example_dags/example_params_trigger_ui.py for tasks to queue
[2024-08-31T18:35:16.920+0000] {logging_mixin.py:190} INFO - [2024-08-31T18:35:16.920+0000] {dagbag.py:587} INFO - Filling up the DagBag from /home/airflow/.local/lib/python3.12/site-packages/airflow/example_dags/example_params_trigger_ui.py
[2024-08-31T18:35:16.931+0000] {processor.py:925} INFO - DAG(s) 'example_params_trigger_ui' retrieved from /home/airflow/.local/lib/python3.12/site-packages/airflow/example_dags/example_params_trigger_ui.py
[2024-08-31T18:35:16.974+0000] {logging_mixin.py:190} INFO - [2024-08-31T18:35:16.974+0000] {dag.py:3211} INFO - Sync 1 DAGs
[2024-08-31T18:35:16.988+0000] {logging_mixin.py:190} INFO - [2024-08-31T18:35:16.988+0000] {dag.py:4138} INFO - Setting next_dagrun for example_params_trigger_ui to None, run_after=None
[2024-08-31T18:35:17.005+0000] {processor.py:208} INFO - Processing /home/airflow/.local/lib/python3.12/site-packages/airflow/example_dags/example_params_trigger_ui.py took 0.092 seconds
[2024-08-31T18:35:47.216+0000] {processor.py:186} INFO - Started process (PID=208) to work on /home/airflow/.local/lib/python3.12/site-packages/airflow/example_dags/example_params_trigger_ui.py
[2024-08-31T18:35:47.218+0000] {processor.py:914} INFO - Processing file /home/airflow/.local/lib/python3.12/site-packages/airflow/example_dags/example_params_trigger_ui.py for tasks to queue
[2024-08-31T18:35:47.220+0000] {logging_mixin.py:190} INFO - [2024-08-31T18:35:47.220+0000] {dagbag.py:587} INFO - Filling up the DagBag from /home/airflow/.local/lib/python3.12/site-packages/airflow/example_dags/example_params_trigger_ui.py
[2024-08-31T18:35:47.232+0000] {processor.py:925} INFO - DAG(s) 'example_params_trigger_ui' retrieved from /home/airflow/.local/lib/python3.12/site-packages/airflow/example_dags/example_params_trigger_ui.py
[2024-08-31T18:35:47.276+0000] {logging_mixin.py:190} INFO - [2024-08-31T18:35:47.276+0000] {dag.py:3211} INFO - Sync 1 DAGs
[2024-08-31T18:35:47.291+0000] {logging_mixin.py:190} INFO - [2024-08-31T18:35:47.291+0000] {dag.py:4138} INFO - Setting next_dagrun for example_params_trigger_ui to None, run_after=None
[2024-08-31T18:35:47.310+0000] {processor.py:208} INFO - Processing /home/airflow/.local/lib/python3.12/site-packages/airflow/example_dags/example_params_trigger_ui.py took 0.100 seconds
[2024-08-31T18:36:18.708+0000] {processor.py:186} INFO - Started process (PID=270) to work on /home/airflow/.local/lib/python3.12/site-packages/airflow/example_dags/example_params_trigger_ui.py
[2024-08-31T18:36:18.710+0000] {processor.py:914} INFO - Processing file /home/airflow/.local/lib/python3.12/site-packages/airflow/example_dags/example_params_trigger_ui.py for tasks to queue
[2024-08-31T18:36:18.712+0000] {logging_mixin.py:190} INFO - [2024-08-31T18:36:18.712+0000] {dagbag.py:587} INFO - Filling up the DagBag from /home/airflow/.local/lib/python3.12/site-packages/airflow/example_dags/example_params_trigger_ui.py
[2024-08-31T18:36:18.723+0000] {processor.py:925} INFO - DAG(s) 'example_params_trigger_ui' retrieved from /home/airflow/.local/lib/python3.12/site-packages/airflow/example_dags/example_params_trigger_ui.py
[2024-08-31T18:36:18.763+0000] {logging_mixin.py:190} INFO - [2024-08-31T18:36:18.763+0000] {dag.py:3211} INFO - Sync 1 DAGs
[2024-08-31T18:36:18.778+0000] {logging_mixin.py:190} INFO - [2024-08-31T18:36:18.777+0000] {dag.py:4138} INFO - Setting next_dagrun for example_params_trigger_ui to None, run_after=None
[2024-08-31T18:36:18.808+0000] {processor.py:208} INFO - Processing /home/airflow/.local/lib/python3.12/site-packages/airflow/example_dags/example_params_trigger_ui.py took 0.105 seconds
[2024-08-31T18:36:49.674+0000] {processor.py:186} INFO - Started process (PID=333) to work on /home/airflow/.local/lib/python3.12/site-packages/airflow/example_dags/example_params_trigger_ui.py
[2024-08-31T18:36:49.675+0000] {processor.py:914} INFO - Processing file /home/airflow/.local/lib/python3.12/site-packages/airflow/example_dags/example_params_trigger_ui.py for tasks to queue
[2024-08-31T18:36:49.678+0000] {logging_mixin.py:190} INFO - [2024-08-31T18:36:49.677+0000] {dagbag.py:587} INFO - Filling up the DagBag from /home/airflow/.local/lib/python3.12/site-packages/airflow/example_dags/example_params_trigger_ui.py
[2024-08-31T18:36:49.688+0000] {processor.py:925} INFO - DAG(s) 'example_params_trigger_ui' retrieved from /home/airflow/.local/lib/python3.12/site-packages/airflow/example_dags/example_params_trigger_ui.py
[2024-08-31T18:36:49.727+0000] {logging_mixin.py:190} INFO - [2024-08-31T18:36:49.727+0000] {dag.py:3211} INFO - Sync 1 DAGs
[2024-08-31T18:36:49.741+0000] {logging_mixin.py:190} INFO - [2024-08-31T18:36:49.740+0000] {dag.py:4138} INFO - Setting next_dagrun for example_params_trigger_ui to None, run_after=None
[2024-08-31T18:36:49.757+0000] {processor.py:208} INFO - Processing /home/airflow/.local/lib/python3.12/site-packages/airflow/example_dags/example_params_trigger_ui.py took 0.088 seconds
[2024-08-31T18:37:19.961+0000] {processor.py:186} INFO - Started process (PID=395) to work on /home/airflow/.local/lib/python3.12/site-packages/airflow/example_dags/example_params_trigger_ui.py
[2024-08-31T18:37:19.962+0000] {processor.py:914} INFO - Processing file /home/airflow/.local/lib/python3.12/site-packages/airflow/example_dags/example_params_trigger_ui.py for tasks to queue
[2024-08-31T18:37:19.965+0000] {logging_mixin.py:190} INFO - [2024-08-31T18:37:19.964+0000] {dagbag.py:587} INFO - Filling up the DagBag from /home/airflow/.local/lib/python3.12/site-packages/airflow/example_dags/example_params_trigger_ui.py
[2024-08-31T18:37:19.974+0000] {processor.py:925} INFO - DAG(s) 'example_params_trigger_ui' retrieved from /home/airflow/.local/lib/python3.12/site-packages/airflow/example_dags/example_params_trigger_ui.py
[2024-08-31T18:37:20.011+0000] {logging_mixin.py:190} INFO - [2024-08-31T18:37:20.011+0000] {dag.py:3211} INFO - Sync 1 DAGs
[2024-08-31T18:37:20.024+0000] {logging_mixin.py:190} INFO - [2024-08-31T18:37:20.024+0000] {dag.py:4138} INFO - Setting next_dagrun for example_params_trigger_ui to None, run_after=None
[2024-08-31T18:37:20.040+0000] {processor.py:208} INFO - Processing /home/airflow/.local/lib/python3.12/site-packages/airflow/example_dags/example_params_trigger_ui.py took 0.085 seconds
