[2024-08-31T18:34:49.777+0000] {processor.py:186} INFO - Started process (PID=108) to work on /home/airflow/.local/lib/python3.12/site-packages/airflow/example_dags/example_latest_only_with_trigger.py
[2024-08-31T18:34:49.778+0000] {processor.py:914} INFO - Processing file /home/airflow/.local/lib/python3.12/site-packages/airflow/example_dags/example_latest_only_with_trigger.py for tasks to queue
[2024-08-31T18:34:49.780+0000] {logging_mixin.py:190} INFO - [2024-08-31T18:34:49.780+0000] {dagbag.py:587} INFO - Filling up the DagBag from /home/airflow/.local/lib/python3.12/site-packages/airflow/example_dags/example_latest_only_with_trigger.py
[2024-08-31T18:34:49.787+0000] {processor.py:925} INFO - DAG(s) 'latest_only_with_trigger' retrieved from /home/airflow/.local/lib/python3.12/site-packages/airflow/example_dags/example_latest_only_with_trigger.py
[2024-08-31T18:34:49.938+0000] {logging_mixin.py:190} INFO - [2024-08-31T18:34:49.937+0000] {override.py:1858} INFO - Created Permission View: can read on DAG:latest_only_with_trigger
[2024-08-31T18:34:49.951+0000] {logging_mixin.py:190} INFO - [2024-08-31T18:34:49.951+0000] {override.py:1858} INFO - Created Permission View: can delete on DAG:latest_only_with_trigger
[2024-08-31T18:34:49.959+0000] {logging_mixin.py:190} INFO - [2024-08-31T18:34:49.959+0000] {override.py:1858} INFO - Created Permission View: can edit on DAG:latest_only_with_trigger
[2024-08-31T18:34:49.960+0000] {logging_mixin.py:190} INFO - [2024-08-31T18:34:49.960+0000] {dag.py:3211} INFO - Sync 1 DAGs
[2024-08-31T18:34:49.974+0000] {logging_mixin.py:190} INFO - [2024-08-31T18:34:49.974+0000] {dag.py:3234} INFO - Creating ORM DAG for latest_only_with_trigger
[2024-08-31T18:34:49.985+0000] {logging_mixin.py:190} INFO - [2024-08-31T18:34:49.985+0000] {dag.py:4138} INFO - Setting next_dagrun for latest_only_with_trigger to 2024-08-31 12:00:00+00:00, run_after=2024-08-31 16:00:00+00:00
[2024-08-31T18:34:50.009+0000] {processor.py:208} INFO - Processing /home/airflow/.local/lib/python3.12/site-packages/airflow/example_dags/example_latest_only_with_trigger.py took 0.238 seconds
[2024-08-31T18:35:20.824+0000] {processor.py:186} INFO - Started process (PID=171) to work on /home/airflow/.local/lib/python3.12/site-packages/airflow/example_dags/example_latest_only_with_trigger.py
[2024-08-31T18:35:20.827+0000] {processor.py:914} INFO - Processing file /home/airflow/.local/lib/python3.12/site-packages/airflow/example_dags/example_latest_only_with_trigger.py for tasks to queue
[2024-08-31T18:35:20.829+0000] {logging_mixin.py:190} INFO - [2024-08-31T18:35:20.829+0000] {dagbag.py:587} INFO - Filling up the DagBag from /home/airflow/.local/lib/python3.12/site-packages/airflow/example_dags/example_latest_only_with_trigger.py
[2024-08-31T18:35:20.841+0000] {processor.py:925} INFO - DAG(s) 'latest_only_with_trigger' retrieved from /home/airflow/.local/lib/python3.12/site-packages/airflow/example_dags/example_latest_only_with_trigger.py
[2024-08-31T18:35:20.862+0000] {logging_mixin.py:190} INFO - [2024-08-31T18:35:20.861+0000] {dag.py:3211} INFO - Sync 1 DAGs
[2024-08-31T18:35:20.885+0000] {logging_mixin.py:190} INFO - [2024-08-31T18:35:20.885+0000] {dag.py:4138} INFO - Setting next_dagrun for latest_only_with_trigger to 2024-08-31 12:00:00+00:00, run_after=2024-08-31 16:00:00+00:00
[2024-08-31T18:35:20.904+0000] {processor.py:208} INFO - Processing /home/airflow/.local/lib/python3.12/site-packages/airflow/example_dags/example_latest_only_with_trigger.py took 0.087 seconds
[2024-08-31T18:35:51.016+0000] {processor.py:186} INFO - Started process (PID=233) to work on /home/airflow/.local/lib/python3.12/site-packages/airflow/example_dags/example_latest_only_with_trigger.py
[2024-08-31T18:35:51.019+0000] {processor.py:914} INFO - Processing file /home/airflow/.local/lib/python3.12/site-packages/airflow/example_dags/example_latest_only_with_trigger.py for tasks to queue
[2024-08-31T18:35:51.021+0000] {logging_mixin.py:190} INFO - [2024-08-31T18:35:51.021+0000] {dagbag.py:587} INFO - Filling up the DagBag from /home/airflow/.local/lib/python3.12/site-packages/airflow/example_dags/example_latest_only_with_trigger.py
[2024-08-31T18:35:51.027+0000] {processor.py:925} INFO - DAG(s) 'latest_only_with_trigger' retrieved from /home/airflow/.local/lib/python3.12/site-packages/airflow/example_dags/example_latest_only_with_trigger.py
[2024-08-31T18:35:51.062+0000] {logging_mixin.py:190} INFO - [2024-08-31T18:35:51.062+0000] {dag.py:3211} INFO - Sync 1 DAGs
[2024-08-31T18:35:51.111+0000] {logging_mixin.py:190} INFO - [2024-08-31T18:35:51.111+0000] {dag.py:4138} INFO - Setting next_dagrun for latest_only_with_trigger to 2024-08-31 12:00:00+00:00, run_after=2024-08-31 16:00:00+00:00
[2024-08-31T18:35:51.139+0000] {processor.py:208} INFO - Processing /home/airflow/.local/lib/python3.12/site-packages/airflow/example_dags/example_latest_only_with_trigger.py took 0.129 seconds
[2024-08-31T18:36:21.517+0000] {processor.py:186} INFO - Started process (PID=295) to work on /home/airflow/.local/lib/python3.12/site-packages/airflow/example_dags/example_latest_only_with_trigger.py
[2024-08-31T18:36:21.520+0000] {processor.py:914} INFO - Processing file /home/airflow/.local/lib/python3.12/site-packages/airflow/example_dags/example_latest_only_with_trigger.py for tasks to queue
[2024-08-31T18:36:21.522+0000] {logging_mixin.py:190} INFO - [2024-08-31T18:36:21.522+0000] {dagbag.py:587} INFO - Filling up the DagBag from /home/airflow/.local/lib/python3.12/site-packages/airflow/example_dags/example_latest_only_with_trigger.py
[2024-08-31T18:36:21.530+0000] {processor.py:925} INFO - DAG(s) 'latest_only_with_trigger' retrieved from /home/airflow/.local/lib/python3.12/site-packages/airflow/example_dags/example_latest_only_with_trigger.py
[2024-08-31T18:36:21.560+0000] {logging_mixin.py:190} INFO - [2024-08-31T18:36:21.560+0000] {dag.py:3211} INFO - Sync 1 DAGs
[2024-08-31T18:36:21.588+0000] {logging_mixin.py:190} INFO - [2024-08-31T18:36:21.588+0000] {dag.py:4138} INFO - Setting next_dagrun for latest_only_with_trigger to 2024-08-31 12:00:00+00:00, run_after=2024-08-31 16:00:00+00:00
[2024-08-31T18:36:21.622+0000] {processor.py:208} INFO - Processing /home/airflow/.local/lib/python3.12/site-packages/airflow/example_dags/example_latest_only_with_trigger.py took 0.110 seconds
[2024-08-31T18:36:53.567+0000] {processor.py:186} INFO - Started process (PID=357) to work on /home/airflow/.local/lib/python3.12/site-packages/airflow/example_dags/example_latest_only_with_trigger.py
[2024-08-31T18:36:53.568+0000] {processor.py:914} INFO - Processing file /home/airflow/.local/lib/python3.12/site-packages/airflow/example_dags/example_latest_only_with_trigger.py for tasks to queue
[2024-08-31T18:36:53.570+0000] {logging_mixin.py:190} INFO - [2024-08-31T18:36:53.570+0000] {dagbag.py:587} INFO - Filling up the DagBag from /home/airflow/.local/lib/python3.12/site-packages/airflow/example_dags/example_latest_only_with_trigger.py
[2024-08-31T18:36:53.576+0000] {processor.py:925} INFO - DAG(s) 'latest_only_with_trigger' retrieved from /home/airflow/.local/lib/python3.12/site-packages/airflow/example_dags/example_latest_only_with_trigger.py
[2024-08-31T18:36:53.595+0000] {logging_mixin.py:190} INFO - [2024-08-31T18:36:53.595+0000] {dag.py:3211} INFO - Sync 1 DAGs
[2024-08-31T18:36:53.614+0000] {logging_mixin.py:190} INFO - [2024-08-31T18:36:53.614+0000] {dag.py:4138} INFO - Setting next_dagrun for latest_only_with_trigger to 2024-08-31 12:00:00+00:00, run_after=2024-08-31 16:00:00+00:00
[2024-08-31T18:36:53.630+0000] {processor.py:208} INFO - Processing /home/airflow/.local/lib/python3.12/site-packages/airflow/example_dags/example_latest_only_with_trigger.py took 0.068 seconds
[2024-08-31T18:37:24.441+0000] {processor.py:186} INFO - Started process (PID=419) to work on /home/airflow/.local/lib/python3.12/site-packages/airflow/example_dags/example_latest_only_with_trigger.py
[2024-08-31T18:37:24.442+0000] {processor.py:914} INFO - Processing file /home/airflow/.local/lib/python3.12/site-packages/airflow/example_dags/example_latest_only_with_trigger.py for tasks to queue
[2024-08-31T18:37:24.443+0000] {logging_mixin.py:190} INFO - [2024-08-31T18:37:24.443+0000] {dagbag.py:587} INFO - Filling up the DagBag from /home/airflow/.local/lib/python3.12/site-packages/airflow/example_dags/example_latest_only_with_trigger.py
[2024-08-31T18:37:24.450+0000] {processor.py:925} INFO - DAG(s) 'latest_only_with_trigger' retrieved from /home/airflow/.local/lib/python3.12/site-packages/airflow/example_dags/example_latest_only_with_trigger.py
[2024-08-31T18:37:24.468+0000] {logging_mixin.py:190} INFO - [2024-08-31T18:37:24.468+0000] {dag.py:3211} INFO - Sync 1 DAGs
[2024-08-31T18:37:24.487+0000] {logging_mixin.py:190} INFO - [2024-08-31T18:37:24.487+0000] {dag.py:4138} INFO - Setting next_dagrun for latest_only_with_trigger to 2024-08-31 12:00:00+00:00, run_after=2024-08-31 16:00:00+00:00
[2024-08-31T18:37:24.503+0000] {processor.py:208} INFO - Processing /home/airflow/.local/lib/python3.12/site-packages/airflow/example_dags/example_latest_only_with_trigger.py took 0.067 seconds
