[2024-08-31T18:34:48.826+0000] {processor.py:186} INFO - Started process (PID=101) to work on /home/airflow/.local/lib/python3.12/site-packages/airflow/example_dags/example_latest_only.py
[2024-08-31T18:34:48.827+0000] {processor.py:914} INFO - Processing file /home/airflow/.local/lib/python3.12/site-packages/airflow/example_dags/example_latest_only.py for tasks to queue
[2024-08-31T18:34:48.829+0000] {logging_mixin.py:190} INFO - [2024-08-31T18:34:48.829+0000] {dagbag.py:587} INFO - Filling up the DagBag from /home/airflow/.local/lib/python3.12/site-packages/airflow/example_dags/example_latest_only.py
[2024-08-31T18:34:48.852+0000] {processor.py:925} INFO - DAG(s) 'latest_only' retrieved from /home/airflow/.local/lib/python3.12/site-packages/airflow/example_dags/example_latest_only.py
[2024-08-31T18:34:48.992+0000] {logging_mixin.py:190} INFO - [2024-08-31T18:34:48.991+0000] {override.py:1858} INFO - Created Permission View: can read on DAG:latest_only
[2024-08-31T18:34:49.005+0000] {logging_mixin.py:190} INFO - [2024-08-31T18:34:49.005+0000] {override.py:1858} INFO - Created Permission View: can delete on DAG:latest_only
[2024-08-31T18:34:49.013+0000] {logging_mixin.py:190} INFO - [2024-08-31T18:34:49.012+0000] {override.py:1858} INFO - Created Permission View: can edit on DAG:latest_only
[2024-08-31T18:34:49.014+0000] {logging_mixin.py:190} INFO - [2024-08-31T18:34:49.013+0000] {dag.py:3211} INFO - Sync 1 DAGs
[2024-08-31T18:34:49.027+0000] {logging_mixin.py:190} INFO - [2024-08-31T18:34:49.027+0000] {dag.py:3234} INFO - Creating ORM DAG for latest_only
[2024-08-31T18:34:49.036+0000] {logging_mixin.py:190} INFO - [2024-08-31T18:34:49.035+0000] {dag.py:4138} INFO - Setting next_dagrun for latest_only to 2024-08-31 12:00:00+00:00, run_after=2024-08-31 16:00:00+00:00
[2024-08-31T18:34:49.051+0000] {processor.py:208} INFO - Processing /home/airflow/.local/lib/python3.12/site-packages/airflow/example_dags/example_latest_only.py took 0.239 seconds
[2024-08-31T18:35:19.321+0000] {processor.py:186} INFO - Started process (PID=164) to work on /home/airflow/.local/lib/python3.12/site-packages/airflow/example_dags/example_latest_only.py
[2024-08-31T18:35:19.322+0000] {processor.py:914} INFO - Processing file /home/airflow/.local/lib/python3.12/site-packages/airflow/example_dags/example_latest_only.py for tasks to queue
[2024-08-31T18:35:19.324+0000] {logging_mixin.py:190} INFO - [2024-08-31T18:35:19.324+0000] {dagbag.py:587} INFO - Filling up the DagBag from /home/airflow/.local/lib/python3.12/site-packages/airflow/example_dags/example_latest_only.py
[2024-08-31T18:35:19.330+0000] {processor.py:925} INFO - DAG(s) 'latest_only' retrieved from /home/airflow/.local/lib/python3.12/site-packages/airflow/example_dags/example_latest_only.py
[2024-08-31T18:35:19.350+0000] {logging_mixin.py:190} INFO - [2024-08-31T18:35:19.349+0000] {dag.py:3211} INFO - Sync 1 DAGs
[2024-08-31T18:35:19.373+0000] {logging_mixin.py:190} INFO - [2024-08-31T18:35:19.373+0000] {dag.py:4138} INFO - Setting next_dagrun for latest_only to 2024-08-31 12:00:00+00:00, run_after=2024-08-31 16:00:00+00:00
[2024-08-31T18:35:19.394+0000] {processor.py:208} INFO - Processing /home/airflow/.local/lib/python3.12/site-packages/airflow/example_dags/example_latest_only.py took 0.077 seconds
[2024-08-31T18:35:49.560+0000] {processor.py:186} INFO - Started process (PID=226) to work on /home/airflow/.local/lib/python3.12/site-packages/airflow/example_dags/example_latest_only.py
[2024-08-31T18:35:49.562+0000] {processor.py:914} INFO - Processing file /home/airflow/.local/lib/python3.12/site-packages/airflow/example_dags/example_latest_only.py for tasks to queue
[2024-08-31T18:35:49.564+0000] {logging_mixin.py:190} INFO - [2024-08-31T18:35:49.564+0000] {dagbag.py:587} INFO - Filling up the DagBag from /home/airflow/.local/lib/python3.12/site-packages/airflow/example_dags/example_latest_only.py
[2024-08-31T18:35:49.570+0000] {processor.py:925} INFO - DAG(s) 'latest_only' retrieved from /home/airflow/.local/lib/python3.12/site-packages/airflow/example_dags/example_latest_only.py
[2024-08-31T18:35:49.588+0000] {logging_mixin.py:190} INFO - [2024-08-31T18:35:49.588+0000] {dag.py:3211} INFO - Sync 1 DAGs
[2024-08-31T18:35:49.611+0000] {logging_mixin.py:190} INFO - [2024-08-31T18:35:49.610+0000] {dag.py:4138} INFO - Setting next_dagrun for latest_only to 2024-08-31 12:00:00+00:00, run_after=2024-08-31 16:00:00+00:00
[2024-08-31T18:35:49.630+0000] {processor.py:208} INFO - Processing /home/airflow/.local/lib/python3.12/site-packages/airflow/example_dags/example_latest_only.py took 0.075 seconds
[2024-08-31T18:36:20.069+0000] {processor.py:186} INFO - Started process (PID=288) to work on /home/airflow/.local/lib/python3.12/site-packages/airflow/example_dags/example_latest_only.py
[2024-08-31T18:36:20.070+0000] {processor.py:914} INFO - Processing file /home/airflow/.local/lib/python3.12/site-packages/airflow/example_dags/example_latest_only.py for tasks to queue
[2024-08-31T18:36:20.072+0000] {logging_mixin.py:190} INFO - [2024-08-31T18:36:20.072+0000] {dagbag.py:587} INFO - Filling up the DagBag from /home/airflow/.local/lib/python3.12/site-packages/airflow/example_dags/example_latest_only.py
[2024-08-31T18:36:20.078+0000] {processor.py:925} INFO - DAG(s) 'latest_only' retrieved from /home/airflow/.local/lib/python3.12/site-packages/airflow/example_dags/example_latest_only.py
[2024-08-31T18:36:20.097+0000] {logging_mixin.py:190} INFO - [2024-08-31T18:36:20.097+0000] {dag.py:3211} INFO - Sync 1 DAGs
[2024-08-31T18:36:20.119+0000] {logging_mixin.py:190} INFO - [2024-08-31T18:36:20.119+0000] {dag.py:4138} INFO - Setting next_dagrun for latest_only to 2024-08-31 12:00:00+00:00, run_after=2024-08-31 16:00:00+00:00
[2024-08-31T18:36:20.137+0000] {processor.py:208} INFO - Processing /home/airflow/.local/lib/python3.12/site-packages/airflow/example_dags/example_latest_only.py took 0.074 seconds
[2024-08-31T18:36:53.247+0000] {processor.py:186} INFO - Started process (PID=350) to work on /home/airflow/.local/lib/python3.12/site-packages/airflow/example_dags/example_latest_only.py
[2024-08-31T18:36:53.249+0000] {processor.py:914} INFO - Processing file /home/airflow/.local/lib/python3.12/site-packages/airflow/example_dags/example_latest_only.py for tasks to queue
[2024-08-31T18:36:53.251+0000] {logging_mixin.py:190} INFO - [2024-08-31T18:36:53.250+0000] {dagbag.py:587} INFO - Filling up the DagBag from /home/airflow/.local/lib/python3.12/site-packages/airflow/example_dags/example_latest_only.py
[2024-08-31T18:36:53.257+0000] {processor.py:925} INFO - DAG(s) 'latest_only' retrieved from /home/airflow/.local/lib/python3.12/site-packages/airflow/example_dags/example_latest_only.py
[2024-08-31T18:36:53.276+0000] {logging_mixin.py:190} INFO - [2024-08-31T18:36:53.276+0000] {dag.py:3211} INFO - Sync 1 DAGs
[2024-08-31T18:36:53.297+0000] {logging_mixin.py:190} INFO - [2024-08-31T18:36:53.297+0000] {dag.py:4138} INFO - Setting next_dagrun for latest_only to 2024-08-31 12:00:00+00:00, run_after=2024-08-31 16:00:00+00:00
[2024-08-31T18:36:53.313+0000] {processor.py:208} INFO - Processing /home/airflow/.local/lib/python3.12/site-packages/airflow/example_dags/example_latest_only.py took 0.071 seconds
[2024-08-31T18:37:24.086+0000] {processor.py:186} INFO - Started process (PID=412) to work on /home/airflow/.local/lib/python3.12/site-packages/airflow/example_dags/example_latest_only.py
[2024-08-31T18:37:24.088+0000] {processor.py:914} INFO - Processing file /home/airflow/.local/lib/python3.12/site-packages/airflow/example_dags/example_latest_only.py for tasks to queue
[2024-08-31T18:37:24.090+0000] {logging_mixin.py:190} INFO - [2024-08-31T18:37:24.090+0000] {dagbag.py:587} INFO - Filling up the DagBag from /home/airflow/.local/lib/python3.12/site-packages/airflow/example_dags/example_latest_only.py
[2024-08-31T18:37:24.097+0000] {processor.py:925} INFO - DAG(s) 'latest_only' retrieved from /home/airflow/.local/lib/python3.12/site-packages/airflow/example_dags/example_latest_only.py
[2024-08-31T18:37:24.118+0000] {logging_mixin.py:190} INFO - [2024-08-31T18:37:24.117+0000] {dag.py:3211} INFO - Sync 1 DAGs
[2024-08-31T18:37:24.141+0000] {logging_mixin.py:190} INFO - [2024-08-31T18:37:24.140+0000] {dag.py:4138} INFO - Setting next_dagrun for latest_only to 2024-08-31 12:00:00+00:00, run_after=2024-08-31 16:00:00+00:00
[2024-08-31T18:37:24.157+0000] {processor.py:208} INFO - Processing /home/airflow/.local/lib/python3.12/site-packages/airflow/example_dags/example_latest_only.py took 0.076 seconds
