[2024-08-31T18:34:50.051+0000] {processor.py:186} INFO - Started process (PID=109) to work on /home/airflow/.local/lib/python3.12/site-packages/airflow/example_dags/example_dataset_alias_with_no_taskflow.py
[2024-08-31T18:34:50.054+0000] {processor.py:914} INFO - Processing file /home/airflow/.local/lib/python3.12/site-packages/airflow/example_dags/example_dataset_alias_with_no_taskflow.py for tasks to queue
[2024-08-31T18:34:50.057+0000] {logging_mixin.py:190} INFO - [2024-08-31T18:34:50.057+0000] {dagbag.py:587} INFO - Filling up the DagBag from /home/airflow/.local/lib/python3.12/site-packages/airflow/example_dags/example_dataset_alias_with_no_taskflow.py
[2024-08-31T18:34:50.214+0000] {processor.py:925} INFO - DAG(s) 'dataset_s3_bucket_producer_with_no_taskflow', 'dataset_alias_example_alias_consumer_with_no_taskflow', 'dataset_alias_example_alias_producer_with_no_taskflow', 'dataset_s3_bucket_consumer_with_no_taskflow' retrieved from /home/airflow/.local/lib/python3.12/site-packages/airflow/example_dags/example_dataset_alias_with_no_taskflow.py
[2024-08-31T18:34:50.340+0000] {logging_mixin.py:190} INFO - [2024-08-31T18:34:50.339+0000] {override.py:1858} INFO - Created Permission View: can read on DAG:dataset_s3_bucket_producer_with_no_taskflow
[2024-08-31T18:34:50.365+0000] {logging_mixin.py:190} INFO - [2024-08-31T18:34:50.365+0000] {override.py:1858} INFO - Created Permission View: can delete on DAG:dataset_s3_bucket_producer_with_no_taskflow
[2024-08-31T18:34:50.379+0000] {logging_mixin.py:190} INFO - [2024-08-31T18:34:50.379+0000] {override.py:1858} INFO - Created Permission View: can edit on DAG:dataset_s3_bucket_producer_with_no_taskflow
[2024-08-31T18:34:50.403+0000] {logging_mixin.py:190} INFO - [2024-08-31T18:34:50.403+0000] {override.py:1858} INFO - Created Permission View: can read on DAG:dataset_alias_example_alias_consumer_with_no_taskflow
[2024-08-31T18:34:50.413+0000] {logging_mixin.py:190} INFO - [2024-08-31T18:34:50.412+0000] {override.py:1858} INFO - Created Permission View: can delete on DAG:dataset_alias_example_alias_consumer_with_no_taskflow
[2024-08-31T18:34:50.427+0000] {logging_mixin.py:190} INFO - [2024-08-31T18:34:50.426+0000] {override.py:1858} INFO - Created Permission View: can edit on DAG:dataset_alias_example_alias_consumer_with_no_taskflow
[2024-08-31T18:34:50.488+0000] {logging_mixin.py:190} INFO - [2024-08-31T18:34:50.488+0000] {override.py:1858} INFO - Created Permission View: can read on DAG:dataset_alias_example_alias_producer_with_no_taskflow
[2024-08-31T18:34:50.502+0000] {logging_mixin.py:190} INFO - [2024-08-31T18:34:50.501+0000] {override.py:1858} INFO - Created Permission View: can delete on DAG:dataset_alias_example_alias_producer_with_no_taskflow
[2024-08-31T18:34:50.521+0000] {logging_mixin.py:190} INFO - [2024-08-31T18:34:50.521+0000] {override.py:1858} INFO - Created Permission View: can edit on DAG:dataset_alias_example_alias_producer_with_no_taskflow
[2024-08-31T18:34:50.552+0000] {logging_mixin.py:190} INFO - [2024-08-31T18:34:50.552+0000] {override.py:1858} INFO - Created Permission View: can read on DAG:dataset_s3_bucket_consumer_with_no_taskflow
[2024-08-31T18:34:50.564+0000] {logging_mixin.py:190} INFO - [2024-08-31T18:34:50.564+0000] {override.py:1858} INFO - Created Permission View: can delete on DAG:dataset_s3_bucket_consumer_with_no_taskflow
[2024-08-31T18:34:50.577+0000] {logging_mixin.py:190} INFO - [2024-08-31T18:34:50.577+0000] {override.py:1858} INFO - Created Permission View: can edit on DAG:dataset_s3_bucket_consumer_with_no_taskflow
[2024-08-31T18:34:50.577+0000] {logging_mixin.py:190} INFO - [2024-08-31T18:34:50.577+0000] {dag.py:3211} INFO - Sync 4 DAGs
[2024-08-31T18:34:50.593+0000] {logging_mixin.py:190} INFO - [2024-08-31T18:34:50.593+0000] {dag.py:3234} INFO - Creating ORM DAG for dataset_s3_bucket_producer_with_no_taskflow
[2024-08-31T18:34:50.595+0000] {logging_mixin.py:190} INFO - [2024-08-31T18:34:50.594+0000] {dag.py:3234} INFO - Creating ORM DAG for dataset_alias_example_alias_consumer_with_no_taskflow
[2024-08-31T18:34:50.595+0000] {logging_mixin.py:190} INFO - [2024-08-31T18:34:50.595+0000] {dag.py:3234} INFO - Creating ORM DAG for dataset_alias_example_alias_producer_with_no_taskflow
[2024-08-31T18:34:50.596+0000] {logging_mixin.py:190} INFO - [2024-08-31T18:34:50.596+0000] {dag.py:3234} INFO - Creating ORM DAG for dataset_s3_bucket_consumer_with_no_taskflow
[2024-08-31T18:34:50.609+0000] {logging_mixin.py:190} INFO - [2024-08-31T18:34:50.608+0000] {dag.py:4138} INFO - Setting next_dagrun for dataset_alias_example_alias_consumer_with_no_taskflow to None, run_after=None
[2024-08-31T18:34:50.610+0000] {logging_mixin.py:190} INFO - [2024-08-31T18:34:50.609+0000] {dag.py:4138} INFO - Setting next_dagrun for dataset_alias_example_alias_producer_with_no_taskflow to None, run_after=None
[2024-08-31T18:34:50.610+0000] {logging_mixin.py:190} INFO - [2024-08-31T18:34:50.610+0000] {dag.py:4138} INFO - Setting next_dagrun for dataset_s3_bucket_consumer_with_no_taskflow to None, run_after=None
[2024-08-31T18:34:50.610+0000] {logging_mixin.py:190} INFO - [2024-08-31T18:34:50.610+0000] {dag.py:4138} INFO - Setting next_dagrun for dataset_s3_bucket_producer_with_no_taskflow to None, run_after=None
[2024-08-31T18:34:50.656+0000] {processor.py:208} INFO - Processing /home/airflow/.local/lib/python3.12/site-packages/airflow/example_dags/example_dataset_alias_with_no_taskflow.py took 0.611 seconds
[2024-08-31T18:35:21.295+0000] {processor.py:186} INFO - Started process (PID=173) to work on /home/airflow/.local/lib/python3.12/site-packages/airflow/example_dags/example_dataset_alias_with_no_taskflow.py
[2024-08-31T18:35:21.298+0000] {processor.py:914} INFO - Processing file /home/airflow/.local/lib/python3.12/site-packages/airflow/example_dags/example_dataset_alias_with_no_taskflow.py for tasks to queue
[2024-08-31T18:35:21.300+0000] {logging_mixin.py:190} INFO - [2024-08-31T18:35:21.300+0000] {dagbag.py:587} INFO - Filling up the DagBag from /home/airflow/.local/lib/python3.12/site-packages/airflow/example_dags/example_dataset_alias_with_no_taskflow.py
[2024-08-31T18:35:21.445+0000] {processor.py:925} INFO - DAG(s) 'dataset_alias_example_alias_producer_with_no_taskflow', 'dataset_s3_bucket_producer_with_no_taskflow', 'dataset_s3_bucket_consumer_with_no_taskflow', 'dataset_alias_example_alias_consumer_with_no_taskflow' retrieved from /home/airflow/.local/lib/python3.12/site-packages/airflow/example_dags/example_dataset_alias_with_no_taskflow.py
[2024-08-31T18:35:21.465+0000] {logging_mixin.py:190} INFO - [2024-08-31T18:35:21.465+0000] {dag.py:3211} INFO - Sync 4 DAGs
[2024-08-31T18:35:21.486+0000] {logging_mixin.py:190} INFO - [2024-08-31T18:35:21.486+0000] {dag.py:4138} INFO - Setting next_dagrun for dataset_alias_example_alias_consumer_with_no_taskflow to None, run_after=None
[2024-08-31T18:35:21.489+0000] {logging_mixin.py:190} INFO - [2024-08-31T18:35:21.489+0000] {dag.py:4138} INFO - Setting next_dagrun for dataset_alias_example_alias_producer_with_no_taskflow to None, run_after=None
[2024-08-31T18:35:21.490+0000] {logging_mixin.py:190} INFO - [2024-08-31T18:35:21.490+0000] {dag.py:4138} INFO - Setting next_dagrun for dataset_s3_bucket_consumer_with_no_taskflow to None, run_after=None
[2024-08-31T18:35:21.491+0000] {logging_mixin.py:190} INFO - [2024-08-31T18:35:21.491+0000] {dag.py:4138} INFO - Setting next_dagrun for dataset_s3_bucket_producer_with_no_taskflow to None, run_after=None
[2024-08-31T18:35:21.519+0000] {processor.py:208} INFO - Processing /home/airflow/.local/lib/python3.12/site-packages/airflow/example_dags/example_dataset_alias_with_no_taskflow.py took 0.231 seconds
[2024-08-31T18:35:52.035+0000] {processor.py:186} INFO - Started process (PID=234) to work on /home/airflow/.local/lib/python3.12/site-packages/airflow/example_dags/example_dataset_alias_with_no_taskflow.py
[2024-08-31T18:35:52.039+0000] {processor.py:914} INFO - Processing file /home/airflow/.local/lib/python3.12/site-packages/airflow/example_dags/example_dataset_alias_with_no_taskflow.py for tasks to queue
[2024-08-31T18:35:52.042+0000] {logging_mixin.py:190} INFO - [2024-08-31T18:35:52.041+0000] {dagbag.py:587} INFO - Filling up the DagBag from /home/airflow/.local/lib/python3.12/site-packages/airflow/example_dags/example_dataset_alias_with_no_taskflow.py
[2024-08-31T18:35:52.201+0000] {processor.py:925} INFO - DAG(s) 'dataset_alias_example_alias_producer_with_no_taskflow', 'dataset_s3_bucket_consumer_with_no_taskflow', 'dataset_s3_bucket_producer_with_no_taskflow', 'dataset_alias_example_alias_consumer_with_no_taskflow' retrieved from /home/airflow/.local/lib/python3.12/site-packages/airflow/example_dags/example_dataset_alias_with_no_taskflow.py
[2024-08-31T18:35:52.226+0000] {logging_mixin.py:190} INFO - [2024-08-31T18:35:52.226+0000] {dag.py:3211} INFO - Sync 4 DAGs
[2024-08-31T18:35:52.248+0000] {logging_mixin.py:190} INFO - [2024-08-31T18:35:52.247+0000] {dag.py:4138} INFO - Setting next_dagrun for dataset_alias_example_alias_consumer_with_no_taskflow to None, run_after=None
[2024-08-31T18:35:52.250+0000] {logging_mixin.py:190} INFO - [2024-08-31T18:35:52.250+0000] {dag.py:4138} INFO - Setting next_dagrun for dataset_alias_example_alias_producer_with_no_taskflow to None, run_after=None
[2024-08-31T18:35:52.252+0000] {logging_mixin.py:190} INFO - [2024-08-31T18:35:52.252+0000] {dag.py:4138} INFO - Setting next_dagrun for dataset_s3_bucket_consumer_with_no_taskflow to None, run_after=None
[2024-08-31T18:35:52.253+0000] {logging_mixin.py:190} INFO - [2024-08-31T18:35:52.253+0000] {dag.py:4138} INFO - Setting next_dagrun for dataset_s3_bucket_producer_with_no_taskflow to None, run_after=None
[2024-08-31T18:35:52.276+0000] {processor.py:208} INFO - Processing /home/airflow/.local/lib/python3.12/site-packages/airflow/example_dags/example_dataset_alias_with_no_taskflow.py took 0.246 seconds
[2024-08-31T18:36:22.537+0000] {processor.py:186} INFO - Started process (PID=296) to work on /home/airflow/.local/lib/python3.12/site-packages/airflow/example_dags/example_dataset_alias_with_no_taskflow.py
[2024-08-31T18:36:22.540+0000] {processor.py:914} INFO - Processing file /home/airflow/.local/lib/python3.12/site-packages/airflow/example_dags/example_dataset_alias_with_no_taskflow.py for tasks to queue
[2024-08-31T18:36:22.546+0000] {logging_mixin.py:190} INFO - [2024-08-31T18:36:22.546+0000] {dagbag.py:587} INFO - Filling up the DagBag from /home/airflow/.local/lib/python3.12/site-packages/airflow/example_dags/example_dataset_alias_with_no_taskflow.py
[2024-08-31T18:36:22.710+0000] {processor.py:925} INFO - DAG(s) 'dataset_alias_example_alias_consumer_with_no_taskflow', 'dataset_s3_bucket_consumer_with_no_taskflow', 'dataset_s3_bucket_producer_with_no_taskflow', 'dataset_alias_example_alias_producer_with_no_taskflow' retrieved from /home/airflow/.local/lib/python3.12/site-packages/airflow/example_dags/example_dataset_alias_with_no_taskflow.py
[2024-08-31T18:36:22.729+0000] {logging_mixin.py:190} INFO - [2024-08-31T18:36:22.729+0000] {dag.py:3211} INFO - Sync 4 DAGs
[2024-08-31T18:36:22.749+0000] {logging_mixin.py:190} INFO - [2024-08-31T18:36:22.749+0000] {dag.py:4138} INFO - Setting next_dagrun for dataset_alias_example_alias_consumer_with_no_taskflow to None, run_after=None
[2024-08-31T18:36:22.752+0000] {logging_mixin.py:190} INFO - [2024-08-31T18:36:22.751+0000] {dag.py:4138} INFO - Setting next_dagrun for dataset_alias_example_alias_producer_with_no_taskflow to None, run_after=None
[2024-08-31T18:36:22.753+0000] {logging_mixin.py:190} INFO - [2024-08-31T18:36:22.752+0000] {dag.py:4138} INFO - Setting next_dagrun for dataset_s3_bucket_consumer_with_no_taskflow to None, run_after=None
[2024-08-31T18:36:22.754+0000] {logging_mixin.py:190} INFO - [2024-08-31T18:36:22.754+0000] {dag.py:4138} INFO - Setting next_dagrun for dataset_s3_bucket_producer_with_no_taskflow to None, run_after=None
[2024-08-31T18:36:22.774+0000] {processor.py:208} INFO - Processing /home/airflow/.local/lib/python3.12/site-packages/airflow/example_dags/example_dataset_alias_with_no_taskflow.py took 0.251 seconds
[2024-08-31T18:36:53.641+0000] {processor.py:186} INFO - Started process (PID=358) to work on /home/airflow/.local/lib/python3.12/site-packages/airflow/example_dags/example_dataset_alias_with_no_taskflow.py
[2024-08-31T18:36:53.642+0000] {processor.py:914} INFO - Processing file /home/airflow/.local/lib/python3.12/site-packages/airflow/example_dags/example_dataset_alias_with_no_taskflow.py for tasks to queue
[2024-08-31T18:36:53.645+0000] {logging_mixin.py:190} INFO - [2024-08-31T18:36:53.644+0000] {dagbag.py:587} INFO - Filling up the DagBag from /home/airflow/.local/lib/python3.12/site-packages/airflow/example_dags/example_dataset_alias_with_no_taskflow.py
[2024-08-31T18:36:53.776+0000] {processor.py:925} INFO - DAG(s) 'dataset_s3_bucket_producer_with_no_taskflow', 'dataset_alias_example_alias_producer_with_no_taskflow', 'dataset_s3_bucket_consumer_with_no_taskflow', 'dataset_alias_example_alias_consumer_with_no_taskflow' retrieved from /home/airflow/.local/lib/python3.12/site-packages/airflow/example_dags/example_dataset_alias_with_no_taskflow.py
[2024-08-31T18:36:53.800+0000] {logging_mixin.py:190} INFO - [2024-08-31T18:36:53.800+0000] {dag.py:3211} INFO - Sync 4 DAGs
[2024-08-31T18:36:53.820+0000] {logging_mixin.py:190} INFO - [2024-08-31T18:36:53.820+0000] {dag.py:4138} INFO - Setting next_dagrun for dataset_alias_example_alias_consumer_with_no_taskflow to None, run_after=None
[2024-08-31T18:36:53.822+0000] {logging_mixin.py:190} INFO - [2024-08-31T18:36:53.822+0000] {dag.py:4138} INFO - Setting next_dagrun for dataset_alias_example_alias_producer_with_no_taskflow to None, run_after=None
[2024-08-31T18:36:53.823+0000] {logging_mixin.py:190} INFO - [2024-08-31T18:36:53.823+0000] {dag.py:4138} INFO - Setting next_dagrun for dataset_s3_bucket_consumer_with_no_taskflow to None, run_after=None
[2024-08-31T18:36:53.824+0000] {logging_mixin.py:190} INFO - [2024-08-31T18:36:53.824+0000] {dag.py:4138} INFO - Setting next_dagrun for dataset_s3_bucket_producer_with_no_taskflow to None, run_after=None
[2024-08-31T18:36:53.843+0000] {processor.py:208} INFO - Processing /home/airflow/.local/lib/python3.12/site-packages/airflow/example_dags/example_dataset_alias_with_no_taskflow.py took 0.207 seconds
[2024-08-31T18:37:24.513+0000] {processor.py:186} INFO - Started process (PID=420) to work on /home/airflow/.local/lib/python3.12/site-packages/airflow/example_dags/example_dataset_alias_with_no_taskflow.py
[2024-08-31T18:37:24.513+0000] {processor.py:914} INFO - Processing file /home/airflow/.local/lib/python3.12/site-packages/airflow/example_dags/example_dataset_alias_with_no_taskflow.py for tasks to queue
[2024-08-31T18:37:24.518+0000] {logging_mixin.py:190} INFO - [2024-08-31T18:37:24.515+0000] {dagbag.py:587} INFO - Filling up the DagBag from /home/airflow/.local/lib/python3.12/site-packages/airflow/example_dags/example_dataset_alias_with_no_taskflow.py
[2024-08-31T18:37:24.693+0000] {processor.py:925} INFO - DAG(s) 'dataset_alias_example_alias_producer_with_no_taskflow', 'dataset_s3_bucket_consumer_with_no_taskflow', 'dataset_s3_bucket_producer_with_no_taskflow', 'dataset_alias_example_alias_consumer_with_no_taskflow' retrieved from /home/airflow/.local/lib/python3.12/site-packages/airflow/example_dags/example_dataset_alias_with_no_taskflow.py
[2024-08-31T18:37:24.724+0000] {logging_mixin.py:190} INFO - [2024-08-31T18:37:24.724+0000] {dag.py:3211} INFO - Sync 4 DAGs
[2024-08-31T18:37:24.757+0000] {logging_mixin.py:190} INFO - [2024-08-31T18:37:24.756+0000] {dag.py:4138} INFO - Setting next_dagrun for dataset_alias_example_alias_consumer_with_no_taskflow to None, run_after=None
[2024-08-31T18:37:24.762+0000] {logging_mixin.py:190} INFO - [2024-08-31T18:37:24.761+0000] {dag.py:4138} INFO - Setting next_dagrun for dataset_alias_example_alias_producer_with_no_taskflow to None, run_after=None
[2024-08-31T18:37:24.763+0000] {logging_mixin.py:190} INFO - [2024-08-31T18:37:24.763+0000] {dag.py:4138} INFO - Setting next_dagrun for dataset_s3_bucket_consumer_with_no_taskflow to None, run_after=None
[2024-08-31T18:37:24.764+0000] {logging_mixin.py:190} INFO - [2024-08-31T18:37:24.764+0000] {dag.py:4138} INFO - Setting next_dagrun for dataset_s3_bucket_producer_with_no_taskflow to None, run_after=None
[2024-08-31T18:37:24.817+0000] {processor.py:208} INFO - Processing /home/airflow/.local/lib/python3.12/site-packages/airflow/example_dags/example_dataset_alias_with_no_taskflow.py took 0.309 seconds
