[2024-08-31T18:34:48.106+0000] {processor.py:186} INFO - Started process (PID=97) to work on /home/airflow/.local/lib/python3.12/site-packages/airflow/example_dags/example_python_decorator.py
[2024-08-31T18:34:48.106+0000] {processor.py:914} INFO - Processing file /home/airflow/.local/lib/python3.12/site-packages/airflow/example_dags/example_python_decorator.py for tasks to queue
[2024-08-31T18:34:48.109+0000] {logging_mixin.py:190} INFO - [2024-08-31T18:34:48.109+0000] {dagbag.py:587} INFO - Filling up the DagBag from /home/airflow/.local/lib/python3.12/site-packages/airflow/example_dags/example_python_decorator.py
[2024-08-31T18:34:48.125+0000] {processor.py:925} INFO - DAG(s) 'example_python_decorator' retrieved from /home/airflow/.local/lib/python3.12/site-packages/airflow/example_dags/example_python_decorator.py
[2024-08-31T18:34:48.259+0000] {logging_mixin.py:190} INFO - [2024-08-31T18:34:48.258+0000] {override.py:1858} INFO - Created Permission View: can read on DAG:example_python_decorator
[2024-08-31T18:34:48.271+0000] {logging_mixin.py:190} INFO - [2024-08-31T18:34:48.270+0000] {override.py:1858} INFO - Created Permission View: can delete on DAG:example_python_decorator
[2024-08-31T18:34:48.278+0000] {logging_mixin.py:190} INFO - [2024-08-31T18:34:48.278+0000] {override.py:1858} INFO - Created Permission View: can edit on DAG:example_python_decorator
[2024-08-31T18:34:48.279+0000] {logging_mixin.py:190} INFO - [2024-08-31T18:34:48.279+0000] {dag.py:3211} INFO - Sync 1 DAGs
[2024-08-31T18:34:48.289+0000] {logging_mixin.py:190} INFO - [2024-08-31T18:34:48.289+0000] {dag.py:3234} INFO - Creating ORM DAG for example_python_decorator
[2024-08-31T18:34:48.290+0000] {logging_mixin.py:190} INFO - [2024-08-31T18:34:48.289+0000] {dag.py:4138} INFO - Setting next_dagrun for example_python_decorator to None, run_after=None
[2024-08-31T18:34:48.308+0000] {processor.py:208} INFO - Processing /home/airflow/.local/lib/python3.12/site-packages/airflow/example_dags/example_python_decorator.py took 0.209 seconds
[2024-08-31T18:35:19.132+0000] {processor.py:186} INFO - Started process (PID=160) to work on /home/airflow/.local/lib/python3.12/site-packages/airflow/example_dags/example_python_decorator.py
[2024-08-31T18:35:19.133+0000] {processor.py:914} INFO - Processing file /home/airflow/.local/lib/python3.12/site-packages/airflow/example_dags/example_python_decorator.py for tasks to queue
[2024-08-31T18:35:19.135+0000] {logging_mixin.py:190} INFO - [2024-08-31T18:35:19.135+0000] {dagbag.py:587} INFO - Filling up the DagBag from /home/airflow/.local/lib/python3.12/site-packages/airflow/example_dags/example_python_decorator.py
[2024-08-31T18:35:19.149+0000] {processor.py:925} INFO - DAG(s) 'example_python_decorator' retrieved from /home/airflow/.local/lib/python3.12/site-packages/airflow/example_dags/example_python_decorator.py
[2024-08-31T18:35:19.172+0000] {logging_mixin.py:190} INFO - [2024-08-31T18:35:19.172+0000] {dag.py:3211} INFO - Sync 1 DAGs
[2024-08-31T18:35:19.184+0000] {logging_mixin.py:190} INFO - [2024-08-31T18:35:19.184+0000] {dag.py:4138} INFO - Setting next_dagrun for example_python_decorator to None, run_after=None
[2024-08-31T18:35:19.202+0000] {processor.py:208} INFO - Processing /home/airflow/.local/lib/python3.12/site-packages/airflow/example_dags/example_python_decorator.py took 0.077 seconds
[2024-08-31T18:35:49.315+0000] {processor.py:186} INFO - Started process (PID=222) to work on /home/airflow/.local/lib/python3.12/site-packages/airflow/example_dags/example_python_decorator.py
[2024-08-31T18:35:49.316+0000] {processor.py:914} INFO - Processing file /home/airflow/.local/lib/python3.12/site-packages/airflow/example_dags/example_python_decorator.py for tasks to queue
[2024-08-31T18:35:49.319+0000] {logging_mixin.py:190} INFO - [2024-08-31T18:35:49.319+0000] {dagbag.py:587} INFO - Filling up the DagBag from /home/airflow/.local/lib/python3.12/site-packages/airflow/example_dags/example_python_decorator.py
[2024-08-31T18:35:49.332+0000] {processor.py:925} INFO - DAG(s) 'example_python_decorator' retrieved from /home/airflow/.local/lib/python3.12/site-packages/airflow/example_dags/example_python_decorator.py
[2024-08-31T18:35:49.352+0000] {logging_mixin.py:190} INFO - [2024-08-31T18:35:49.351+0000] {dag.py:3211} INFO - Sync 1 DAGs
[2024-08-31T18:35:49.364+0000] {logging_mixin.py:190} INFO - [2024-08-31T18:35:49.363+0000] {dag.py:4138} INFO - Setting next_dagrun for example_python_decorator to None, run_after=None
[2024-08-31T18:35:49.393+0000] {processor.py:208} INFO - Processing /home/airflow/.local/lib/python3.12/site-packages/airflow/example_dags/example_python_decorator.py took 0.083 seconds
[2024-08-31T18:36:19.868+0000] {processor.py:186} INFO - Started process (PID=284) to work on /home/airflow/.local/lib/python3.12/site-packages/airflow/example_dags/example_python_decorator.py
[2024-08-31T18:36:19.870+0000] {processor.py:914} INFO - Processing file /home/airflow/.local/lib/python3.12/site-packages/airflow/example_dags/example_python_decorator.py for tasks to queue
[2024-08-31T18:36:19.872+0000] {logging_mixin.py:190} INFO - [2024-08-31T18:36:19.871+0000] {dagbag.py:587} INFO - Filling up the DagBag from /home/airflow/.local/lib/python3.12/site-packages/airflow/example_dags/example_python_decorator.py
[2024-08-31T18:36:19.885+0000] {processor.py:925} INFO - DAG(s) 'example_python_decorator' retrieved from /home/airflow/.local/lib/python3.12/site-packages/airflow/example_dags/example_python_decorator.py
[2024-08-31T18:36:19.906+0000] {logging_mixin.py:190} INFO - [2024-08-31T18:36:19.905+0000] {dag.py:3211} INFO - Sync 1 DAGs
[2024-08-31T18:36:19.919+0000] {logging_mixin.py:190} INFO - [2024-08-31T18:36:19.919+0000] {dag.py:4138} INFO - Setting next_dagrun for example_python_decorator to None, run_after=None
[2024-08-31T18:36:19.936+0000] {processor.py:208} INFO - Processing /home/airflow/.local/lib/python3.12/site-packages/airflow/example_dags/example_python_decorator.py took 0.074 seconds
[2024-08-31T18:36:53.058+0000] {processor.py:186} INFO - Started process (PID=346) to work on /home/airflow/.local/lib/python3.12/site-packages/airflow/example_dags/example_python_decorator.py
[2024-08-31T18:36:53.059+0000] {processor.py:914} INFO - Processing file /home/airflow/.local/lib/python3.12/site-packages/airflow/example_dags/example_python_decorator.py for tasks to queue
[2024-08-31T18:36:53.061+0000] {logging_mixin.py:190} INFO - [2024-08-31T18:36:53.061+0000] {dagbag.py:587} INFO - Filling up the DagBag from /home/airflow/.local/lib/python3.12/site-packages/airflow/example_dags/example_python_decorator.py
[2024-08-31T18:36:53.075+0000] {processor.py:925} INFO - DAG(s) 'example_python_decorator' retrieved from /home/airflow/.local/lib/python3.12/site-packages/airflow/example_dags/example_python_decorator.py
[2024-08-31T18:36:53.096+0000] {logging_mixin.py:190} INFO - [2024-08-31T18:36:53.096+0000] {dag.py:3211} INFO - Sync 1 DAGs
[2024-08-31T18:36:53.109+0000] {logging_mixin.py:190} INFO - [2024-08-31T18:36:53.109+0000] {dag.py:4138} INFO - Setting next_dagrun for example_python_decorator to None, run_after=None
[2024-08-31T18:36:53.130+0000] {processor.py:208} INFO - Processing /home/airflow/.local/lib/python3.12/site-packages/airflow/example_dags/example_python_decorator.py took 0.078 seconds
[2024-08-31T18:37:23.882+0000] {processor.py:186} INFO - Started process (PID=408) to work on /home/airflow/.local/lib/python3.12/site-packages/airflow/example_dags/example_python_decorator.py
[2024-08-31T18:37:23.883+0000] {processor.py:914} INFO - Processing file /home/airflow/.local/lib/python3.12/site-packages/airflow/example_dags/example_python_decorator.py for tasks to queue
[2024-08-31T18:37:23.886+0000] {logging_mixin.py:190} INFO - [2024-08-31T18:37:23.885+0000] {dagbag.py:587} INFO - Filling up the DagBag from /home/airflow/.local/lib/python3.12/site-packages/airflow/example_dags/example_python_decorator.py
[2024-08-31T18:37:23.898+0000] {processor.py:925} INFO - DAG(s) 'example_python_decorator' retrieved from /home/airflow/.local/lib/python3.12/site-packages/airflow/example_dags/example_python_decorator.py
[2024-08-31T18:37:23.920+0000] {logging_mixin.py:190} INFO - [2024-08-31T18:37:23.919+0000] {dag.py:3211} INFO - Sync 1 DAGs
[2024-08-31T18:37:23.931+0000] {logging_mixin.py:190} INFO - [2024-08-31T18:37:23.931+0000] {dag.py:4138} INFO - Setting next_dagrun for example_python_decorator to None, run_after=None
[2024-08-31T18:37:23.952+0000] {processor.py:208} INFO - Processing /home/airflow/.local/lib/python3.12/site-packages/airflow/example_dags/example_python_decorator.py took 0.076 seconds
