[2024-08-31T18:34:51.133+0000] {processor.py:186} INFO - Started process (PID=114) to work on /home/airflow/.local/lib/python3.12/site-packages/airflow/example_dags/example_dataset_alias.py
[2024-08-31T18:34:51.134+0000] {processor.py:914} INFO - Processing file /home/airflow/.local/lib/python3.12/site-packages/airflow/example_dags/example_dataset_alias.py for tasks to queue
[2024-08-31T18:34:51.136+0000] {logging_mixin.py:190} INFO - [2024-08-31T18:34:51.136+0000] {dagbag.py:587} INFO - Filling up the DagBag from /home/airflow/.local/lib/python3.12/site-packages/airflow/example_dags/example_dataset_alias.py
[2024-08-31T18:34:51.273+0000] {processor.py:925} INFO - DAG(s) 'dataset_alias_example_alias_producer', 'dataset_s3_bucket_producer', 'dataset_s3_bucket_consumer', 'dataset_alias_example_alias_consumer' retrieved from /home/airflow/.local/lib/python3.12/site-packages/airflow/example_dags/example_dataset_alias.py
[2024-08-31T18:34:51.361+0000] {logging_mixin.py:190} INFO - [2024-08-31T18:34:51.360+0000] {override.py:1858} INFO - Created Permission View: can read on DAG:dataset_alias_example_alias_producer
[2024-08-31T18:34:51.378+0000] {logging_mixin.py:190} INFO - [2024-08-31T18:34:51.377+0000] {override.py:1858} INFO - Created Permission View: can delete on DAG:dataset_alias_example_alias_producer
[2024-08-31T18:34:51.387+0000] {logging_mixin.py:190} INFO - [2024-08-31T18:34:51.387+0000] {override.py:1858} INFO - Created Permission View: can edit on DAG:dataset_alias_example_alias_producer
[2024-08-31T18:34:51.405+0000] {logging_mixin.py:190} INFO - [2024-08-31T18:34:51.404+0000] {override.py:1858} INFO - Created Permission View: can read on DAG:dataset_s3_bucket_producer
[2024-08-31T18:34:51.429+0000] {logging_mixin.py:190} INFO - [2024-08-31T18:34:51.429+0000] {override.py:1858} INFO - Created Permission View: can delete on DAG:dataset_s3_bucket_producer
[2024-08-31T18:34:51.436+0000] {logging_mixin.py:190} INFO - [2024-08-31T18:34:51.436+0000] {override.py:1858} INFO - Created Permission View: can edit on DAG:dataset_s3_bucket_producer
[2024-08-31T18:34:51.447+0000] {logging_mixin.py:190} INFO - [2024-08-31T18:34:51.447+0000] {override.py:1858} INFO - Created Permission View: can read on DAG:dataset_s3_bucket_consumer
[2024-08-31T18:34:51.453+0000] {logging_mixin.py:190} INFO - [2024-08-31T18:34:51.453+0000] {override.py:1858} INFO - Created Permission View: can delete on DAG:dataset_s3_bucket_consumer
[2024-08-31T18:34:51.459+0000] {logging_mixin.py:190} INFO - [2024-08-31T18:34:51.458+0000] {override.py:1858} INFO - Created Permission View: can edit on DAG:dataset_s3_bucket_consumer
[2024-08-31T18:34:51.471+0000] {logging_mixin.py:190} INFO - [2024-08-31T18:34:51.470+0000] {override.py:1858} INFO - Created Permission View: can read on DAG:dataset_alias_example_alias_consumer
[2024-08-31T18:34:51.480+0000] {logging_mixin.py:190} INFO - [2024-08-31T18:34:51.480+0000] {override.py:1858} INFO - Created Permission View: can delete on DAG:dataset_alias_example_alias_consumer
[2024-08-31T18:34:51.487+0000] {logging_mixin.py:190} INFO - [2024-08-31T18:34:51.486+0000] {override.py:1858} INFO - Created Permission View: can edit on DAG:dataset_alias_example_alias_consumer
[2024-08-31T18:34:51.487+0000] {logging_mixin.py:190} INFO - [2024-08-31T18:34:51.487+0000] {dag.py:3211} INFO - Sync 4 DAGs
[2024-08-31T18:34:51.499+0000] {logging_mixin.py:190} INFO - [2024-08-31T18:34:51.499+0000] {dag.py:3234} INFO - Creating ORM DAG for dataset_s3_bucket_consumer
[2024-08-31T18:34:51.500+0000] {logging_mixin.py:190} INFO - [2024-08-31T18:34:51.499+0000] {dag.py:3234} INFO - Creating ORM DAG for dataset_s3_bucket_producer
[2024-08-31T18:34:51.500+0000] {logging_mixin.py:190} INFO - [2024-08-31T18:34:51.500+0000] {dag.py:3234} INFO - Creating ORM DAG for dataset_alias_example_alias_producer
[2024-08-31T18:34:51.500+0000] {logging_mixin.py:190} INFO - [2024-08-31T18:34:51.500+0000] {dag.py:3234} INFO - Creating ORM DAG for dataset_alias_example_alias_consumer
[2024-08-31T18:34:51.509+0000] {logging_mixin.py:190} INFO - [2024-08-31T18:34:51.509+0000] {dag.py:4138} INFO - Setting next_dagrun for dataset_alias_example_alias_consumer to None, run_after=None
[2024-08-31T18:34:51.510+0000] {logging_mixin.py:190} INFO - [2024-08-31T18:34:51.510+0000] {dag.py:4138} INFO - Setting next_dagrun for dataset_alias_example_alias_producer to None, run_after=None
[2024-08-31T18:34:51.510+0000] {logging_mixin.py:190} INFO - [2024-08-31T18:34:51.510+0000] {dag.py:4138} INFO - Setting next_dagrun for dataset_s3_bucket_consumer to None, run_after=None
[2024-08-31T18:34:51.511+0000] {logging_mixin.py:190} INFO - [2024-08-31T18:34:51.511+0000] {dag.py:4138} INFO - Setting next_dagrun for dataset_s3_bucket_producer to None, run_after=None
[2024-08-31T18:34:51.537+0000] {processor.py:208} INFO - Processing /home/airflow/.local/lib/python3.12/site-packages/airflow/example_dags/example_dataset_alias.py took 0.408 seconds
[2024-08-31T18:35:21.620+0000] {processor.py:186} INFO - Started process (PID=178) to work on /home/airflow/.local/lib/python3.12/site-packages/airflow/example_dags/example_dataset_alias.py
[2024-08-31T18:35:21.621+0000] {processor.py:914} INFO - Processing file /home/airflow/.local/lib/python3.12/site-packages/airflow/example_dags/example_dataset_alias.py for tasks to queue
[2024-08-31T18:35:21.623+0000] {logging_mixin.py:190} INFO - [2024-08-31T18:35:21.623+0000] {dagbag.py:587} INFO - Filling up the DagBag from /home/airflow/.local/lib/python3.12/site-packages/airflow/example_dags/example_dataset_alias.py
[2024-08-31T18:35:21.778+0000] {processor.py:925} INFO - DAG(s) 'dataset_alias_example_alias_consumer', 'dataset_alias_example_alias_producer', 'dataset_s3_bucket_consumer', 'dataset_s3_bucket_producer' retrieved from /home/airflow/.local/lib/python3.12/site-packages/airflow/example_dags/example_dataset_alias.py
[2024-08-31T18:35:21.799+0000] {logging_mixin.py:190} INFO - [2024-08-31T18:35:21.799+0000] {dag.py:3211} INFO - Sync 4 DAGs
[2024-08-31T18:35:21.836+0000] {logging_mixin.py:190} INFO - [2024-08-31T18:35:21.836+0000] {dag.py:4138} INFO - Setting next_dagrun for dataset_alias_example_alias_consumer to None, run_after=None
[2024-08-31T18:35:21.840+0000] {logging_mixin.py:190} INFO - [2024-08-31T18:35:21.840+0000] {dag.py:4138} INFO - Setting next_dagrun for dataset_alias_example_alias_producer to None, run_after=None
[2024-08-31T18:35:21.847+0000] {logging_mixin.py:190} INFO - [2024-08-31T18:35:21.846+0000] {dag.py:4138} INFO - Setting next_dagrun for dataset_s3_bucket_consumer to None, run_after=None
[2024-08-31T18:35:21.849+0000] {logging_mixin.py:190} INFO - [2024-08-31T18:35:21.849+0000] {dag.py:4138} INFO - Setting next_dagrun for dataset_s3_bucket_producer to None, run_after=None
[2024-08-31T18:35:21.889+0000] {processor.py:208} INFO - Processing /home/airflow/.local/lib/python3.12/site-packages/airflow/example_dags/example_dataset_alias.py took 0.275 seconds
[2024-08-31T18:35:52.411+0000] {processor.py:186} INFO - Started process (PID=239) to work on /home/airflow/.local/lib/python3.12/site-packages/airflow/example_dags/example_dataset_alias.py
[2024-08-31T18:35:52.412+0000] {processor.py:914} INFO - Processing file /home/airflow/.local/lib/python3.12/site-packages/airflow/example_dags/example_dataset_alias.py for tasks to queue
[2024-08-31T18:35:52.414+0000] {logging_mixin.py:190} INFO - [2024-08-31T18:35:52.414+0000] {dagbag.py:587} INFO - Filling up the DagBag from /home/airflow/.local/lib/python3.12/site-packages/airflow/example_dags/example_dataset_alias.py
[2024-08-31T18:35:52.565+0000] {processor.py:925} INFO - DAG(s) 'dataset_s3_bucket_consumer', 'dataset_alias_example_alias_producer', 'dataset_alias_example_alias_consumer', 'dataset_s3_bucket_producer' retrieved from /home/airflow/.local/lib/python3.12/site-packages/airflow/example_dags/example_dataset_alias.py
[2024-08-31T18:35:52.584+0000] {logging_mixin.py:190} INFO - [2024-08-31T18:35:52.583+0000] {dag.py:3211} INFO - Sync 4 DAGs
[2024-08-31T18:35:52.606+0000] {logging_mixin.py:190} INFO - [2024-08-31T18:35:52.606+0000] {dag.py:4138} INFO - Setting next_dagrun for dataset_alias_example_alias_consumer to None, run_after=None
[2024-08-31T18:35:52.608+0000] {logging_mixin.py:190} INFO - [2024-08-31T18:35:52.608+0000] {dag.py:4138} INFO - Setting next_dagrun for dataset_alias_example_alias_producer to None, run_after=None
[2024-08-31T18:35:52.609+0000] {logging_mixin.py:190} INFO - [2024-08-31T18:35:52.609+0000] {dag.py:4138} INFO - Setting next_dagrun for dataset_s3_bucket_consumer to None, run_after=None
[2024-08-31T18:35:52.610+0000] {logging_mixin.py:190} INFO - [2024-08-31T18:35:52.610+0000] {dag.py:4138} INFO - Setting next_dagrun for dataset_s3_bucket_producer to None, run_after=None
[2024-08-31T18:35:52.632+0000] {processor.py:208} INFO - Processing /home/airflow/.local/lib/python3.12/site-packages/airflow/example_dags/example_dataset_alias.py took 0.226 seconds
[2024-08-31T18:36:22.902+0000] {processor.py:186} INFO - Started process (PID=301) to work on /home/airflow/.local/lib/python3.12/site-packages/airflow/example_dags/example_dataset_alias.py
[2024-08-31T18:36:22.903+0000] {processor.py:914} INFO - Processing file /home/airflow/.local/lib/python3.12/site-packages/airflow/example_dags/example_dataset_alias.py for tasks to queue
[2024-08-31T18:36:22.905+0000] {logging_mixin.py:190} INFO - [2024-08-31T18:36:22.905+0000] {dagbag.py:587} INFO - Filling up the DagBag from /home/airflow/.local/lib/python3.12/site-packages/airflow/example_dags/example_dataset_alias.py
[2024-08-31T18:36:23.046+0000] {processor.py:925} INFO - DAG(s) 'dataset_s3_bucket_producer', 'dataset_s3_bucket_consumer', 'dataset_alias_example_alias_producer', 'dataset_alias_example_alias_consumer' retrieved from /home/airflow/.local/lib/python3.12/site-packages/airflow/example_dags/example_dataset_alias.py
[2024-08-31T18:36:23.068+0000] {logging_mixin.py:190} INFO - [2024-08-31T18:36:23.067+0000] {dag.py:3211} INFO - Sync 4 DAGs
[2024-08-31T18:36:23.089+0000] {logging_mixin.py:190} INFO - [2024-08-31T18:36:23.089+0000] {dag.py:4138} INFO - Setting next_dagrun for dataset_alias_example_alias_consumer to None, run_after=None
[2024-08-31T18:36:23.091+0000] {logging_mixin.py:190} INFO - [2024-08-31T18:36:23.091+0000] {dag.py:4138} INFO - Setting next_dagrun for dataset_alias_example_alias_producer to None, run_after=None
[2024-08-31T18:36:23.093+0000] {logging_mixin.py:190} INFO - [2024-08-31T18:36:23.092+0000] {dag.py:4138} INFO - Setting next_dagrun for dataset_s3_bucket_consumer to None, run_after=None
[2024-08-31T18:36:23.094+0000] {logging_mixin.py:190} INFO - [2024-08-31T18:36:23.094+0000] {dag.py:4138} INFO - Setting next_dagrun for dataset_s3_bucket_producer to None, run_after=None
[2024-08-31T18:36:23.119+0000] {processor.py:208} INFO - Processing /home/airflow/.local/lib/python3.12/site-packages/airflow/example_dags/example_dataset_alias.py took 0.221 seconds
[2024-08-31T18:36:54.060+0000] {processor.py:186} INFO - Started process (PID=363) to work on /home/airflow/.local/lib/python3.12/site-packages/airflow/example_dags/example_dataset_alias.py
[2024-08-31T18:36:54.061+0000] {processor.py:914} INFO - Processing file /home/airflow/.local/lib/python3.12/site-packages/airflow/example_dags/example_dataset_alias.py for tasks to queue
[2024-08-31T18:36:54.063+0000] {logging_mixin.py:190} INFO - [2024-08-31T18:36:54.063+0000] {dagbag.py:587} INFO - Filling up the DagBag from /home/airflow/.local/lib/python3.12/site-packages/airflow/example_dags/example_dataset_alias.py
[2024-08-31T18:36:54.226+0000] {processor.py:925} INFO - DAG(s) 'dataset_alias_example_alias_producer', 'dataset_s3_bucket_consumer', 'dataset_alias_example_alias_consumer', 'dataset_s3_bucket_producer' retrieved from /home/airflow/.local/lib/python3.12/site-packages/airflow/example_dags/example_dataset_alias.py
[2024-08-31T18:36:54.253+0000] {logging_mixin.py:190} INFO - [2024-08-31T18:36:54.253+0000] {dag.py:3211} INFO - Sync 4 DAGs
[2024-08-31T18:36:54.277+0000] {logging_mixin.py:190} INFO - [2024-08-31T18:36:54.277+0000] {dag.py:4138} INFO - Setting next_dagrun for dataset_alias_example_alias_consumer to None, run_after=None
[2024-08-31T18:36:54.280+0000] {logging_mixin.py:190} INFO - [2024-08-31T18:36:54.280+0000] {dag.py:4138} INFO - Setting next_dagrun for dataset_alias_example_alias_producer to None, run_after=None
[2024-08-31T18:36:54.282+0000] {logging_mixin.py:190} INFO - [2024-08-31T18:36:54.282+0000] {dag.py:4138} INFO - Setting next_dagrun for dataset_s3_bucket_consumer to None, run_after=None
[2024-08-31T18:36:54.285+0000] {logging_mixin.py:190} INFO - [2024-08-31T18:36:54.285+0000] {dag.py:4138} INFO - Setting next_dagrun for dataset_s3_bucket_producer to None, run_after=None
[2024-08-31T18:36:54.314+0000] {processor.py:208} INFO - Processing /home/airflow/.local/lib/python3.12/site-packages/airflow/example_dags/example_dataset_alias.py took 0.260 seconds
[2024-08-31T18:37:27.807+0000] {processor.py:186} INFO - Started process (PID=425) to work on /home/airflow/.local/lib/python3.12/site-packages/airflow/example_dags/example_dataset_alias.py
[2024-08-31T18:37:27.808+0000] {processor.py:914} INFO - Processing file /home/airflow/.local/lib/python3.12/site-packages/airflow/example_dags/example_dataset_alias.py for tasks to queue
[2024-08-31T18:37:27.810+0000] {logging_mixin.py:190} INFO - [2024-08-31T18:37:27.810+0000] {dagbag.py:587} INFO - Filling up the DagBag from /home/airflow/.local/lib/python3.12/site-packages/airflow/example_dags/example_dataset_alias.py
[2024-08-31T18:37:27.957+0000] {processor.py:925} INFO - DAG(s) 'dataset_alias_example_alias_producer', 'dataset_s3_bucket_consumer', 'dataset_s3_bucket_producer', 'dataset_alias_example_alias_consumer' retrieved from /home/airflow/.local/lib/python3.12/site-packages/airflow/example_dags/example_dataset_alias.py
[2024-08-31T18:37:27.979+0000] {logging_mixin.py:190} INFO - [2024-08-31T18:37:27.978+0000] {dag.py:3211} INFO - Sync 4 DAGs
[2024-08-31T18:37:27.999+0000] {logging_mixin.py:190} INFO - [2024-08-31T18:37:27.999+0000] {dag.py:4138} INFO - Setting next_dagrun for dataset_alias_example_alias_consumer to None, run_after=None
[2024-08-31T18:37:28.002+0000] {logging_mixin.py:190} INFO - [2024-08-31T18:37:28.001+0000] {dag.py:4138} INFO - Setting next_dagrun for dataset_alias_example_alias_producer to None, run_after=None
[2024-08-31T18:37:28.003+0000] {logging_mixin.py:190} INFO - [2024-08-31T18:37:28.002+0000] {dag.py:4138} INFO - Setting next_dagrun for dataset_s3_bucket_consumer to None, run_after=None
[2024-08-31T18:37:28.004+0000] {logging_mixin.py:190} INFO - [2024-08-31T18:37:28.004+0000] {dag.py:4138} INFO - Setting next_dagrun for dataset_s3_bucket_producer to None, run_after=None
[2024-08-31T18:37:28.025+0000] {processor.py:208} INFO - Processing /home/airflow/.local/lib/python3.12/site-packages/airflow/example_dags/example_dataset_alias.py took 0.222 seconds
