[2024-08-31T18:34:48.340+0000] {processor.py:186} INFO - Started process (PID=98) to work on /home/airflow/.local/lib/python3.12/site-packages/airflow/example_dags/example_sensors.py
[2024-08-31T18:34:48.340+0000] {processor.py:914} INFO - Processing file /home/airflow/.local/lib/python3.12/site-packages/airflow/example_dags/example_sensors.py for tasks to queue
[2024-08-31T18:34:48.342+0000] {logging_mixin.py:190} INFO - [2024-08-31T18:34:48.342+0000] {dagbag.py:587} INFO - Filling up the DagBag from /home/airflow/.local/lib/python3.12/site-packages/airflow/example_dags/example_sensors.py
[2024-08-31T18:34:48.353+0000] {processor.py:925} INFO - DAG(s) 'example_sensors' retrieved from /home/airflow/.local/lib/python3.12/site-packages/airflow/example_dags/example_sensors.py
[2024-08-31T18:34:48.507+0000] {logging_mixin.py:190} INFO - [2024-08-31T18:34:48.507+0000] {override.py:1858} INFO - Created Permission View: can read on DAG:example_sensors
[2024-08-31T18:34:48.519+0000] {logging_mixin.py:190} INFO - [2024-08-31T18:34:48.519+0000] {override.py:1858} INFO - Created Permission View: can delete on DAG:example_sensors
[2024-08-31T18:34:48.526+0000] {logging_mixin.py:190} INFO - [2024-08-31T18:34:48.525+0000] {override.py:1858} INFO - Created Permission View: can edit on DAG:example_sensors
[2024-08-31T18:34:48.526+0000] {logging_mixin.py:190} INFO - [2024-08-31T18:34:48.526+0000] {dag.py:3211} INFO - Sync 1 DAGs
[2024-08-31T18:34:48.539+0000] {logging_mixin.py:190} INFO - [2024-08-31T18:34:48.539+0000] {dag.py:3234} INFO - Creating ORM DAG for example_sensors
[2024-08-31T18:34:48.539+0000] {logging_mixin.py:190} INFO - [2024-08-31T18:34:48.539+0000] {dag.py:4138} INFO - Setting next_dagrun for example_sensors to None, run_after=None
[2024-08-31T18:34:48.557+0000] {processor.py:208} INFO - Processing /home/airflow/.local/lib/python3.12/site-packages/airflow/example_dags/example_sensors.py took 0.222 seconds
[2024-08-31T18:35:19.136+0000] {processor.py:186} INFO - Started process (PID=161) to work on /home/airflow/.local/lib/python3.12/site-packages/airflow/example_dags/example_sensors.py
[2024-08-31T18:35:19.137+0000] {processor.py:914} INFO - Processing file /home/airflow/.local/lib/python3.12/site-packages/airflow/example_dags/example_sensors.py for tasks to queue
[2024-08-31T18:35:19.139+0000] {logging_mixin.py:190} INFO - [2024-08-31T18:35:19.139+0000] {dagbag.py:587} INFO - Filling up the DagBag from /home/airflow/.local/lib/python3.12/site-packages/airflow/example_dags/example_sensors.py
[2024-08-31T18:35:19.148+0000] {processor.py:925} INFO - DAG(s) 'example_sensors' retrieved from /home/airflow/.local/lib/python3.12/site-packages/airflow/example_dags/example_sensors.py
[2024-08-31T18:35:19.172+0000] {logging_mixin.py:190} INFO - [2024-08-31T18:35:19.171+0000] {dag.py:3211} INFO - Sync 1 DAGs
[2024-08-31T18:35:19.183+0000] {logging_mixin.py:190} INFO - [2024-08-31T18:35:19.183+0000] {dag.py:4138} INFO - Setting next_dagrun for example_sensors to None, run_after=None
[2024-08-31T18:35:19.201+0000] {processor.py:208} INFO - Processing /home/airflow/.local/lib/python3.12/site-packages/airflow/example_dags/example_sensors.py took 0.070 seconds
[2024-08-31T18:35:49.341+0000] {processor.py:186} INFO - Started process (PID=223) to work on /home/airflow/.local/lib/python3.12/site-packages/airflow/example_dags/example_sensors.py
[2024-08-31T18:35:49.342+0000] {processor.py:914} INFO - Processing file /home/airflow/.local/lib/python3.12/site-packages/airflow/example_dags/example_sensors.py for tasks to queue
[2024-08-31T18:35:49.345+0000] {logging_mixin.py:190} INFO - [2024-08-31T18:35:49.344+0000] {dagbag.py:587} INFO - Filling up the DagBag from /home/airflow/.local/lib/python3.12/site-packages/airflow/example_dags/example_sensors.py
[2024-08-31T18:35:49.354+0000] {processor.py:925} INFO - DAG(s) 'example_sensors' retrieved from /home/airflow/.local/lib/python3.12/site-packages/airflow/example_dags/example_sensors.py
[2024-08-31T18:35:49.385+0000] {logging_mixin.py:190} INFO - [2024-08-31T18:35:49.385+0000] {dag.py:3211} INFO - Sync 1 DAGs
[2024-08-31T18:35:49.401+0000] {logging_mixin.py:190} INFO - [2024-08-31T18:35:49.401+0000] {dag.py:4138} INFO - Setting next_dagrun for example_sensors to None, run_after=None
[2024-08-31T18:35:49.429+0000] {processor.py:208} INFO - Processing /home/airflow/.local/lib/python3.12/site-packages/airflow/example_dags/example_sensors.py took 0.093 seconds
[2024-08-31T18:36:19.904+0000] {processor.py:186} INFO - Started process (PID=285) to work on /home/airflow/.local/lib/python3.12/site-packages/airflow/example_dags/example_sensors.py
[2024-08-31T18:36:19.905+0000] {processor.py:914} INFO - Processing file /home/airflow/.local/lib/python3.12/site-packages/airflow/example_dags/example_sensors.py for tasks to queue
[2024-08-31T18:36:19.907+0000] {logging_mixin.py:190} INFO - [2024-08-31T18:36:19.907+0000] {dagbag.py:587} INFO - Filling up the DagBag from /home/airflow/.local/lib/python3.12/site-packages/airflow/example_dags/example_sensors.py
[2024-08-31T18:36:19.918+0000] {processor.py:925} INFO - DAG(s) 'example_sensors' retrieved from /home/airflow/.local/lib/python3.12/site-packages/airflow/example_dags/example_sensors.py
[2024-08-31T18:36:19.946+0000] {logging_mixin.py:190} INFO - [2024-08-31T18:36:19.946+0000] {dag.py:3211} INFO - Sync 1 DAGs
[2024-08-31T18:36:19.962+0000] {logging_mixin.py:190} INFO - [2024-08-31T18:36:19.962+0000] {dag.py:4138} INFO - Setting next_dagrun for example_sensors to None, run_after=None
[2024-08-31T18:36:19.983+0000] {processor.py:208} INFO - Processing /home/airflow/.local/lib/python3.12/site-packages/airflow/example_dags/example_sensors.py took 0.085 seconds
[2024-08-31T18:36:53.137+0000] {processor.py:186} INFO - Started process (PID=347) to work on /home/airflow/.local/lib/python3.12/site-packages/airflow/example_dags/example_sensors.py
[2024-08-31T18:36:53.138+0000] {processor.py:914} INFO - Processing file /home/airflow/.local/lib/python3.12/site-packages/airflow/example_dags/example_sensors.py for tasks to queue
[2024-08-31T18:36:53.140+0000] {logging_mixin.py:190} INFO - [2024-08-31T18:36:53.139+0000] {dagbag.py:587} INFO - Filling up the DagBag from /home/airflow/.local/lib/python3.12/site-packages/airflow/example_dags/example_sensors.py
[2024-08-31T18:36:53.148+0000] {processor.py:925} INFO - DAG(s) 'example_sensors' retrieved from /home/airflow/.local/lib/python3.12/site-packages/airflow/example_dags/example_sensors.py
[2024-08-31T18:36:53.171+0000] {logging_mixin.py:190} INFO - [2024-08-31T18:36:53.171+0000] {dag.py:3211} INFO - Sync 1 DAGs
[2024-08-31T18:36:53.183+0000] {logging_mixin.py:190} INFO - [2024-08-31T18:36:53.183+0000] {dag.py:4138} INFO - Setting next_dagrun for example_sensors to None, run_after=None
[2024-08-31T18:36:53.200+0000] {processor.py:208} INFO - Processing /home/airflow/.local/lib/python3.12/site-packages/airflow/example_dags/example_sensors.py took 0.069 seconds
[2024-08-31T18:37:23.957+0000] {processor.py:186} INFO - Started process (PID=409) to work on /home/airflow/.local/lib/python3.12/site-packages/airflow/example_dags/example_sensors.py
[2024-08-31T18:37:23.958+0000] {processor.py:914} INFO - Processing file /home/airflow/.local/lib/python3.12/site-packages/airflow/example_dags/example_sensors.py for tasks to queue
[2024-08-31T18:37:23.960+0000] {logging_mixin.py:190} INFO - [2024-08-31T18:37:23.960+0000] {dagbag.py:587} INFO - Filling up the DagBag from /home/airflow/.local/lib/python3.12/site-packages/airflow/example_dags/example_sensors.py
[2024-08-31T18:37:23.972+0000] {processor.py:925} INFO - DAG(s) 'example_sensors' retrieved from /home/airflow/.local/lib/python3.12/site-packages/airflow/example_dags/example_sensors.py
[2024-08-31T18:37:23.998+0000] {logging_mixin.py:190} INFO - [2024-08-31T18:37:23.997+0000] {dag.py:3211} INFO - Sync 1 DAGs
[2024-08-31T18:37:24.011+0000] {logging_mixin.py:190} INFO - [2024-08-31T18:37:24.011+0000] {dag.py:4138} INFO - Setting next_dagrun for example_sensors to None, run_after=None
[2024-08-31T18:37:24.030+0000] {processor.py:208} INFO - Processing /home/airflow/.local/lib/python3.12/site-packages/airflow/example_dags/example_sensors.py took 0.082 seconds
