[2024-08-31T18:34:47.921+0000] {processor.py:186} INFO - Started process (PID=96) to work on /home/airflow/.local/lib/python3.12/site-packages/airflow/example_dags/example_nested_branch_dag.py
[2024-08-31T18:34:47.921+0000] {processor.py:914} INFO - Processing file /home/airflow/.local/lib/python3.12/site-packages/airflow/example_dags/example_nested_branch_dag.py for tasks to queue
[2024-08-31T18:34:47.923+0000] {logging_mixin.py:190} INFO - [2024-08-31T18:34:47.923+0000] {dagbag.py:587} INFO - Filling up the DagBag from /home/airflow/.local/lib/python3.12/site-packages/airflow/example_dags/example_nested_branch_dag.py
[2024-08-31T18:34:47.933+0000] {processor.py:925} INFO - DAG(s) 'example_nested_branch_dag' retrieved from /home/airflow/.local/lib/python3.12/site-packages/airflow/example_dags/example_nested_branch_dag.py
[2024-08-31T18:34:48.030+0000] {logging_mixin.py:190} INFO - [2024-08-31T18:34:48.029+0000] {override.py:1858} INFO - Created Permission View: can read on DAG:example_nested_branch_dag
[2024-08-31T18:34:48.039+0000] {logging_mixin.py:190} INFO - [2024-08-31T18:34:48.039+0000] {override.py:1858} INFO - Created Permission View: can delete on DAG:example_nested_branch_dag
[2024-08-31T18:34:48.045+0000] {logging_mixin.py:190} INFO - [2024-08-31T18:34:48.045+0000] {override.py:1858} INFO - Created Permission View: can edit on DAG:example_nested_branch_dag
[2024-08-31T18:34:48.046+0000] {logging_mixin.py:190} INFO - [2024-08-31T18:34:48.045+0000] {dag.py:3211} INFO - Sync 1 DAGs
[2024-08-31T18:34:48.058+0000] {logging_mixin.py:190} INFO - [2024-08-31T18:34:48.058+0000] {dag.py:3234} INFO - Creating ORM DAG for example_nested_branch_dag
[2024-08-31T18:34:48.068+0000] {logging_mixin.py:190} INFO - [2024-08-31T18:34:48.068+0000] {dag.py:4138} INFO - Setting next_dagrun for example_nested_branch_dag to 2024-08-30 00:00:00+00:00, run_after=2024-08-31 00:00:00+00:00
[2024-08-31T18:34:48.086+0000] {processor.py:208} INFO - Processing /home/airflow/.local/lib/python3.12/site-packages/airflow/example_dags/example_nested_branch_dag.py took 0.171 seconds
[2024-08-31T18:35:19.038+0000] {processor.py:186} INFO - Started process (PID=159) to work on /home/airflow/.local/lib/python3.12/site-packages/airflow/example_dags/example_nested_branch_dag.py
[2024-08-31T18:35:19.039+0000] {processor.py:914} INFO - Processing file /home/airflow/.local/lib/python3.12/site-packages/airflow/example_dags/example_nested_branch_dag.py for tasks to queue
[2024-08-31T18:35:19.041+0000] {logging_mixin.py:190} INFO - [2024-08-31T18:35:19.041+0000] {dagbag.py:587} INFO - Filling up the DagBag from /home/airflow/.local/lib/python3.12/site-packages/airflow/example_dags/example_nested_branch_dag.py
[2024-08-31T18:35:19.051+0000] {processor.py:925} INFO - DAG(s) 'example_nested_branch_dag' retrieved from /home/airflow/.local/lib/python3.12/site-packages/airflow/example_dags/example_nested_branch_dag.py
[2024-08-31T18:35:19.071+0000] {logging_mixin.py:190} INFO - [2024-08-31T18:35:19.071+0000] {dag.py:3211} INFO - Sync 1 DAGs
[2024-08-31T18:35:19.093+0000] {logging_mixin.py:190} INFO - [2024-08-31T18:35:19.092+0000] {dag.py:4138} INFO - Setting next_dagrun for example_nested_branch_dag to 2024-08-30 00:00:00+00:00, run_after=2024-08-31 00:00:00+00:00
[2024-08-31T18:35:19.110+0000] {processor.py:208} INFO - Processing /home/airflow/.local/lib/python3.12/site-packages/airflow/example_dags/example_nested_branch_dag.py took 0.077 seconds
[2024-08-31T18:35:49.177+0000] {processor.py:186} INFO - Started process (PID=221) to work on /home/airflow/.local/lib/python3.12/site-packages/airflow/example_dags/example_nested_branch_dag.py
[2024-08-31T18:35:49.179+0000] {processor.py:914} INFO - Processing file /home/airflow/.local/lib/python3.12/site-packages/airflow/example_dags/example_nested_branch_dag.py for tasks to queue
[2024-08-31T18:35:49.183+0000] {logging_mixin.py:190} INFO - [2024-08-31T18:35:49.183+0000] {dagbag.py:587} INFO - Filling up the DagBag from /home/airflow/.local/lib/python3.12/site-packages/airflow/example_dags/example_nested_branch_dag.py
[2024-08-31T18:35:49.194+0000] {processor.py:925} INFO - DAG(s) 'example_nested_branch_dag' retrieved from /home/airflow/.local/lib/python3.12/site-packages/airflow/example_dags/example_nested_branch_dag.py
[2024-08-31T18:35:49.225+0000] {logging_mixin.py:190} INFO - [2024-08-31T18:35:49.224+0000] {dag.py:3211} INFO - Sync 1 DAGs
[2024-08-31T18:35:49.259+0000] {logging_mixin.py:190} INFO - [2024-08-31T18:35:49.259+0000] {dag.py:4138} INFO - Setting next_dagrun for example_nested_branch_dag to 2024-08-30 00:00:00+00:00, run_after=2024-08-31 00:00:00+00:00
[2024-08-31T18:35:49.292+0000] {processor.py:208} INFO - Processing /home/airflow/.local/lib/python3.12/site-packages/airflow/example_dags/example_nested_branch_dag.py took 0.120 seconds
[2024-08-31T18:36:19.755+0000] {processor.py:186} INFO - Started process (PID=283) to work on /home/airflow/.local/lib/python3.12/site-packages/airflow/example_dags/example_nested_branch_dag.py
[2024-08-31T18:36:19.759+0000] {processor.py:914} INFO - Processing file /home/airflow/.local/lib/python3.12/site-packages/airflow/example_dags/example_nested_branch_dag.py for tasks to queue
[2024-08-31T18:36:19.761+0000] {logging_mixin.py:190} INFO - [2024-08-31T18:36:19.761+0000] {dagbag.py:587} INFO - Filling up the DagBag from /home/airflow/.local/lib/python3.12/site-packages/airflow/example_dags/example_nested_branch_dag.py
[2024-08-31T18:36:19.772+0000] {processor.py:925} INFO - DAG(s) 'example_nested_branch_dag' retrieved from /home/airflow/.local/lib/python3.12/site-packages/airflow/example_dags/example_nested_branch_dag.py
[2024-08-31T18:36:19.796+0000] {logging_mixin.py:190} INFO - [2024-08-31T18:36:19.796+0000] {dag.py:3211} INFO - Sync 1 DAGs
[2024-08-31T18:36:19.821+0000] {logging_mixin.py:190} INFO - [2024-08-31T18:36:19.821+0000] {dag.py:4138} INFO - Setting next_dagrun for example_nested_branch_dag to 2024-08-30 00:00:00+00:00, run_after=2024-08-31 00:00:00+00:00
[2024-08-31T18:36:19.843+0000] {processor.py:208} INFO - Processing /home/airflow/.local/lib/python3.12/site-packages/airflow/example_dags/example_nested_branch_dag.py took 0.094 seconds
[2024-08-31T18:36:53.024+0000] {processor.py:186} INFO - Started process (PID=345) to work on /home/airflow/.local/lib/python3.12/site-packages/airflow/example_dags/example_nested_branch_dag.py
[2024-08-31T18:36:53.026+0000] {processor.py:914} INFO - Processing file /home/airflow/.local/lib/python3.12/site-packages/airflow/example_dags/example_nested_branch_dag.py for tasks to queue
[2024-08-31T18:36:53.028+0000] {logging_mixin.py:190} INFO - [2024-08-31T18:36:53.027+0000] {dagbag.py:587} INFO - Filling up the DagBag from /home/airflow/.local/lib/python3.12/site-packages/airflow/example_dags/example_nested_branch_dag.py
[2024-08-31T18:36:53.038+0000] {processor.py:925} INFO - DAG(s) 'example_nested_branch_dag' retrieved from /home/airflow/.local/lib/python3.12/site-packages/airflow/example_dags/example_nested_branch_dag.py
[2024-08-31T18:36:53.066+0000] {logging_mixin.py:190} INFO - [2024-08-31T18:36:53.065+0000] {dag.py:3211} INFO - Sync 1 DAGs
[2024-08-31T18:36:53.089+0000] {logging_mixin.py:190} INFO - [2024-08-31T18:36:53.088+0000] {dag.py:4138} INFO - Setting next_dagrun for example_nested_branch_dag to 2024-08-30 00:00:00+00:00, run_after=2024-08-31 00:00:00+00:00
[2024-08-31T18:36:53.108+0000] {processor.py:208} INFO - Processing /home/airflow/.local/lib/python3.12/site-packages/airflow/example_dags/example_nested_branch_dag.py took 0.089 seconds
[2024-08-31T18:37:23.848+0000] {processor.py:186} INFO - Started process (PID=407) to work on /home/airflow/.local/lib/python3.12/site-packages/airflow/example_dags/example_nested_branch_dag.py
[2024-08-31T18:37:23.850+0000] {processor.py:914} INFO - Processing file /home/airflow/.local/lib/python3.12/site-packages/airflow/example_dags/example_nested_branch_dag.py for tasks to queue
[2024-08-31T18:37:23.853+0000] {logging_mixin.py:190} INFO - [2024-08-31T18:37:23.853+0000] {dagbag.py:587} INFO - Filling up the DagBag from /home/airflow/.local/lib/python3.12/site-packages/airflow/example_dags/example_nested_branch_dag.py
[2024-08-31T18:37:23.870+0000] {processor.py:925} INFO - DAG(s) 'example_nested_branch_dag' retrieved from /home/airflow/.local/lib/python3.12/site-packages/airflow/example_dags/example_nested_branch_dag.py
[2024-08-31T18:37:23.891+0000] {logging_mixin.py:190} INFO - [2024-08-31T18:37:23.891+0000] {dag.py:3211} INFO - Sync 1 DAGs
[2024-08-31T18:37:23.912+0000] {logging_mixin.py:190} INFO - [2024-08-31T18:37:23.912+0000] {dag.py:4138} INFO - Setting next_dagrun for example_nested_branch_dag to 2024-08-30 00:00:00+00:00, run_after=2024-08-31 00:00:00+00:00
[2024-08-31T18:37:23.929+0000] {processor.py:208} INFO - Processing /home/airflow/.local/lib/python3.12/site-packages/airflow/example_dags/example_nested_branch_dag.py took 0.086 seconds
