[2024-08-31T18:34:46.488+0000] {processor.py:186} INFO - Started process (PID=85) to work on /home/airflow/.local/lib/python3.12/site-packages/airflow/example_dags/example_branch_python_dop_operator_3.py
[2024-08-31T18:34:46.488+0000] {processor.py:914} INFO - Processing file /home/airflow/.local/lib/python3.12/site-packages/airflow/example_dags/example_branch_python_dop_operator_3.py for tasks to queue
[2024-08-31T18:34:46.490+0000] {logging_mixin.py:190} INFO - [2024-08-31T18:34:46.490+0000] {dagbag.py:587} INFO - Filling up the DagBag from /home/airflow/.local/lib/python3.12/site-packages/airflow/example_dags/example_branch_python_dop_operator_3.py
[2024-08-31T18:34:46.501+0000] {processor.py:925} INFO - DAG(s) 'example_branch_dop_operator_v3' retrieved from /home/airflow/.local/lib/python3.12/site-packages/airflow/example_dags/example_branch_python_dop_operator_3.py
[2024-08-31T18:34:46.598+0000] {logging_mixin.py:190} INFO - [2024-08-31T18:34:46.597+0000] {override.py:1858} INFO - Created Permission View: can read on DAG:example_branch_dop_operator_v3
[2024-08-31T18:34:46.607+0000] {logging_mixin.py:190} INFO - [2024-08-31T18:34:46.606+0000] {override.py:1858} INFO - Created Permission View: can delete on DAG:example_branch_dop_operator_v3
[2024-08-31T18:34:46.615+0000] {logging_mixin.py:190} INFO - [2024-08-31T18:34:46.615+0000] {override.py:1858} INFO - Created Permission View: can edit on DAG:example_branch_dop_operator_v3
[2024-08-31T18:34:46.616+0000] {logging_mixin.py:190} INFO - [2024-08-31T18:34:46.615+0000] {dag.py:3211} INFO - Sync 1 DAGs
[2024-08-31T18:34:46.628+0000] {logging_mixin.py:190} INFO - [2024-08-31T18:34:46.628+0000] {dag.py:3234} INFO - Creating ORM DAG for example_branch_dop_operator_v3
[2024-08-31T18:34:46.640+0000] {logging_mixin.py:190} INFO - [2024-08-31T18:34:46.639+0000] {dag.py:4138} INFO - Setting next_dagrun for example_branch_dop_operator_v3 to 2024-08-31 18:33:00+00:00, run_after=2024-08-31 18:34:00+00:00
[2024-08-31T18:34:46.656+0000] {processor.py:208} INFO - Processing /home/airflow/.local/lib/python3.12/site-packages/airflow/example_dags/example_branch_python_dop_operator_3.py took 0.173 seconds
[2024-08-31T18:35:17.348+0000] {processor.py:186} INFO - Started process (PID=148) to work on /home/airflow/.local/lib/python3.12/site-packages/airflow/example_dags/example_branch_python_dop_operator_3.py
[2024-08-31T18:35:17.351+0000] {processor.py:914} INFO - Processing file /home/airflow/.local/lib/python3.12/site-packages/airflow/example_dags/example_branch_python_dop_operator_3.py for tasks to queue
[2024-08-31T18:35:17.354+0000] {logging_mixin.py:190} INFO - [2024-08-31T18:35:17.353+0000] {dagbag.py:587} INFO - Filling up the DagBag from /home/airflow/.local/lib/python3.12/site-packages/airflow/example_dags/example_branch_python_dop_operator_3.py
[2024-08-31T18:35:17.367+0000] {processor.py:925} INFO - DAG(s) 'example_branch_dop_operator_v3' retrieved from /home/airflow/.local/lib/python3.12/site-packages/airflow/example_dags/example_branch_python_dop_operator_3.py
[2024-08-31T18:35:17.396+0000] {logging_mixin.py:190} INFO - [2024-08-31T18:35:17.396+0000] {dag.py:3211} INFO - Sync 1 DAGs
[2024-08-31T18:35:17.427+0000] {logging_mixin.py:190} INFO - [2024-08-31T18:35:17.426+0000] {dag.py:4138} INFO - Setting next_dagrun for example_branch_dop_operator_v3 to 2024-08-31 18:34:00+00:00, run_after=2024-08-31 18:35:00+00:00
[2024-08-31T18:35:17.454+0000] {processor.py:208} INFO - Processing /home/airflow/.local/lib/python3.12/site-packages/airflow/example_dags/example_branch_python_dop_operator_3.py took 0.114 seconds
[2024-08-31T18:35:48.350+0000] {processor.py:186} INFO - Started process (PID=210) to work on /home/airflow/.local/lib/python3.12/site-packages/airflow/example_dags/example_branch_python_dop_operator_3.py
[2024-08-31T18:35:48.370+0000] {processor.py:914} INFO - Processing file /home/airflow/.local/lib/python3.12/site-packages/airflow/example_dags/example_branch_python_dop_operator_3.py for tasks to queue
[2024-08-31T18:35:48.372+0000] {logging_mixin.py:190} INFO - [2024-08-31T18:35:48.372+0000] {dagbag.py:587} INFO - Filling up the DagBag from /home/airflow/.local/lib/python3.12/site-packages/airflow/example_dags/example_branch_python_dop_operator_3.py
[2024-08-31T18:35:48.388+0000] {processor.py:925} INFO - DAG(s) 'example_branch_dop_operator_v3' retrieved from /home/airflow/.local/lib/python3.12/site-packages/airflow/example_dags/example_branch_python_dop_operator_3.py
[2024-08-31T18:35:48.429+0000] {logging_mixin.py:190} INFO - [2024-08-31T18:35:48.428+0000] {dag.py:3211} INFO - Sync 1 DAGs
[2024-08-31T18:35:48.470+0000] {logging_mixin.py:190} INFO - [2024-08-31T18:35:48.470+0000] {dag.py:4138} INFO - Setting next_dagrun for example_branch_dop_operator_v3 to 2024-08-31 18:34:00+00:00, run_after=2024-08-31 18:35:00+00:00
[2024-08-31T18:35:48.506+0000] {processor.py:208} INFO - Processing /home/airflow/.local/lib/python3.12/site-packages/airflow/example_dags/example_branch_python_dop_operator_3.py took 0.171 seconds
[2024-08-31T18:36:18.839+0000] {processor.py:186} INFO - Started process (PID=272) to work on /home/airflow/.local/lib/python3.12/site-packages/airflow/example_dags/example_branch_python_dop_operator_3.py
[2024-08-31T18:36:18.841+0000] {processor.py:914} INFO - Processing file /home/airflow/.local/lib/python3.12/site-packages/airflow/example_dags/example_branch_python_dop_operator_3.py for tasks to queue
[2024-08-31T18:36:18.845+0000] {logging_mixin.py:190} INFO - [2024-08-31T18:36:18.844+0000] {dagbag.py:587} INFO - Filling up the DagBag from /home/airflow/.local/lib/python3.12/site-packages/airflow/example_dags/example_branch_python_dop_operator_3.py
[2024-08-31T18:36:18.855+0000] {processor.py:925} INFO - DAG(s) 'example_branch_dop_operator_v3' retrieved from /home/airflow/.local/lib/python3.12/site-packages/airflow/example_dags/example_branch_python_dop_operator_3.py
[2024-08-31T18:36:18.884+0000] {logging_mixin.py:190} INFO - [2024-08-31T18:36:18.883+0000] {dag.py:3211} INFO - Sync 1 DAGs
[2024-08-31T18:36:18.917+0000] {logging_mixin.py:190} INFO - [2024-08-31T18:36:18.917+0000] {dag.py:4138} INFO - Setting next_dagrun for example_branch_dop_operator_v3 to 2024-08-31 18:35:00+00:00, run_after=2024-08-31 18:36:00+00:00
[2024-08-31T18:36:18.942+0000] {processor.py:208} INFO - Processing /home/airflow/.local/lib/python3.12/site-packages/airflow/example_dags/example_branch_python_dop_operator_3.py took 0.112 seconds
[2024-08-31T18:36:49.777+0000] {processor.py:186} INFO - Started process (PID=334) to work on /home/airflow/.local/lib/python3.12/site-packages/airflow/example_dags/example_branch_python_dop_operator_3.py
[2024-08-31T18:36:49.778+0000] {processor.py:914} INFO - Processing file /home/airflow/.local/lib/python3.12/site-packages/airflow/example_dags/example_branch_python_dop_operator_3.py for tasks to queue
[2024-08-31T18:36:49.780+0000] {logging_mixin.py:190} INFO - [2024-08-31T18:36:49.780+0000] {dagbag.py:587} INFO - Filling up the DagBag from /home/airflow/.local/lib/python3.12/site-packages/airflow/example_dags/example_branch_python_dop_operator_3.py
[2024-08-31T18:36:49.788+0000] {processor.py:925} INFO - DAG(s) 'example_branch_dop_operator_v3' retrieved from /home/airflow/.local/lib/python3.12/site-packages/airflow/example_dags/example_branch_python_dop_operator_3.py
[2024-08-31T18:36:49.804+0000] {logging_mixin.py:190} INFO - [2024-08-31T18:36:49.804+0000] {dag.py:3211} INFO - Sync 1 DAGs
[2024-08-31T18:36:49.828+0000] {logging_mixin.py:190} INFO - [2024-08-31T18:36:49.827+0000] {dag.py:4138} INFO - Setting next_dagrun for example_branch_dop_operator_v3 to 2024-08-31 18:35:00+00:00, run_after=2024-08-31 18:36:00+00:00
[2024-08-31T18:36:52.447+0000] {processor.py:208} INFO - Processing /home/airflow/.local/lib/python3.12/site-packages/airflow/example_dags/example_branch_python_dop_operator_3.py took 0.073 seconds
[2024-08-31T18:37:23.109+0000] {processor.py:186} INFO - Started process (PID=396) to work on /home/airflow/.local/lib/python3.12/site-packages/airflow/example_dags/example_branch_python_dop_operator_3.py
[2024-08-31T18:37:23.134+0000] {processor.py:914} INFO - Processing file /home/airflow/.local/lib/python3.12/site-packages/airflow/example_dags/example_branch_python_dop_operator_3.py for tasks to queue
[2024-08-31T18:37:23.137+0000] {logging_mixin.py:190} INFO - [2024-08-31T18:37:23.137+0000] {dagbag.py:587} INFO - Filling up the DagBag from /home/airflow/.local/lib/python3.12/site-packages/airflow/example_dags/example_branch_python_dop_operator_3.py
[2024-08-31T18:37:23.149+0000] {processor.py:925} INFO - DAG(s) 'example_branch_dop_operator_v3' retrieved from /home/airflow/.local/lib/python3.12/site-packages/airflow/example_dags/example_branch_python_dop_operator_3.py
[2024-08-31T18:37:23.165+0000] {logging_mixin.py:190} INFO - [2024-08-31T18:37:23.165+0000] {dag.py:3211} INFO - Sync 1 DAGs
[2024-08-31T18:37:23.188+0000] {logging_mixin.py:190} INFO - [2024-08-31T18:37:23.188+0000] {dag.py:4138} INFO - Setting next_dagrun for example_branch_dop_operator_v3 to 2024-08-31 18:36:00+00:00, run_after=2024-08-31 18:37:00+00:00
[2024-08-31T18:37:23.208+0000] {processor.py:208} INFO - Processing /home/airflow/.local/lib/python3.12/site-packages/airflow/example_dags/example_branch_python_dop_operator_3.py took 0.117 seconds
