[2024-08-31T18:34:44.901+0000] {processor.py:186} INFO - Started process (PID=74) to work on /home/airflow/.local/lib/python3.12/site-packages/airflow/example_dags/example_skip_dag.py
[2024-08-31T18:34:44.901+0000] {processor.py:914} INFO - Processing file /home/airflow/.local/lib/python3.12/site-packages/airflow/example_dags/example_skip_dag.py for tasks to queue
[2024-08-31T18:34:44.904+0000] {logging_mixin.py:190} INFO - [2024-08-31T18:34:44.904+0000] {dagbag.py:587} INFO - Filling up the DagBag from /home/airflow/.local/lib/python3.12/site-packages/airflow/example_dags/example_skip_dag.py
[2024-08-31T18:34:44.912+0000] {processor.py:925} INFO - DAG(s) 'example_skip_dag' retrieved from /home/airflow/.local/lib/python3.12/site-packages/airflow/example_dags/example_skip_dag.py
[2024-08-31T18:34:45.014+0000] {logging_mixin.py:190} INFO - [2024-08-31T18:34:45.013+0000] {override.py:1858} INFO - Created Permission View: can read on DAG:example_skip_dag
[2024-08-31T18:34:45.023+0000] {logging_mixin.py:190} INFO - [2024-08-31T18:34:45.023+0000] {override.py:1858} INFO - Created Permission View: can delete on DAG:example_skip_dag
[2024-08-31T18:34:45.031+0000] {logging_mixin.py:190} INFO - [2024-08-31T18:34:45.031+0000] {override.py:1858} INFO - Created Permission View: can edit on DAG:example_skip_dag
[2024-08-31T18:34:45.032+0000] {logging_mixin.py:190} INFO - [2024-08-31T18:34:45.031+0000] {dag.py:3211} INFO - Sync 1 DAGs
[2024-08-31T18:34:45.042+0000] {logging_mixin.py:190} INFO - [2024-08-31T18:34:45.042+0000] {dag.py:3234} INFO - Creating ORM DAG for example_skip_dag
[2024-08-31T18:34:45.052+0000] {logging_mixin.py:190} INFO - [2024-08-31T18:34:45.051+0000] {dag.py:4138} INFO - Setting next_dagrun for example_skip_dag to 2024-08-30 00:00:00+00:00, run_after=2024-08-31 00:00:00+00:00
[2024-08-31T18:34:45.068+0000] {processor.py:208} INFO - Processing /home/airflow/.local/lib/python3.12/site-packages/airflow/example_dags/example_skip_dag.py took 0.172 seconds
[2024-08-31T18:35:15.358+0000] {processor.py:186} INFO - Started process (PID=137) to work on /home/airflow/.local/lib/python3.12/site-packages/airflow/example_dags/example_skip_dag.py
[2024-08-31T18:35:15.360+0000] {processor.py:914} INFO - Processing file /home/airflow/.local/lib/python3.12/site-packages/airflow/example_dags/example_skip_dag.py for tasks to queue
[2024-08-31T18:35:15.362+0000] {logging_mixin.py:190} INFO - [2024-08-31T18:35:15.362+0000] {dagbag.py:587} INFO - Filling up the DagBag from /home/airflow/.local/lib/python3.12/site-packages/airflow/example_dags/example_skip_dag.py
[2024-08-31T18:35:15.371+0000] {processor.py:925} INFO - DAG(s) 'example_skip_dag' retrieved from /home/airflow/.local/lib/python3.12/site-packages/airflow/example_dags/example_skip_dag.py
[2024-08-31T18:35:15.394+0000] {logging_mixin.py:190} INFO - [2024-08-31T18:35:15.394+0000] {dag.py:3211} INFO - Sync 1 DAGs
[2024-08-31T18:35:15.414+0000] {logging_mixin.py:190} INFO - [2024-08-31T18:35:15.414+0000] {dag.py:4138} INFO - Setting next_dagrun for example_skip_dag to 2024-08-30 00:00:00+00:00, run_after=2024-08-31 00:00:00+00:00
[2024-08-31T18:35:15.433+0000] {processor.py:208} INFO - Processing /home/airflow/.local/lib/python3.12/site-packages/airflow/example_dags/example_skip_dag.py took 0.081 seconds
[2024-08-31T18:35:45.557+0000] {processor.py:186} INFO - Started process (PID=199) to work on /home/airflow/.local/lib/python3.12/site-packages/airflow/example_dags/example_skip_dag.py
[2024-08-31T18:35:45.558+0000] {processor.py:914} INFO - Processing file /home/airflow/.local/lib/python3.12/site-packages/airflow/example_dags/example_skip_dag.py for tasks to queue
[2024-08-31T18:35:45.561+0000] {logging_mixin.py:190} INFO - [2024-08-31T18:35:45.560+0000] {dagbag.py:587} INFO - Filling up the DagBag from /home/airflow/.local/lib/python3.12/site-packages/airflow/example_dags/example_skip_dag.py
[2024-08-31T18:35:45.568+0000] {processor.py:925} INFO - DAG(s) 'example_skip_dag' retrieved from /home/airflow/.local/lib/python3.12/site-packages/airflow/example_dags/example_skip_dag.py
[2024-08-31T18:35:45.590+0000] {logging_mixin.py:190} INFO - [2024-08-31T18:35:45.590+0000] {dag.py:3211} INFO - Sync 1 DAGs
[2024-08-31T18:35:45.612+0000] {logging_mixin.py:190} INFO - [2024-08-31T18:35:45.611+0000] {dag.py:4138} INFO - Setting next_dagrun for example_skip_dag to 2024-08-30 00:00:00+00:00, run_after=2024-08-31 00:00:00+00:00
[2024-08-31T18:35:45.630+0000] {processor.py:208} INFO - Processing /home/airflow/.local/lib/python3.12/site-packages/airflow/example_dags/example_skip_dag.py took 0.079 seconds
[2024-08-31T18:36:18.277+0000] {processor.py:186} INFO - Started process (PID=261) to work on /home/airflow/.local/lib/python3.12/site-packages/airflow/example_dags/example_skip_dag.py
[2024-08-31T18:36:18.278+0000] {processor.py:914} INFO - Processing file /home/airflow/.local/lib/python3.12/site-packages/airflow/example_dags/example_skip_dag.py for tasks to queue
[2024-08-31T18:36:18.281+0000] {logging_mixin.py:190} INFO - [2024-08-31T18:36:18.281+0000] {dagbag.py:587} INFO - Filling up the DagBag from /home/airflow/.local/lib/python3.12/site-packages/airflow/example_dags/example_skip_dag.py
[2024-08-31T18:36:18.288+0000] {processor.py:925} INFO - DAG(s) 'example_skip_dag' retrieved from /home/airflow/.local/lib/python3.12/site-packages/airflow/example_dags/example_skip_dag.py
[2024-08-31T18:36:18.307+0000] {logging_mixin.py:190} INFO - [2024-08-31T18:36:18.306+0000] {dag.py:3211} INFO - Sync 1 DAGs
[2024-08-31T18:36:18.328+0000] {logging_mixin.py:190} INFO - [2024-08-31T18:36:18.328+0000] {dag.py:4138} INFO - Setting next_dagrun for example_skip_dag to 2024-08-30 00:00:00+00:00, run_after=2024-08-31 00:00:00+00:00
[2024-08-31T18:36:18.344+0000] {processor.py:208} INFO - Processing /home/airflow/.local/lib/python3.12/site-packages/airflow/example_dags/example_skip_dag.py took 0.072 seconds
[2024-08-31T18:36:49.095+0000] {processor.py:186} INFO - Started process (PID=323) to work on /home/airflow/.local/lib/python3.12/site-packages/airflow/example_dags/example_skip_dag.py
[2024-08-31T18:36:49.097+0000] {processor.py:914} INFO - Processing file /home/airflow/.local/lib/python3.12/site-packages/airflow/example_dags/example_skip_dag.py for tasks to queue
[2024-08-31T18:36:49.102+0000] {logging_mixin.py:190} INFO - [2024-08-31T18:36:49.102+0000] {dagbag.py:587} INFO - Filling up the DagBag from /home/airflow/.local/lib/python3.12/site-packages/airflow/example_dags/example_skip_dag.py
[2024-08-31T18:36:49.109+0000] {processor.py:925} INFO - DAG(s) 'example_skip_dag' retrieved from /home/airflow/.local/lib/python3.12/site-packages/airflow/example_dags/example_skip_dag.py
[2024-08-31T18:36:49.135+0000] {logging_mixin.py:190} INFO - [2024-08-31T18:36:49.135+0000] {dag.py:3211} INFO - Sync 1 DAGs
[2024-08-31T18:36:49.157+0000] {logging_mixin.py:190} INFO - [2024-08-31T18:36:49.157+0000] {dag.py:4138} INFO - Setting next_dagrun for example_skip_dag to 2024-08-30 00:00:00+00:00, run_after=2024-08-31 00:00:00+00:00
[2024-08-31T18:36:49.175+0000] {processor.py:208} INFO - Processing /home/airflow/.local/lib/python3.12/site-packages/airflow/example_dags/example_skip_dag.py took 0.087 seconds
[2024-08-31T18:37:19.308+0000] {processor.py:186} INFO - Started process (PID=385) to work on /home/airflow/.local/lib/python3.12/site-packages/airflow/example_dags/example_skip_dag.py
[2024-08-31T18:37:19.308+0000] {processor.py:914} INFO - Processing file /home/airflow/.local/lib/python3.12/site-packages/airflow/example_dags/example_skip_dag.py for tasks to queue
[2024-08-31T18:37:19.310+0000] {logging_mixin.py:190} INFO - [2024-08-31T18:37:19.310+0000] {dagbag.py:587} INFO - Filling up the DagBag from /home/airflow/.local/lib/python3.12/site-packages/airflow/example_dags/example_skip_dag.py
[2024-08-31T18:37:19.316+0000] {processor.py:925} INFO - DAG(s) 'example_skip_dag' retrieved from /home/airflow/.local/lib/python3.12/site-packages/airflow/example_dags/example_skip_dag.py
[2024-08-31T18:37:19.334+0000] {logging_mixin.py:190} INFO - [2024-08-31T18:37:19.334+0000] {dag.py:3211} INFO - Sync 1 DAGs
[2024-08-31T18:37:19.355+0000] {logging_mixin.py:190} INFO - [2024-08-31T18:37:19.355+0000] {dag.py:4138} INFO - Setting next_dagrun for example_skip_dag to 2024-08-30 00:00:00+00:00, run_after=2024-08-31 00:00:00+00:00
[2024-08-31T18:37:19.371+0000] {processor.py:208} INFO - Processing /home/airflow/.local/lib/python3.12/site-packages/airflow/example_dags/example_skip_dag.py took 0.069 seconds
