[2024-08-31T18:34:47.517+0000] {processor.py:186} INFO - Started process (PID=92) to work on /home/airflow/.local/lib/python3.12/site-packages/airflow/example_dags/example_inlet_event_extra.py
[2024-08-31T18:34:47.518+0000] {processor.py:914} INFO - Processing file /home/airflow/.local/lib/python3.12/site-packages/airflow/example_dags/example_inlet_event_extra.py for tasks to queue
[2024-08-31T18:34:47.520+0000] {logging_mixin.py:190} INFO - [2024-08-31T18:34:47.519+0000] {dagbag.py:587} INFO - Filling up the DagBag from /home/airflow/.local/lib/python3.12/site-packages/airflow/example_dags/example_inlet_event_extra.py
[2024-08-31T18:34:47.664+0000] {processor.py:925} INFO - DAG(s) 'read_dataset_event_from_classic', 'read_dataset_event' retrieved from /home/airflow/.local/lib/python3.12/site-packages/airflow/example_dags/example_inlet_event_extra.py
[2024-08-31T18:34:47.765+0000] {logging_mixin.py:190} INFO - [2024-08-31T18:34:47.764+0000] {override.py:1858} INFO - Created Permission View: can read on DAG:read_dataset_event_from_classic
[2024-08-31T18:34:47.778+0000] {logging_mixin.py:190} INFO - [2024-08-31T18:34:47.777+0000] {override.py:1858} INFO - Created Permission View: can delete on DAG:read_dataset_event_from_classic
[2024-08-31T18:34:47.786+0000] {logging_mixin.py:190} INFO - [2024-08-31T18:34:47.786+0000] {override.py:1858} INFO - Created Permission View: can edit on DAG:read_dataset_event_from_classic
[2024-08-31T18:34:47.802+0000] {logging_mixin.py:190} INFO - [2024-08-31T18:34:47.802+0000] {override.py:1858} INFO - Created Permission View: can read on DAG:read_dataset_event
[2024-08-31T18:34:47.810+0000] {logging_mixin.py:190} INFO - [2024-08-31T18:34:47.810+0000] {override.py:1858} INFO - Created Permission View: can delete on DAG:read_dataset_event
[2024-08-31T18:34:47.820+0000] {logging_mixin.py:190} INFO - [2024-08-31T18:34:47.819+0000] {override.py:1858} INFO - Created Permission View: can edit on DAG:read_dataset_event
[2024-08-31T18:34:47.820+0000] {logging_mixin.py:190} INFO - [2024-08-31T18:34:47.820+0000] {dag.py:3211} INFO - Sync 2 DAGs
[2024-08-31T18:34:47.838+0000] {logging_mixin.py:190} INFO - [2024-08-31T18:34:47.837+0000] {dag.py:3234} INFO - Creating ORM DAG for read_dataset_event_from_classic
[2024-08-31T18:34:47.839+0000] {logging_mixin.py:190} INFO - [2024-08-31T18:34:47.839+0000] {dag.py:3234} INFO - Creating ORM DAG for read_dataset_event
[2024-08-31T18:34:47.851+0000] {logging_mixin.py:190} INFO - [2024-08-31T18:34:47.851+0000] {dag.py:4138} INFO - Setting next_dagrun for read_dataset_event to 2024-08-30 00:00:00+00:00, run_after=2024-08-31 00:00:00+00:00
[2024-08-31T18:34:47.853+0000] {logging_mixin.py:190} INFO - [2024-08-31T18:34:47.852+0000] {dag.py:4138} INFO - Setting next_dagrun for read_dataset_event_from_classic to 2024-08-30 00:00:00+00:00, run_after=2024-08-31 00:00:00+00:00
[2024-08-31T18:34:47.869+0000] {processor.py:208} INFO - Processing /home/airflow/.local/lib/python3.12/site-packages/airflow/example_dags/example_inlet_event_extra.py took 0.357 seconds
[2024-08-31T18:35:18.776+0000] {processor.py:186} INFO - Started process (PID=156) to work on /home/airflow/.local/lib/python3.12/site-packages/airflow/example_dags/example_inlet_event_extra.py
[2024-08-31T18:35:18.800+0000] {processor.py:914} INFO - Processing file /home/airflow/.local/lib/python3.12/site-packages/airflow/example_dags/example_inlet_event_extra.py for tasks to queue
[2024-08-31T18:35:18.803+0000] {logging_mixin.py:190} INFO - [2024-08-31T18:35:18.803+0000] {dagbag.py:587} INFO - Filling up the DagBag from /home/airflow/.local/lib/python3.12/site-packages/airflow/example_dags/example_inlet_event_extra.py
[2024-08-31T18:35:18.950+0000] {processor.py:925} INFO - DAG(s) 'read_dataset_event_from_classic', 'read_dataset_event' retrieved from /home/airflow/.local/lib/python3.12/site-packages/airflow/example_dags/example_inlet_event_extra.py
[2024-08-31T18:35:18.970+0000] {logging_mixin.py:190} INFO - [2024-08-31T18:35:18.970+0000] {dag.py:3211} INFO - Sync 2 DAGs
[2024-08-31T18:35:18.995+0000] {logging_mixin.py:190} INFO - [2024-08-31T18:35:18.994+0000] {dag.py:4138} INFO - Setting next_dagrun for read_dataset_event to 2024-08-30 00:00:00+00:00, run_after=2024-08-31 00:00:00+00:00
[2024-08-31T18:35:18.999+0000] {logging_mixin.py:190} INFO - [2024-08-31T18:35:18.998+0000] {dag.py:4138} INFO - Setting next_dagrun for read_dataset_event_from_classic to 2024-08-30 00:00:00+00:00, run_after=2024-08-31 00:00:00+00:00
[2024-08-31T18:35:19.016+0000] {processor.py:208} INFO - Processing /home/airflow/.local/lib/python3.12/site-packages/airflow/example_dags/example_inlet_event_extra.py took 0.251 seconds
[2024-08-31T18:35:49.070+0000] {processor.py:186} INFO - Started process (PID=219) to work on /home/airflow/.local/lib/python3.12/site-packages/airflow/example_dags/example_inlet_event_extra.py
[2024-08-31T18:35:49.071+0000] {processor.py:914} INFO - Processing file /home/airflow/.local/lib/python3.12/site-packages/airflow/example_dags/example_inlet_event_extra.py for tasks to queue
[2024-08-31T18:35:49.073+0000] {logging_mixin.py:190} INFO - [2024-08-31T18:35:49.073+0000] {dagbag.py:587} INFO - Filling up the DagBag from /home/airflow/.local/lib/python3.12/site-packages/airflow/example_dags/example_inlet_event_extra.py
[2024-08-31T18:35:49.223+0000] {processor.py:925} INFO - DAG(s) 'read_dataset_event', 'read_dataset_event_from_classic' retrieved from /home/airflow/.local/lib/python3.12/site-packages/airflow/example_dags/example_inlet_event_extra.py
[2024-08-31T18:35:49.265+0000] {logging_mixin.py:190} INFO - [2024-08-31T18:35:49.265+0000] {dag.py:3211} INFO - Sync 2 DAGs
[2024-08-31T18:35:49.297+0000] {logging_mixin.py:190} INFO - [2024-08-31T18:35:49.296+0000] {dag.py:4138} INFO - Setting next_dagrun for read_dataset_event to 2024-08-30 00:00:00+00:00, run_after=2024-08-31 00:00:00+00:00
[2024-08-31T18:35:49.301+0000] {logging_mixin.py:190} INFO - [2024-08-31T18:35:49.301+0000] {dag.py:4138} INFO - Setting next_dagrun for read_dataset_event_from_classic to 2024-08-30 00:00:00+00:00, run_after=2024-08-31 00:00:00+00:00
[2024-08-31T18:35:49.315+0000] {processor.py:208} INFO - Processing /home/airflow/.local/lib/python3.12/site-packages/airflow/example_dags/example_inlet_event_extra.py took 0.250 seconds
[2024-08-31T18:36:19.543+0000] {processor.py:186} INFO - Started process (PID=281) to work on /home/airflow/.local/lib/python3.12/site-packages/airflow/example_dags/example_inlet_event_extra.py
[2024-08-31T18:36:19.547+0000] {processor.py:914} INFO - Processing file /home/airflow/.local/lib/python3.12/site-packages/airflow/example_dags/example_inlet_event_extra.py for tasks to queue
[2024-08-31T18:36:19.551+0000] {logging_mixin.py:190} INFO - [2024-08-31T18:36:19.548+0000] {dagbag.py:587} INFO - Filling up the DagBag from /home/airflow/.local/lib/python3.12/site-packages/airflow/example_dags/example_inlet_event_extra.py
[2024-08-31T18:36:19.795+0000] {processor.py:925} INFO - DAG(s) 'read_dataset_event_from_classic', 'read_dataset_event' retrieved from /home/airflow/.local/lib/python3.12/site-packages/airflow/example_dags/example_inlet_event_extra.py
[2024-08-31T18:36:19.819+0000] {logging_mixin.py:190} INFO - [2024-08-31T18:36:19.819+0000] {dag.py:3211} INFO - Sync 2 DAGs
[2024-08-31T18:36:19.847+0000] {logging_mixin.py:190} INFO - [2024-08-31T18:36:19.846+0000] {dag.py:4138} INFO - Setting next_dagrun for read_dataset_event to 2024-08-30 00:00:00+00:00, run_after=2024-08-31 00:00:00+00:00
[2024-08-31T18:36:19.852+0000] {logging_mixin.py:190} INFO - [2024-08-31T18:36:19.851+0000] {dag.py:4138} INFO - Setting next_dagrun for read_dataset_event_from_classic to 2024-08-30 00:00:00+00:00, run_after=2024-08-31 00:00:00+00:00
[2024-08-31T18:36:19.875+0000] {processor.py:208} INFO - Processing /home/airflow/.local/lib/python3.12/site-packages/airflow/example_dags/example_inlet_event_extra.py took 0.349 seconds
[2024-08-31T18:36:52.784+0000] {processor.py:186} INFO - Started process (PID=342) to work on /home/airflow/.local/lib/python3.12/site-packages/airflow/example_dags/example_inlet_event_extra.py
[2024-08-31T18:36:52.786+0000] {processor.py:914} INFO - Processing file /home/airflow/.local/lib/python3.12/site-packages/airflow/example_dags/example_inlet_event_extra.py for tasks to queue
[2024-08-31T18:36:52.789+0000] {logging_mixin.py:190} INFO - [2024-08-31T18:36:52.789+0000] {dagbag.py:587} INFO - Filling up the DagBag from /home/airflow/.local/lib/python3.12/site-packages/airflow/example_dags/example_inlet_event_extra.py
[2024-08-31T18:36:52.920+0000] {processor.py:925} INFO - DAG(s) 'read_dataset_event', 'read_dataset_event_from_classic' retrieved from /home/airflow/.local/lib/python3.12/site-packages/airflow/example_dags/example_inlet_event_extra.py
[2024-08-31T18:36:52.944+0000] {logging_mixin.py:190} INFO - [2024-08-31T18:36:52.944+0000] {dag.py:3211} INFO - Sync 2 DAGs
[2024-08-31T18:36:52.971+0000] {logging_mixin.py:190} INFO - [2024-08-31T18:36:52.971+0000] {dag.py:4138} INFO - Setting next_dagrun for read_dataset_event to 2024-08-30 00:00:00+00:00, run_after=2024-08-31 00:00:00+00:00
[2024-08-31T18:36:52.976+0000] {logging_mixin.py:190} INFO - [2024-08-31T18:36:52.976+0000] {dag.py:4138} INFO - Setting next_dagrun for read_dataset_event_from_classic to 2024-08-30 00:00:00+00:00, run_after=2024-08-31 00:00:00+00:00
[2024-08-31T18:36:52.997+0000] {processor.py:208} INFO - Processing /home/airflow/.local/lib/python3.12/site-packages/airflow/example_dags/example_inlet_event_extra.py took 0.218 seconds
[2024-08-31T18:37:23.577+0000] {processor.py:186} INFO - Started process (PID=403) to work on /home/airflow/.local/lib/python3.12/site-packages/airflow/example_dags/example_inlet_event_extra.py
[2024-08-31T18:37:23.578+0000] {processor.py:914} INFO - Processing file /home/airflow/.local/lib/python3.12/site-packages/airflow/example_dags/example_inlet_event_extra.py for tasks to queue
[2024-08-31T18:37:23.580+0000] {logging_mixin.py:190} INFO - [2024-08-31T18:37:23.580+0000] {dagbag.py:587} INFO - Filling up the DagBag from /home/airflow/.local/lib/python3.12/site-packages/airflow/example_dags/example_inlet_event_extra.py
[2024-08-31T18:37:23.745+0000] {processor.py:925} INFO - DAG(s) 'read_dataset_event', 'read_dataset_event_from_classic' retrieved from /home/airflow/.local/lib/python3.12/site-packages/airflow/example_dags/example_inlet_event_extra.py
[2024-08-31T18:37:23.767+0000] {logging_mixin.py:190} INFO - [2024-08-31T18:37:23.766+0000] {dag.py:3211} INFO - Sync 2 DAGs
[2024-08-31T18:37:23.794+0000] {logging_mixin.py:190} INFO - [2024-08-31T18:37:23.794+0000] {dag.py:4138} INFO - Setting next_dagrun for read_dataset_event to 2024-08-30 00:00:00+00:00, run_after=2024-08-31 00:00:00+00:00
[2024-08-31T18:37:23.800+0000] {logging_mixin.py:190} INFO - [2024-08-31T18:37:23.800+0000] {dag.py:4138} INFO - Setting next_dagrun for read_dataset_event_from_classic to 2024-08-30 00:00:00+00:00, run_after=2024-08-31 00:00:00+00:00
[2024-08-31T18:37:23.818+0000] {processor.py:208} INFO - Processing /home/airflow/.local/lib/python3.12/site-packages/airflow/example_dags/example_inlet_event_extra.py took 0.248 seconds
