[2024-08-31T18:34:51.787+0000] {processor.py:186} INFO - Started process (PID=119) to work on /home/airflow/.local/lib/python3.12/site-packages/airflow/example_dags/example_external_task_marker_dag.py
[2024-08-31T18:34:51.787+0000] {processor.py:914} INFO - Processing file /home/airflow/.local/lib/python3.12/site-packages/airflow/example_dags/example_external_task_marker_dag.py for tasks to queue
[2024-08-31T18:34:51.790+0000] {logging_mixin.py:190} INFO - [2024-08-31T18:34:51.789+0000] {dagbag.py:587} INFO - Filling up the DagBag from /home/airflow/.local/lib/python3.12/site-packages/airflow/example_dags/example_external_task_marker_dag.py
[2024-08-31T18:34:51.797+0000] {processor.py:925} INFO - DAG(s) 'example_external_task_marker_child', 'example_external_task_marker_parent' retrieved from /home/airflow/.local/lib/python3.12/site-packages/airflow/example_dags/example_external_task_marker_dag.py
[2024-08-31T18:34:51.894+0000] {logging_mixin.py:190} INFO - [2024-08-31T18:34:51.893+0000] {override.py:1858} INFO - Created Permission View: can read on DAG:example_external_task_marker_child
[2024-08-31T18:34:51.905+0000] {logging_mixin.py:190} INFO - [2024-08-31T18:34:51.904+0000] {override.py:1858} INFO - Created Permission View: can delete on DAG:example_external_task_marker_child
[2024-08-31T18:34:51.911+0000] {logging_mixin.py:190} INFO - [2024-08-31T18:34:51.911+0000] {override.py:1858} INFO - Created Permission View: can edit on DAG:example_external_task_marker_child
[2024-08-31T18:34:51.925+0000] {logging_mixin.py:190} INFO - [2024-08-31T18:34:51.925+0000] {override.py:1858} INFO - Created Permission View: can read on DAG:example_external_task_marker_parent
[2024-08-31T18:34:51.933+0000] {logging_mixin.py:190} INFO - [2024-08-31T18:34:51.932+0000] {override.py:1858} INFO - Created Permission View: can delete on DAG:example_external_task_marker_parent
[2024-08-31T18:34:51.939+0000] {logging_mixin.py:190} INFO - [2024-08-31T18:34:51.939+0000] {override.py:1858} INFO - Created Permission View: can edit on DAG:example_external_task_marker_parent
[2024-08-31T18:34:51.939+0000] {logging_mixin.py:190} INFO - [2024-08-31T18:34:51.939+0000] {dag.py:3211} INFO - Sync 2 DAGs
[2024-08-31T18:34:51.951+0000] {logging_mixin.py:190} INFO - [2024-08-31T18:34:51.951+0000] {dag.py:3234} INFO - Creating ORM DAG for example_external_task_marker_child
[2024-08-31T18:34:51.952+0000] {logging_mixin.py:190} INFO - [2024-08-31T18:34:51.952+0000] {dag.py:3234} INFO - Creating ORM DAG for example_external_task_marker_parent
[2024-08-31T18:34:51.952+0000] {logging_mixin.py:190} INFO - [2024-08-31T18:34:51.952+0000] {dag.py:4138} INFO - Setting next_dagrun for example_external_task_marker_child to None, run_after=None
[2024-08-31T18:34:51.953+0000] {logging_mixin.py:190} INFO - [2024-08-31T18:34:51.953+0000] {dag.py:4138} INFO - Setting next_dagrun for example_external_task_marker_parent to None, run_after=None
[2024-08-31T18:34:51.971+0000] {processor.py:208} INFO - Processing /home/airflow/.local/lib/python3.12/site-packages/airflow/example_dags/example_external_task_marker_dag.py took 0.189 seconds
[2024-08-31T18:35:22.073+0000] {processor.py:186} INFO - Started process (PID=182) to work on /home/airflow/.local/lib/python3.12/site-packages/airflow/example_dags/example_external_task_marker_dag.py
[2024-08-31T18:35:22.074+0000] {processor.py:914} INFO - Processing file /home/airflow/.local/lib/python3.12/site-packages/airflow/example_dags/example_external_task_marker_dag.py for tasks to queue
[2024-08-31T18:35:22.077+0000] {logging_mixin.py:190} INFO - [2024-08-31T18:35:22.076+0000] {dagbag.py:587} INFO - Filling up the DagBag from /home/airflow/.local/lib/python3.12/site-packages/airflow/example_dags/example_external_task_marker_dag.py
[2024-08-31T18:35:22.087+0000] {processor.py:925} INFO - DAG(s) 'example_external_task_marker_child', 'example_external_task_marker_parent' retrieved from /home/airflow/.local/lib/python3.12/site-packages/airflow/example_dags/example_external_task_marker_dag.py
[2024-08-31T18:35:22.130+0000] {logging_mixin.py:190} INFO - [2024-08-31T18:35:22.130+0000] {dag.py:3211} INFO - Sync 2 DAGs
[2024-08-31T18:35:22.153+0000] {logging_mixin.py:190} INFO - [2024-08-31T18:35:22.153+0000] {dag.py:4138} INFO - Setting next_dagrun for example_external_task_marker_child to None, run_after=None
[2024-08-31T18:35:22.160+0000] {logging_mixin.py:190} INFO - [2024-08-31T18:35:22.159+0000] {dag.py:4138} INFO - Setting next_dagrun for example_external_task_marker_parent to None, run_after=None
[2024-08-31T18:35:22.204+0000] {processor.py:208} INFO - Processing /home/airflow/.local/lib/python3.12/site-packages/airflow/example_dags/example_external_task_marker_dag.py took 0.137 seconds
[2024-08-31T18:35:52.820+0000] {processor.py:186} INFO - Started process (PID=244) to work on /home/airflow/.local/lib/python3.12/site-packages/airflow/example_dags/example_external_task_marker_dag.py
[2024-08-31T18:35:52.821+0000] {processor.py:914} INFO - Processing file /home/airflow/.local/lib/python3.12/site-packages/airflow/example_dags/example_external_task_marker_dag.py for tasks to queue
[2024-08-31T18:35:52.823+0000] {logging_mixin.py:190} INFO - [2024-08-31T18:35:52.822+0000] {dagbag.py:587} INFO - Filling up the DagBag from /home/airflow/.local/lib/python3.12/site-packages/airflow/example_dags/example_external_task_marker_dag.py
[2024-08-31T18:35:52.830+0000] {processor.py:925} INFO - DAG(s) 'example_external_task_marker_parent', 'example_external_task_marker_child' retrieved from /home/airflow/.local/lib/python3.12/site-packages/airflow/example_dags/example_external_task_marker_dag.py
[2024-08-31T18:35:52.851+0000] {logging_mixin.py:190} INFO - [2024-08-31T18:35:52.851+0000] {dag.py:3211} INFO - Sync 2 DAGs
[2024-08-31T18:35:52.864+0000] {logging_mixin.py:190} INFO - [2024-08-31T18:35:52.864+0000] {dag.py:4138} INFO - Setting next_dagrun for example_external_task_marker_child to None, run_after=None
[2024-08-31T18:35:52.867+0000] {logging_mixin.py:190} INFO - [2024-08-31T18:35:52.867+0000] {dag.py:4138} INFO - Setting next_dagrun for example_external_task_marker_parent to None, run_after=None
[2024-08-31T18:35:52.882+0000] {processor.py:208} INFO - Processing /home/airflow/.local/lib/python3.12/site-packages/airflow/example_dags/example_external_task_marker_dag.py took 0.068 seconds
[2024-08-31T18:36:23.299+0000] {processor.py:186} INFO - Started process (PID=307) to work on /home/airflow/.local/lib/python3.12/site-packages/airflow/example_dags/example_external_task_marker_dag.py
[2024-08-31T18:36:23.300+0000] {processor.py:914} INFO - Processing file /home/airflow/.local/lib/python3.12/site-packages/airflow/example_dags/example_external_task_marker_dag.py for tasks to queue
[2024-08-31T18:36:23.302+0000] {logging_mixin.py:190} INFO - [2024-08-31T18:36:23.302+0000] {dagbag.py:587} INFO - Filling up the DagBag from /home/airflow/.local/lib/python3.12/site-packages/airflow/example_dags/example_external_task_marker_dag.py
[2024-08-31T18:36:23.310+0000] {processor.py:925} INFO - DAG(s) 'example_external_task_marker_child', 'example_external_task_marker_parent' retrieved from /home/airflow/.local/lib/python3.12/site-packages/airflow/example_dags/example_external_task_marker_dag.py
[2024-08-31T18:36:23.332+0000] {logging_mixin.py:190} INFO - [2024-08-31T18:36:23.332+0000] {dag.py:3211} INFO - Sync 2 DAGs
[2024-08-31T18:36:23.349+0000] {logging_mixin.py:190} INFO - [2024-08-31T18:36:23.348+0000] {dag.py:4138} INFO - Setting next_dagrun for example_external_task_marker_child to None, run_after=None
[2024-08-31T18:36:23.354+0000] {logging_mixin.py:190} INFO - [2024-08-31T18:36:23.353+0000] {dag.py:4138} INFO - Setting next_dagrun for example_external_task_marker_parent to None, run_after=None
[2024-08-31T18:36:23.376+0000] {processor.py:208} INFO - Processing /home/airflow/.local/lib/python3.12/site-packages/airflow/example_dags/example_external_task_marker_dag.py took 0.083 seconds
[2024-08-31T18:36:54.444+0000] {processor.py:186} INFO - Started process (PID=368) to work on /home/airflow/.local/lib/python3.12/site-packages/airflow/example_dags/example_external_task_marker_dag.py
[2024-08-31T18:36:54.445+0000] {processor.py:914} INFO - Processing file /home/airflow/.local/lib/python3.12/site-packages/airflow/example_dags/example_external_task_marker_dag.py for tasks to queue
[2024-08-31T18:36:54.447+0000] {logging_mixin.py:190} INFO - [2024-08-31T18:36:54.446+0000] {dagbag.py:587} INFO - Filling up the DagBag from /home/airflow/.local/lib/python3.12/site-packages/airflow/example_dags/example_external_task_marker_dag.py
[2024-08-31T18:36:54.456+0000] {processor.py:925} INFO - DAG(s) 'example_external_task_marker_child', 'example_external_task_marker_parent' retrieved from /home/airflow/.local/lib/python3.12/site-packages/airflow/example_dags/example_external_task_marker_dag.py
[2024-08-31T18:36:54.483+0000] {logging_mixin.py:190} INFO - [2024-08-31T18:36:54.482+0000] {dag.py:3211} INFO - Sync 2 DAGs
[2024-08-31T18:36:54.499+0000] {logging_mixin.py:190} INFO - [2024-08-31T18:36:54.499+0000] {dag.py:4138} INFO - Setting next_dagrun for example_external_task_marker_child to None, run_after=None
[2024-08-31T18:36:54.503+0000] {logging_mixin.py:190} INFO - [2024-08-31T18:36:54.502+0000] {dag.py:4138} INFO - Setting next_dagrun for example_external_task_marker_parent to None, run_after=None
[2024-08-31T18:36:54.519+0000] {processor.py:208} INFO - Processing /home/airflow/.local/lib/python3.12/site-packages/airflow/example_dags/example_external_task_marker_dag.py took 0.081 seconds
[2024-08-31T18:37:28.153+0000] {processor.py:186} INFO - Started process (PID=430) to work on /home/airflow/.local/lib/python3.12/site-packages/airflow/example_dags/example_external_task_marker_dag.py
[2024-08-31T18:37:28.155+0000] {processor.py:914} INFO - Processing file /home/airflow/.local/lib/python3.12/site-packages/airflow/example_dags/example_external_task_marker_dag.py for tasks to queue
[2024-08-31T18:37:28.157+0000] {logging_mixin.py:190} INFO - [2024-08-31T18:37:28.157+0000] {dagbag.py:587} INFO - Filling up the DagBag from /home/airflow/.local/lib/python3.12/site-packages/airflow/example_dags/example_external_task_marker_dag.py
[2024-08-31T18:37:28.165+0000] {processor.py:925} INFO - DAG(s) 'example_external_task_marker_child', 'example_external_task_marker_parent' retrieved from /home/airflow/.local/lib/python3.12/site-packages/airflow/example_dags/example_external_task_marker_dag.py
[2024-08-31T18:37:28.187+0000] {logging_mixin.py:190} INFO - [2024-08-31T18:37:28.186+0000] {dag.py:3211} INFO - Sync 2 DAGs
[2024-08-31T18:37:28.201+0000] {logging_mixin.py:190} INFO - [2024-08-31T18:37:28.201+0000] {dag.py:4138} INFO - Setting next_dagrun for example_external_task_marker_child to None, run_after=None
[2024-08-31T18:37:28.204+0000] {logging_mixin.py:190} INFO - [2024-08-31T18:37:28.204+0000] {dag.py:4138} INFO - Setting next_dagrun for example_external_task_marker_parent to None, run_after=None
[2024-08-31T18:37:28.222+0000] {processor.py:208} INFO - Processing /home/airflow/.local/lib/python3.12/site-packages/airflow/example_dags/example_external_task_marker_dag.py took 0.074 seconds
