[2024-08-31T18:34:46.920+0000] {processor.py:186} INFO - Started process (PID=88) to work on /home/airflow/.local/lib/python3.12/site-packages/airflow/example_dags/example_sla_dag.py
[2024-08-31T18:34:46.920+0000] {processor.py:914} INFO - Processing file /home/airflow/.local/lib/python3.12/site-packages/airflow/example_dags/example_sla_dag.py for tasks to queue
[2024-08-31T18:34:46.924+0000] {logging_mixin.py:190} INFO - [2024-08-31T18:34:46.923+0000] {dagbag.py:587} INFO - Filling up the DagBag from /home/airflow/.local/lib/python3.12/site-packages/airflow/example_dags/example_sla_dag.py
[2024-08-31T18:34:46.934+0000] {processor.py:925} INFO - DAG(s) 'example_sla_dag' retrieved from /home/airflow/.local/lib/python3.12/site-packages/airflow/example_dags/example_sla_dag.py
[2024-08-31T18:34:47.034+0000] {logging_mixin.py:190} INFO - [2024-08-31T18:34:47.033+0000] {override.py:1858} INFO - Created Permission View: can read on DAG:example_sla_dag
[2024-08-31T18:34:47.042+0000] {logging_mixin.py:190} INFO - [2024-08-31T18:34:47.042+0000] {override.py:1858} INFO - Created Permission View: can delete on DAG:example_sla_dag
[2024-08-31T18:34:47.050+0000] {logging_mixin.py:190} INFO - [2024-08-31T18:34:47.049+0000] {override.py:1858} INFO - Created Permission View: can edit on DAG:example_sla_dag
[2024-08-31T18:34:47.050+0000] {logging_mixin.py:190} INFO - [2024-08-31T18:34:47.050+0000] {dag.py:3211} INFO - Sync 1 DAGs
[2024-08-31T18:34:47.061+0000] {logging_mixin.py:190} INFO - [2024-08-31T18:34:47.061+0000] {dag.py:3234} INFO - Creating ORM DAG for example_sla_dag
[2024-08-31T18:34:47.072+0000] {logging_mixin.py:190} INFO - [2024-08-31T18:34:47.072+0000] {dag.py:4138} INFO - Setting next_dagrun for example_sla_dag to 2024-08-31 18:32:00+00:00, run_after=2024-08-31 18:34:00+00:00
[2024-08-31T18:34:47.091+0000] {processor.py:208} INFO - Processing /home/airflow/.local/lib/python3.12/site-packages/airflow/example_dags/example_sla_dag.py took 0.177 seconds
[2024-08-31T18:35:17.478+0000] {processor.py:186} INFO - Started process (PID=151) to work on /home/airflow/.local/lib/python3.12/site-packages/airflow/example_dags/example_sla_dag.py
[2024-08-31T18:35:17.478+0000] {processor.py:914} INFO - Processing file /home/airflow/.local/lib/python3.12/site-packages/airflow/example_dags/example_sla_dag.py for tasks to queue
[2024-08-31T18:35:17.480+0000] {logging_mixin.py:190} INFO - [2024-08-31T18:35:17.480+0000] {dagbag.py:587} INFO - Filling up the DagBag from /home/airflow/.local/lib/python3.12/site-packages/airflow/example_dags/example_sla_dag.py
[2024-08-31T18:35:17.489+0000] {processor.py:925} INFO - DAG(s) 'example_sla_dag' retrieved from /home/airflow/.local/lib/python3.12/site-packages/airflow/example_dags/example_sla_dag.py
[2024-08-31T18:35:17.507+0000] {logging_mixin.py:190} INFO - [2024-08-31T18:35:17.507+0000] {dag.py:3211} INFO - Sync 1 DAGs
[2024-08-31T18:35:17.535+0000] {logging_mixin.py:190} INFO - [2024-08-31T18:35:17.535+0000] {dag.py:4138} INFO - Setting next_dagrun for example_sla_dag to 2024-08-31 18:32:00+00:00, run_after=2024-08-31 18:34:00+00:00
[2024-08-31T18:35:17.555+0000] {processor.py:208} INFO - Processing /home/airflow/.local/lib/python3.12/site-packages/airflow/example_dags/example_sla_dag.py took 0.082 seconds
[2024-08-31T18:35:48.715+0000] {processor.py:186} INFO - Started process (PID=213) to work on /home/airflow/.local/lib/python3.12/site-packages/airflow/example_dags/example_sla_dag.py
[2024-08-31T18:35:48.717+0000] {processor.py:914} INFO - Processing file /home/airflow/.local/lib/python3.12/site-packages/airflow/example_dags/example_sla_dag.py for tasks to queue
[2024-08-31T18:35:48.718+0000] {logging_mixin.py:190} INFO - [2024-08-31T18:35:48.718+0000] {dagbag.py:587} INFO - Filling up the DagBag from /home/airflow/.local/lib/python3.12/site-packages/airflow/example_dags/example_sla_dag.py
[2024-08-31T18:35:48.727+0000] {processor.py:925} INFO - DAG(s) 'example_sla_dag' retrieved from /home/airflow/.local/lib/python3.12/site-packages/airflow/example_dags/example_sla_dag.py
[2024-08-31T18:35:48.747+0000] {logging_mixin.py:190} INFO - [2024-08-31T18:35:48.747+0000] {dag.py:3211} INFO - Sync 1 DAGs
[2024-08-31T18:35:48.772+0000] {logging_mixin.py:190} INFO - [2024-08-31T18:35:48.772+0000] {dag.py:4138} INFO - Setting next_dagrun for example_sla_dag to 2024-08-31 18:32:00+00:00, run_after=2024-08-31 18:34:00+00:00
[2024-08-31T18:35:48.792+0000] {processor.py:208} INFO - Processing /home/airflow/.local/lib/python3.12/site-packages/airflow/example_dags/example_sla_dag.py took 0.081 seconds
[2024-08-31T18:36:19.103+0000] {processor.py:186} INFO - Started process (PID=275) to work on /home/airflow/.local/lib/python3.12/site-packages/airflow/example_dags/example_sla_dag.py
[2024-08-31T18:36:19.104+0000] {processor.py:914} INFO - Processing file /home/airflow/.local/lib/python3.12/site-packages/airflow/example_dags/example_sla_dag.py for tasks to queue
[2024-08-31T18:36:19.106+0000] {logging_mixin.py:190} INFO - [2024-08-31T18:36:19.106+0000] {dagbag.py:587} INFO - Filling up the DagBag from /home/airflow/.local/lib/python3.12/site-packages/airflow/example_dags/example_sla_dag.py
[2024-08-31T18:36:19.115+0000] {processor.py:925} INFO - DAG(s) 'example_sla_dag' retrieved from /home/airflow/.local/lib/python3.12/site-packages/airflow/example_dags/example_sla_dag.py
[2024-08-31T18:36:19.135+0000] {logging_mixin.py:190} INFO - [2024-08-31T18:36:19.135+0000] {dag.py:3211} INFO - Sync 1 DAGs
[2024-08-31T18:36:19.158+0000] {logging_mixin.py:190} INFO - [2024-08-31T18:36:19.158+0000] {dag.py:4138} INFO - Setting next_dagrun for example_sla_dag to 2024-08-31 18:34:00+00:00, run_after=2024-08-31 18:36:00+00:00
[2024-08-31T18:36:19.175+0000] {processor.py:208} INFO - Processing /home/airflow/.local/lib/python3.12/site-packages/airflow/example_dags/example_sla_dag.py took 0.078 seconds
[2024-08-31T18:36:52.560+0000] {processor.py:186} INFO - Started process (PID=337) to work on /home/airflow/.local/lib/python3.12/site-packages/airflow/example_dags/example_sla_dag.py
[2024-08-31T18:36:52.562+0000] {processor.py:914} INFO - Processing file /home/airflow/.local/lib/python3.12/site-packages/airflow/example_dags/example_sla_dag.py for tasks to queue
[2024-08-31T18:36:52.564+0000] {logging_mixin.py:190} INFO - [2024-08-31T18:36:52.564+0000] {dagbag.py:587} INFO - Filling up the DagBag from /home/airflow/.local/lib/python3.12/site-packages/airflow/example_dags/example_sla_dag.py
[2024-08-31T18:36:52.573+0000] {processor.py:925} INFO - DAG(s) 'example_sla_dag' retrieved from /home/airflow/.local/lib/python3.12/site-packages/airflow/example_dags/example_sla_dag.py
[2024-08-31T18:36:52.590+0000] {logging_mixin.py:190} INFO - [2024-08-31T18:36:52.590+0000] {dag.py:3211} INFO - Sync 1 DAGs
[2024-08-31T18:36:52.615+0000] {logging_mixin.py:190} INFO - [2024-08-31T18:36:52.614+0000] {dag.py:4138} INFO - Setting next_dagrun for example_sla_dag to 2024-08-31 18:34:00+00:00, run_after=2024-08-31 18:36:00+00:00
[2024-08-31T18:36:52.631+0000] {processor.py:208} INFO - Processing /home/airflow/.local/lib/python3.12/site-packages/airflow/example_dags/example_sla_dag.py took 0.075 seconds
[2024-08-31T18:37:23.233+0000] {processor.py:186} INFO - Started process (PID=399) to work on /home/airflow/.local/lib/python3.12/site-packages/airflow/example_dags/example_sla_dag.py
[2024-08-31T18:37:23.235+0000] {processor.py:914} INFO - Processing file /home/airflow/.local/lib/python3.12/site-packages/airflow/example_dags/example_sla_dag.py for tasks to queue
[2024-08-31T18:37:23.237+0000] {logging_mixin.py:190} INFO - [2024-08-31T18:37:23.237+0000] {dagbag.py:587} INFO - Filling up the DagBag from /home/airflow/.local/lib/python3.12/site-packages/airflow/example_dags/example_sla_dag.py
[2024-08-31T18:37:23.245+0000] {processor.py:925} INFO - DAG(s) 'example_sla_dag' retrieved from /home/airflow/.local/lib/python3.12/site-packages/airflow/example_dags/example_sla_dag.py
[2024-08-31T18:37:23.262+0000] {logging_mixin.py:190} INFO - [2024-08-31T18:37:23.262+0000] {dag.py:3211} INFO - Sync 1 DAGs
[2024-08-31T18:37:23.288+0000] {logging_mixin.py:190} INFO - [2024-08-31T18:37:23.287+0000] {dag.py:4138} INFO - Setting next_dagrun for example_sla_dag to 2024-08-31 18:34:00+00:00, run_after=2024-08-31 18:36:00+00:00
[2024-08-31T18:37:23.308+0000] {processor.py:208} INFO - Processing /home/airflow/.local/lib/python3.12/site-packages/airflow/example_dags/example_sla_dag.py took 0.079 seconds
