[2024-08-31T18:34:46.889+0000] {processor.py:186} INFO - Started process (PID=87) to work on /home/airflow/.local/lib/python3.12/site-packages/airflow/example_dags/example_setup_teardown.py
[2024-08-31T18:34:46.890+0000] {processor.py:914} INFO - Processing file /home/airflow/.local/lib/python3.12/site-packages/airflow/example_dags/example_setup_teardown.py for tasks to queue
[2024-08-31T18:34:46.894+0000] {logging_mixin.py:190} INFO - [2024-08-31T18:34:46.894+0000] {dagbag.py:587} INFO - Filling up the DagBag from /home/airflow/.local/lib/python3.12/site-packages/airflow/example_dags/example_setup_teardown.py
[2024-08-31T18:34:46.903+0000] {processor.py:925} INFO - DAG(s) 'example_setup_teardown' retrieved from /home/airflow/.local/lib/python3.12/site-packages/airflow/example_dags/example_setup_teardown.py
[2024-08-31T18:34:47.014+0000] {logging_mixin.py:190} INFO - [2024-08-31T18:34:47.013+0000] {override.py:1858} INFO - Created Permission View: can read on DAG:example_setup_teardown
[2024-08-31T18:34:47.025+0000] {logging_mixin.py:190} INFO - [2024-08-31T18:34:47.024+0000] {override.py:1858} INFO - Created Permission View: can delete on DAG:example_setup_teardown
[2024-08-31T18:34:47.031+0000] {logging_mixin.py:190} INFO - [2024-08-31T18:34:47.031+0000] {override.py:1858} INFO - Created Permission View: can edit on DAG:example_setup_teardown
[2024-08-31T18:34:47.031+0000] {logging_mixin.py:190} INFO - [2024-08-31T18:34:47.031+0000] {dag.py:3211} INFO - Sync 1 DAGs
[2024-08-31T18:34:47.044+0000] {logging_mixin.py:190} INFO - [2024-08-31T18:34:47.044+0000] {dag.py:3234} INFO - Creating ORM DAG for example_setup_teardown
[2024-08-31T18:34:47.055+0000] {logging_mixin.py:190} INFO - [2024-08-31T18:34:47.054+0000] {dag.py:4138} INFO - Setting next_dagrun for example_setup_teardown to 2024-08-30 00:00:00+00:00, run_after=2024-08-31 00:00:00+00:00
[2024-08-31T18:34:47.074+0000] {processor.py:208} INFO - Processing /home/airflow/.local/lib/python3.12/site-packages/airflow/example_dags/example_setup_teardown.py took 0.192 seconds
[2024-08-31T18:35:17.444+0000] {processor.py:186} INFO - Started process (PID=150) to work on /home/airflow/.local/lib/python3.12/site-packages/airflow/example_dags/example_setup_teardown.py
[2024-08-31T18:35:17.445+0000] {processor.py:914} INFO - Processing file /home/airflow/.local/lib/python3.12/site-packages/airflow/example_dags/example_setup_teardown.py for tasks to queue
[2024-08-31T18:35:17.447+0000] {logging_mixin.py:190} INFO - [2024-08-31T18:35:17.447+0000] {dagbag.py:587} INFO - Filling up the DagBag from /home/airflow/.local/lib/python3.12/site-packages/airflow/example_dags/example_setup_teardown.py
[2024-08-31T18:35:17.455+0000] {processor.py:925} INFO - DAG(s) 'example_setup_teardown' retrieved from /home/airflow/.local/lib/python3.12/site-packages/airflow/example_dags/example_setup_teardown.py
[2024-08-31T18:35:17.474+0000] {logging_mixin.py:190} INFO - [2024-08-31T18:35:17.474+0000] {dag.py:3211} INFO - Sync 1 DAGs
[2024-08-31T18:35:17.494+0000] {logging_mixin.py:190} INFO - [2024-08-31T18:35:17.494+0000] {dag.py:4138} INFO - Setting next_dagrun for example_setup_teardown to 2024-08-30 00:00:00+00:00, run_after=2024-08-31 00:00:00+00:00
[2024-08-31T18:35:17.511+0000] {processor.py:208} INFO - Processing /home/airflow/.local/lib/python3.12/site-packages/airflow/example_dags/example_setup_teardown.py took 0.072 seconds
[2024-08-31T18:35:48.652+0000] {processor.py:186} INFO - Started process (PID=212) to work on /home/airflow/.local/lib/python3.12/site-packages/airflow/example_dags/example_setup_teardown.py
[2024-08-31T18:35:48.653+0000] {processor.py:914} INFO - Processing file /home/airflow/.local/lib/python3.12/site-packages/airflow/example_dags/example_setup_teardown.py for tasks to queue
[2024-08-31T18:35:48.654+0000] {logging_mixin.py:190} INFO - [2024-08-31T18:35:48.654+0000] {dagbag.py:587} INFO - Filling up the DagBag from /home/airflow/.local/lib/python3.12/site-packages/airflow/example_dags/example_setup_teardown.py
[2024-08-31T18:35:48.665+0000] {processor.py:925} INFO - DAG(s) 'example_setup_teardown' retrieved from /home/airflow/.local/lib/python3.12/site-packages/airflow/example_dags/example_setup_teardown.py
[2024-08-31T18:35:48.693+0000] {logging_mixin.py:190} INFO - [2024-08-31T18:35:48.693+0000] {dag.py:3211} INFO - Sync 1 DAGs
[2024-08-31T18:35:48.718+0000] {logging_mixin.py:190} INFO - [2024-08-31T18:35:48.718+0000] {dag.py:4138} INFO - Setting next_dagrun for example_setup_teardown to 2024-08-30 00:00:00+00:00, run_after=2024-08-31 00:00:00+00:00
[2024-08-31T18:35:48.739+0000] {processor.py:208} INFO - Processing /home/airflow/.local/lib/python3.12/site-packages/airflow/example_dags/example_setup_teardown.py took 0.093 seconds
[2024-08-31T18:36:19.061+0000] {processor.py:186} INFO - Started process (PID=274) to work on /home/airflow/.local/lib/python3.12/site-packages/airflow/example_dags/example_setup_teardown.py
[2024-08-31T18:36:19.062+0000] {processor.py:914} INFO - Processing file /home/airflow/.local/lib/python3.12/site-packages/airflow/example_dags/example_setup_teardown.py for tasks to queue
[2024-08-31T18:36:19.064+0000] {logging_mixin.py:190} INFO - [2024-08-31T18:36:19.064+0000] {dagbag.py:587} INFO - Filling up the DagBag from /home/airflow/.local/lib/python3.12/site-packages/airflow/example_dags/example_setup_teardown.py
[2024-08-31T18:36:19.073+0000] {processor.py:925} INFO - DAG(s) 'example_setup_teardown' retrieved from /home/airflow/.local/lib/python3.12/site-packages/airflow/example_dags/example_setup_teardown.py
[2024-08-31T18:36:19.101+0000] {logging_mixin.py:190} INFO - [2024-08-31T18:36:19.100+0000] {dag.py:3211} INFO - Sync 1 DAGs
[2024-08-31T18:36:19.123+0000] {logging_mixin.py:190} INFO - [2024-08-31T18:36:19.123+0000] {dag.py:4138} INFO - Setting next_dagrun for example_setup_teardown to 2024-08-30 00:00:00+00:00, run_after=2024-08-31 00:00:00+00:00
[2024-08-31T18:36:19.144+0000] {processor.py:208} INFO - Processing /home/airflow/.local/lib/python3.12/site-packages/airflow/example_dags/example_setup_teardown.py took 0.088 seconds
[2024-08-31T18:36:52.468+0000] {processor.py:186} INFO - Started process (PID=336) to work on /home/airflow/.local/lib/python3.12/site-packages/airflow/example_dags/example_setup_teardown.py
[2024-08-31T18:36:52.469+0000] {processor.py:914} INFO - Processing file /home/airflow/.local/lib/python3.12/site-packages/airflow/example_dags/example_setup_teardown.py for tasks to queue
[2024-08-31T18:36:52.471+0000] {logging_mixin.py:190} INFO - [2024-08-31T18:36:52.471+0000] {dagbag.py:587} INFO - Filling up the DagBag from /home/airflow/.local/lib/python3.12/site-packages/airflow/example_dags/example_setup_teardown.py
[2024-08-31T18:36:52.479+0000] {processor.py:925} INFO - DAG(s) 'example_setup_teardown' retrieved from /home/airflow/.local/lib/python3.12/site-packages/airflow/example_dags/example_setup_teardown.py
[2024-08-31T18:36:52.500+0000] {logging_mixin.py:190} INFO - [2024-08-31T18:36:52.500+0000] {dag.py:3211} INFO - Sync 1 DAGs
[2024-08-31T18:36:52.521+0000] {logging_mixin.py:190} INFO - [2024-08-31T18:36:52.521+0000] {dag.py:4138} INFO - Setting next_dagrun for example_setup_teardown to 2024-08-30 00:00:00+00:00, run_after=2024-08-31 00:00:00+00:00
[2024-08-31T18:36:52.539+0000] {processor.py:208} INFO - Processing /home/airflow/.local/lib/python3.12/site-packages/airflow/example_dags/example_setup_teardown.py took 0.077 seconds
[2024-08-31T18:37:23.215+0000] {processor.py:186} INFO - Started process (PID=398) to work on /home/airflow/.local/lib/python3.12/site-packages/airflow/example_dags/example_setup_teardown.py
[2024-08-31T18:37:23.217+0000] {processor.py:914} INFO - Processing file /home/airflow/.local/lib/python3.12/site-packages/airflow/example_dags/example_setup_teardown.py for tasks to queue
[2024-08-31T18:37:23.219+0000] {logging_mixin.py:190} INFO - [2024-08-31T18:37:23.219+0000] {dagbag.py:587} INFO - Filling up the DagBag from /home/airflow/.local/lib/python3.12/site-packages/airflow/example_dags/example_setup_teardown.py
[2024-08-31T18:37:23.226+0000] {processor.py:925} INFO - DAG(s) 'example_setup_teardown' retrieved from /home/airflow/.local/lib/python3.12/site-packages/airflow/example_dags/example_setup_teardown.py
[2024-08-31T18:37:23.243+0000] {logging_mixin.py:190} INFO - [2024-08-31T18:37:23.243+0000] {dag.py:3211} INFO - Sync 1 DAGs
[2024-08-31T18:37:23.263+0000] {logging_mixin.py:190} INFO - [2024-08-31T18:37:23.263+0000] {dag.py:4138} INFO - Setting next_dagrun for example_setup_teardown to 2024-08-30 00:00:00+00:00, run_after=2024-08-31 00:00:00+00:00
[2024-08-31T18:37:23.283+0000] {processor.py:208} INFO - Processing /home/airflow/.local/lib/python3.12/site-packages/airflow/example_dags/example_setup_teardown.py took 0.074 seconds
