[2024-08-31T18:34:48.850+0000] {processor.py:186} INFO - Started process (PID=102) to work on /home/airflow/.local/lib/python3.12/site-packages/airflow/example_dags/example_display_name.py
[2024-08-31T18:34:48.853+0000] {processor.py:914} INFO - Processing file /home/airflow/.local/lib/python3.12/site-packages/airflow/example_dags/example_display_name.py for tasks to queue
[2024-08-31T18:34:48.855+0000] {logging_mixin.py:190} INFO - [2024-08-31T18:34:48.854+0000] {dagbag.py:587} INFO - Filling up the DagBag from /home/airflow/.local/lib/python3.12/site-packages/airflow/example_dags/example_display_name.py
[2024-08-31T18:34:48.869+0000] {processor.py:925} INFO - DAG(s) 'example_display_name' retrieved from /home/airflow/.local/lib/python3.12/site-packages/airflow/example_dags/example_display_name.py
[2024-08-31T18:34:49.025+0000] {logging_mixin.py:190} INFO - [2024-08-31T18:34:49.024+0000] {override.py:1858} INFO - Created Permission View: can read on DAG:example_display_name
[2024-08-31T18:34:49.033+0000] {logging_mixin.py:190} INFO - [2024-08-31T18:34:49.033+0000] {override.py:1858} INFO - Created Permission View: can delete on DAG:example_display_name
[2024-08-31T18:34:49.039+0000] {logging_mixin.py:190} INFO - [2024-08-31T18:34:49.039+0000] {override.py:1858} INFO - Created Permission View: can edit on DAG:example_display_name
[2024-08-31T18:34:49.040+0000] {logging_mixin.py:190} INFO - [2024-08-31T18:34:49.040+0000] {dag.py:3211} INFO - Sync 1 DAGs
[2024-08-31T18:34:49.052+0000] {logging_mixin.py:190} INFO - [2024-08-31T18:34:49.052+0000] {dag.py:3234} INFO - Creating ORM DAG for example_display_name
[2024-08-31T18:34:49.053+0000] {logging_mixin.py:190} INFO - [2024-08-31T18:34:49.053+0000] {dag.py:4138} INFO - Setting next_dagrun for example_display_name to None, run_after=None
[2024-08-31T18:34:49.070+0000] {processor.py:208} INFO - Processing /home/airflow/.local/lib/python3.12/site-packages/airflow/example_dags/example_display_name.py took 0.232 seconds
[2024-08-31T18:35:19.414+0000] {processor.py:186} INFO - Started process (PID=165) to work on /home/airflow/.local/lib/python3.12/site-packages/airflow/example_dags/example_display_name.py
[2024-08-31T18:35:19.415+0000] {processor.py:914} INFO - Processing file /home/airflow/.local/lib/python3.12/site-packages/airflow/example_dags/example_display_name.py for tasks to queue
[2024-08-31T18:35:19.416+0000] {logging_mixin.py:190} INFO - [2024-08-31T18:35:19.416+0000] {dagbag.py:587} INFO - Filling up the DagBag from /home/airflow/.local/lib/python3.12/site-packages/airflow/example_dags/example_display_name.py
[2024-08-31T18:35:19.423+0000] {processor.py:925} INFO - DAG(s) 'example_display_name' retrieved from /home/airflow/.local/lib/python3.12/site-packages/airflow/example_dags/example_display_name.py
[2024-08-31T18:35:19.439+0000] {logging_mixin.py:190} INFO - [2024-08-31T18:35:19.439+0000] {dag.py:3211} INFO - Sync 1 DAGs
[2024-08-31T18:35:19.451+0000] {logging_mixin.py:190} INFO - [2024-08-31T18:35:19.451+0000] {dag.py:4138} INFO - Setting next_dagrun for example_display_name to None, run_after=None
[2024-08-31T18:35:19.467+0000] {processor.py:208} INFO - Processing /home/airflow/.local/lib/python3.12/site-packages/airflow/example_dags/example_display_name.py took 0.058 seconds
[2024-08-31T18:35:49.597+0000] {processor.py:186} INFO - Started process (PID=227) to work on /home/airflow/.local/lib/python3.12/site-packages/airflow/example_dags/example_display_name.py
[2024-08-31T18:35:49.598+0000] {processor.py:914} INFO - Processing file /home/airflow/.local/lib/python3.12/site-packages/airflow/example_dags/example_display_name.py for tasks to queue
[2024-08-31T18:35:49.600+0000] {logging_mixin.py:190} INFO - [2024-08-31T18:35:49.600+0000] {dagbag.py:587} INFO - Filling up the DagBag from /home/airflow/.local/lib/python3.12/site-packages/airflow/example_dags/example_display_name.py
[2024-08-31T18:35:49.607+0000] {processor.py:925} INFO - DAG(s) 'example_display_name' retrieved from /home/airflow/.local/lib/python3.12/site-packages/airflow/example_dags/example_display_name.py
[2024-08-31T18:35:49.627+0000] {logging_mixin.py:190} INFO - [2024-08-31T18:35:49.626+0000] {dag.py:3211} INFO - Sync 1 DAGs
[2024-08-31T18:35:49.640+0000] {logging_mixin.py:190} INFO - [2024-08-31T18:35:49.640+0000] {dag.py:4138} INFO - Setting next_dagrun for example_display_name to None, run_after=None
[2024-08-31T18:35:49.657+0000] {processor.py:208} INFO - Processing /home/airflow/.local/lib/python3.12/site-packages/airflow/example_dags/example_display_name.py took 0.066 seconds
[2024-08-31T18:36:20.102+0000] {processor.py:186} INFO - Started process (PID=289) to work on /home/airflow/.local/lib/python3.12/site-packages/airflow/example_dags/example_display_name.py
[2024-08-31T18:36:20.103+0000] {processor.py:914} INFO - Processing file /home/airflow/.local/lib/python3.12/site-packages/airflow/example_dags/example_display_name.py for tasks to queue
[2024-08-31T18:36:20.105+0000] {logging_mixin.py:190} INFO - [2024-08-31T18:36:20.105+0000] {dagbag.py:587} INFO - Filling up the DagBag from /home/airflow/.local/lib/python3.12/site-packages/airflow/example_dags/example_display_name.py
[2024-08-31T18:36:20.112+0000] {processor.py:925} INFO - DAG(s) 'example_display_name' retrieved from /home/airflow/.local/lib/python3.12/site-packages/airflow/example_dags/example_display_name.py
[2024-08-31T18:36:20.135+0000] {logging_mixin.py:190} INFO - [2024-08-31T18:36:20.135+0000] {dag.py:3211} INFO - Sync 1 DAGs
[2024-08-31T18:36:20.149+0000] {logging_mixin.py:190} INFO - [2024-08-31T18:36:20.149+0000] {dag.py:4138} INFO - Setting next_dagrun for example_display_name to None, run_after=None
[2024-08-31T18:36:20.169+0000] {processor.py:208} INFO - Processing /home/airflow/.local/lib/python3.12/site-packages/airflow/example_dags/example_display_name.py took 0.072 seconds
[2024-08-31T18:36:53.313+0000] {processor.py:186} INFO - Started process (PID=351) to work on /home/airflow/.local/lib/python3.12/site-packages/airflow/example_dags/example_display_name.py
[2024-08-31T18:36:53.315+0000] {processor.py:914} INFO - Processing file /home/airflow/.local/lib/python3.12/site-packages/airflow/example_dags/example_display_name.py for tasks to queue
[2024-08-31T18:36:53.317+0000] {logging_mixin.py:190} INFO - [2024-08-31T18:36:53.317+0000] {dagbag.py:587} INFO - Filling up the DagBag from /home/airflow/.local/lib/python3.12/site-packages/airflow/example_dags/example_display_name.py
[2024-08-31T18:36:53.325+0000] {processor.py:925} INFO - DAG(s) 'example_display_name' retrieved from /home/airflow/.local/lib/python3.12/site-packages/airflow/example_dags/example_display_name.py
[2024-08-31T18:36:53.341+0000] {logging_mixin.py:190} INFO - [2024-08-31T18:36:53.340+0000] {dag.py:3211} INFO - Sync 1 DAGs
[2024-08-31T18:36:53.353+0000] {logging_mixin.py:190} INFO - [2024-08-31T18:36:53.353+0000] {dag.py:4138} INFO - Setting next_dagrun for example_display_name to None, run_after=None
[2024-08-31T18:36:53.368+0000] {processor.py:208} INFO - Processing /home/airflow/.local/lib/python3.12/site-packages/airflow/example_dags/example_display_name.py took 0.061 seconds
[2024-08-31T18:37:24.153+0000] {processor.py:186} INFO - Started process (PID=413) to work on /home/airflow/.local/lib/python3.12/site-packages/airflow/example_dags/example_display_name.py
[2024-08-31T18:37:24.153+0000] {processor.py:914} INFO - Processing file /home/airflow/.local/lib/python3.12/site-packages/airflow/example_dags/example_display_name.py for tasks to queue
[2024-08-31T18:37:24.155+0000] {logging_mixin.py:190} INFO - [2024-08-31T18:37:24.155+0000] {dagbag.py:587} INFO - Filling up the DagBag from /home/airflow/.local/lib/python3.12/site-packages/airflow/example_dags/example_display_name.py
[2024-08-31T18:37:24.163+0000] {processor.py:925} INFO - DAG(s) 'example_display_name' retrieved from /home/airflow/.local/lib/python3.12/site-packages/airflow/example_dags/example_display_name.py
[2024-08-31T18:37:24.183+0000] {logging_mixin.py:190} INFO - [2024-08-31T18:37:24.182+0000] {dag.py:3211} INFO - Sync 1 DAGs
[2024-08-31T18:37:24.197+0000] {logging_mixin.py:190} INFO - [2024-08-31T18:37:24.196+0000] {dag.py:4138} INFO - Setting next_dagrun for example_display_name to None, run_after=None
[2024-08-31T18:37:24.213+0000] {processor.py:208} INFO - Processing /home/airflow/.local/lib/python3.12/site-packages/airflow/example_dags/example_display_name.py took 0.065 seconds
