[2024-08-31T18:34:45.853+0000] {processor.py:186} INFO - Started process (PID=82) to work on /home/airflow/.local/lib/python3.12/site-packages/airflow/example_dags/example_datasets.py
[2024-08-31T18:34:45.854+0000] {processor.py:914} INFO - Processing file /home/airflow/.local/lib/python3.12/site-packages/airflow/example_dags/example_datasets.py for tasks to queue
[2024-08-31T18:34:45.856+0000] {logging_mixin.py:190} INFO - [2024-08-31T18:34:45.855+0000] {dagbag.py:587} INFO - Filling up the DagBag from /home/airflow/.local/lib/python3.12/site-packages/airflow/example_dags/example_datasets.py
[2024-08-31T18:34:46.370+0000] {processor.py:925} INFO - DAG(s) 'consume_1_or_2_with_dataset_expressions', 'consume_1_or_both_2_and_3_with_dataset_expressions', 'dataset_produces_1', 'conditional_dataset_and_time_based_timetable', 'dataset_consumes_1', 'dataset_consumes_unknown_never_scheduled', 'consume_1_and_2_with_dataset_expressions', 'dataset_produces_2', 'dataset_consumes_1_never_scheduled', 'dataset_consumes_1_and_2' retrieved from /home/airflow/.local/lib/python3.12/site-packages/airflow/example_dags/example_datasets.py
[2024-08-31T18:34:46.483+0000] {logging_mixin.py:190} INFO - [2024-08-31T18:34:46.482+0000] {override.py:1858} INFO - Created Permission View: can read on DAG:consume_1_or_2_with_dataset_expressions
[2024-08-31T18:34:46.494+0000] {logging_mixin.py:190} INFO - [2024-08-31T18:34:46.494+0000] {override.py:1858} INFO - Created Permission View: can delete on DAG:consume_1_or_2_with_dataset_expressions
[2024-08-31T18:34:46.501+0000] {logging_mixin.py:190} INFO - [2024-08-31T18:34:46.500+0000] {override.py:1858} INFO - Created Permission View: can edit on DAG:consume_1_or_2_with_dataset_expressions
[2024-08-31T18:34:46.514+0000] {logging_mixin.py:190} INFO - [2024-08-31T18:34:46.513+0000] {override.py:1858} INFO - Created Permission View: can read on DAG:consume_1_or_both_2_and_3_with_dataset_expressions
[2024-08-31T18:34:46.539+0000] {logging_mixin.py:190} INFO - [2024-08-31T18:34:46.538+0000] {override.py:1858} INFO - Created Permission View: can delete on DAG:consume_1_or_both_2_and_3_with_dataset_expressions
[2024-08-31T18:34:46.546+0000] {logging_mixin.py:190} INFO - [2024-08-31T18:34:46.545+0000] {override.py:1858} INFO - Created Permission View: can edit on DAG:consume_1_or_both_2_and_3_with_dataset_expressions
[2024-08-31T18:34:46.557+0000] {logging_mixin.py:190} INFO - [2024-08-31T18:34:46.557+0000] {override.py:1858} INFO - Created Permission View: can read on DAG:dataset_produces_1
[2024-08-31T18:34:46.565+0000] {logging_mixin.py:190} INFO - [2024-08-31T18:34:46.564+0000] {override.py:1858} INFO - Created Permission View: can delete on DAG:dataset_produces_1
[2024-08-31T18:34:46.572+0000] {logging_mixin.py:190} INFO - [2024-08-31T18:34:46.572+0000] {override.py:1858} INFO - Created Permission View: can edit on DAG:dataset_produces_1
[2024-08-31T18:34:46.588+0000] {logging_mixin.py:190} INFO - [2024-08-31T18:34:46.588+0000] {override.py:1858} INFO - Created Permission View: can read on DAG:conditional_dataset_and_time_based_timetable
[2024-08-31T18:34:46.595+0000] {logging_mixin.py:190} INFO - [2024-08-31T18:34:46.595+0000] {override.py:1858} INFO - Created Permission View: can delete on DAG:conditional_dataset_and_time_based_timetable
[2024-08-31T18:34:46.601+0000] {logging_mixin.py:190} INFO - [2024-08-31T18:34:46.600+0000] {override.py:1858} INFO - Created Permission View: can edit on DAG:conditional_dataset_and_time_based_timetable
[2024-08-31T18:34:46.613+0000] {logging_mixin.py:190} INFO - [2024-08-31T18:34:46.613+0000] {override.py:1858} INFO - Created Permission View: can read on DAG:dataset_consumes_1
[2024-08-31T18:34:46.620+0000] {logging_mixin.py:190} INFO - [2024-08-31T18:34:46.620+0000] {override.py:1858} INFO - Created Permission View: can delete on DAG:dataset_consumes_1
[2024-08-31T18:34:46.627+0000] {logging_mixin.py:190} INFO - [2024-08-31T18:34:46.626+0000] {override.py:1858} INFO - Created Permission View: can edit on DAG:dataset_consumes_1
[2024-08-31T18:34:46.639+0000] {logging_mixin.py:190} INFO - [2024-08-31T18:34:46.639+0000] {override.py:1858} INFO - Created Permission View: can read on DAG:dataset_consumes_unknown_never_scheduled
[2024-08-31T18:34:46.646+0000] {logging_mixin.py:190} INFO - [2024-08-31T18:34:46.645+0000] {override.py:1858} INFO - Created Permission View: can delete on DAG:dataset_consumes_unknown_never_scheduled
[2024-08-31T18:34:46.652+0000] {logging_mixin.py:190} INFO - [2024-08-31T18:34:46.651+0000] {override.py:1858} INFO - Created Permission View: can edit on DAG:dataset_consumes_unknown_never_scheduled
[2024-08-31T18:34:46.670+0000] {logging_mixin.py:190} INFO - [2024-08-31T18:34:46.669+0000] {override.py:1858} INFO - Created Permission View: can read on DAG:consume_1_and_2_with_dataset_expressions
[2024-08-31T18:34:46.678+0000] {logging_mixin.py:190} INFO - [2024-08-31T18:34:46.678+0000] {override.py:1858} INFO - Created Permission View: can delete on DAG:consume_1_and_2_with_dataset_expressions
[2024-08-31T18:34:46.689+0000] {logging_mixin.py:190} INFO - [2024-08-31T18:34:46.689+0000] {override.py:1858} INFO - Created Permission View: can edit on DAG:consume_1_and_2_with_dataset_expressions
[2024-08-31T18:34:46.707+0000] {logging_mixin.py:190} INFO - [2024-08-31T18:34:46.706+0000] {override.py:1858} INFO - Created Permission View: can read on DAG:dataset_produces_2
[2024-08-31T18:34:46.715+0000] {logging_mixin.py:190} INFO - [2024-08-31T18:34:46.715+0000] {override.py:1858} INFO - Created Permission View: can delete on DAG:dataset_produces_2
[2024-08-31T18:34:46.725+0000] {logging_mixin.py:190} INFO - [2024-08-31T18:34:46.725+0000] {override.py:1858} INFO - Created Permission View: can edit on DAG:dataset_produces_2
[2024-08-31T18:34:46.743+0000] {logging_mixin.py:190} INFO - [2024-08-31T18:34:46.742+0000] {override.py:1858} INFO - Created Permission View: can read on DAG:dataset_consumes_1_never_scheduled
[2024-08-31T18:34:46.752+0000] {logging_mixin.py:190} INFO - [2024-08-31T18:34:46.752+0000] {override.py:1858} INFO - Created Permission View: can delete on DAG:dataset_consumes_1_never_scheduled
[2024-08-31T18:34:46.771+0000] {logging_mixin.py:190} INFO - [2024-08-31T18:34:46.770+0000] {override.py:1858} INFO - Created Permission View: can edit on DAG:dataset_consumes_1_never_scheduled
[2024-08-31T18:34:46.792+0000] {logging_mixin.py:190} INFO - [2024-08-31T18:34:46.791+0000] {override.py:1858} INFO - Created Permission View: can read on DAG:dataset_consumes_1_and_2
[2024-08-31T18:34:46.801+0000] {logging_mixin.py:190} INFO - [2024-08-31T18:34:46.800+0000] {override.py:1858} INFO - Created Permission View: can delete on DAG:dataset_consumes_1_and_2
[2024-08-31T18:34:46.808+0000] {logging_mixin.py:190} INFO - [2024-08-31T18:34:46.808+0000] {override.py:1858} INFO - Created Permission View: can edit on DAG:dataset_consumes_1_and_2
[2024-08-31T18:34:46.808+0000] {logging_mixin.py:190} INFO - [2024-08-31T18:34:46.808+0000] {dag.py:3211} INFO - Sync 10 DAGs
[2024-08-31T18:34:46.822+0000] {logging_mixin.py:190} INFO - [2024-08-31T18:34:46.822+0000] {dag.py:3234} INFO - Creating ORM DAG for dataset_produces_2
[2024-08-31T18:34:46.823+0000] {logging_mixin.py:190} INFO - [2024-08-31T18:34:46.823+0000] {dag.py:3234} INFO - Creating ORM DAG for dataset_produces_1
[2024-08-31T18:34:46.823+0000] {logging_mixin.py:190} INFO - [2024-08-31T18:34:46.823+0000] {dag.py:3234} INFO - Creating ORM DAG for dataset_consumes_1_never_scheduled
[2024-08-31T18:34:46.824+0000] {logging_mixin.py:190} INFO - [2024-08-31T18:34:46.824+0000] {dag.py:3234} INFO - Creating ORM DAG for dataset_consumes_1
[2024-08-31T18:34:46.824+0000] {logging_mixin.py:190} INFO - [2024-08-31T18:34:46.824+0000] {dag.py:3234} INFO - Creating ORM DAG for conditional_dataset_and_time_based_timetable
[2024-08-31T18:34:46.825+0000] {logging_mixin.py:190} INFO - [2024-08-31T18:34:46.824+0000] {dag.py:3234} INFO - Creating ORM DAG for consume_1_and_2_with_dataset_expressions
[2024-08-31T18:34:46.825+0000] {logging_mixin.py:190} INFO - [2024-08-31T18:34:46.825+0000] {dag.py:3234} INFO - Creating ORM DAG for consume_1_or_2_with_dataset_expressions
[2024-08-31T18:34:46.825+0000] {logging_mixin.py:190} INFO - [2024-08-31T18:34:46.825+0000] {dag.py:3234} INFO - Creating ORM DAG for dataset_consumes_1_and_2
[2024-08-31T18:34:46.826+0000] {logging_mixin.py:190} INFO - [2024-08-31T18:34:46.826+0000] {dag.py:3234} INFO - Creating ORM DAG for dataset_consumes_unknown_never_scheduled
[2024-08-31T18:34:46.826+0000] {logging_mixin.py:190} INFO - [2024-08-31T18:34:46.826+0000] {dag.py:3234} INFO - Creating ORM DAG for consume_1_or_both_2_and_3_with_dataset_expressions
[2024-08-31T18:34:46.835+0000] {logging_mixin.py:190} INFO - [2024-08-31T18:34:46.835+0000] {dag.py:4138} INFO - Setting next_dagrun for conditional_dataset_and_time_based_timetable to 2024-08-28 01:00:00+00:00, run_after=2024-08-28 01:00:00+00:00
[2024-08-31T18:34:46.835+0000] {logging_mixin.py:190} INFO - [2024-08-31T18:34:46.835+0000] {dag.py:4138} INFO - Setting next_dagrun for consume_1_and_2_with_dataset_expressions to None, run_after=None
[2024-08-31T18:34:46.836+0000] {logging_mixin.py:190} INFO - [2024-08-31T18:34:46.836+0000] {dag.py:4138} INFO - Setting next_dagrun for consume_1_or_2_with_dataset_expressions to None, run_after=None
[2024-08-31T18:34:46.836+0000] {logging_mixin.py:190} INFO - [2024-08-31T18:34:46.836+0000] {dag.py:4138} INFO - Setting next_dagrun for consume_1_or_both_2_and_3_with_dataset_expressions to None, run_after=None
[2024-08-31T18:34:46.836+0000] {logging_mixin.py:190} INFO - [2024-08-31T18:34:46.836+0000] {dag.py:4138} INFO - Setting next_dagrun for dataset_consumes_1 to None, run_after=None
[2024-08-31T18:34:46.836+0000] {logging_mixin.py:190} INFO - [2024-08-31T18:34:46.836+0000] {dag.py:4138} INFO - Setting next_dagrun for dataset_consumes_1_and_2 to None, run_after=None
[2024-08-31T18:34:46.837+0000] {logging_mixin.py:190} INFO - [2024-08-31T18:34:46.837+0000] {dag.py:4138} INFO - Setting next_dagrun for dataset_consumes_1_never_scheduled to None, run_after=None
[2024-08-31T18:34:46.837+0000] {logging_mixin.py:190} INFO - [2024-08-31T18:34:46.837+0000] {dag.py:4138} INFO - Setting next_dagrun for dataset_consumes_unknown_never_scheduled to None, run_after=None
[2024-08-31T18:34:46.838+0000] {logging_mixin.py:190} INFO - [2024-08-31T18:34:46.838+0000] {dag.py:4138} INFO - Setting next_dagrun for dataset_produces_1 to 2024-08-30 00:00:00+00:00, run_after=2024-08-31 00:00:00+00:00
[2024-08-31T18:34:46.839+0000] {logging_mixin.py:190} INFO - [2024-08-31T18:34:46.839+0000] {dag.py:4138} INFO - Setting next_dagrun for dataset_produces_2 to None, run_after=None
[2024-08-31T18:34:46.886+0000] {processor.py:208} INFO - Processing /home/airflow/.local/lib/python3.12/site-packages/airflow/example_dags/example_datasets.py took 1.038 seconds
[2024-08-31T18:35:17.025+0000] {processor.py:186} INFO - Started process (PID=147) to work on /home/airflow/.local/lib/python3.12/site-packages/airflow/example_dags/example_datasets.py
[2024-08-31T18:35:17.026+0000] {processor.py:914} INFO - Processing file /home/airflow/.local/lib/python3.12/site-packages/airflow/example_dags/example_datasets.py for tasks to queue
[2024-08-31T18:35:17.028+0000] {logging_mixin.py:190} INFO - [2024-08-31T18:35:17.027+0000] {dagbag.py:587} INFO - Filling up the DagBag from /home/airflow/.local/lib/python3.12/site-packages/airflow/example_dags/example_datasets.py
[2024-08-31T18:35:17.166+0000] {processor.py:925} INFO - DAG(s) 'conditional_dataset_and_time_based_timetable', 'dataset_consumes_1_and_2', 'consume_1_and_2_with_dataset_expressions', 'consume_1_or_both_2_and_3_with_dataset_expressions', 'consume_1_or_2_with_dataset_expressions', 'dataset_consumes_1_never_scheduled', 'dataset_consumes_unknown_never_scheduled', 'dataset_produces_2', 'dataset_consumes_1', 'dataset_produces_1' retrieved from /home/airflow/.local/lib/python3.12/site-packages/airflow/example_dags/example_datasets.py
[2024-08-31T18:35:17.206+0000] {logging_mixin.py:190} INFO - [2024-08-31T18:35:17.206+0000] {dag.py:3211} INFO - Sync 10 DAGs
[2024-08-31T18:35:17.240+0000] {logging_mixin.py:190} INFO - [2024-08-31T18:35:17.239+0000] {dag.py:4138} INFO - Setting next_dagrun for conditional_dataset_and_time_based_timetable to 2024-08-28 01:00:00+00:00, run_after=2024-08-28 01:00:00+00:00
[2024-08-31T18:35:17.245+0000] {logging_mixin.py:190} INFO - [2024-08-31T18:35:17.244+0000] {dag.py:4138} INFO - Setting next_dagrun for consume_1_and_2_with_dataset_expressions to None, run_after=None
[2024-08-31T18:35:17.247+0000] {logging_mixin.py:190} INFO - [2024-08-31T18:35:17.247+0000] {dag.py:4138} INFO - Setting next_dagrun for consume_1_or_2_with_dataset_expressions to None, run_after=None
[2024-08-31T18:35:17.250+0000] {logging_mixin.py:190} INFO - [2024-08-31T18:35:17.250+0000] {dag.py:4138} INFO - Setting next_dagrun for consume_1_or_both_2_and_3_with_dataset_expressions to None, run_after=None
[2024-08-31T18:35:17.253+0000] {logging_mixin.py:190} INFO - [2024-08-31T18:35:17.252+0000] {dag.py:4138} INFO - Setting next_dagrun for dataset_consumes_1 to None, run_after=None
[2024-08-31T18:35:17.254+0000] {logging_mixin.py:190} INFO - [2024-08-31T18:35:17.254+0000] {dag.py:4138} INFO - Setting next_dagrun for dataset_consumes_1_and_2 to None, run_after=None
[2024-08-31T18:35:17.255+0000] {logging_mixin.py:190} INFO - [2024-08-31T18:35:17.255+0000] {dag.py:4138} INFO - Setting next_dagrun for dataset_consumes_1_never_scheduled to None, run_after=None
[2024-08-31T18:35:17.256+0000] {logging_mixin.py:190} INFO - [2024-08-31T18:35:17.256+0000] {dag.py:4138} INFO - Setting next_dagrun for dataset_consumes_unknown_never_scheduled to None, run_after=None
[2024-08-31T18:35:17.258+0000] {logging_mixin.py:190} INFO - [2024-08-31T18:35:17.258+0000] {dag.py:4138} INFO - Setting next_dagrun for dataset_produces_1 to 2024-08-30 00:00:00+00:00, run_after=2024-08-31 00:00:00+00:00
[2024-08-31T18:35:17.259+0000] {logging_mixin.py:190} INFO - [2024-08-31T18:35:17.259+0000] {dag.py:4138} INFO - Setting next_dagrun for dataset_produces_2 to None, run_after=None
[2024-08-31T18:35:17.318+0000] {processor.py:208} INFO - Processing /home/airflow/.local/lib/python3.12/site-packages/airflow/example_dags/example_datasets.py took 0.298 seconds
[2024-08-31T18:35:48.322+0000] {processor.py:186} INFO - Started process (PID=209) to work on /home/airflow/.local/lib/python3.12/site-packages/airflow/example_dags/example_datasets.py
[2024-08-31T18:35:48.330+0000] {processor.py:914} INFO - Processing file /home/airflow/.local/lib/python3.12/site-packages/airflow/example_dags/example_datasets.py for tasks to queue
[2024-08-31T18:35:48.339+0000] {logging_mixin.py:190} INFO - [2024-08-31T18:35:48.332+0000] {dagbag.py:587} INFO - Filling up the DagBag from /home/airflow/.local/lib/python3.12/site-packages/airflow/example_dags/example_datasets.py
[2024-08-31T18:35:48.543+0000] {processor.py:925} INFO - DAG(s) 'consume_1_or_both_2_and_3_with_dataset_expressions', 'conditional_dataset_and_time_based_timetable', 'dataset_consumes_1', 'consume_1_and_2_with_dataset_expressions', 'consume_1_or_2_with_dataset_expressions', 'dataset_consumes_unknown_never_scheduled', 'dataset_produces_2', 'dataset_consumes_1_never_scheduled', 'dataset_consumes_1_and_2', 'dataset_produces_1' retrieved from /home/airflow/.local/lib/python3.12/site-packages/airflow/example_dags/example_datasets.py
[2024-08-31T18:35:48.602+0000] {logging_mixin.py:190} INFO - [2024-08-31T18:35:48.602+0000] {dag.py:3211} INFO - Sync 10 DAGs
[2024-08-31T18:35:48.630+0000] {logging_mixin.py:190} INFO - [2024-08-31T18:35:48.629+0000] {dag.py:4138} INFO - Setting next_dagrun for conditional_dataset_and_time_based_timetable to 2024-08-28 01:00:00+00:00, run_after=2024-08-28 01:00:00+00:00
[2024-08-31T18:35:48.635+0000] {logging_mixin.py:190} INFO - [2024-08-31T18:35:48.635+0000] {dag.py:4138} INFO - Setting next_dagrun for consume_1_and_2_with_dataset_expressions to None, run_after=None
[2024-08-31T18:35:48.637+0000] {logging_mixin.py:190} INFO - [2024-08-31T18:35:48.637+0000] {dag.py:4138} INFO - Setting next_dagrun for consume_1_or_2_with_dataset_expressions to None, run_after=None
[2024-08-31T18:35:48.638+0000] {logging_mixin.py:190} INFO - [2024-08-31T18:35:48.638+0000] {dag.py:4138} INFO - Setting next_dagrun for consume_1_or_both_2_and_3_with_dataset_expressions to None, run_after=None
[2024-08-31T18:35:48.639+0000] {logging_mixin.py:190} INFO - [2024-08-31T18:35:48.639+0000] {dag.py:4138} INFO - Setting next_dagrun for dataset_consumes_1 to None, run_after=None
[2024-08-31T18:35:48.640+0000] {logging_mixin.py:190} INFO - [2024-08-31T18:35:48.640+0000] {dag.py:4138} INFO - Setting next_dagrun for dataset_consumes_1_and_2 to None, run_after=None
[2024-08-31T18:35:48.641+0000] {logging_mixin.py:190} INFO - [2024-08-31T18:35:48.641+0000] {dag.py:4138} INFO - Setting next_dagrun for dataset_consumes_1_never_scheduled to None, run_after=None
[2024-08-31T18:35:48.642+0000] {logging_mixin.py:190} INFO - [2024-08-31T18:35:48.642+0000] {dag.py:4138} INFO - Setting next_dagrun for dataset_consumes_unknown_never_scheduled to None, run_after=None
[2024-08-31T18:35:48.644+0000] {logging_mixin.py:190} INFO - [2024-08-31T18:35:48.644+0000] {dag.py:4138} INFO - Setting next_dagrun for dataset_produces_1 to 2024-08-30 00:00:00+00:00, run_after=2024-08-31 00:00:00+00:00
[2024-08-31T18:35:48.645+0000] {logging_mixin.py:190} INFO - [2024-08-31T18:35:48.645+0000] {dag.py:4138} INFO - Setting next_dagrun for dataset_produces_2 to None, run_after=None
[2024-08-31T18:35:48.682+0000] {processor.py:208} INFO - Processing /home/airflow/.local/lib/python3.12/site-packages/airflow/example_dags/example_datasets.py took 0.365 seconds
[2024-08-31T18:36:18.766+0000] {processor.py:186} INFO - Started process (PID=271) to work on /home/airflow/.local/lib/python3.12/site-packages/airflow/example_dags/example_datasets.py
[2024-08-31T18:36:18.767+0000] {processor.py:914} INFO - Processing file /home/airflow/.local/lib/python3.12/site-packages/airflow/example_dags/example_datasets.py for tasks to queue
[2024-08-31T18:36:18.769+0000] {logging_mixin.py:190} INFO - [2024-08-31T18:36:18.769+0000] {dagbag.py:587} INFO - Filling up the DagBag from /home/airflow/.local/lib/python3.12/site-packages/airflow/example_dags/example_datasets.py
[2024-08-31T18:36:18.954+0000] {processor.py:925} INFO - DAG(s) 'dataset_consumes_1', 'dataset_produces_1', 'consume_1_and_2_with_dataset_expressions', 'dataset_consumes_unknown_never_scheduled', 'conditional_dataset_and_time_based_timetable', 'dataset_produces_2', 'consume_1_or_2_with_dataset_expressions', 'dataset_consumes_1_never_scheduled', 'consume_1_or_both_2_and_3_with_dataset_expressions', 'dataset_consumes_1_and_2' retrieved from /home/airflow/.local/lib/python3.12/site-packages/airflow/example_dags/example_datasets.py
[2024-08-31T18:36:18.998+0000] {logging_mixin.py:190} INFO - [2024-08-31T18:36:18.998+0000] {dag.py:3211} INFO - Sync 10 DAGs
[2024-08-31T18:36:19.024+0000] {logging_mixin.py:190} INFO - [2024-08-31T18:36:19.024+0000] {dag.py:4138} INFO - Setting next_dagrun for conditional_dataset_and_time_based_timetable to 2024-08-28 01:00:00+00:00, run_after=2024-08-28 01:00:00+00:00
[2024-08-31T18:36:19.028+0000] {logging_mixin.py:190} INFO - [2024-08-31T18:36:19.027+0000] {dag.py:4138} INFO - Setting next_dagrun for consume_1_and_2_with_dataset_expressions to None, run_after=None
[2024-08-31T18:36:19.030+0000] {logging_mixin.py:190} INFO - [2024-08-31T18:36:19.029+0000] {dag.py:4138} INFO - Setting next_dagrun for consume_1_or_2_with_dataset_expressions to None, run_after=None
[2024-08-31T18:36:19.032+0000] {logging_mixin.py:190} INFO - [2024-08-31T18:36:19.031+0000] {dag.py:4138} INFO - Setting next_dagrun for consume_1_or_both_2_and_3_with_dataset_expressions to None, run_after=None
[2024-08-31T18:36:19.034+0000] {logging_mixin.py:190} INFO - [2024-08-31T18:36:19.033+0000] {dag.py:4138} INFO - Setting next_dagrun for dataset_consumes_1 to None, run_after=None
[2024-08-31T18:36:19.035+0000] {logging_mixin.py:190} INFO - [2024-08-31T18:36:19.035+0000] {dag.py:4138} INFO - Setting next_dagrun for dataset_consumes_1_and_2 to None, run_after=None
[2024-08-31T18:36:19.036+0000] {logging_mixin.py:190} INFO - [2024-08-31T18:36:19.036+0000] {dag.py:4138} INFO - Setting next_dagrun for dataset_consumes_1_never_scheduled to None, run_after=None
[2024-08-31T18:36:19.038+0000] {logging_mixin.py:190} INFO - [2024-08-31T18:36:19.038+0000] {dag.py:4138} INFO - Setting next_dagrun for dataset_consumes_unknown_never_scheduled to None, run_after=None
[2024-08-31T18:36:19.040+0000] {logging_mixin.py:190} INFO - [2024-08-31T18:36:19.040+0000] {dag.py:4138} INFO - Setting next_dagrun for dataset_produces_1 to 2024-08-30 00:00:00+00:00, run_after=2024-08-31 00:00:00+00:00
[2024-08-31T18:36:19.042+0000] {logging_mixin.py:190} INFO - [2024-08-31T18:36:19.042+0000] {dag.py:4138} INFO - Setting next_dagrun for dataset_produces_2 to None, run_after=None
[2024-08-31T18:36:19.075+0000] {processor.py:208} INFO - Processing /home/airflow/.local/lib/python3.12/site-packages/airflow/example_dags/example_datasets.py took 0.315 seconds
[2024-08-31T18:36:49.523+0000] {processor.py:186} INFO - Started process (PID=331) to work on /home/airflow/.local/lib/python3.12/site-packages/airflow/example_dags/example_datasets.py
[2024-08-31T18:36:49.524+0000] {processor.py:914} INFO - Processing file /home/airflow/.local/lib/python3.12/site-packages/airflow/example_dags/example_datasets.py for tasks to queue
[2024-08-31T18:36:49.527+0000] {logging_mixin.py:190} INFO - [2024-08-31T18:36:49.527+0000] {dagbag.py:587} INFO - Filling up the DagBag from /home/airflow/.local/lib/python3.12/site-packages/airflow/example_dags/example_datasets.py
[2024-08-31T18:36:49.666+0000] {processor.py:925} INFO - DAG(s) 'dataset_produces_2', 'dataset_consumes_1_and_2', 'consume_1_and_2_with_dataset_expressions', 'dataset_produces_1', 'consume_1_or_both_2_and_3_with_dataset_expressions', 'consume_1_or_2_with_dataset_expressions', 'dataset_consumes_1_never_scheduled', 'conditional_dataset_and_time_based_timetable', 'dataset_consumes_unknown_never_scheduled', 'dataset_consumes_1' retrieved from /home/airflow/.local/lib/python3.12/site-packages/airflow/example_dags/example_datasets.py
[2024-08-31T18:36:49.705+0000] {logging_mixin.py:190} INFO - [2024-08-31T18:36:49.705+0000] {dag.py:3211} INFO - Sync 10 DAGs
[2024-08-31T18:36:49.730+0000] {logging_mixin.py:190} INFO - [2024-08-31T18:36:49.730+0000] {dag.py:4138} INFO - Setting next_dagrun for conditional_dataset_and_time_based_timetable to 2024-08-28 01:00:00+00:00, run_after=2024-08-28 01:00:00+00:00
[2024-08-31T18:36:49.733+0000] {logging_mixin.py:190} INFO - [2024-08-31T18:36:49.733+0000] {dag.py:4138} INFO - Setting next_dagrun for consume_1_and_2_with_dataset_expressions to None, run_after=None
[2024-08-31T18:36:49.734+0000] {logging_mixin.py:190} INFO - [2024-08-31T18:36:49.734+0000] {dag.py:4138} INFO - Setting next_dagrun for consume_1_or_2_with_dataset_expressions to None, run_after=None
[2024-08-31T18:36:49.735+0000] {logging_mixin.py:190} INFO - [2024-08-31T18:36:49.735+0000] {dag.py:4138} INFO - Setting next_dagrun for consume_1_or_both_2_and_3_with_dataset_expressions to None, run_after=None
[2024-08-31T18:36:49.736+0000] {logging_mixin.py:190} INFO - [2024-08-31T18:36:49.736+0000] {dag.py:4138} INFO - Setting next_dagrun for dataset_consumes_1 to None, run_after=None
[2024-08-31T18:36:49.737+0000] {logging_mixin.py:190} INFO - [2024-08-31T18:36:49.737+0000] {dag.py:4138} INFO - Setting next_dagrun for dataset_consumes_1_and_2 to None, run_after=None
[2024-08-31T18:36:49.739+0000] {logging_mixin.py:190} INFO - [2024-08-31T18:36:49.739+0000] {dag.py:4138} INFO - Setting next_dagrun for dataset_consumes_1_never_scheduled to None, run_after=None
[2024-08-31T18:36:49.740+0000] {logging_mixin.py:190} INFO - [2024-08-31T18:36:49.740+0000] {dag.py:4138} INFO - Setting next_dagrun for dataset_consumes_unknown_never_scheduled to None, run_after=None
[2024-08-31T18:36:49.742+0000] {logging_mixin.py:190} INFO - [2024-08-31T18:36:49.742+0000] {dag.py:4138} INFO - Setting next_dagrun for dataset_produces_1 to 2024-08-30 00:00:00+00:00, run_after=2024-08-31 00:00:00+00:00
[2024-08-31T18:36:49.743+0000] {logging_mixin.py:190} INFO - [2024-08-31T18:36:49.743+0000] {dag.py:4138} INFO - Setting next_dagrun for dataset_produces_2 to None, run_after=None
[2024-08-31T18:36:49.771+0000] {processor.py:208} INFO - Processing /home/airflow/.local/lib/python3.12/site-packages/airflow/example_dags/example_datasets.py took 0.254 seconds
[2024-08-31T18:37:19.830+0000] {processor.py:186} INFO - Started process (PID=393) to work on /home/airflow/.local/lib/python3.12/site-packages/airflow/example_dags/example_datasets.py
[2024-08-31T18:37:19.831+0000] {processor.py:914} INFO - Processing file /home/airflow/.local/lib/python3.12/site-packages/airflow/example_dags/example_datasets.py for tasks to queue
[2024-08-31T18:37:19.832+0000] {logging_mixin.py:190} INFO - [2024-08-31T18:37:19.832+0000] {dagbag.py:587} INFO - Filling up the DagBag from /home/airflow/.local/lib/python3.12/site-packages/airflow/example_dags/example_datasets.py
[2024-08-31T18:37:19.960+0000] {processor.py:925} INFO - DAG(s) 'dataset_produces_2', 'consume_1_or_both_2_and_3_with_dataset_expressions', 'dataset_consumes_1_never_scheduled', 'dataset_consumes_1', 'consume_1_and_2_with_dataset_expressions', 'dataset_produces_1', 'conditional_dataset_and_time_based_timetable', 'dataset_consumes_1_and_2', 'consume_1_or_2_with_dataset_expressions', 'dataset_consumes_unknown_never_scheduled' retrieved from /home/airflow/.local/lib/python3.12/site-packages/airflow/example_dags/example_datasets.py
[2024-08-31T18:37:19.996+0000] {logging_mixin.py:190} INFO - [2024-08-31T18:37:19.996+0000] {dag.py:3211} INFO - Sync 10 DAGs
[2024-08-31T18:37:20.023+0000] {logging_mixin.py:190} INFO - [2024-08-31T18:37:20.022+0000] {dag.py:4138} INFO - Setting next_dagrun for conditional_dataset_and_time_based_timetable to 2024-08-28 01:00:00+00:00, run_after=2024-08-28 01:00:00+00:00
[2024-08-31T18:37:20.026+0000] {logging_mixin.py:190} INFO - [2024-08-31T18:37:20.026+0000] {dag.py:4138} INFO - Setting next_dagrun for consume_1_and_2_with_dataset_expressions to None, run_after=None
[2024-08-31T18:37:20.027+0000] {logging_mixin.py:190} INFO - [2024-08-31T18:37:20.027+0000] {dag.py:4138} INFO - Setting next_dagrun for consume_1_or_2_with_dataset_expressions to None, run_after=None
[2024-08-31T18:37:20.028+0000] {logging_mixin.py:190} INFO - [2024-08-31T18:37:20.028+0000] {dag.py:4138} INFO - Setting next_dagrun for consume_1_or_both_2_and_3_with_dataset_expressions to None, run_after=None
[2024-08-31T18:37:20.029+0000] {logging_mixin.py:190} INFO - [2024-08-31T18:37:20.029+0000] {dag.py:4138} INFO - Setting next_dagrun for dataset_consumes_1 to None, run_after=None
[2024-08-31T18:37:20.030+0000] {logging_mixin.py:190} INFO - [2024-08-31T18:37:20.030+0000] {dag.py:4138} INFO - Setting next_dagrun for dataset_consumes_1_and_2 to None, run_after=None
[2024-08-31T18:37:20.031+0000] {logging_mixin.py:190} INFO - [2024-08-31T18:37:20.031+0000] {dag.py:4138} INFO - Setting next_dagrun for dataset_consumes_1_never_scheduled to None, run_after=None
[2024-08-31T18:37:20.032+0000] {logging_mixin.py:190} INFO - [2024-08-31T18:37:20.032+0000] {dag.py:4138} INFO - Setting next_dagrun for dataset_consumes_unknown_never_scheduled to None, run_after=None
[2024-08-31T18:37:20.033+0000] {logging_mixin.py:190} INFO - [2024-08-31T18:37:20.033+0000] {dag.py:4138} INFO - Setting next_dagrun for dataset_produces_1 to 2024-08-30 00:00:00+00:00, run_after=2024-08-31 00:00:00+00:00
[2024-08-31T18:37:20.034+0000] {logging_mixin.py:190} INFO - [2024-08-31T18:37:20.034+0000] {dag.py:4138} INFO - Setting next_dagrun for dataset_produces_2 to None, run_after=None
[2024-08-31T18:37:20.063+0000] {processor.py:208} INFO - Processing /home/airflow/.local/lib/python3.12/site-packages/airflow/example_dags/example_datasets.py took 0.239 seconds
