[2024-08-31T18:34:48.346+0000] {processor.py:186} INFO - Started process (PID=99) to work on /home/airflow/.local/lib/python3.12/site-packages/airflow/example_dags/example_complex.py
[2024-08-31T18:34:48.347+0000] {processor.py:914} INFO - Processing file /home/airflow/.local/lib/python3.12/site-packages/airflow/example_dags/example_complex.py for tasks to queue
[2024-08-31T18:34:48.348+0000] {logging_mixin.py:190} INFO - [2024-08-31T18:34:48.348+0000] {dagbag.py:587} INFO - Filling up the DagBag from /home/airflow/.local/lib/python3.12/site-packages/airflow/example_dags/example_complex.py
[2024-08-31T18:34:48.360+0000] {processor.py:925} INFO - DAG(s) 'example_complex' retrieved from /home/airflow/.local/lib/python3.12/site-packages/airflow/example_dags/example_complex.py
[2024-08-31T18:34:48.506+0000] {logging_mixin.py:190} INFO - [2024-08-31T18:34:48.504+0000] {override.py:1858} INFO - Created Permission View: can read on DAG:example_complex
[2024-08-31T18:34:48.517+0000] {logging_mixin.py:190} INFO - [2024-08-31T18:34:48.517+0000] {override.py:1858} INFO - Created Permission View: can delete on DAG:example_complex
[2024-08-31T18:34:48.524+0000] {logging_mixin.py:190} INFO - [2024-08-31T18:34:48.524+0000] {override.py:1858} INFO - Created Permission View: can edit on DAG:example_complex
[2024-08-31T18:34:48.525+0000] {logging_mixin.py:190} INFO - [2024-08-31T18:34:48.524+0000] {dag.py:3211} INFO - Sync 1 DAGs
[2024-08-31T18:34:48.538+0000] {logging_mixin.py:190} INFO - [2024-08-31T18:34:48.538+0000] {dag.py:3234} INFO - Creating ORM DAG for example_complex
[2024-08-31T18:34:48.539+0000] {logging_mixin.py:190} INFO - [2024-08-31T18:34:48.539+0000] {dag.py:4138} INFO - Setting next_dagrun for example_complex to None, run_after=None
[2024-08-31T18:34:48.560+0000] {processor.py:208} INFO - Processing /home/airflow/.local/lib/python3.12/site-packages/airflow/example_dags/example_complex.py took 0.220 seconds
[2024-08-31T18:35:19.223+0000] {processor.py:186} INFO - Started process (PID=162) to work on /home/airflow/.local/lib/python3.12/site-packages/airflow/example_dags/example_complex.py
[2024-08-31T18:35:19.224+0000] {processor.py:914} INFO - Processing file /home/airflow/.local/lib/python3.12/site-packages/airflow/example_dags/example_complex.py for tasks to queue
[2024-08-31T18:35:19.226+0000] {logging_mixin.py:190} INFO - [2024-08-31T18:35:19.226+0000] {dagbag.py:587} INFO - Filling up the DagBag from /home/airflow/.local/lib/python3.12/site-packages/airflow/example_dags/example_complex.py
[2024-08-31T18:35:19.237+0000] {processor.py:925} INFO - DAG(s) 'example_complex' retrieved from /home/airflow/.local/lib/python3.12/site-packages/airflow/example_dags/example_complex.py
[2024-08-31T18:35:19.265+0000] {logging_mixin.py:190} INFO - [2024-08-31T18:35:19.265+0000] {dag.py:3211} INFO - Sync 1 DAGs
[2024-08-31T18:35:19.278+0000] {logging_mixin.py:190} INFO - [2024-08-31T18:35:19.277+0000] {dag.py:4138} INFO - Setting next_dagrun for example_complex to None, run_after=None
[2024-08-31T18:35:19.294+0000] {processor.py:208} INFO - Processing /home/airflow/.local/lib/python3.12/site-packages/airflow/example_dags/example_complex.py took 0.076 seconds
[2024-08-31T18:35:49.417+0000] {processor.py:186} INFO - Started process (PID=224) to work on /home/airflow/.local/lib/python3.12/site-packages/airflow/example_dags/example_complex.py
[2024-08-31T18:35:49.420+0000] {processor.py:914} INFO - Processing file /home/airflow/.local/lib/python3.12/site-packages/airflow/example_dags/example_complex.py for tasks to queue
[2024-08-31T18:35:49.422+0000] {logging_mixin.py:190} INFO - [2024-08-31T18:35:49.421+0000] {dagbag.py:587} INFO - Filling up the DagBag from /home/airflow/.local/lib/python3.12/site-packages/airflow/example_dags/example_complex.py
[2024-08-31T18:35:49.446+0000] {processor.py:925} INFO - DAG(s) 'example_complex' retrieved from /home/airflow/.local/lib/python3.12/site-packages/airflow/example_dags/example_complex.py
[2024-08-31T18:35:49.500+0000] {logging_mixin.py:190} INFO - [2024-08-31T18:35:49.499+0000] {dag.py:3211} INFO - Sync 1 DAGs
[2024-08-31T18:35:49.516+0000] {logging_mixin.py:190} INFO - [2024-08-31T18:35:49.515+0000] {dag.py:4138} INFO - Setting next_dagrun for example_complex to None, run_after=None
[2024-08-31T18:35:49.538+0000] {processor.py:208} INFO - Processing /home/airflow/.local/lib/python3.12/site-packages/airflow/example_dags/example_complex.py took 0.126 seconds
[2024-08-31T18:36:19.964+0000] {processor.py:186} INFO - Started process (PID=286) to work on /home/airflow/.local/lib/python3.12/site-packages/airflow/example_dags/example_complex.py
[2024-08-31T18:36:19.965+0000] {processor.py:914} INFO - Processing file /home/airflow/.local/lib/python3.12/site-packages/airflow/example_dags/example_complex.py for tasks to queue
[2024-08-31T18:36:19.968+0000] {logging_mixin.py:190} INFO - [2024-08-31T18:36:19.967+0000] {dagbag.py:587} INFO - Filling up the DagBag from /home/airflow/.local/lib/python3.12/site-packages/airflow/example_dags/example_complex.py
[2024-08-31T18:36:19.980+0000] {processor.py:925} INFO - DAG(s) 'example_complex' retrieved from /home/airflow/.local/lib/python3.12/site-packages/airflow/example_dags/example_complex.py
[2024-08-31T18:36:20.013+0000] {logging_mixin.py:190} INFO - [2024-08-31T18:36:20.013+0000] {dag.py:3211} INFO - Sync 1 DAGs
[2024-08-31T18:36:20.027+0000] {logging_mixin.py:190} INFO - [2024-08-31T18:36:20.027+0000] {dag.py:4138} INFO - Setting next_dagrun for example_complex to None, run_after=None
[2024-08-31T18:36:20.045+0000] {processor.py:208} INFO - Processing /home/airflow/.local/lib/python3.12/site-packages/airflow/example_dags/example_complex.py took 0.088 seconds
[2024-08-31T18:36:53.156+0000] {processor.py:186} INFO - Started process (PID=348) to work on /home/airflow/.local/lib/python3.12/site-packages/airflow/example_dags/example_complex.py
[2024-08-31T18:36:53.157+0000] {processor.py:914} INFO - Processing file /home/airflow/.local/lib/python3.12/site-packages/airflow/example_dags/example_complex.py for tasks to queue
[2024-08-31T18:36:53.159+0000] {logging_mixin.py:190} INFO - [2024-08-31T18:36:53.158+0000] {dagbag.py:587} INFO - Filling up the DagBag from /home/airflow/.local/lib/python3.12/site-packages/airflow/example_dags/example_complex.py
[2024-08-31T18:36:53.169+0000] {processor.py:925} INFO - DAG(s) 'example_complex' retrieved from /home/airflow/.local/lib/python3.12/site-packages/airflow/example_dags/example_complex.py
[2024-08-31T18:36:53.198+0000] {logging_mixin.py:190} INFO - [2024-08-31T18:36:53.197+0000] {dag.py:3211} INFO - Sync 1 DAGs
[2024-08-31T18:36:53.210+0000] {logging_mixin.py:190} INFO - [2024-08-31T18:36:53.210+0000] {dag.py:4138} INFO - Setting next_dagrun for example_complex to None, run_after=None
[2024-08-31T18:36:53.226+0000] {processor.py:208} INFO - Processing /home/airflow/.local/lib/python3.12/site-packages/airflow/example_dags/example_complex.py took 0.076 seconds
[2024-08-31T18:37:23.982+0000] {processor.py:186} INFO - Started process (PID=410) to work on /home/airflow/.local/lib/python3.12/site-packages/airflow/example_dags/example_complex.py
[2024-08-31T18:37:23.983+0000] {processor.py:914} INFO - Processing file /home/airflow/.local/lib/python3.12/site-packages/airflow/example_dags/example_complex.py for tasks to queue
[2024-08-31T18:37:23.985+0000] {logging_mixin.py:190} INFO - [2024-08-31T18:37:23.984+0000] {dagbag.py:587} INFO - Filling up the DagBag from /home/airflow/.local/lib/python3.12/site-packages/airflow/example_dags/example_complex.py
[2024-08-31T18:37:23.995+0000] {processor.py:925} INFO - DAG(s) 'example_complex' retrieved from /home/airflow/.local/lib/python3.12/site-packages/airflow/example_dags/example_complex.py
[2024-08-31T18:37:24.029+0000] {logging_mixin.py:190} INFO - [2024-08-31T18:37:24.029+0000] {dag.py:3211} INFO - Sync 1 DAGs
[2024-08-31T18:37:24.043+0000] {logging_mixin.py:190} INFO - [2024-08-31T18:37:24.043+0000] {dag.py:4138} INFO - Setting next_dagrun for example_complex to None, run_after=None
[2024-08-31T18:37:24.063+0000] {processor.py:208} INFO - Processing /home/airflow/.local/lib/python3.12/site-packages/airflow/example_dags/example_complex.py took 0.087 seconds
