[2024-08-31T18:34:49.538+0000] {processor.py:186} INFO - Started process (PID=106) to work on /home/airflow/.local/lib/python3.12/site-packages/airflow/example_dags/example_setup_teardown_taskflow.py
[2024-08-31T18:34:49.538+0000] {processor.py:914} INFO - Processing file /home/airflow/.local/lib/python3.12/site-packages/airflow/example_dags/example_setup_teardown_taskflow.py for tasks to queue
[2024-08-31T18:34:49.541+0000] {logging_mixin.py:190} INFO - [2024-08-31T18:34:49.540+0000] {dagbag.py:587} INFO - Filling up the DagBag from /home/airflow/.local/lib/python3.12/site-packages/airflow/example_dags/example_setup_teardown_taskflow.py
[2024-08-31T18:34:49.551+0000] {processor.py:925} INFO - DAG(s) 'example_setup_teardown_taskflow' retrieved from /home/airflow/.local/lib/python3.12/site-packages/airflow/example_dags/example_setup_teardown_taskflow.py
[2024-08-31T18:34:49.690+0000] {logging_mixin.py:190} INFO - [2024-08-31T18:34:49.689+0000] {override.py:1858} INFO - Created Permission View: can read on DAG:example_setup_teardown_taskflow
[2024-08-31T18:34:49.705+0000] {logging_mixin.py:190} INFO - [2024-08-31T18:34:49.704+0000] {override.py:1858} INFO - Created Permission View: can delete on DAG:example_setup_teardown_taskflow
[2024-08-31T18:34:49.713+0000] {logging_mixin.py:190} INFO - [2024-08-31T18:34:49.712+0000] {override.py:1858} INFO - Created Permission View: can edit on DAG:example_setup_teardown_taskflow
[2024-08-31T18:34:49.714+0000] {logging_mixin.py:190} INFO - [2024-08-31T18:34:49.714+0000] {dag.py:3211} INFO - Sync 1 DAGs
[2024-08-31T18:34:49.728+0000] {logging_mixin.py:190} INFO - [2024-08-31T18:34:49.728+0000] {dag.py:3234} INFO - Creating ORM DAG for example_setup_teardown_taskflow
[2024-08-31T18:34:49.737+0000] {logging_mixin.py:190} INFO - [2024-08-31T18:34:49.737+0000] {dag.py:4138} INFO - Setting next_dagrun for example_setup_teardown_taskflow to 2024-08-30 00:00:00+00:00, run_after=2024-08-31 00:00:00+00:00
[2024-08-31T18:34:49.754+0000] {processor.py:208} INFO - Processing /home/airflow/.local/lib/python3.12/site-packages/airflow/example_dags/example_setup_teardown_taskflow.py took 0.221 seconds
[2024-08-31T18:35:20.663+0000] {processor.py:186} INFO - Started process (PID=169) to work on /home/airflow/.local/lib/python3.12/site-packages/airflow/example_dags/example_setup_teardown_taskflow.py
[2024-08-31T18:35:20.665+0000] {processor.py:914} INFO - Processing file /home/airflow/.local/lib/python3.12/site-packages/airflow/example_dags/example_setup_teardown_taskflow.py for tasks to queue
[2024-08-31T18:35:20.669+0000] {logging_mixin.py:190} INFO - [2024-08-31T18:35:20.668+0000] {dagbag.py:587} INFO - Filling up the DagBag from /home/airflow/.local/lib/python3.12/site-packages/airflow/example_dags/example_setup_teardown_taskflow.py
[2024-08-31T18:35:20.680+0000] {processor.py:925} INFO - DAG(s) 'example_setup_teardown_taskflow' retrieved from /home/airflow/.local/lib/python3.12/site-packages/airflow/example_dags/example_setup_teardown_taskflow.py
[2024-08-31T18:35:20.716+0000] {logging_mixin.py:190} INFO - [2024-08-31T18:35:20.716+0000] {dag.py:3211} INFO - Sync 1 DAGs
[2024-08-31T18:35:20.765+0000] {logging_mixin.py:190} INFO - [2024-08-31T18:35:20.765+0000] {dag.py:4138} INFO - Setting next_dagrun for example_setup_teardown_taskflow to 2024-08-30 00:00:00+00:00, run_after=2024-08-31 00:00:00+00:00
[2024-08-31T18:35:20.800+0000] {processor.py:208} INFO - Processing /home/airflow/.local/lib/python3.12/site-packages/airflow/example_dags/example_setup_teardown_taskflow.py took 0.152 seconds
[2024-08-31T18:35:50.905+0000] {processor.py:186} INFO - Started process (PID=231) to work on /home/airflow/.local/lib/python3.12/site-packages/airflow/example_dags/example_setup_teardown_taskflow.py
[2024-08-31T18:35:50.908+0000] {processor.py:914} INFO - Processing file /home/airflow/.local/lib/python3.12/site-packages/airflow/example_dags/example_setup_teardown_taskflow.py for tasks to queue
[2024-08-31T18:35:50.911+0000] {logging_mixin.py:190} INFO - [2024-08-31T18:35:50.910+0000] {dagbag.py:587} INFO - Filling up the DagBag from /home/airflow/.local/lib/python3.12/site-packages/airflow/example_dags/example_setup_teardown_taskflow.py
[2024-08-31T18:35:50.925+0000] {processor.py:925} INFO - DAG(s) 'example_setup_teardown_taskflow' retrieved from /home/airflow/.local/lib/python3.12/site-packages/airflow/example_dags/example_setup_teardown_taskflow.py
[2024-08-31T18:35:50.949+0000] {logging_mixin.py:190} INFO - [2024-08-31T18:35:50.948+0000] {dag.py:3211} INFO - Sync 1 DAGs
[2024-08-31T18:35:50.973+0000] {logging_mixin.py:190} INFO - [2024-08-31T18:35:50.973+0000] {dag.py:4138} INFO - Setting next_dagrun for example_setup_teardown_taskflow to 2024-08-30 00:00:00+00:00, run_after=2024-08-31 00:00:00+00:00
[2024-08-31T18:35:50.992+0000] {processor.py:208} INFO - Processing /home/airflow/.local/lib/python3.12/site-packages/airflow/example_dags/example_setup_teardown_taskflow.py took 0.104 seconds
[2024-08-31T18:36:21.322+0000] {processor.py:186} INFO - Started process (PID=293) to work on /home/airflow/.local/lib/python3.12/site-packages/airflow/example_dags/example_setup_teardown_taskflow.py
[2024-08-31T18:36:21.327+0000] {processor.py:914} INFO - Processing file /home/airflow/.local/lib/python3.12/site-packages/airflow/example_dags/example_setup_teardown_taskflow.py for tasks to queue
[2024-08-31T18:36:21.334+0000] {logging_mixin.py:190} INFO - [2024-08-31T18:36:21.333+0000] {dagbag.py:587} INFO - Filling up the DagBag from /home/airflow/.local/lib/python3.12/site-packages/airflow/example_dags/example_setup_teardown_taskflow.py
[2024-08-31T18:36:21.360+0000] {processor.py:925} INFO - DAG(s) 'example_setup_teardown_taskflow' retrieved from /home/airflow/.local/lib/python3.12/site-packages/airflow/example_dags/example_setup_teardown_taskflow.py
[2024-08-31T18:36:21.395+0000] {logging_mixin.py:190} INFO - [2024-08-31T18:36:21.394+0000] {dag.py:3211} INFO - Sync 1 DAGs
[2024-08-31T18:36:21.432+0000] {logging_mixin.py:190} INFO - [2024-08-31T18:36:21.432+0000] {dag.py:4138} INFO - Setting next_dagrun for example_setup_teardown_taskflow to 2024-08-30 00:00:00+00:00, run_after=2024-08-31 00:00:00+00:00
[2024-08-31T18:36:21.495+0000] {processor.py:208} INFO - Processing /home/airflow/.local/lib/python3.12/site-packages/airflow/example_dags/example_setup_teardown_taskflow.py took 0.189 seconds
[2024-08-31T18:36:53.478+0000] {processor.py:186} INFO - Started process (PID=355) to work on /home/airflow/.local/lib/python3.12/site-packages/airflow/example_dags/example_setup_teardown_taskflow.py
[2024-08-31T18:36:53.479+0000] {processor.py:914} INFO - Processing file /home/airflow/.local/lib/python3.12/site-packages/airflow/example_dags/example_setup_teardown_taskflow.py for tasks to queue
[2024-08-31T18:36:53.481+0000] {logging_mixin.py:190} INFO - [2024-08-31T18:36:53.480+0000] {dagbag.py:587} INFO - Filling up the DagBag from /home/airflow/.local/lib/python3.12/site-packages/airflow/example_dags/example_setup_teardown_taskflow.py
[2024-08-31T18:36:53.491+0000] {processor.py:925} INFO - DAG(s) 'example_setup_teardown_taskflow' retrieved from /home/airflow/.local/lib/python3.12/site-packages/airflow/example_dags/example_setup_teardown_taskflow.py
[2024-08-31T18:36:53.511+0000] {logging_mixin.py:190} INFO - [2024-08-31T18:36:53.511+0000] {dag.py:3211} INFO - Sync 1 DAGs
[2024-08-31T18:36:53.531+0000] {logging_mixin.py:190} INFO - [2024-08-31T18:36:53.531+0000] {dag.py:4138} INFO - Setting next_dagrun for example_setup_teardown_taskflow to 2024-08-30 00:00:00+00:00, run_after=2024-08-31 00:00:00+00:00
[2024-08-31T18:36:53.547+0000] {processor.py:208} INFO - Processing /home/airflow/.local/lib/python3.12/site-packages/airflow/example_dags/example_setup_teardown_taskflow.py took 0.074 seconds
[2024-08-31T18:37:24.351+0000] {processor.py:186} INFO - Started process (PID=417) to work on /home/airflow/.local/lib/python3.12/site-packages/airflow/example_dags/example_setup_teardown_taskflow.py
[2024-08-31T18:37:24.352+0000] {processor.py:914} INFO - Processing file /home/airflow/.local/lib/python3.12/site-packages/airflow/example_dags/example_setup_teardown_taskflow.py for tasks to queue
[2024-08-31T18:37:24.355+0000] {logging_mixin.py:190} INFO - [2024-08-31T18:37:24.354+0000] {dagbag.py:587} INFO - Filling up the DagBag from /home/airflow/.local/lib/python3.12/site-packages/airflow/example_dags/example_setup_teardown_taskflow.py
[2024-08-31T18:37:24.364+0000] {processor.py:925} INFO - DAG(s) 'example_setup_teardown_taskflow' retrieved from /home/airflow/.local/lib/python3.12/site-packages/airflow/example_dags/example_setup_teardown_taskflow.py
[2024-08-31T18:37:24.385+0000] {logging_mixin.py:190} INFO - [2024-08-31T18:37:24.385+0000] {dag.py:3211} INFO - Sync 1 DAGs
[2024-08-31T18:37:24.404+0000] {logging_mixin.py:190} INFO - [2024-08-31T18:37:24.404+0000] {dag.py:4138} INFO - Setting next_dagrun for example_setup_teardown_taskflow to 2024-08-30 00:00:00+00:00, run_after=2024-08-31 00:00:00+00:00
[2024-08-31T18:37:24.420+0000] {processor.py:208} INFO - Processing /home/airflow/.local/lib/python3.12/site-packages/airflow/example_dags/example_setup_teardown_taskflow.py took 0.075 seconds
