[2024-08-31T18:34:50.893+0000] {processor.py:186} INFO - Started process (PID=113) to work on /home/airflow/.local/lib/python3.12/site-packages/airflow/example_dags/example_branch_labels.py
[2024-08-31T18:34:50.894+0000] {processor.py:914} INFO - Processing file /home/airflow/.local/lib/python3.12/site-packages/airflow/example_dags/example_branch_labels.py for tasks to queue
[2024-08-31T18:34:50.896+0000] {logging_mixin.py:190} INFO - [2024-08-31T18:34:50.896+0000] {dagbag.py:587} INFO - Filling up the DagBag from /home/airflow/.local/lib/python3.12/site-packages/airflow/example_dags/example_branch_labels.py
[2024-08-31T18:34:50.906+0000] {processor.py:925} INFO - DAG(s) 'example_branch_labels' retrieved from /home/airflow/.local/lib/python3.12/site-packages/airflow/example_dags/example_branch_labels.py
[2024-08-31T18:34:51.058+0000] {logging_mixin.py:190} INFO - [2024-08-31T18:34:51.057+0000] {override.py:1858} INFO - Created Permission View: can read on DAG:example_branch_labels
[2024-08-31T18:34:51.067+0000] {logging_mixin.py:190} INFO - [2024-08-31T18:34:51.067+0000] {override.py:1858} INFO - Created Permission View: can delete on DAG:example_branch_labels
[2024-08-31T18:34:51.073+0000] {logging_mixin.py:190} INFO - [2024-08-31T18:34:51.073+0000] {override.py:1858} INFO - Created Permission View: can edit on DAG:example_branch_labels
[2024-08-31T18:34:51.073+0000] {logging_mixin.py:190} INFO - [2024-08-31T18:34:51.073+0000] {dag.py:3211} INFO - Sync 1 DAGs
[2024-08-31T18:34:51.087+0000] {logging_mixin.py:190} INFO - [2024-08-31T18:34:51.087+0000] {dag.py:3234} INFO - Creating ORM DAG for example_branch_labels
[2024-08-31T18:34:51.097+0000] {logging_mixin.py:190} INFO - [2024-08-31T18:34:51.097+0000] {dag.py:4138} INFO - Setting next_dagrun for example_branch_labels to 2024-08-30 00:00:00+00:00, run_after=2024-08-31 00:00:00+00:00
[2024-08-31T18:34:51.112+0000] {processor.py:208} INFO - Processing /home/airflow/.local/lib/python3.12/site-packages/airflow/example_dags/example_branch_labels.py took 0.225 seconds
[2024-08-31T18:35:21.513+0000] {processor.py:186} INFO - Started process (PID=176) to work on /home/airflow/.local/lib/python3.12/site-packages/airflow/example_dags/example_branch_labels.py
[2024-08-31T18:35:21.514+0000] {processor.py:914} INFO - Processing file /home/airflow/.local/lib/python3.12/site-packages/airflow/example_dags/example_branch_labels.py for tasks to queue
[2024-08-31T18:35:21.516+0000] {logging_mixin.py:190} INFO - [2024-08-31T18:35:21.516+0000] {dagbag.py:587} INFO - Filling up the DagBag from /home/airflow/.local/lib/python3.12/site-packages/airflow/example_dags/example_branch_labels.py
[2024-08-31T18:35:21.525+0000] {processor.py:925} INFO - DAG(s) 'example_branch_labels' retrieved from /home/airflow/.local/lib/python3.12/site-packages/airflow/example_dags/example_branch_labels.py
[2024-08-31T18:35:21.548+0000] {logging_mixin.py:190} INFO - [2024-08-31T18:35:21.548+0000] {dag.py:3211} INFO - Sync 1 DAGs
[2024-08-31T18:35:21.571+0000] {logging_mixin.py:190} INFO - [2024-08-31T18:35:21.571+0000] {dag.py:4138} INFO - Setting next_dagrun for example_branch_labels to 2024-08-30 00:00:00+00:00, run_after=2024-08-31 00:00:00+00:00
[2024-08-31T18:35:21.594+0000] {processor.py:208} INFO - Processing /home/airflow/.local/lib/python3.12/site-packages/airflow/example_dags/example_branch_labels.py took 0.086 seconds
[2024-08-31T18:35:52.393+0000] {processor.py:186} INFO - Started process (PID=238) to work on /home/airflow/.local/lib/python3.12/site-packages/airflow/example_dags/example_branch_labels.py
[2024-08-31T18:35:52.395+0000] {processor.py:914} INFO - Processing file /home/airflow/.local/lib/python3.12/site-packages/airflow/example_dags/example_branch_labels.py for tasks to queue
[2024-08-31T18:35:52.397+0000] {logging_mixin.py:190} INFO - [2024-08-31T18:35:52.396+0000] {dagbag.py:587} INFO - Filling up the DagBag from /home/airflow/.local/lib/python3.12/site-packages/airflow/example_dags/example_branch_labels.py
[2024-08-31T18:35:52.406+0000] {processor.py:925} INFO - DAG(s) 'example_branch_labels' retrieved from /home/airflow/.local/lib/python3.12/site-packages/airflow/example_dags/example_branch_labels.py
[2024-08-31T18:35:52.424+0000] {logging_mixin.py:190} INFO - [2024-08-31T18:35:52.424+0000] {dag.py:3211} INFO - Sync 1 DAGs
[2024-08-31T18:35:52.448+0000] {logging_mixin.py:190} INFO - [2024-08-31T18:35:52.448+0000] {dag.py:4138} INFO - Setting next_dagrun for example_branch_labels to 2024-08-30 00:00:00+00:00, run_after=2024-08-31 00:00:00+00:00
[2024-08-31T18:35:52.466+0000] {processor.py:208} INFO - Processing /home/airflow/.local/lib/python3.12/site-packages/airflow/example_dags/example_branch_labels.py took 0.078 seconds
[2024-08-31T18:36:22.880+0000] {processor.py:186} INFO - Started process (PID=300) to work on /home/airflow/.local/lib/python3.12/site-packages/airflow/example_dags/example_branch_labels.py
[2024-08-31T18:36:22.881+0000] {processor.py:914} INFO - Processing file /home/airflow/.local/lib/python3.12/site-packages/airflow/example_dags/example_branch_labels.py for tasks to queue
[2024-08-31T18:36:22.883+0000] {logging_mixin.py:190} INFO - [2024-08-31T18:36:22.883+0000] {dagbag.py:587} INFO - Filling up the DagBag from /home/airflow/.local/lib/python3.12/site-packages/airflow/example_dags/example_branch_labels.py
[2024-08-31T18:36:22.891+0000] {processor.py:925} INFO - DAG(s) 'example_branch_labels' retrieved from /home/airflow/.local/lib/python3.12/site-packages/airflow/example_dags/example_branch_labels.py
[2024-08-31T18:36:22.909+0000] {logging_mixin.py:190} INFO - [2024-08-31T18:36:22.909+0000] {dag.py:3211} INFO - Sync 1 DAGs
[2024-08-31T18:36:22.930+0000] {logging_mixin.py:190} INFO - [2024-08-31T18:36:22.929+0000] {dag.py:4138} INFO - Setting next_dagrun for example_branch_labels to 2024-08-30 00:00:00+00:00, run_after=2024-08-31 00:00:00+00:00
[2024-08-31T18:36:22.948+0000] {processor.py:208} INFO - Processing /home/airflow/.local/lib/python3.12/site-packages/airflow/example_dags/example_branch_labels.py took 0.073 seconds
[2024-08-31T18:36:53.969+0000] {processor.py:186} INFO - Started process (PID=362) to work on /home/airflow/.local/lib/python3.12/site-packages/airflow/example_dags/example_branch_labels.py
[2024-08-31T18:36:53.970+0000] {processor.py:914} INFO - Processing file /home/airflow/.local/lib/python3.12/site-packages/airflow/example_dags/example_branch_labels.py for tasks to queue
[2024-08-31T18:36:53.972+0000] {logging_mixin.py:190} INFO - [2024-08-31T18:36:53.972+0000] {dagbag.py:587} INFO - Filling up the DagBag from /home/airflow/.local/lib/python3.12/site-packages/airflow/example_dags/example_branch_labels.py
[2024-08-31T18:36:53.981+0000] {processor.py:925} INFO - DAG(s) 'example_branch_labels' retrieved from /home/airflow/.local/lib/python3.12/site-packages/airflow/example_dags/example_branch_labels.py
[2024-08-31T18:36:54.004+0000] {logging_mixin.py:190} INFO - [2024-08-31T18:36:54.004+0000] {dag.py:3211} INFO - Sync 1 DAGs
[2024-08-31T18:36:54.027+0000] {logging_mixin.py:190} INFO - [2024-08-31T18:36:54.027+0000] {dag.py:4138} INFO - Setting next_dagrun for example_branch_labels to 2024-08-30 00:00:00+00:00, run_after=2024-08-31 00:00:00+00:00
[2024-08-31T18:36:54.047+0000] {processor.py:208} INFO - Processing /home/airflow/.local/lib/python3.12/site-packages/airflow/example_dags/example_branch_labels.py took 0.084 seconds
[2024-08-31T18:37:27.697+0000] {processor.py:186} INFO - Started process (PID=424) to work on /home/airflow/.local/lib/python3.12/site-packages/airflow/example_dags/example_branch_labels.py
[2024-08-31T18:37:27.699+0000] {processor.py:914} INFO - Processing file /home/airflow/.local/lib/python3.12/site-packages/airflow/example_dags/example_branch_labels.py for tasks to queue
[2024-08-31T18:37:27.702+0000] {logging_mixin.py:190} INFO - [2024-08-31T18:37:27.702+0000] {dagbag.py:587} INFO - Filling up the DagBag from /home/airflow/.local/lib/python3.12/site-packages/airflow/example_dags/example_branch_labels.py
[2024-08-31T18:37:27.717+0000] {processor.py:925} INFO - DAG(s) 'example_branch_labels' retrieved from /home/airflow/.local/lib/python3.12/site-packages/airflow/example_dags/example_branch_labels.py
[2024-08-31T18:37:27.740+0000] {logging_mixin.py:190} INFO - [2024-08-31T18:37:27.739+0000] {dag.py:3211} INFO - Sync 1 DAGs
[2024-08-31T18:37:27.765+0000] {logging_mixin.py:190} INFO - [2024-08-31T18:37:27.764+0000] {dag.py:4138} INFO - Setting next_dagrun for example_branch_labels to 2024-08-30 00:00:00+00:00, run_after=2024-08-31 00:00:00+00:00
[2024-08-31T18:37:27.782+0000] {processor.py:208} INFO - Processing /home/airflow/.local/lib/python3.12/site-packages/airflow/example_dags/example_branch_labels.py took 0.096 seconds
