[2024-08-31T18:34:50.634+0000] {processor.py:186} INFO - Started process (PID=111) to work on /home/airflow/.local/lib/python3.12/site-packages/airflow/example_dags/example_bash_decorator.py
[2024-08-31T18:34:50.635+0000] {processor.py:914} INFO - Processing file /home/airflow/.local/lib/python3.12/site-packages/airflow/example_dags/example_bash_decorator.py for tasks to queue
[2024-08-31T18:34:50.637+0000] {logging_mixin.py:190} INFO - [2024-08-31T18:34:50.637+0000] {dagbag.py:587} INFO - Filling up the DagBag from /home/airflow/.local/lib/python3.12/site-packages/airflow/example_dags/example_bash_decorator.py
[2024-08-31T18:34:50.657+0000] {processor.py:925} INFO - DAG(s) 'example_bash_decorator' retrieved from /home/airflow/.local/lib/python3.12/site-packages/airflow/example_dags/example_bash_decorator.py
[2024-08-31T18:34:50.804+0000] {logging_mixin.py:190} INFO - [2024-08-31T18:34:50.803+0000] {override.py:1858} INFO - Created Permission View: can read on DAG:example_bash_decorator
[2024-08-31T18:34:50.818+0000] {logging_mixin.py:190} INFO - [2024-08-31T18:34:50.817+0000] {override.py:1858} INFO - Created Permission View: can delete on DAG:example_bash_decorator
[2024-08-31T18:34:50.830+0000] {logging_mixin.py:190} INFO - [2024-08-31T18:34:50.830+0000] {override.py:1858} INFO - Created Permission View: can edit on DAG:example_bash_decorator
[2024-08-31T18:34:50.831+0000] {logging_mixin.py:190} INFO - [2024-08-31T18:34:50.831+0000] {dag.py:3211} INFO - Sync 1 DAGs
[2024-08-31T18:34:50.846+0000] {logging_mixin.py:190} INFO - [2024-08-31T18:34:50.846+0000] {dag.py:3234} INFO - Creating ORM DAG for example_bash_decorator
[2024-08-31T18:34:50.846+0000] {logging_mixin.py:190} INFO - [2024-08-31T18:34:50.846+0000] {dag.py:4138} INFO - Setting next_dagrun for example_bash_decorator to None, run_after=None
[2024-08-31T18:34:50.864+0000] {processor.py:208} INFO - Processing /home/airflow/.local/lib/python3.12/site-packages/airflow/example_dags/example_bash_decorator.py took 0.235 seconds
[2024-08-31T18:35:21.311+0000] {processor.py:186} INFO - Started process (PID=174) to work on /home/airflow/.local/lib/python3.12/site-packages/airflow/example_dags/example_bash_decorator.py
[2024-08-31T18:35:21.312+0000] {processor.py:914} INFO - Processing file /home/airflow/.local/lib/python3.12/site-packages/airflow/example_dags/example_bash_decorator.py for tasks to queue
[2024-08-31T18:35:21.314+0000] {logging_mixin.py:190} INFO - [2024-08-31T18:35:21.314+0000] {dagbag.py:587} INFO - Filling up the DagBag from /home/airflow/.local/lib/python3.12/site-packages/airflow/example_dags/example_bash_decorator.py
[2024-08-31T18:35:21.328+0000] {processor.py:925} INFO - DAG(s) 'example_bash_decorator' retrieved from /home/airflow/.local/lib/python3.12/site-packages/airflow/example_dags/example_bash_decorator.py
[2024-08-31T18:35:21.352+0000] {logging_mixin.py:190} INFO - [2024-08-31T18:35:21.352+0000] {dag.py:3211} INFO - Sync 1 DAGs
[2024-08-31T18:35:21.365+0000] {logging_mixin.py:190} INFO - [2024-08-31T18:35:21.365+0000] {dag.py:4138} INFO - Setting next_dagrun for example_bash_decorator to None, run_after=None
[2024-08-31T18:35:21.384+0000] {processor.py:208} INFO - Processing /home/airflow/.local/lib/python3.12/site-packages/airflow/example_dags/example_bash_decorator.py took 0.079 seconds
[2024-08-31T18:35:52.300+0000] {processor.py:186} INFO - Started process (PID=236) to work on /home/airflow/.local/lib/python3.12/site-packages/airflow/example_dags/example_bash_decorator.py
[2024-08-31T18:35:52.301+0000] {processor.py:914} INFO - Processing file /home/airflow/.local/lib/python3.12/site-packages/airflow/example_dags/example_bash_decorator.py for tasks to queue
[2024-08-31T18:35:52.303+0000] {logging_mixin.py:190} INFO - [2024-08-31T18:35:52.303+0000] {dagbag.py:587} INFO - Filling up the DagBag from /home/airflow/.local/lib/python3.12/site-packages/airflow/example_dags/example_bash_decorator.py
[2024-08-31T18:35:52.317+0000] {processor.py:925} INFO - DAG(s) 'example_bash_decorator' retrieved from /home/airflow/.local/lib/python3.12/site-packages/airflow/example_dags/example_bash_decorator.py
[2024-08-31T18:35:52.340+0000] {logging_mixin.py:190} INFO - [2024-08-31T18:35:52.340+0000] {dag.py:3211} INFO - Sync 1 DAGs
[2024-08-31T18:35:52.355+0000] {logging_mixin.py:190} INFO - [2024-08-31T18:35:52.355+0000] {dag.py:4138} INFO - Setting next_dagrun for example_bash_decorator to None, run_after=None
[2024-08-31T18:35:52.371+0000] {processor.py:208} INFO - Processing /home/airflow/.local/lib/python3.12/site-packages/airflow/example_dags/example_bash_decorator.py took 0.076 seconds
[2024-08-31T18:36:22.789+0000] {processor.py:186} INFO - Started process (PID=298) to work on /home/airflow/.local/lib/python3.12/site-packages/airflow/example_dags/example_bash_decorator.py
[2024-08-31T18:36:22.790+0000] {processor.py:914} INFO - Processing file /home/airflow/.local/lib/python3.12/site-packages/airflow/example_dags/example_bash_decorator.py for tasks to queue
[2024-08-31T18:36:22.792+0000] {logging_mixin.py:190} INFO - [2024-08-31T18:36:22.792+0000] {dagbag.py:587} INFO - Filling up the DagBag from /home/airflow/.local/lib/python3.12/site-packages/airflow/example_dags/example_bash_decorator.py
[2024-08-31T18:36:22.805+0000] {processor.py:925} INFO - DAG(s) 'example_bash_decorator' retrieved from /home/airflow/.local/lib/python3.12/site-packages/airflow/example_dags/example_bash_decorator.py
[2024-08-31T18:36:22.829+0000] {logging_mixin.py:190} INFO - [2024-08-31T18:36:22.828+0000] {dag.py:3211} INFO - Sync 1 DAGs
[2024-08-31T18:36:22.841+0000] {logging_mixin.py:190} INFO - [2024-08-31T18:36:22.841+0000] {dag.py:4138} INFO - Setting next_dagrun for example_bash_decorator to None, run_after=None
[2024-08-31T18:36:22.858+0000] {processor.py:208} INFO - Processing /home/airflow/.local/lib/python3.12/site-packages/airflow/example_dags/example_bash_decorator.py took 0.074 seconds
[2024-08-31T18:36:53.866+0000] {processor.py:186} INFO - Started process (PID=360) to work on /home/airflow/.local/lib/python3.12/site-packages/airflow/example_dags/example_bash_decorator.py
[2024-08-31T18:36:53.867+0000] {processor.py:914} INFO - Processing file /home/airflow/.local/lib/python3.12/site-packages/airflow/example_dags/example_bash_decorator.py for tasks to queue
[2024-08-31T18:36:53.869+0000] {logging_mixin.py:190} INFO - [2024-08-31T18:36:53.869+0000] {dagbag.py:587} INFO - Filling up the DagBag from /home/airflow/.local/lib/python3.12/site-packages/airflow/example_dags/example_bash_decorator.py
[2024-08-31T18:36:53.884+0000] {processor.py:925} INFO - DAG(s) 'example_bash_decorator' retrieved from /home/airflow/.local/lib/python3.12/site-packages/airflow/example_dags/example_bash_decorator.py
[2024-08-31T18:36:53.908+0000] {logging_mixin.py:190} INFO - [2024-08-31T18:36:53.908+0000] {dag.py:3211} INFO - Sync 1 DAGs
[2024-08-31T18:36:53.922+0000] {logging_mixin.py:190} INFO - [2024-08-31T18:36:53.922+0000] {dag.py:4138} INFO - Setting next_dagrun for example_bash_decorator to None, run_after=None
[2024-08-31T18:36:53.940+0000] {processor.py:208} INFO - Processing /home/airflow/.local/lib/python3.12/site-packages/airflow/example_dags/example_bash_decorator.py took 0.079 seconds
[2024-08-31T18:37:24.853+0000] {processor.py:186} INFO - Started process (PID=422) to work on /home/airflow/.local/lib/python3.12/site-packages/airflow/example_dags/example_bash_decorator.py
[2024-08-31T18:37:24.855+0000] {processor.py:914} INFO - Processing file /home/airflow/.local/lib/python3.12/site-packages/airflow/example_dags/example_bash_decorator.py for tasks to queue
[2024-08-31T18:37:24.857+0000] {logging_mixin.py:190} INFO - [2024-08-31T18:37:24.857+0000] {dagbag.py:587} INFO - Filling up the DagBag from /home/airflow/.local/lib/python3.12/site-packages/airflow/example_dags/example_bash_decorator.py
[2024-08-31T18:37:24.871+0000] {processor.py:925} INFO - DAG(s) 'example_bash_decorator' retrieved from /home/airflow/.local/lib/python3.12/site-packages/airflow/example_dags/example_bash_decorator.py
[2024-08-31T18:37:24.898+0000] {logging_mixin.py:190} INFO - [2024-08-31T18:37:24.897+0000] {dag.py:3211} INFO - Sync 1 DAGs
[2024-08-31T18:37:24.914+0000] {logging_mixin.py:190} INFO - [2024-08-31T18:37:24.913+0000] {dag.py:4138} INFO - Setting next_dagrun for example_bash_decorator to None, run_after=None
[2024-08-31T18:37:27.657+0000] {processor.py:208} INFO - Processing /home/airflow/.local/lib/python3.12/site-packages/airflow/example_dags/example_bash_decorator.py took 0.113 seconds
