[2024-08-31T18:34:44.140+0000] {processor.py:186} INFO - Started process (PID=70) to work on /home/airflow/.local/lib/python3.12/site-packages/airflow/example_dags/example_dynamic_task_mapping.py
[2024-08-31T18:34:44.141+0000] {processor.py:914} INFO - Processing file /home/airflow/.local/lib/python3.12/site-packages/airflow/example_dags/example_dynamic_task_mapping.py for tasks to queue
[2024-08-31T18:34:44.143+0000] {logging_mixin.py:190} INFO - [2024-08-31T18:34:44.143+0000] {dagbag.py:587} INFO - Filling up the DagBag from /home/airflow/.local/lib/python3.12/site-packages/airflow/example_dags/example_dynamic_task_mapping.py
[2024-08-31T18:34:44.155+0000] {processor.py:925} INFO - DAG(s) 'example_dynamic_task_mapping' retrieved from /home/airflow/.local/lib/python3.12/site-packages/airflow/example_dags/example_dynamic_task_mapping.py
[2024-08-31T18:34:44.402+0000] {logging_mixin.py:190} INFO - [2024-08-31T18:34:44.401+0000] {override.py:1858} INFO - Created Permission View: can read on DAG:example_dynamic_task_mapping
[2024-08-31T18:34:44.416+0000] {logging_mixin.py:190} INFO - [2024-08-31T18:34:44.415+0000] {override.py:1858} INFO - Created Permission View: can delete on DAG:example_dynamic_task_mapping
[2024-08-31T18:34:44.426+0000] {logging_mixin.py:190} INFO - [2024-08-31T18:34:44.425+0000] {override.py:1858} INFO - Created Permission View: can edit on DAG:example_dynamic_task_mapping
[2024-08-31T18:34:44.426+0000] {logging_mixin.py:190} INFO - [2024-08-31T18:34:44.426+0000] {dag.py:3211} INFO - Sync 1 DAGs
[2024-08-31T18:34:44.440+0000] {logging_mixin.py:190} INFO - [2024-08-31T18:34:44.440+0000] {dag.py:3234} INFO - Creating ORM DAG for example_dynamic_task_mapping
[2024-08-31T18:34:44.452+0000] {logging_mixin.py:190} INFO - [2024-08-31T18:34:44.451+0000] {dag.py:4138} INFO - Setting next_dagrun for example_dynamic_task_mapping to 2022-03-04 00:00:00+00:00, run_after=2022-03-05 00:00:00+00:00
[2024-08-31T18:34:44.473+0000] {processor.py:208} INFO - Processing /home/airflow/.local/lib/python3.12/site-packages/airflow/example_dags/example_dynamic_task_mapping.py took 0.340 seconds
[2024-08-31T18:35:15.003+0000] {processor.py:186} INFO - Started process (PID=133) to work on /home/airflow/.local/lib/python3.12/site-packages/airflow/example_dags/example_dynamic_task_mapping.py
[2024-08-31T18:35:15.031+0000] {processor.py:914} INFO - Processing file /home/airflow/.local/lib/python3.12/site-packages/airflow/example_dags/example_dynamic_task_mapping.py for tasks to queue
[2024-08-31T18:35:15.034+0000] {logging_mixin.py:190} INFO - [2024-08-31T18:35:15.034+0000] {dagbag.py:587} INFO - Filling up the DagBag from /home/airflow/.local/lib/python3.12/site-packages/airflow/example_dags/example_dynamic_task_mapping.py
[2024-08-31T18:35:15.043+0000] {processor.py:925} INFO - DAG(s) 'example_dynamic_task_mapping' retrieved from /home/airflow/.local/lib/python3.12/site-packages/airflow/example_dags/example_dynamic_task_mapping.py
[2024-08-31T18:35:15.069+0000] {logging_mixin.py:190} INFO - [2024-08-31T18:35:15.068+0000] {dag.py:3211} INFO - Sync 1 DAGs
[2024-08-31T18:35:15.095+0000] {logging_mixin.py:190} INFO - [2024-08-31T18:35:15.095+0000] {dag.py:4138} INFO - Setting next_dagrun for example_dynamic_task_mapping to 2022-03-04 00:00:00+00:00, run_after=2022-03-05 00:00:00+00:00
[2024-08-31T18:35:15.120+0000] {processor.py:208} INFO - Processing /home/airflow/.local/lib/python3.12/site-packages/airflow/example_dags/example_dynamic_task_mapping.py took 0.123 seconds
[2024-08-31T18:35:45.207+0000] {processor.py:186} INFO - Started process (PID=195) to work on /home/airflow/.local/lib/python3.12/site-packages/airflow/example_dags/example_dynamic_task_mapping.py
[2024-08-31T18:35:45.214+0000] {processor.py:914} INFO - Processing file /home/airflow/.local/lib/python3.12/site-packages/airflow/example_dags/example_dynamic_task_mapping.py for tasks to queue
[2024-08-31T18:35:45.218+0000] {logging_mixin.py:190} INFO - [2024-08-31T18:35:45.218+0000] {dagbag.py:587} INFO - Filling up the DagBag from /home/airflow/.local/lib/python3.12/site-packages/airflow/example_dags/example_dynamic_task_mapping.py
[2024-08-31T18:35:45.237+0000] {processor.py:925} INFO - DAG(s) 'example_dynamic_task_mapping' retrieved from /home/airflow/.local/lib/python3.12/site-packages/airflow/example_dags/example_dynamic_task_mapping.py
[2024-08-31T18:35:45.287+0000] {logging_mixin.py:190} INFO - [2024-08-31T18:35:45.287+0000] {dag.py:3211} INFO - Sync 1 DAGs
[2024-08-31T18:35:45.313+0000] {logging_mixin.py:190} INFO - [2024-08-31T18:35:45.313+0000] {dag.py:4138} INFO - Setting next_dagrun for example_dynamic_task_mapping to 2022-03-04 00:00:00+00:00, run_after=2022-03-05 00:00:00+00:00
[2024-08-31T18:35:45.334+0000] {processor.py:208} INFO - Processing /home/airflow/.local/lib/python3.12/site-packages/airflow/example_dags/example_dynamic_task_mapping.py took 0.141 seconds
[2024-08-31T18:36:17.921+0000] {processor.py:186} INFO - Started process (PID=257) to work on /home/airflow/.local/lib/python3.12/site-packages/airflow/example_dags/example_dynamic_task_mapping.py
[2024-08-31T18:36:17.945+0000] {processor.py:914} INFO - Processing file /home/airflow/.local/lib/python3.12/site-packages/airflow/example_dags/example_dynamic_task_mapping.py for tasks to queue
[2024-08-31T18:36:17.949+0000] {logging_mixin.py:190} INFO - [2024-08-31T18:36:17.948+0000] {dagbag.py:587} INFO - Filling up the DagBag from /home/airflow/.local/lib/python3.12/site-packages/airflow/example_dags/example_dynamic_task_mapping.py
[2024-08-31T18:36:17.966+0000] {processor.py:925} INFO - DAG(s) 'example_dynamic_task_mapping' retrieved from /home/airflow/.local/lib/python3.12/site-packages/airflow/example_dags/example_dynamic_task_mapping.py
[2024-08-31T18:36:18.031+0000] {logging_mixin.py:190} INFO - [2024-08-31T18:36:18.030+0000] {dag.py:3211} INFO - Sync 1 DAGs
[2024-08-31T18:36:18.054+0000] {logging_mixin.py:190} INFO - [2024-08-31T18:36:18.054+0000] {dag.py:4138} INFO - Setting next_dagrun for example_dynamic_task_mapping to 2022-03-04 00:00:00+00:00, run_after=2022-03-05 00:00:00+00:00
[2024-08-31T18:36:18.094+0000] {processor.py:208} INFO - Processing /home/airflow/.local/lib/python3.12/site-packages/airflow/example_dags/example_dynamic_task_mapping.py took 0.186 seconds
[2024-08-31T18:36:48.772+0000] {processor.py:186} INFO - Started process (PID=319) to work on /home/airflow/.local/lib/python3.12/site-packages/airflow/example_dags/example_dynamic_task_mapping.py
[2024-08-31T18:36:48.798+0000] {processor.py:914} INFO - Processing file /home/airflow/.local/lib/python3.12/site-packages/airflow/example_dags/example_dynamic_task_mapping.py for tasks to queue
[2024-08-31T18:36:48.801+0000] {logging_mixin.py:190} INFO - [2024-08-31T18:36:48.800+0000] {dagbag.py:587} INFO - Filling up the DagBag from /home/airflow/.local/lib/python3.12/site-packages/airflow/example_dags/example_dynamic_task_mapping.py
[2024-08-31T18:36:48.815+0000] {processor.py:925} INFO - DAG(s) 'example_dynamic_task_mapping' retrieved from /home/airflow/.local/lib/python3.12/site-packages/airflow/example_dags/example_dynamic_task_mapping.py
[2024-08-31T18:36:48.837+0000] {logging_mixin.py:190} INFO - [2024-08-31T18:36:48.837+0000] {dag.py:3211} INFO - Sync 1 DAGs
[2024-08-31T18:36:48.867+0000] {logging_mixin.py:190} INFO - [2024-08-31T18:36:48.867+0000] {dag.py:4138} INFO - Setting next_dagrun for example_dynamic_task_mapping to 2022-03-04 00:00:00+00:00, run_after=2022-03-05 00:00:00+00:00
[2024-08-31T18:36:48.908+0000] {processor.py:208} INFO - Processing /home/airflow/.local/lib/python3.12/site-packages/airflow/example_dags/example_dynamic_task_mapping.py took 0.144 seconds
[2024-08-31T18:37:18.964+0000] {processor.py:186} INFO - Started process (PID=380) to work on /home/airflow/.local/lib/python3.12/site-packages/airflow/example_dags/example_dynamic_task_mapping.py
[2024-08-31T18:37:18.988+0000] {processor.py:914} INFO - Processing file /home/airflow/.local/lib/python3.12/site-packages/airflow/example_dags/example_dynamic_task_mapping.py for tasks to queue
[2024-08-31T18:37:18.992+0000] {logging_mixin.py:190} INFO - [2024-08-31T18:37:18.991+0000] {dagbag.py:587} INFO - Filling up the DagBag from /home/airflow/.local/lib/python3.12/site-packages/airflow/example_dags/example_dynamic_task_mapping.py
[2024-08-31T18:37:19.006+0000] {processor.py:925} INFO - DAG(s) 'example_dynamic_task_mapping' retrieved from /home/airflow/.local/lib/python3.12/site-packages/airflow/example_dags/example_dynamic_task_mapping.py
[2024-08-31T18:37:19.028+0000] {logging_mixin.py:190} INFO - [2024-08-31T18:37:19.028+0000] {dag.py:3211} INFO - Sync 1 DAGs
[2024-08-31T18:37:19.057+0000] {logging_mixin.py:190} INFO - [2024-08-31T18:37:19.057+0000] {dag.py:4138} INFO - Setting next_dagrun for example_dynamic_task_mapping to 2022-03-04 00:00:00+00:00, run_after=2022-03-05 00:00:00+00:00
[2024-08-31T18:37:19.077+0000] {processor.py:208} INFO - Processing /home/airflow/.local/lib/python3.12/site-packages/airflow/example_dags/example_dynamic_task_mapping.py took 0.123 seconds
