[2024-08-31T18:34:44.498+0000] {processor.py:186} INFO - Started process (PID=71) to work on /home/airflow/.local/lib/python3.12/site-packages/airflow/example_dags/example_trigger_target_dag.py
[2024-08-31T18:34:44.498+0000] {processor.py:914} INFO - Processing file /home/airflow/.local/lib/python3.12/site-packages/airflow/example_dags/example_trigger_target_dag.py for tasks to queue
[2024-08-31T18:34:44.500+0000] {logging_mixin.py:190} INFO - [2024-08-31T18:34:44.500+0000] {dagbag.py:587} INFO - Filling up the DagBag from /home/airflow/.local/lib/python3.12/site-packages/airflow/example_dags/example_trigger_target_dag.py
[2024-08-31T18:34:44.510+0000] {processor.py:925} INFO - DAG(s) 'example_trigger_target_dag' retrieved from /home/airflow/.local/lib/python3.12/site-packages/airflow/example_dags/example_trigger_target_dag.py
[2024-08-31T18:34:44.638+0000] {logging_mixin.py:190} INFO - [2024-08-31T18:34:44.638+0000] {override.py:1858} INFO - Created Permission View: can read on DAG:example_trigger_target_dag
[2024-08-31T18:34:44.648+0000] {logging_mixin.py:190} INFO - [2024-08-31T18:34:44.648+0000] {override.py:1858} INFO - Created Permission View: can delete on DAG:example_trigger_target_dag
[2024-08-31T18:34:44.654+0000] {logging_mixin.py:190} INFO - [2024-08-31T18:34:44.654+0000] {override.py:1858} INFO - Created Permission View: can edit on DAG:example_trigger_target_dag
[2024-08-31T18:34:44.654+0000] {logging_mixin.py:190} INFO - [2024-08-31T18:34:44.654+0000] {dag.py:3211} INFO - Sync 1 DAGs
[2024-08-31T18:34:44.665+0000] {logging_mixin.py:190} INFO - [2024-08-31T18:34:44.665+0000] {dag.py:3234} INFO - Creating ORM DAG for example_trigger_target_dag
[2024-08-31T18:34:44.665+0000] {logging_mixin.py:190} INFO - [2024-08-31T18:34:44.665+0000] {dag.py:4138} INFO - Setting next_dagrun for example_trigger_target_dag to None, run_after=None
[2024-08-31T18:34:44.682+0000] {processor.py:208} INFO - Processing /home/airflow/.local/lib/python3.12/site-packages/airflow/example_dags/example_trigger_target_dag.py took 0.190 seconds
[2024-08-31T18:35:15.150+0000] {processor.py:186} INFO - Started process (PID=134) to work on /home/airflow/.local/lib/python3.12/site-packages/airflow/example_dags/example_trigger_target_dag.py
[2024-08-31T18:35:15.169+0000] {processor.py:914} INFO - Processing file /home/airflow/.local/lib/python3.12/site-packages/airflow/example_dags/example_trigger_target_dag.py for tasks to queue
[2024-08-31T18:35:15.172+0000] {logging_mixin.py:190} INFO - [2024-08-31T18:35:15.171+0000] {dagbag.py:587} INFO - Filling up the DagBag from /home/airflow/.local/lib/python3.12/site-packages/airflow/example_dags/example_trigger_target_dag.py
[2024-08-31T18:35:15.179+0000] {processor.py:925} INFO - DAG(s) 'example_trigger_target_dag' retrieved from /home/airflow/.local/lib/python3.12/site-packages/airflow/example_dags/example_trigger_target_dag.py
[2024-08-31T18:35:15.200+0000] {logging_mixin.py:190} INFO - [2024-08-31T18:35:15.200+0000] {dag.py:3211} INFO - Sync 1 DAGs
[2024-08-31T18:35:15.212+0000] {logging_mixin.py:190} INFO - [2024-08-31T18:35:15.212+0000] {dag.py:4138} INFO - Setting next_dagrun for example_trigger_target_dag to None, run_after=None
[2024-08-31T18:35:15.231+0000] {processor.py:208} INFO - Processing /home/airflow/.local/lib/python3.12/site-packages/airflow/example_dags/example_trigger_target_dag.py took 0.086 seconds
[2024-08-31T18:35:45.357+0000] {processor.py:186} INFO - Started process (PID=196) to work on /home/airflow/.local/lib/python3.12/site-packages/airflow/example_dags/example_trigger_target_dag.py
[2024-08-31T18:35:45.361+0000] {processor.py:914} INFO - Processing file /home/airflow/.local/lib/python3.12/site-packages/airflow/example_dags/example_trigger_target_dag.py for tasks to queue
[2024-08-31T18:35:45.363+0000] {logging_mixin.py:190} INFO - [2024-08-31T18:35:45.362+0000] {dagbag.py:587} INFO - Filling up the DagBag from /home/airflow/.local/lib/python3.12/site-packages/airflow/example_dags/example_trigger_target_dag.py
[2024-08-31T18:35:45.370+0000] {processor.py:925} INFO - DAG(s) 'example_trigger_target_dag' retrieved from /home/airflow/.local/lib/python3.12/site-packages/airflow/example_dags/example_trigger_target_dag.py
[2024-08-31T18:35:45.394+0000] {logging_mixin.py:190} INFO - [2024-08-31T18:35:45.393+0000] {dag.py:3211} INFO - Sync 1 DAGs
[2024-08-31T18:35:45.408+0000] {logging_mixin.py:190} INFO - [2024-08-31T18:35:45.408+0000] {dag.py:4138} INFO - Setting next_dagrun for example_trigger_target_dag to None, run_after=None
[2024-08-31T18:35:45.429+0000] {processor.py:208} INFO - Processing /home/airflow/.local/lib/python3.12/site-packages/airflow/example_dags/example_trigger_target_dag.py took 0.078 seconds
[2024-08-31T18:36:18.131+0000] {processor.py:186} INFO - Started process (PID=258) to work on /home/airflow/.local/lib/python3.12/site-packages/airflow/example_dags/example_trigger_target_dag.py
[2024-08-31T18:36:18.133+0000] {processor.py:914} INFO - Processing file /home/airflow/.local/lib/python3.12/site-packages/airflow/example_dags/example_trigger_target_dag.py for tasks to queue
[2024-08-31T18:36:18.136+0000] {logging_mixin.py:190} INFO - [2024-08-31T18:36:18.136+0000] {dagbag.py:587} INFO - Filling up the DagBag from /home/airflow/.local/lib/python3.12/site-packages/airflow/example_dags/example_trigger_target_dag.py
[2024-08-31T18:36:18.148+0000] {processor.py:925} INFO - DAG(s) 'example_trigger_target_dag' retrieved from /home/airflow/.local/lib/python3.12/site-packages/airflow/example_dags/example_trigger_target_dag.py
[2024-08-31T18:36:18.173+0000] {logging_mixin.py:190} INFO - [2024-08-31T18:36:18.173+0000] {dag.py:3211} INFO - Sync 1 DAGs
[2024-08-31T18:36:18.189+0000] {logging_mixin.py:190} INFO - [2024-08-31T18:36:18.189+0000] {dag.py:4138} INFO - Setting next_dagrun for example_trigger_target_dag to None, run_after=None
[2024-08-31T18:36:18.205+0000] {processor.py:208} INFO - Processing /home/airflow/.local/lib/python3.12/site-packages/airflow/example_dags/example_trigger_target_dag.py took 0.086 seconds
[2024-08-31T18:36:48.945+0000] {processor.py:186} INFO - Started process (PID=320) to work on /home/airflow/.local/lib/python3.12/site-packages/airflow/example_dags/example_trigger_target_dag.py
[2024-08-31T18:36:48.948+0000] {processor.py:914} INFO - Processing file /home/airflow/.local/lib/python3.12/site-packages/airflow/example_dags/example_trigger_target_dag.py for tasks to queue
[2024-08-31T18:36:48.950+0000] {logging_mixin.py:190} INFO - [2024-08-31T18:36:48.949+0000] {dagbag.py:587} INFO - Filling up the DagBag from /home/airflow/.local/lib/python3.12/site-packages/airflow/example_dags/example_trigger_target_dag.py
[2024-08-31T18:36:48.956+0000] {processor.py:925} INFO - DAG(s) 'example_trigger_target_dag' retrieved from /home/airflow/.local/lib/python3.12/site-packages/airflow/example_dags/example_trigger_target_dag.py
[2024-08-31T18:36:48.979+0000] {logging_mixin.py:190} INFO - [2024-08-31T18:36:48.978+0000] {dag.py:3211} INFO - Sync 1 DAGs
[2024-08-31T18:36:48.993+0000] {logging_mixin.py:190} INFO - [2024-08-31T18:36:48.993+0000] {dag.py:4138} INFO - Setting next_dagrun for example_trigger_target_dag to None, run_after=None
[2024-08-31T18:36:49.008+0000] {processor.py:208} INFO - Processing /home/airflow/.local/lib/python3.12/site-packages/airflow/example_dags/example_trigger_target_dag.py took 0.070 seconds
[2024-08-31T18:37:19.148+0000] {processor.py:186} INFO - Started process (PID=382) to work on /home/airflow/.local/lib/python3.12/site-packages/airflow/example_dags/example_trigger_target_dag.py
[2024-08-31T18:37:19.150+0000] {processor.py:914} INFO - Processing file /home/airflow/.local/lib/python3.12/site-packages/airflow/example_dags/example_trigger_target_dag.py for tasks to queue
[2024-08-31T18:37:19.152+0000] {logging_mixin.py:190} INFO - [2024-08-31T18:37:19.151+0000] {dagbag.py:587} INFO - Filling up the DagBag from /home/airflow/.local/lib/python3.12/site-packages/airflow/example_dags/example_trigger_target_dag.py
[2024-08-31T18:37:19.161+0000] {processor.py:925} INFO - DAG(s) 'example_trigger_target_dag' retrieved from /home/airflow/.local/lib/python3.12/site-packages/airflow/example_dags/example_trigger_target_dag.py
[2024-08-31T18:37:19.182+0000] {logging_mixin.py:190} INFO - [2024-08-31T18:37:19.182+0000] {dag.py:3211} INFO - Sync 1 DAGs
[2024-08-31T18:37:19.195+0000] {logging_mixin.py:190} INFO - [2024-08-31T18:37:19.195+0000] {dag.py:4138} INFO - Setting next_dagrun for example_trigger_target_dag to None, run_after=None
[2024-08-31T18:37:19.213+0000] {processor.py:208} INFO - Processing /home/airflow/.local/lib/python3.12/site-packages/airflow/example_dags/example_trigger_target_dag.py took 0.077 seconds
