[2024-08-31T18:34:45.332+0000] {processor.py:186} INFO - Started process (PID=77) to work on /home/airflow/.local/lib/python3.12/site-packages/airflow/example_dags/example_branch_datetime_operator.py
[2024-08-31T18:34:45.333+0000] {processor.py:914} INFO - Processing file /home/airflow/.local/lib/python3.12/site-packages/airflow/example_dags/example_branch_datetime_operator.py for tasks to queue
[2024-08-31T18:34:45.334+0000] {logging_mixin.py:190} INFO - [2024-08-31T18:34:45.334+0000] {dagbag.py:587} INFO - Filling up the DagBag from /home/airflow/.local/lib/python3.12/site-packages/airflow/example_dags/example_branch_datetime_operator.py
[2024-08-31T18:34:45.344+0000] {processor.py:925} INFO - DAG(s) 'example_branch_datetime_operator_3', 'example_branch_datetime_operator', 'example_branch_datetime_operator_2' retrieved from /home/airflow/.local/lib/python3.12/site-packages/airflow/example_dags/example_branch_datetime_operator.py
[2024-08-31T18:34:45.434+0000] {logging_mixin.py:190} INFO - [2024-08-31T18:34:45.434+0000] {override.py:1858} INFO - Created Permission View: can read on DAG:example_branch_datetime_operator_3
[2024-08-31T18:34:45.443+0000] {logging_mixin.py:190} INFO - [2024-08-31T18:34:45.443+0000] {override.py:1858} INFO - Created Permission View: can delete on DAG:example_branch_datetime_operator_3
[2024-08-31T18:34:45.451+0000] {logging_mixin.py:190} INFO - [2024-08-31T18:34:45.451+0000] {override.py:1858} INFO - Created Permission View: can edit on DAG:example_branch_datetime_operator_3
[2024-08-31T18:34:45.470+0000] {logging_mixin.py:190} INFO - [2024-08-31T18:34:45.469+0000] {override.py:1858} INFO - Created Permission View: can read on DAG:example_branch_datetime_operator
[2024-08-31T18:34:45.477+0000] {logging_mixin.py:190} INFO - [2024-08-31T18:34:45.477+0000] {override.py:1858} INFO - Created Permission View: can delete on DAG:example_branch_datetime_operator
[2024-08-31T18:34:45.484+0000] {logging_mixin.py:190} INFO - [2024-08-31T18:34:45.484+0000] {override.py:1858} INFO - Created Permission View: can edit on DAG:example_branch_datetime_operator
[2024-08-31T18:34:45.500+0000] {logging_mixin.py:190} INFO - [2024-08-31T18:34:45.499+0000] {override.py:1858} INFO - Created Permission View: can read on DAG:example_branch_datetime_operator_2
[2024-08-31T18:34:45.510+0000] {logging_mixin.py:190} INFO - [2024-08-31T18:34:45.510+0000] {override.py:1858} INFO - Created Permission View: can delete on DAG:example_branch_datetime_operator_2
[2024-08-31T18:34:45.522+0000] {logging_mixin.py:190} INFO - [2024-08-31T18:34:45.522+0000] {override.py:1858} INFO - Created Permission View: can edit on DAG:example_branch_datetime_operator_2
[2024-08-31T18:34:45.523+0000] {logging_mixin.py:190} INFO - [2024-08-31T18:34:45.522+0000] {dag.py:3211} INFO - Sync 3 DAGs
[2024-08-31T18:34:45.535+0000] {logging_mixin.py:190} INFO - [2024-08-31T18:34:45.534+0000] {dag.py:3234} INFO - Creating ORM DAG for example_branch_datetime_operator
[2024-08-31T18:34:45.535+0000] {logging_mixin.py:190} INFO - [2024-08-31T18:34:45.535+0000] {dag.py:3234} INFO - Creating ORM DAG for example_branch_datetime_operator_2
[2024-08-31T18:34:45.535+0000] {logging_mixin.py:190} INFO - [2024-08-31T18:34:45.535+0000] {dag.py:3234} INFO - Creating ORM DAG for example_branch_datetime_operator_3
[2024-08-31T18:34:45.547+0000] {logging_mixin.py:190} INFO - [2024-08-31T18:34:45.547+0000] {dag.py:4138} INFO - Setting next_dagrun for example_branch_datetime_operator to 2024-08-30 00:00:00+00:00, run_after=2024-08-31 00:00:00+00:00
[2024-08-31T18:34:45.550+0000] {logging_mixin.py:190} INFO - [2024-08-31T18:34:45.549+0000] {dag.py:4138} INFO - Setting next_dagrun for example_branch_datetime_operator_2 to 2024-08-30 00:00:00+00:00, run_after=2024-08-31 00:00:00+00:00
[2024-08-31T18:34:45.551+0000] {logging_mixin.py:190} INFO - [2024-08-31T18:34:45.551+0000] {dag.py:4138} INFO - Setting next_dagrun for example_branch_datetime_operator_3 to 2024-08-30 00:00:00+00:00, run_after=2024-08-31 00:00:00+00:00
[2024-08-31T18:34:45.577+0000] {processor.py:208} INFO - Processing /home/airflow/.local/lib/python3.12/site-packages/airflow/example_dags/example_branch_datetime_operator.py took 0.251 seconds
[2024-08-31T18:35:15.640+0000] {processor.py:186} INFO - Started process (PID=141) to work on /home/airflow/.local/lib/python3.12/site-packages/airflow/example_dags/example_branch_datetime_operator.py
[2024-08-31T18:35:15.641+0000] {processor.py:914} INFO - Processing file /home/airflow/.local/lib/python3.12/site-packages/airflow/example_dags/example_branch_datetime_operator.py for tasks to queue
[2024-08-31T18:35:15.643+0000] {logging_mixin.py:190} INFO - [2024-08-31T18:35:15.643+0000] {dagbag.py:587} INFO - Filling up the DagBag from /home/airflow/.local/lib/python3.12/site-packages/airflow/example_dags/example_branch_datetime_operator.py
[2024-08-31T18:35:15.654+0000] {processor.py:925} INFO - DAG(s) 'example_branch_datetime_operator', 'example_branch_datetime_operator_3', 'example_branch_datetime_operator_2' retrieved from /home/airflow/.local/lib/python3.12/site-packages/airflow/example_dags/example_branch_datetime_operator.py
[2024-08-31T18:35:15.679+0000] {logging_mixin.py:190} INFO - [2024-08-31T18:35:15.679+0000] {dag.py:3211} INFO - Sync 3 DAGs
[2024-08-31T18:35:15.704+0000] {logging_mixin.py:190} INFO - [2024-08-31T18:35:15.703+0000] {dag.py:4138} INFO - Setting next_dagrun for example_branch_datetime_operator to 2024-08-30 00:00:00+00:00, run_after=2024-08-31 00:00:00+00:00
[2024-08-31T18:35:15.709+0000] {logging_mixin.py:190} INFO - [2024-08-31T18:35:15.708+0000] {dag.py:4138} INFO - Setting next_dagrun for example_branch_datetime_operator_2 to 2024-08-30 00:00:00+00:00, run_after=2024-08-31 00:00:00+00:00
[2024-08-31T18:35:15.711+0000] {logging_mixin.py:190} INFO - [2024-08-31T18:35:15.711+0000] {dag.py:4138} INFO - Setting next_dagrun for example_branch_datetime_operator_3 to 2024-08-30 00:00:00+00:00, run_after=2024-08-31 00:00:00+00:00
[2024-08-31T18:35:15.730+0000] {processor.py:208} INFO - Processing /home/airflow/.local/lib/python3.12/site-packages/airflow/example_dags/example_branch_datetime_operator.py took 0.095 seconds
[2024-08-31T18:35:45.899+0000] {processor.py:186} INFO - Started process (PID=203) to work on /home/airflow/.local/lib/python3.12/site-packages/airflow/example_dags/example_branch_datetime_operator.py
[2024-08-31T18:35:45.900+0000] {processor.py:914} INFO - Processing file /home/airflow/.local/lib/python3.12/site-packages/airflow/example_dags/example_branch_datetime_operator.py for tasks to queue
[2024-08-31T18:35:45.903+0000] {logging_mixin.py:190} INFO - [2024-08-31T18:35:45.902+0000] {dagbag.py:587} INFO - Filling up the DagBag from /home/airflow/.local/lib/python3.12/site-packages/airflow/example_dags/example_branch_datetime_operator.py
[2024-08-31T18:35:45.916+0000] {processor.py:925} INFO - DAG(s) 'example_branch_datetime_operator', 'example_branch_datetime_operator_2', 'example_branch_datetime_operator_3' retrieved from /home/airflow/.local/lib/python3.12/site-packages/airflow/example_dags/example_branch_datetime_operator.py
[2024-08-31T18:35:45.945+0000] {logging_mixin.py:190} INFO - [2024-08-31T18:35:45.945+0000] {dag.py:3211} INFO - Sync 3 DAGs
[2024-08-31T18:35:45.969+0000] {logging_mixin.py:190} INFO - [2024-08-31T18:35:45.969+0000] {dag.py:4138} INFO - Setting next_dagrun for example_branch_datetime_operator to 2024-08-30 00:00:00+00:00, run_after=2024-08-31 00:00:00+00:00
[2024-08-31T18:35:45.974+0000] {logging_mixin.py:190} INFO - [2024-08-31T18:35:45.974+0000] {dag.py:4138} INFO - Setting next_dagrun for example_branch_datetime_operator_2 to 2024-08-30 00:00:00+00:00, run_after=2024-08-31 00:00:00+00:00
[2024-08-31T18:35:45.976+0000] {logging_mixin.py:190} INFO - [2024-08-31T18:35:45.976+0000] {dag.py:4138} INFO - Setting next_dagrun for example_branch_datetime_operator_3 to 2024-08-30 00:00:00+00:00, run_after=2024-08-31 00:00:00+00:00
[2024-08-31T18:35:45.994+0000] {processor.py:208} INFO - Processing /home/airflow/.local/lib/python3.12/site-packages/airflow/example_dags/example_branch_datetime_operator.py took 0.100 seconds
[2024-08-31T18:36:18.389+0000] {processor.py:186} INFO - Started process (PID=264) to work on /home/airflow/.local/lib/python3.12/site-packages/airflow/example_dags/example_branch_datetime_operator.py
[2024-08-31T18:36:18.390+0000] {processor.py:914} INFO - Processing file /home/airflow/.local/lib/python3.12/site-packages/airflow/example_dags/example_branch_datetime_operator.py for tasks to queue
[2024-08-31T18:36:18.393+0000] {logging_mixin.py:190} INFO - [2024-08-31T18:36:18.392+0000] {dagbag.py:587} INFO - Filling up the DagBag from /home/airflow/.local/lib/python3.12/site-packages/airflow/example_dags/example_branch_datetime_operator.py
[2024-08-31T18:36:18.404+0000] {processor.py:925} INFO - DAG(s) 'example_branch_datetime_operator', 'example_branch_datetime_operator_3', 'example_branch_datetime_operator_2' retrieved from /home/airflow/.local/lib/python3.12/site-packages/airflow/example_dags/example_branch_datetime_operator.py
[2024-08-31T18:36:18.433+0000] {logging_mixin.py:190} INFO - [2024-08-31T18:36:18.433+0000] {dag.py:3211} INFO - Sync 3 DAGs
[2024-08-31T18:36:18.456+0000] {logging_mixin.py:190} INFO - [2024-08-31T18:36:18.456+0000] {dag.py:4138} INFO - Setting next_dagrun for example_branch_datetime_operator to 2024-08-30 00:00:00+00:00, run_after=2024-08-31 00:00:00+00:00
[2024-08-31T18:36:18.460+0000] {logging_mixin.py:190} INFO - [2024-08-31T18:36:18.460+0000] {dag.py:4138} INFO - Setting next_dagrun for example_branch_datetime_operator_2 to 2024-08-30 00:00:00+00:00, run_after=2024-08-31 00:00:00+00:00
[2024-08-31T18:36:18.462+0000] {logging_mixin.py:190} INFO - [2024-08-31T18:36:18.462+0000] {dag.py:4138} INFO - Setting next_dagrun for example_branch_datetime_operator_3 to 2024-08-30 00:00:00+00:00, run_after=2024-08-31 00:00:00+00:00
[2024-08-31T18:36:18.476+0000] {processor.py:208} INFO - Processing /home/airflow/.local/lib/python3.12/site-packages/airflow/example_dags/example_branch_datetime_operator.py took 0.093 seconds
[2024-08-31T18:36:49.207+0000] {processor.py:186} INFO - Started process (PID=326) to work on /home/airflow/.local/lib/python3.12/site-packages/airflow/example_dags/example_branch_datetime_operator.py
[2024-08-31T18:36:49.208+0000] {processor.py:914} INFO - Processing file /home/airflow/.local/lib/python3.12/site-packages/airflow/example_dags/example_branch_datetime_operator.py for tasks to queue
[2024-08-31T18:36:49.210+0000] {logging_mixin.py:190} INFO - [2024-08-31T18:36:49.209+0000] {dagbag.py:587} INFO - Filling up the DagBag from /home/airflow/.local/lib/python3.12/site-packages/airflow/example_dags/example_branch_datetime_operator.py
[2024-08-31T18:36:49.220+0000] {processor.py:925} INFO - DAG(s) 'example_branch_datetime_operator_3', 'example_branch_datetime_operator_2', 'example_branch_datetime_operator' retrieved from /home/airflow/.local/lib/python3.12/site-packages/airflow/example_dags/example_branch_datetime_operator.py
[2024-08-31T18:36:49.244+0000] {logging_mixin.py:190} INFO - [2024-08-31T18:36:49.243+0000] {dag.py:3211} INFO - Sync 3 DAGs
[2024-08-31T18:36:49.271+0000] {logging_mixin.py:190} INFO - [2024-08-31T18:36:49.270+0000] {dag.py:4138} INFO - Setting next_dagrun for example_branch_datetime_operator to 2024-08-30 00:00:00+00:00, run_after=2024-08-31 00:00:00+00:00
[2024-08-31T18:36:49.276+0000] {logging_mixin.py:190} INFO - [2024-08-31T18:36:49.276+0000] {dag.py:4138} INFO - Setting next_dagrun for example_branch_datetime_operator_2 to 2024-08-30 00:00:00+00:00, run_after=2024-08-31 00:00:00+00:00
[2024-08-31T18:36:49.278+0000] {logging_mixin.py:190} INFO - [2024-08-31T18:36:49.278+0000] {dag.py:4138} INFO - Setting next_dagrun for example_branch_datetime_operator_3 to 2024-08-30 00:00:00+00:00, run_after=2024-08-31 00:00:00+00:00
[2024-08-31T18:36:49.299+0000] {processor.py:208} INFO - Processing /home/airflow/.local/lib/python3.12/site-packages/airflow/example_dags/example_branch_datetime_operator.py took 0.097 seconds
[2024-08-31T18:37:19.504+0000] {processor.py:186} INFO - Started process (PID=388) to work on /home/airflow/.local/lib/python3.12/site-packages/airflow/example_dags/example_branch_datetime_operator.py
[2024-08-31T18:37:19.505+0000] {processor.py:914} INFO - Processing file /home/airflow/.local/lib/python3.12/site-packages/airflow/example_dags/example_branch_datetime_operator.py for tasks to queue
[2024-08-31T18:37:19.508+0000] {logging_mixin.py:190} INFO - [2024-08-31T18:37:19.508+0000] {dagbag.py:587} INFO - Filling up the DagBag from /home/airflow/.local/lib/python3.12/site-packages/airflow/example_dags/example_branch_datetime_operator.py
[2024-08-31T18:37:19.520+0000] {processor.py:925} INFO - DAG(s) 'example_branch_datetime_operator', 'example_branch_datetime_operator_2', 'example_branch_datetime_operator_3' retrieved from /home/airflow/.local/lib/python3.12/site-packages/airflow/example_dags/example_branch_datetime_operator.py
[2024-08-31T18:37:19.545+0000] {logging_mixin.py:190} INFO - [2024-08-31T18:37:19.544+0000] {dag.py:3211} INFO - Sync 3 DAGs
[2024-08-31T18:37:19.570+0000] {logging_mixin.py:190} INFO - [2024-08-31T18:37:19.570+0000] {dag.py:4138} INFO - Setting next_dagrun for example_branch_datetime_operator to 2024-08-30 00:00:00+00:00, run_after=2024-08-31 00:00:00+00:00
[2024-08-31T18:37:19.574+0000] {logging_mixin.py:190} INFO - [2024-08-31T18:37:19.574+0000] {dag.py:4138} INFO - Setting next_dagrun for example_branch_datetime_operator_2 to 2024-08-30 00:00:00+00:00, run_after=2024-08-31 00:00:00+00:00
[2024-08-31T18:37:19.577+0000] {logging_mixin.py:190} INFO - [2024-08-31T18:37:19.576+0000] {dag.py:4138} INFO - Setting next_dagrun for example_branch_datetime_operator_3 to 2024-08-30 00:00:00+00:00, run_after=2024-08-31 00:00:00+00:00
[2024-08-31T18:37:19.593+0000] {processor.py:208} INFO - Processing /home/airflow/.local/lib/python3.12/site-packages/airflow/example_dags/example_branch_datetime_operator.py took 0.094 seconds
