[2024-08-31T18:34:47.525+0000] {processor.py:186} INFO - Started process (PID=93) to work on /home/airflow/.local/lib/python3.12/site-packages/airflow/example_dags/tutorial_dag.py
[2024-08-31T18:34:47.525+0000] {processor.py:914} INFO - Processing file /home/airflow/.local/lib/python3.12/site-packages/airflow/example_dags/tutorial_dag.py for tasks to queue
[2024-08-31T18:34:47.527+0000] {logging_mixin.py:190} INFO - [2024-08-31T18:34:47.527+0000] {dagbag.py:587} INFO - Filling up the DagBag from /home/airflow/.local/lib/python3.12/site-packages/airflow/example_dags/tutorial_dag.py
[2024-08-31T18:34:47.534+0000] {processor.py:925} INFO - DAG(s) 'tutorial_dag' retrieved from /home/airflow/.local/lib/python3.12/site-packages/airflow/example_dags/tutorial_dag.py
[2024-08-31T18:34:47.640+0000] {logging_mixin.py:190} INFO - [2024-08-31T18:34:47.640+0000] {override.py:1858} INFO - Created Permission View: can read on DAG:tutorial_dag
[2024-08-31T18:34:47.650+0000] {logging_mixin.py:190} INFO - [2024-08-31T18:34:47.649+0000] {override.py:1858} INFO - Created Permission View: can delete on DAG:tutorial_dag
[2024-08-31T18:34:47.656+0000] {logging_mixin.py:190} INFO - [2024-08-31T18:34:47.656+0000] {override.py:1858} INFO - Created Permission View: can edit on DAG:tutorial_dag
[2024-08-31T18:34:47.657+0000] {logging_mixin.py:190} INFO - [2024-08-31T18:34:47.657+0000] {dag.py:3211} INFO - Sync 1 DAGs
[2024-08-31T18:34:47.669+0000] {logging_mixin.py:190} INFO - [2024-08-31T18:34:47.669+0000] {dag.py:3234} INFO - Creating ORM DAG for tutorial_dag
[2024-08-31T18:34:47.669+0000] {logging_mixin.py:190} INFO - [2024-08-31T18:34:47.669+0000] {dag.py:4138} INFO - Setting next_dagrun for tutorial_dag to None, run_after=None
[2024-08-31T18:34:47.684+0000] {processor.py:208} INFO - Processing /home/airflow/.local/lib/python3.12/site-packages/airflow/example_dags/tutorial_dag.py took 0.165 seconds
[2024-08-31T18:35:17.751+0000] {processor.py:186} INFO - Started process (PID=155) to work on /home/airflow/.local/lib/python3.12/site-packages/airflow/example_dags/tutorial_dag.py
[2024-08-31T18:35:17.753+0000] {processor.py:914} INFO - Processing file /home/airflow/.local/lib/python3.12/site-packages/airflow/example_dags/tutorial_dag.py for tasks to queue
[2024-08-31T18:35:17.757+0000] {logging_mixin.py:190} INFO - [2024-08-31T18:35:17.756+0000] {dagbag.py:587} INFO - Filling up the DagBag from /home/airflow/.local/lib/python3.12/site-packages/airflow/example_dags/tutorial_dag.py
[2024-08-31T18:35:17.765+0000] {processor.py:925} INFO - DAG(s) 'tutorial_dag' retrieved from /home/airflow/.local/lib/python3.12/site-packages/airflow/example_dags/tutorial_dag.py
[2024-08-31T18:35:17.791+0000] {logging_mixin.py:190} INFO - [2024-08-31T18:35:17.791+0000] {dag.py:3211} INFO - Sync 1 DAGs
[2024-08-31T18:35:17.808+0000] {logging_mixin.py:190} INFO - [2024-08-31T18:35:17.807+0000] {dag.py:4138} INFO - Setting next_dagrun for tutorial_dag to None, run_after=None
[2024-08-31T18:35:17.837+0000] {processor.py:208} INFO - Processing /home/airflow/.local/lib/python3.12/site-packages/airflow/example_dags/tutorial_dag.py took 0.093 seconds
[2024-08-31T18:35:48.924+0000] {processor.py:186} INFO - Started process (PID=217) to work on /home/airflow/.local/lib/python3.12/site-packages/airflow/example_dags/tutorial_dag.py
[2024-08-31T18:35:48.925+0000] {processor.py:914} INFO - Processing file /home/airflow/.local/lib/python3.12/site-packages/airflow/example_dags/tutorial_dag.py for tasks to queue
[2024-08-31T18:35:48.927+0000] {logging_mixin.py:190} INFO - [2024-08-31T18:35:48.927+0000] {dagbag.py:587} INFO - Filling up the DagBag from /home/airflow/.local/lib/python3.12/site-packages/airflow/example_dags/tutorial_dag.py
[2024-08-31T18:35:48.934+0000] {processor.py:925} INFO - DAG(s) 'tutorial_dag' retrieved from /home/airflow/.local/lib/python3.12/site-packages/airflow/example_dags/tutorial_dag.py
[2024-08-31T18:35:48.952+0000] {logging_mixin.py:190} INFO - [2024-08-31T18:35:48.952+0000] {dag.py:3211} INFO - Sync 1 DAGs
[2024-08-31T18:35:48.966+0000] {logging_mixin.py:190} INFO - [2024-08-31T18:35:48.966+0000] {dag.py:4138} INFO - Setting next_dagrun for tutorial_dag to None, run_after=None
[2024-08-31T18:35:48.985+0000] {processor.py:208} INFO - Processing /home/airflow/.local/lib/python3.12/site-packages/airflow/example_dags/tutorial_dag.py took 0.066 seconds
[2024-08-31T18:36:19.321+0000] {processor.py:186} INFO - Started process (PID=279) to work on /home/airflow/.local/lib/python3.12/site-packages/airflow/example_dags/tutorial_dag.py
[2024-08-31T18:36:19.322+0000] {processor.py:914} INFO - Processing file /home/airflow/.local/lib/python3.12/site-packages/airflow/example_dags/tutorial_dag.py for tasks to queue
[2024-08-31T18:36:19.324+0000] {logging_mixin.py:190} INFO - [2024-08-31T18:36:19.324+0000] {dagbag.py:587} INFO - Filling up the DagBag from /home/airflow/.local/lib/python3.12/site-packages/airflow/example_dags/tutorial_dag.py
[2024-08-31T18:36:19.332+0000] {processor.py:925} INFO - DAG(s) 'tutorial_dag' retrieved from /home/airflow/.local/lib/python3.12/site-packages/airflow/example_dags/tutorial_dag.py
[2024-08-31T18:36:19.353+0000] {logging_mixin.py:190} INFO - [2024-08-31T18:36:19.353+0000] {dag.py:3211} INFO - Sync 1 DAGs
[2024-08-31T18:36:19.367+0000] {logging_mixin.py:190} INFO - [2024-08-31T18:36:19.367+0000] {dag.py:4138} INFO - Setting next_dagrun for tutorial_dag to None, run_after=None
[2024-08-31T18:36:19.386+0000] {processor.py:208} INFO - Processing /home/airflow/.local/lib/python3.12/site-packages/airflow/example_dags/tutorial_dag.py took 0.071 seconds
[2024-08-31T18:36:52.753+0000] {processor.py:186} INFO - Started process (PID=341) to work on /home/airflow/.local/lib/python3.12/site-packages/airflow/example_dags/tutorial_dag.py
[2024-08-31T18:36:52.755+0000] {processor.py:914} INFO - Processing file /home/airflow/.local/lib/python3.12/site-packages/airflow/example_dags/tutorial_dag.py for tasks to queue
[2024-08-31T18:36:52.757+0000] {logging_mixin.py:190} INFO - [2024-08-31T18:36:52.757+0000] {dagbag.py:587} INFO - Filling up the DagBag from /home/airflow/.local/lib/python3.12/site-packages/airflow/example_dags/tutorial_dag.py
[2024-08-31T18:36:52.763+0000] {processor.py:925} INFO - DAG(s) 'tutorial_dag' retrieved from /home/airflow/.local/lib/python3.12/site-packages/airflow/example_dags/tutorial_dag.py
[2024-08-31T18:36:52.784+0000] {logging_mixin.py:190} INFO - [2024-08-31T18:36:52.784+0000] {dag.py:3211} INFO - Sync 1 DAGs
[2024-08-31T18:36:52.803+0000] {logging_mixin.py:190} INFO - [2024-08-31T18:36:52.803+0000] {dag.py:4138} INFO - Setting next_dagrun for tutorial_dag to None, run_after=None
[2024-08-31T18:36:52.827+0000] {processor.py:208} INFO - Processing /home/airflow/.local/lib/python3.12/site-packages/airflow/example_dags/tutorial_dag.py took 0.079 seconds
[2024-08-31T18:37:23.582+0000] {processor.py:186} INFO - Started process (PID=404) to work on /home/airflow/.local/lib/python3.12/site-packages/airflow/example_dags/tutorial_dag.py
[2024-08-31T18:37:23.583+0000] {processor.py:914} INFO - Processing file /home/airflow/.local/lib/python3.12/site-packages/airflow/example_dags/tutorial_dag.py for tasks to queue
[2024-08-31T18:37:23.584+0000] {logging_mixin.py:190} INFO - [2024-08-31T18:37:23.584+0000] {dagbag.py:587} INFO - Filling up the DagBag from /home/airflow/.local/lib/python3.12/site-packages/airflow/example_dags/tutorial_dag.py
[2024-08-31T18:37:23.591+0000] {processor.py:925} INFO - DAG(s) 'tutorial_dag' retrieved from /home/airflow/.local/lib/python3.12/site-packages/airflow/example_dags/tutorial_dag.py
[2024-08-31T18:37:23.612+0000] {logging_mixin.py:190} INFO - [2024-08-31T18:37:23.612+0000] {dag.py:3211} INFO - Sync 1 DAGs
[2024-08-31T18:37:23.638+0000] {logging_mixin.py:190} INFO - [2024-08-31T18:37:23.638+0000] {dag.py:4138} INFO - Setting next_dagrun for tutorial_dag to None, run_after=None
[2024-08-31T18:37:23.662+0000] {processor.py:208} INFO - Processing /home/airflow/.local/lib/python3.12/site-packages/airflow/example_dags/tutorial_dag.py took 0.085 seconds
