[2024-08-31T18:34:45.790+0000] {processor.py:186} INFO - Started process (PID=81) to work on /home/airflow/.local/lib/python3.12/site-packages/airflow/example_dags/tutorial.py
[2024-08-31T18:34:45.790+0000] {processor.py:914} INFO - Processing file /home/airflow/.local/lib/python3.12/site-packages/airflow/example_dags/tutorial.py for tasks to queue
[2024-08-31T18:34:45.792+0000] {logging_mixin.py:190} INFO - [2024-08-31T18:34:45.792+0000] {dagbag.py:587} INFO - Filling up the DagBag from /home/airflow/.local/lib/python3.12/site-packages/airflow/example_dags/tutorial.py
[2024-08-31T18:34:45.799+0000] {processor.py:925} INFO - DAG(s) 'tutorial' retrieved from /home/airflow/.local/lib/python3.12/site-packages/airflow/example_dags/tutorial.py
[2024-08-31T18:34:45.912+0000] {logging_mixin.py:190} INFO - [2024-08-31T18:34:45.911+0000] {override.py:1858} INFO - Created Permission View: can read on DAG:tutorial
[2024-08-31T18:34:45.925+0000] {logging_mixin.py:190} INFO - [2024-08-31T18:34:45.924+0000] {override.py:1858} INFO - Created Permission View: can delete on DAG:tutorial
[2024-08-31T18:34:45.934+0000] {logging_mixin.py:190} INFO - [2024-08-31T18:34:45.934+0000] {override.py:1858} INFO - Created Permission View: can edit on DAG:tutorial
[2024-08-31T18:34:45.935+0000] {logging_mixin.py:190} INFO - [2024-08-31T18:34:45.935+0000] {dag.py:3211} INFO - Sync 1 DAGs
[2024-08-31T18:34:45.948+0000] {logging_mixin.py:190} INFO - [2024-08-31T18:34:45.948+0000] {dag.py:3234} INFO - Creating ORM DAG for tutorial
[2024-08-31T18:34:45.960+0000] {logging_mixin.py:190} INFO - [2024-08-31T18:34:45.960+0000] {dag.py:4138} INFO - Setting next_dagrun for tutorial to 2024-08-30 00:00:00+00:00, run_after=2024-08-31 00:00:00+00:00
[2024-08-31T18:34:45.982+0000] {processor.py:208} INFO - Processing /home/airflow/.local/lib/python3.12/site-packages/airflow/example_dags/tutorial.py took 0.198 seconds
[2024-08-31T18:35:16.828+0000] {processor.py:186} INFO - Started process (PID=144) to work on /home/airflow/.local/lib/python3.12/site-packages/airflow/example_dags/tutorial.py
[2024-08-31T18:35:16.829+0000] {processor.py:914} INFO - Processing file /home/airflow/.local/lib/python3.12/site-packages/airflow/example_dags/tutorial.py for tasks to queue
[2024-08-31T18:35:16.831+0000] {logging_mixin.py:190} INFO - [2024-08-31T18:35:16.831+0000] {dagbag.py:587} INFO - Filling up the DagBag from /home/airflow/.local/lib/python3.12/site-packages/airflow/example_dags/tutorial.py
[2024-08-31T18:35:16.840+0000] {processor.py:925} INFO - DAG(s) 'tutorial' retrieved from /home/airflow/.local/lib/python3.12/site-packages/airflow/example_dags/tutorial.py
[2024-08-31T18:35:16.857+0000] {logging_mixin.py:190} INFO - [2024-08-31T18:35:16.856+0000] {dag.py:3211} INFO - Sync 1 DAGs
[2024-08-31T18:35:16.877+0000] {logging_mixin.py:190} INFO - [2024-08-31T18:35:16.877+0000] {dag.py:4138} INFO - Setting next_dagrun for tutorial to 2024-08-30 00:00:00+00:00, run_after=2024-08-31 00:00:00+00:00
[2024-08-31T18:35:16.892+0000] {processor.py:208} INFO - Processing /home/airflow/.local/lib/python3.12/site-packages/airflow/example_dags/tutorial.py took 0.069 seconds
[2024-08-31T18:35:47.106+0000] {processor.py:186} INFO - Started process (PID=206) to work on /home/airflow/.local/lib/python3.12/site-packages/airflow/example_dags/tutorial.py
[2024-08-31T18:35:47.107+0000] {processor.py:914} INFO - Processing file /home/airflow/.local/lib/python3.12/site-packages/airflow/example_dags/tutorial.py for tasks to queue
[2024-08-31T18:35:47.110+0000] {logging_mixin.py:190} INFO - [2024-08-31T18:35:47.110+0000] {dagbag.py:587} INFO - Filling up the DagBag from /home/airflow/.local/lib/python3.12/site-packages/airflow/example_dags/tutorial.py
[2024-08-31T18:35:47.118+0000] {processor.py:925} INFO - DAG(s) 'tutorial' retrieved from /home/airflow/.local/lib/python3.12/site-packages/airflow/example_dags/tutorial.py
[2024-08-31T18:35:47.142+0000] {logging_mixin.py:190} INFO - [2024-08-31T18:35:47.142+0000] {dag.py:3211} INFO - Sync 1 DAGs
[2024-08-31T18:35:47.167+0000] {logging_mixin.py:190} INFO - [2024-08-31T18:35:47.166+0000] {dag.py:4138} INFO - Setting next_dagrun for tutorial to 2024-08-30 00:00:00+00:00, run_after=2024-08-31 00:00:00+00:00
[2024-08-31T18:35:47.187+0000] {processor.py:208} INFO - Processing /home/airflow/.local/lib/python3.12/site-packages/airflow/example_dags/tutorial.py took 0.088 seconds
[2024-08-31T18:36:18.618+0000] {processor.py:186} INFO - Started process (PID=268) to work on /home/airflow/.local/lib/python3.12/site-packages/airflow/example_dags/tutorial.py
[2024-08-31T18:36:18.620+0000] {processor.py:914} INFO - Processing file /home/airflow/.local/lib/python3.12/site-packages/airflow/example_dags/tutorial.py for tasks to queue
[2024-08-31T18:36:18.622+0000] {logging_mixin.py:190} INFO - [2024-08-31T18:36:18.621+0000] {dagbag.py:587} INFO - Filling up the DagBag from /home/airflow/.local/lib/python3.12/site-packages/airflow/example_dags/tutorial.py
[2024-08-31T18:36:18.629+0000] {processor.py:925} INFO - DAG(s) 'tutorial' retrieved from /home/airflow/.local/lib/python3.12/site-packages/airflow/example_dags/tutorial.py
[2024-08-31T18:36:18.648+0000] {logging_mixin.py:190} INFO - [2024-08-31T18:36:18.648+0000] {dag.py:3211} INFO - Sync 1 DAGs
[2024-08-31T18:36:18.668+0000] {logging_mixin.py:190} INFO - [2024-08-31T18:36:18.668+0000] {dag.py:4138} INFO - Setting next_dagrun for tutorial to 2024-08-30 00:00:00+00:00, run_after=2024-08-31 00:00:00+00:00
[2024-08-31T18:36:18.685+0000] {processor.py:208} INFO - Processing /home/airflow/.local/lib/python3.12/site-packages/airflow/example_dags/tutorial.py took 0.072 seconds
[2024-08-31T18:36:49.451+0000] {processor.py:186} INFO - Started process (PID=330) to work on /home/airflow/.local/lib/python3.12/site-packages/airflow/example_dags/tutorial.py
[2024-08-31T18:36:49.452+0000] {processor.py:914} INFO - Processing file /home/airflow/.local/lib/python3.12/site-packages/airflow/example_dags/tutorial.py for tasks to queue
[2024-08-31T18:36:49.454+0000] {logging_mixin.py:190} INFO - [2024-08-31T18:36:49.454+0000] {dagbag.py:587} INFO - Filling up the DagBag from /home/airflow/.local/lib/python3.12/site-packages/airflow/example_dags/tutorial.py
[2024-08-31T18:36:49.461+0000] {processor.py:925} INFO - DAG(s) 'tutorial' retrieved from /home/airflow/.local/lib/python3.12/site-packages/airflow/example_dags/tutorial.py
[2024-08-31T18:36:49.483+0000] {logging_mixin.py:190} INFO - [2024-08-31T18:36:49.483+0000] {dag.py:3211} INFO - Sync 1 DAGs
[2024-08-31T18:36:49.505+0000] {logging_mixin.py:190} INFO - [2024-08-31T18:36:49.505+0000] {dag.py:4138} INFO - Setting next_dagrun for tutorial to 2024-08-30 00:00:00+00:00, run_after=2024-08-31 00:00:00+00:00
[2024-08-31T18:36:49.526+0000] {processor.py:208} INFO - Processing /home/airflow/.local/lib/python3.12/site-packages/airflow/example_dags/tutorial.py took 0.080 seconds
[2024-08-31T18:37:19.755+0000] {processor.py:186} INFO - Started process (PID=392) to work on /home/airflow/.local/lib/python3.12/site-packages/airflow/example_dags/tutorial.py
[2024-08-31T18:37:19.756+0000] {processor.py:914} INFO - Processing file /home/airflow/.local/lib/python3.12/site-packages/airflow/example_dags/tutorial.py for tasks to queue
[2024-08-31T18:37:19.758+0000] {logging_mixin.py:190} INFO - [2024-08-31T18:37:19.758+0000] {dagbag.py:587} INFO - Filling up the DagBag from /home/airflow/.local/lib/python3.12/site-packages/airflow/example_dags/tutorial.py
[2024-08-31T18:37:19.768+0000] {processor.py:925} INFO - DAG(s) 'tutorial' retrieved from /home/airflow/.local/lib/python3.12/site-packages/airflow/example_dags/tutorial.py
[2024-08-31T18:37:19.791+0000] {logging_mixin.py:190} INFO - [2024-08-31T18:37:19.791+0000] {dag.py:3211} INFO - Sync 1 DAGs
[2024-08-31T18:37:19.811+0000] {logging_mixin.py:190} INFO - [2024-08-31T18:37:19.811+0000] {dag.py:4138} INFO - Setting next_dagrun for tutorial to 2024-08-30 00:00:00+00:00, run_after=2024-08-31 00:00:00+00:00
[2024-08-31T18:37:19.826+0000] {processor.py:208} INFO - Processing /home/airflow/.local/lib/python3.12/site-packages/airflow/example_dags/tutorial.py took 0.076 seconds
