[2024-08-31T18:34:45.335+0000] {processor.py:186} INFO - Started process (PID=78) to work on /home/airflow/.local/lib/python3.12/site-packages/airflow/example_dags/tutorial_taskflow_api_virtualenv.py
[2024-08-31T18:34:45.336+0000] {processor.py:914} INFO - Processing file /home/airflow/.local/lib/python3.12/site-packages/airflow/example_dags/tutorial_taskflow_api_virtualenv.py for tasks to queue
[2024-08-31T18:34:45.337+0000] {logging_mixin.py:190} INFO - [2024-08-31T18:34:45.337+0000] {dagbag.py:587} INFO - Filling up the DagBag from /home/airflow/.local/lib/python3.12/site-packages/airflow/example_dags/tutorial_taskflow_api_virtualenv.py
[2024-08-31T18:34:45.348+0000] {processor.py:925} INFO - DAG(s) 'tutorial_taskflow_api_virtualenv' retrieved from /home/airflow/.local/lib/python3.12/site-packages/airflow/example_dags/tutorial_taskflow_api_virtualenv.py
[2024-08-31T18:34:45.438+0000] {logging_mixin.py:190} INFO - [2024-08-31T18:34:45.437+0000] {override.py:1858} INFO - Created Permission View: can read on DAG:tutorial_taskflow_api_virtualenv
[2024-08-31T18:34:45.446+0000] {logging_mixin.py:190} INFO - [2024-08-31T18:34:45.445+0000] {override.py:1858} INFO - Created Permission View: can delete on DAG:tutorial_taskflow_api_virtualenv
[2024-08-31T18:34:45.454+0000] {logging_mixin.py:190} INFO - [2024-08-31T18:34:45.453+0000] {override.py:1858} INFO - Created Permission View: can edit on DAG:tutorial_taskflow_api_virtualenv
[2024-08-31T18:34:45.454+0000] {logging_mixin.py:190} INFO - [2024-08-31T18:34:45.454+0000] {dag.py:3211} INFO - Sync 1 DAGs
[2024-08-31T18:34:45.466+0000] {logging_mixin.py:190} INFO - [2024-08-31T18:34:45.466+0000] {dag.py:3234} INFO - Creating ORM DAG for tutorial_taskflow_api_virtualenv
[2024-08-31T18:34:45.466+0000] {logging_mixin.py:190} INFO - [2024-08-31T18:34:45.466+0000] {dag.py:4138} INFO - Setting next_dagrun for tutorial_taskflow_api_virtualenv to None, run_after=None
[2024-08-31T18:34:45.482+0000] {processor.py:208} INFO - Processing /home/airflow/.local/lib/python3.12/site-packages/airflow/example_dags/tutorial_taskflow_api_virtualenv.py took 0.151 seconds
[2024-08-31T18:35:15.563+0000] {processor.py:186} INFO - Started process (PID=140) to work on /home/airflow/.local/lib/python3.12/site-packages/airflow/example_dags/tutorial_taskflow_api_virtualenv.py
[2024-08-31T18:35:15.563+0000] {processor.py:914} INFO - Processing file /home/airflow/.local/lib/python3.12/site-packages/airflow/example_dags/tutorial_taskflow_api_virtualenv.py for tasks to queue
[2024-08-31T18:35:15.565+0000] {logging_mixin.py:190} INFO - [2024-08-31T18:35:15.565+0000] {dagbag.py:587} INFO - Filling up the DagBag from /home/airflow/.local/lib/python3.12/site-packages/airflow/example_dags/tutorial_taskflow_api_virtualenv.py
[2024-08-31T18:35:15.575+0000] {processor.py:925} INFO - DAG(s) 'tutorial_taskflow_api_virtualenv' retrieved from /home/airflow/.local/lib/python3.12/site-packages/airflow/example_dags/tutorial_taskflow_api_virtualenv.py
[2024-08-31T18:35:15.592+0000] {logging_mixin.py:190} INFO - [2024-08-31T18:35:15.592+0000] {dag.py:3211} INFO - Sync 1 DAGs
[2024-08-31T18:35:15.603+0000] {logging_mixin.py:190} INFO - [2024-08-31T18:35:15.603+0000] {dag.py:4138} INFO - Setting next_dagrun for tutorial_taskflow_api_virtualenv to None, run_after=None
[2024-08-31T18:35:15.620+0000] {processor.py:208} INFO - Processing /home/airflow/.local/lib/python3.12/site-packages/airflow/example_dags/tutorial_taskflow_api_virtualenv.py took 0.062 seconds
[2024-08-31T18:35:45.765+0000] {processor.py:186} INFO - Started process (PID=202) to work on /home/airflow/.local/lib/python3.12/site-packages/airflow/example_dags/tutorial_taskflow_api_virtualenv.py
[2024-08-31T18:35:45.768+0000] {processor.py:914} INFO - Processing file /home/airflow/.local/lib/python3.12/site-packages/airflow/example_dags/tutorial_taskflow_api_virtualenv.py for tasks to queue
[2024-08-31T18:35:45.771+0000] {logging_mixin.py:190} INFO - [2024-08-31T18:35:45.771+0000] {dagbag.py:587} INFO - Filling up the DagBag from /home/airflow/.local/lib/python3.12/site-packages/airflow/example_dags/tutorial_taskflow_api_virtualenv.py
[2024-08-31T18:35:45.786+0000] {processor.py:925} INFO - DAG(s) 'tutorial_taskflow_api_virtualenv' retrieved from /home/airflow/.local/lib/python3.12/site-packages/airflow/example_dags/tutorial_taskflow_api_virtualenv.py
[2024-08-31T18:35:45.823+0000] {logging_mixin.py:190} INFO - [2024-08-31T18:35:45.822+0000] {dag.py:3211} INFO - Sync 1 DAGs
[2024-08-31T18:35:45.846+0000] {logging_mixin.py:190} INFO - [2024-08-31T18:35:45.846+0000] {dag.py:4138} INFO - Setting next_dagrun for tutorial_taskflow_api_virtualenv to None, run_after=None
[2024-08-31T18:35:45.871+0000] {processor.py:208} INFO - Processing /home/airflow/.local/lib/python3.12/site-packages/airflow/example_dags/tutorial_taskflow_api_virtualenv.py took 0.114 seconds
[2024-08-31T18:36:18.469+0000] {processor.py:186} INFO - Started process (PID=265) to work on /home/airflow/.local/lib/python3.12/site-packages/airflow/example_dags/tutorial_taskflow_api_virtualenv.py
[2024-08-31T18:36:18.470+0000] {processor.py:914} INFO - Processing file /home/airflow/.local/lib/python3.12/site-packages/airflow/example_dags/tutorial_taskflow_api_virtualenv.py for tasks to queue
[2024-08-31T18:36:18.472+0000] {logging_mixin.py:190} INFO - [2024-08-31T18:36:18.472+0000] {dagbag.py:587} INFO - Filling up the DagBag from /home/airflow/.local/lib/python3.12/site-packages/airflow/example_dags/tutorial_taskflow_api_virtualenv.py
[2024-08-31T18:36:18.482+0000] {processor.py:925} INFO - DAG(s) 'tutorial_taskflow_api_virtualenv' retrieved from /home/airflow/.local/lib/python3.12/site-packages/airflow/example_dags/tutorial_taskflow_api_virtualenv.py
[2024-08-31T18:36:18.499+0000] {logging_mixin.py:190} INFO - [2024-08-31T18:36:18.499+0000] {dag.py:3211} INFO - Sync 1 DAGs
[2024-08-31T18:36:18.513+0000] {logging_mixin.py:190} INFO - [2024-08-31T18:36:18.513+0000] {dag.py:4138} INFO - Setting next_dagrun for tutorial_taskflow_api_virtualenv to None, run_after=None
[2024-08-31T18:36:18.530+0000] {processor.py:208} INFO - Processing /home/airflow/.local/lib/python3.12/site-packages/airflow/example_dags/tutorial_taskflow_api_virtualenv.py took 0.066 seconds
[2024-08-31T18:36:49.310+0000] {processor.py:186} INFO - Started process (PID=327) to work on /home/airflow/.local/lib/python3.12/site-packages/airflow/example_dags/tutorial_taskflow_api_virtualenv.py
[2024-08-31T18:36:49.312+0000] {processor.py:914} INFO - Processing file /home/airflow/.local/lib/python3.12/site-packages/airflow/example_dags/tutorial_taskflow_api_virtualenv.py for tasks to queue
[2024-08-31T18:36:49.314+0000] {logging_mixin.py:190} INFO - [2024-08-31T18:36:49.314+0000] {dagbag.py:587} INFO - Filling up the DagBag from /home/airflow/.local/lib/python3.12/site-packages/airflow/example_dags/tutorial_taskflow_api_virtualenv.py
[2024-08-31T18:36:49.325+0000] {processor.py:925} INFO - DAG(s) 'tutorial_taskflow_api_virtualenv' retrieved from /home/airflow/.local/lib/python3.12/site-packages/airflow/example_dags/tutorial_taskflow_api_virtualenv.py
[2024-08-31T18:36:49.345+0000] {logging_mixin.py:190} INFO - [2024-08-31T18:36:49.345+0000] {dag.py:3211} INFO - Sync 1 DAGs
[2024-08-31T18:36:49.359+0000] {logging_mixin.py:190} INFO - [2024-08-31T18:36:49.359+0000] {dag.py:4138} INFO - Setting next_dagrun for tutorial_taskflow_api_virtualenv to None, run_after=None
[2024-08-31T18:36:49.378+0000] {processor.py:208} INFO - Processing /home/airflow/.local/lib/python3.12/site-packages/airflow/example_dags/tutorial_taskflow_api_virtualenv.py took 0.073 seconds
[2024-08-31T18:37:19.619+0000] {processor.py:186} INFO - Started process (PID=389) to work on /home/airflow/.local/lib/python3.12/site-packages/airflow/example_dags/tutorial_taskflow_api_virtualenv.py
[2024-08-31T18:37:19.621+0000] {processor.py:914} INFO - Processing file /home/airflow/.local/lib/python3.12/site-packages/airflow/example_dags/tutorial_taskflow_api_virtualenv.py for tasks to queue
[2024-08-31T18:37:19.624+0000] {logging_mixin.py:190} INFO - [2024-08-31T18:37:19.624+0000] {dagbag.py:587} INFO - Filling up the DagBag from /home/airflow/.local/lib/python3.12/site-packages/airflow/example_dags/tutorial_taskflow_api_virtualenv.py
[2024-08-31T18:37:19.635+0000] {processor.py:925} INFO - DAG(s) 'tutorial_taskflow_api_virtualenv' retrieved from /home/airflow/.local/lib/python3.12/site-packages/airflow/example_dags/tutorial_taskflow_api_virtualenv.py
[2024-08-31T18:37:19.661+0000] {logging_mixin.py:190} INFO - [2024-08-31T18:37:19.661+0000] {dag.py:3211} INFO - Sync 1 DAGs
[2024-08-31T18:37:19.686+0000] {logging_mixin.py:190} INFO - [2024-08-31T18:37:19.685+0000] {dag.py:4138} INFO - Setting next_dagrun for tutorial_taskflow_api_virtualenv to None, run_after=None
[2024-08-31T18:37:19.706+0000] {processor.py:208} INFO - Processing /home/airflow/.local/lib/python3.12/site-packages/airflow/example_dags/tutorial_taskflow_api_virtualenv.py took 0.092 seconds
